Solver command line: ['C:\\Program Files\\Artelys\\Knitro 14.2.0\\knitroampl\\knitroampl.exe', 'C:\\Users\\HP\\AppData\\Local\\Temp\\tmp43tblftv.pyomo.nl', '-AMPL', 'mip_numthreads=1', 'mip_method=1', 'mip_opt_gap_rel=0.001', 'mip_cutting_plane=0', 'mip_cutfactor=0', 'mip_gomory=0', 'mip_mir=0', 'mip_knapsack=0', 'mip_liftproject=0', 'mip_clique=0', 'mip_cut_probing=0', 'mip_heuristic_strategy=0', 'mip_heuristic_feaspump=0', 'mip_heuristic_diving=0', 'mip_heuristic_localsearch=0', 'mip_heuristic_lns=0', 'mip_heuristic_misqp=0', 'mip_heuristic_mpec=0', 'presolve=1']

Artelys Knitro 14.2.0: mip_numthreads=1
mip_method=1
mip_opt_gap_rel=0.001
mip_cutting_plane=0
mip_cutfactor=0
mip_gomory=0
mip_mir=0
mip_knapsack=0
mip_liftproject=0
mip_clique=0
mip_cut_probing=0
mip_heuristic_strategy=0
mip_heuristic_feaspump=0
mip_heuristic_diving=0
mip_heuristic_localsearch=0
mip_heuristic_lns=0
mip_heuristic_misqp=0
mip_heuristic_mpec=0
presolve=1

=======================================
          Commercial License
         Artelys Knitro 14.2.0
=======================================

Knitro presolve eliminated 0 variables and 0 constraints.

WARNING: Problem appears to have nonlinear equalities and be non-convex.
         The Knitro mixed integer solver is designed for convex problems.
         For non-convex problems it is only a heuristic, and the reported
         bounds and optimality claims cannot be verified.

concurrent_evals         0
datacheck                0
findiff_numthreads       1
hessian_no_f             1
hessopt                  1
mip_clique               0
mip_cut_probing          0
mip_cutfactor            0
mip_cutting_plane        0
mip_gomory               0
mip_heuristic_diving     0
mip_heuristic_feaspump   0
mip_heuristic_lns        0
mip_heuristic_localsearch 0
mip_heuristic_misqp      0
mip_heuristic_mpec       0
mip_heuristic_strategy   0
mip_knapsack             0
mip_liftproject          0
mip_method               1
mip_mir                  0
mip_numthreads           1
mip_opt_gap_rel          0.001
Knitro changing mip_rootalg from AUTO to 1.
Knitro changing mip_lpalg from AUTO to 3.
Knitro changing mip_branchrule from AUTO to 2.
Knitro changing mip_selectrule from AUTO to 2.
Knitro changing mip_zerohalf from AUTO to 0.
Knitro changing mip_cut_flowcover from AUTO to 2.
Knitro changing mip_rounding from AUTO to 3.
Knitro changing mip_pseudoinit from AUTO to 1.

Problem Characteristics                                 (   Presolved)
-----------------------
Objective goal:  Minimize
Objective type:  linear
Number of variables:                               9578 (        9578)
    bounded below only:                             792 (         792)
    bounded above only:                               0 (           0)
    bounded below and above:                         37 (          37)
    fixed:                                            0 (           0)
    free:                                          8749 (        8749)
Number of binary variables:                          37 (          37)
Number of integer variables:                          0 (           0)
Number of constraints:                            19153 (       20689)
    linear equalities:                               82 (          82)
    quadratic equalities:                             0 (           0)
    gen. nonlinear equalities:                     1584 (        1584)
    linear one-sided inequalities:                15951 (       19023)
    quadratic one-sided inequalities:                 0 (           0)
    gen. nonlinear one-sided inequalities:            0 (           0)
    linear two-sided inequalities:                 1536 (           0)
    quadratic two-sided inequalities:                 0 (           0)
    gen. nonlinear two-sided inequalities:            0 (           0)
Number of nonzeros in Jacobian:                   39464 (       41000)
Number of nonzeros in Hessian:                     9480 (        9480)

Knitro using Branch and Bound method with 1 thread.

Initial points
--------------
Read provided root node initial point:
    Objective value:    0.000000e+00
    Feasibility error:  5.000000e+00
    Feasible:           no
No primal point provided for the MIP.

Root node relaxation
--------------------

 Iter      Objective      Feasibility        Optimality       Time 
                             error              error        (secs)
 ----      ---------      -----------        ----------      ------
    1        179.497          2.22730          0.544682       0.055
    2        318.838          1.71480           1.51732       0.064
    3        491.796          1.33995           3.87530       0.081
    4        681.047         0.959352           2.01601       0.089
    5        788.571         0.751860           1.96616       0.097
    6        1100.25         0.133340          0.501847       0.106
    7        1159.64      2.31375e-02       9.02409e-02       0.116
    8        1171.12      3.22555e-03       5.93441e-02       0.125
    9        1171.35      1.95864e-03       8.73969e-02       0.134
   10        1171.35      1.60011e-03       8.35870e-02       0.145
   11        1171.36      1.34599e-03       9.83432e-02       0.158
   12        1171.35      8.67111e-04          0.241615       0.182
   13        1171.35      3.21176e-04       4.48407e-02       0.190
   14        1171.35      1.41644e-05       1.77176e-03       0.202
   15        1171.35      2.35309e-08       1.67910e-06       0.212
   16        1171.35      8.79567e-12       7.47342e-10       0.222
   17        1171.35      3.67813e-14       1.35045e-11       0.237

Tree search
-----------

       Nodes        Best solution   Best bound      Gap       Time 
   Expl  |  Unexpl      value         value                  (secs)
   ---------------  -------------   ----------      ---      ------
      1       2                           -inf                0.293
     10      11                           -inf                2.304
     20      21                           -inf                4.326
     30      25                           -inf                9.510
     40      33                           -inf               12.123
     50      41                           -inf               14.620
     60      43                           -inf               17.834
     70      49                           -inf               20.581
     80      57                           -inf               23.596
     90      57                           -inf               26.707
    100      63                           -inf               29.561
    110      73                           -inf               31.524
    120      81                           -inf               33.560
    130      83                           -inf               36.846
    140      89                           -inf               38.954
    150      97                           -inf               41.205
    160      98                           -inf               43.072
    170      88                           -inf               43.072
    180      78                           -inf               43.073
    190      68                           -inf               43.073
    200      58                           -inf               43.073
    210      48                           -inf               43.074
    220      38                           -inf               43.074
    230      28                           -inf               43.075
    240      18                           -inf               43.076
    250       8                           -inf               43.076
    257       1                        1171.95               43.076
    260       2                        1171.95               44.045
    270      10                        1171.95               46.309
    280      16                        1171.95               50.527
    290      23                        1171.95               54.590
    300      29                        1171.95               61.366
    310      39                        1171.95               65.491
    320      45                        1171.95               68.407
    330      55                        1171.95               71.705
    340      63                        1171.95               75.937
    350      70                        1171.95               79.077
    360      77                        1171.95               83.393
    370      87                        1171.95               85.564
    380      94                        1171.95               88.719
    390     102                        1171.95               92.526
    400     110                        1171.95               96.168
    410     118                        1171.98               98.964
    420     126                        1172.00              102.055
    430     134                        1172.01              104.647
    440     142                        1172.03              106.719
    450     148                        1172.05              110.446
    460     158                        1172.10              111.859
    470     168                        1172.11              114.055
    480     176                        1172.12              116.407
    490     186                        1172.18              118.568
    500     192                        1172.20              121.559
    510     200                        1172.21              124.399
    520     208                        1172.30              127.394
    530     218                        1172.30              129.402
    540     226                        1172.31              132.034
    550     232                        1172.35              135.067
    560     242                        1172.37              137.536
    570     250                        1172.38              141.105
    580     256                        1172.38              143.300
    590     262                        1172.39              145.750
    600     272                        1172.41              147.975
    610     280                        1172.43              150.840
    620     288                        1172.43              153.277
    630     294                        1172.43              157.545
    640     300                        1172.44              159.519
    650     308                        1172.46              162.735
    660     318                        1172.47              164.402
    670     324                        1172.48              168.633
    680     334                        1172.48              171.522
    690     342                        1172.50              174.753
    700     350                        1172.50              176.900
    710     358                        1172.51              180.396
    720     362                        1172.52              183.509
    730     368                        1172.54              186.684
    740     376                        1172.54              189.467
    750     382                        1172.55              193.117
    760     390                        1172.56              195.687
    770     396                        1172.57              198.199
    780     404                        1172.57              201.178
    790     412                        1172.58              203.821
    800     418                        1172.58              205.947
    810     428                        1172.59              208.099
    820     438                        1172.60              209.869
    830     446                        1172.60              211.678
    840     452                        1172.60              214.663
    850     456                        1172.62              217.498
    860     464                        1172.62              219.400
    870     468                        1172.62              222.736
    880     476                        1172.63              225.248
    890     480                        1172.63              229.627
    900     486                        1172.64              232.199
    910     494                        1172.64              234.107
    920     504                        1172.64              235.619
    930     510                        1172.65              238.102
    940     520                        1172.66              239.781
    950     524                        1172.68              242.364
    960     534                        1172.69              244.601
    965     537      1178.94 LEAF      1172.69      0.53%   245.525
    970     536      1178.94           1172.69      0.53%   246.909
    980     542      1178.94           1172.70      0.53%   249.104
    983     543      1177.85 LEAF      1172.70      0.44%   249.452
    990     548      1177.85           1172.70      0.44%   250.811
   1000     552      1177.85           1172.71      0.44%   253.737
   1010     556      1177.85           1172.71      0.44%   255.885
   1019     555      1175.00 LEAF      1172.71      0.19%   257.289
   1020     556      1175.00           1172.71      0.19%   257.438
   1030     560      1175.00           1172.72      0.19%   260.105
   1040     562      1175.00           1172.72      0.19%   264.854
   1050     566      1175.00           1172.73      0.19%   267.794
   1060     566      1175.00           1172.73      0.19%   272.488
   1070     568      1175.00           1172.74      0.19%   275.241
   1080     570      1175.00           1172.75      0.19%   277.559
   1090     572      1175.00           1172.75      0.19%   279.287
   1100     576      1175.00           1172.75      0.19%   282.016
   1110     578      1175.00           1172.76      0.19%   284.137
   1120     580      1175.00           1172.76      0.19%   286.147
   1130     580      1175.00           1172.78      0.19%   289.461
   1140     584      1175.00           1172.78      0.19%   291.878
   1150     586      1175.00           1172.79      0.19%   293.901
   1160     588      1175.00           1172.79      0.19%   297.167
   1170     590      1175.00           1172.80      0.19%   300.198
   1180     590      1175.00           1172.81      0.19%   301.409
   1190     590      1175.00           1172.81      0.19%   303.725
   1200     590      1175.00           1172.81      0.19%   305.861
   1210     592      1175.00           1172.82      0.19%   308.198
   1220     588      1175.00           1172.82      0.18%   312.072
   1230     584      1175.00           1172.83      0.18%   315.131
   1240     586      1175.00           1172.83      0.18%   317.886
   1250     584      1175.00           1172.84      0.18%   321.239
   1260     584      1175.00           1172.84      0.18%   324.637
   1270     584      1175.00           1172.85      0.18%   327.713
   1280     582      1175.00           1172.86      0.18%   330.965
   1290     582      1175.00           1172.86      0.18%   333.042
   1300     582      1175.00           1172.86      0.18%   336.069
   1310     582      1175.00           1172.87      0.18%   338.452
   1320     584      1175.00           1172.87      0.18%   341.398
   1330     586      1175.00           1172.88      0.18%   343.634
   1340     584      1175.00           1172.89      0.18%   345.640
   1350     582      1175.00           1172.89      0.18%   347.333
   1360     585      1175.00           1172.89      0.18%   351.250
   1370     585      1175.00           1172.90      0.18%   353.003
   1380     585      1175.00           1172.90      0.18%   354.930
   1390     585      1175.00           1172.90      0.18%   356.924
   1400     585      1175.00           1172.91      0.18%   358.474
   1410     585      1175.00           1172.92      0.18%   361.383
   1420     587      1175.00           1172.92      0.18%   363.835
   1430     587      1175.00           1172.92      0.18%   366.159
   1440     589      1175.00           1172.92      0.18%   368.562
   1450     591      1175.00           1172.93      0.18%   370.541
   1460     593      1175.00           1172.94      0.18%   373.207
   1470     593      1175.00           1172.95      0.17%   374.669
   1480     591      1175.00           1172.96      0.17%   376.895
   1490     593      1175.00           1172.97      0.17%   379.088
   1500     595      1175.00           1172.97      0.17%   381.057
   1510     595      1175.00           1172.98      0.17%   383.093
   1520     597      1175.00           1172.99      0.17%   384.855
   1530     595      1175.00           1172.99      0.17%   387.470
   1540     595      1175.00           1173.00      0.17%   389.272
   1550     595      1175.00           1173.01      0.17%   391.244
   1560     595      1175.00           1173.01      0.17%   393.103
   1570     597      1175.00           1173.02      0.17%   395.364
   1580     599      1175.00           1173.03      0.17%   397.055
   1590     599      1175.00           1173.03      0.17%   399.055
   1600     601      1175.00           1173.04      0.17%   401.095
   1610     603      1175.00           1173.05      0.17%   403.693
   1620     603      1175.00           1173.05      0.17%   406.913
   1630     605      1175.00           1173.05      0.17%   408.807
   1640     605      1175.00           1173.06      0.16%   410.834
   1650     603      1175.00           1173.06      0.16%   414.406
   1660     601      1175.00           1173.06      0.16%   415.970
   1670     601      1175.00           1173.07      0.16%   418.326
   1680     601      1175.00           1173.07      0.16%   419.996
   1690     603      1175.00           1173.08      0.16%   422.389
   1700     605      1175.00           1173.08      0.16%   424.100
   1710     607      1175.00           1173.09      0.16%   425.898
   1720     606      1175.00           1173.09      0.16%   428.746
   1730     608      1175.00           1173.09      0.16%   430.483
   1740     608      1175.00           1173.10      0.16%   432.791
   1750     608      1175.00           1173.10      0.16%   434.942
   1760     608      1175.00           1173.11      0.16%   436.535
   1770     606      1175.00           1173.12      0.16%   438.883
   1780     606      1175.00           1173.13      0.16%   442.514
   1790     606      1175.00           1173.13      0.16%   444.232
   1800     608      1175.00           1173.14      0.16%   446.415
   1810     610      1175.00           1173.14      0.16%   449.211
   1820     610      1175.00           1173.15      0.16%   450.972
   1830     612      1175.00           1173.15      0.16%   452.900
   1840     612      1175.00           1173.16      0.16%   454.449
   1850     612      1175.00           1173.17      0.16%   456.224
   1860     614      1175.00           1173.17      0.16%   459.377
   1870     614      1175.00           1173.17      0.16%   461.235
   1880     614      1175.00           1173.17      0.16%   463.286
   1890     613      1175.00           1173.18      0.15%   466.086
   1900     613      1175.00           1173.19      0.15%   467.711
   1910     615      1175.00           1173.20      0.15%   470.122
   1920     615      1175.00           1173.20      0.15%   472.389
   1930     613      1175.00           1173.20      0.15%   474.765
   1940     613      1175.00           1173.21      0.15%   477.210
   1950     613      1175.00           1173.21      0.15%   478.808
   1960     613      1175.00           1173.21      0.15%   481.608
   1970     611      1175.00           1173.22      0.15%   484.379
   1980     612      1175.00           1173.23      0.15%   488.024
   1990     612      1175.00           1173.23      0.15%   490.049
   2000     610      1175.00           1173.24      0.15%   493.119
   2010     610      1175.00           1173.25      0.15%   494.782
   2020     608      1175.00           1173.25      0.15%   496.700
   2030     610      1175.00           1173.26      0.15%   498.685
   2040     608      1175.00           1173.27      0.15%   501.340
   2050     612      1175.00           1173.27      0.15%   503.776
   2060     612      1175.00           1173.28      0.15%   506.451
   2070     612      1175.00           1173.28      0.15%   508.245
   2080     612      1175.00           1173.29      0.15%   510.822
   2090     614      1175.00           1173.30      0.14%   512.411
   2100     614      1175.00           1173.30      0.14%   514.047
   2110     614      1175.00           1173.31      0.14%   515.466
   2120     612      1175.00           1173.31      0.14%   517.618
   2130     614      1175.00           1173.32      0.14%   519.158
   2140     614      1175.00           1173.32      0.14%   520.442
   2150     612      1175.00           1173.33      0.14%   522.658
   2160     612      1175.00           1173.34      0.14%   524.600
   2170     613      1175.00           1173.35      0.14%   526.445
   2180     613      1175.00           1173.35      0.14%   529.103
   2190     615      1175.00           1173.36      0.14%   530.978
   2200     615      1175.00           1173.37      0.14%   533.110
   2210     614      1175.00           1173.38      0.14%   537.002
   2220     616      1175.00           1173.39      0.14%   539.331
   2230     616      1175.00           1173.40      0.14%   541.700
   2240     616      1175.00           1173.40      0.14%   545.372
   2250     618      1175.00           1173.41      0.14%   547.438
   2260     618      1175.00           1173.41      0.13%   549.766
   2270     616      1175.00           1173.41      0.13%   552.425
   2280     618      1175.00           1173.42      0.13%   554.558
   2290     618      1175.00           1173.42      0.13%   556.170
   2300     618      1175.00           1173.43      0.13%   557.954
   2310     618      1175.00           1173.44      0.13%   561.169
   2320     616      1175.00           1173.44      0.13%   562.276
   2330     616      1175.00           1173.44      0.13%   564.985
   2340     616      1175.00           1173.45      0.13%   567.194
   2350     616      1175.00           1173.45      0.13%   571.628
   2360     616      1175.00           1173.46      0.13%   574.132
   2370     618      1175.00           1173.46      0.13%   578.435
   2380     618      1175.00           1173.47      0.13%   580.969
   2390     616      1175.00           1173.47      0.13%   583.844
   2400     620      1175.00           1173.48      0.13%   585.358
   2410     618      1175.00           1173.50      0.13%   588.564
   2420     617      1175.00           1173.51      0.13%   591.539
   2430     617      1175.00           1173.52      0.13%   593.257
   2440     615      1175.00           1173.53      0.12%   595.253
   2450     615      1175.00           1173.53      0.12%   598.512
   2460     617      1175.00           1173.54      0.12%   600.360
   2470     617      1175.00           1173.54      0.12%   603.238
   2480     615      1175.00           1173.55      0.12%   606.750
   2490     615      1175.00           1173.55      0.12%   609.468
   2500     611      1175.00           1173.56      0.12%   611.975
   2510     611      1175.00           1173.56      0.12%   615.452
   2520     611      1175.00           1173.56      0.12%   618.030
   2530     613      1175.00           1173.57      0.12%   620.566
   2540     613      1175.00           1173.57      0.12%   622.278
   2550     611      1175.00           1173.58      0.12%   625.870
   2560     613      1175.00           1173.60      0.12%   629.199
   2570     611      1175.00           1173.61      0.12%   632.120
   2580     613      1175.00           1173.62      0.12%   635.282
   2590     613      1175.00           1173.62      0.12%   637.392
   2600     613      1175.00           1173.63      0.12%   639.092
   2610     615      1175.00           1173.64      0.12%   641.341
   2620     613      1174.02 LEAF      1173.64      0.03%   643.696

EXIT: Optimal solution found (assuming convexity).

HINT: The problem may be a non-convex mixed-integer problem.  Set
      mip_multistart=1 to enable a mixed-integer multistart heuristic,
      which may improve the chances of finding the global solution.

Final Statistics for MIP
------------------------
Final objective value               =  1.17401924649100e+03
Final bound value                   =  1.17364464457142e+03
Final optimality gap (abs / rel)    =  3.75e-01 / 3.19e-04 (0.03%)
# of root cutting plane rounds      =  2
# of restarts                       =  1
# of nodes processed                =  2620 (600.417s)
# of strong branching evaluations   =  54 (33.530s)
# of function evaluations           =  102294 (32.728s)
# of gradient evaluations           =  61596 (20.894s)
# of hessian evaluations            =  57340 (104.778s)
# of hessian-vector evaluations     =  0
# of subproblems processed          =  2628 (633.613s)
Total program time (secs)           =  643.696 (640.031 CPU time)
Time spent in evaluations (secs)    =  158.400

Cuts statistics (gen / add)
---------------------------
Flow-cover cuts                     =  0 / 0

Heuristics statistics (calls / successes / time)
------------------------------------------------
Rounding heuristic                  =  2 / 0 / 2.458s

===========================================================================


