Solver command line: ['C:\\Program Files\\Artelys\\Knitro 14.2.0\\knitroampl\\knitroampl.exe', 'C:\\Users\\HP\\AppData\\Local\\Temp\\tmp7cjpd_6p.pyomo.nl', '-AMPL', 'mip_multistart=1', 'mip_numthreads=1']

Artelys Knitro 14.2.0: mip_multistart=1
mip_numthreads=1

=======================================
          Commercial License
         Artelys Knitro 14.2.0
=======================================

WARNING: Problem appears to have nonlinear equalities and be non-convex.
         The Knitro mixed integer solver is designed for convex problems.
         For non-convex problems it is only a heuristic, and the reported
         bounds and optimality claims cannot be verified.

concurrent_evals         0
datacheck                0
findiff_numthreads       1
hessian_no_f             1
hessopt                  1
mip_multistart           1
mip_numthreads           1
Knitro changing mip_method from AUTO to 1.
Knitro changing mip_rootalg from AUTO to 1.
Knitro changing mip_lpalg from AUTO to 3.
Knitro changing mip_branchrule from AUTO to 2.
Knitro changing mip_selectrule from AUTO to 2.
Knitro changing mip_mir from AUTO to 2.
Knitro changing mip_clique from AUTO to 0.
Knitro changing mip_zerohalf from AUTO to 0.
Knitro changing mip_liftproject from AUTO to 0.
Knitro changing mip_knapsack from AUTO to 2.
Knitro changing mip_gomory from AUTO to 0.
Knitro changing mip_cut_flowcover from AUTO to 2.
Knitro changing mip_cut_probing from AUTO to 1.
Knitro changing mip_rounding from AUTO to 3.
Knitro changing mip_heuristic_strategy from AUTO to 1.
Knitro changing mip_heuristic_feaspump from AUTO to 1.
Knitro changing mip_heuristic_misqp from AUTO to 0.
Knitro changing mip_heuristic_mpec from AUTO to 1.
Knitro changing mip_heuristic_diving from AUTO to 0.
Knitro changing mip_heuristic_lns from AUTO to 0.
Knitro changing mip_heuristic_localsearch from AUTO to 1.
Knitro changing mip_pseudoinit from AUTO to 1.

Problem Characteristics                                 (   Presolved)
-----------------------
Objective goal:  Minimize
Objective type:  linear
Number of variables:                               9578 (        9578)
    bounded below only:                             792 (         792)
    bounded above only:                               0 (           0)
    bounded below and above:                         37 (          37)
    fixed:                                            0 (           0)
    free:                                          8749 (        8749)
Number of binary variables:                          37 (          37)
Number of integer variables:                          0 (           0)
Number of constraints:                            19153 (       20689)
    linear equalities:                               82 (          82)
    quadratic equalities:                             0 (           0)
    gen. nonlinear equalities:                     1584 (        1584)
    linear one-sided inequalities:                15951 (       19023)
    quadratic one-sided inequalities:                 0 (           0)
    gen. nonlinear one-sided inequalities:            0 (           0)
    linear two-sided inequalities:                 1536 (           0)
    quadratic two-sided inequalities:                 0 (           0)
    gen. nonlinear two-sided inequalities:            0 (           0)
Number of nonzeros in Jacobian:                   39464 (       41000)
Number of nonzeros in Hessian:                     9480 (        9480)

Knitro using Branch and Bound method with 1 thread.

Initial points
--------------
Read provided root node initial point:
    Objective value:    0.000000e+00
    Feasibility error:  5.000000e+00
    Feasible:           no
No primal point provided for the MIP.

Root node relaxation
--------------------

 Iter      Objective      Feasibility        Optimality       Time 
                             error              error        (secs)
 ----      ---------      -----------        ----------      ------
    1        176.022          2.12078          0.509645       0.463
    2        302.534          1.54389           1.50340       0.472
    3        446.040          1.22914           3.93978       0.481
    4        841.595         0.395354           2.34044       0.490
    5        927.338         0.228063          0.320875       0.511
    6        1027.86      2.01608e-02       8.64822e-02       0.520
    7        1036.86      1.99784e-03       3.72830e-02       0.529
    8        1036.43      2.48637e-03       7.38004e-02       0.544
    9        1036.36      2.84255e-03          0.123410       0.553
   10        1036.35      2.07804e-03          0.100120       0.562
   11        1036.35      1.36682e-03       6.68230e-02       0.571
   12        1036.35      1.69062e-04       1.39216e-02       0.581
   13        1036.36      5.68520e-07       3.91551e-05       0.590
   14        1036.36      4.17610e-09       5.86309e-07       0.598
   15        1036.36      5.19151e-14       7.61473e-07       0.614

Tree search
-----------

       Nodes        Best solution   Best bound      Gap       Time 
   Expl  |  Unexpl      value         value                  (secs)
   ---------------  -------------   ----------      ---      ------
      1       2                           -inf                0.814
      1       2      1046.51   FP         -inf                6.617
     10      10      1046.51              -inf               11.490
     20      18      1046.51              -inf               14.464
     30      27      1046.51              -inf               17.069
     40      37      1046.51              -inf               21.356
     50      45      1046.51              -inf               25.902
     60      55      1046.51              -inf               28.465
     70      64      1046.51              -inf               31.111
     80      74      1046.51              -inf               33.956
     90      82      1046.51              -inf               36.839
    100      91      1046.51              -inf               39.919
    110      99      1046.51              -inf               42.527
    120      96      1046.51              -inf               43.024
    130      86      1046.51              -inf               43.025
    140      76      1046.51              -inf               43.026
    150      66      1046.51              -inf               43.027
    160      56      1046.51              -inf               43.028
    170      46      1046.51              -inf               43.029
    180      36      1046.51              -inf               43.031
    190      26      1046.51              -inf               43.032
    200      16      1046.51              -inf               43.033
    210       6      1046.51              -inf               43.034
    215       1      1046.51           1036.74      0.93%    43.034
    220       6      1046.51           1036.74      0.93%    44.955
    230      16      1046.51           1036.74      0.93%    48.848
    240      22      1046.51           1036.74      0.93%    54.328
    250      29      1046.51           1036.74      0.93%    60.711
    260      34      1046.51           1036.74      0.93%    66.018
    270      44      1046.51           1036.74      0.93%    72.652
    280      52      1046.51           1036.74      0.93%    75.533
    290      58      1046.51           1036.75      0.93%    78.802
    300      64      1046.51           1036.79      0.93%    81.106
    310      72      1046.51           1036.79      0.93%    84.319
    320      78      1046.51           1036.81      0.93%    88.988
    330      84      1046.51           1036.83      0.93%    91.425
    340      92      1046.51           1036.84      0.92%    93.985
    350      98      1046.51           1036.86      0.92%    97.084
    360     106      1046.51           1036.88      0.92%    99.588
    370     112      1046.51           1036.89      0.92%   102.505
    380     120      1046.51           1036.89      0.92%   105.722
    390     130      1046.51           1036.90      0.92%   107.811
    400     138      1046.51           1036.91      0.92%   110.424
    410     146      1046.51           1036.92      0.92%   113.010
    420     154      1046.51           1036.93      0.92%   115.568
    430     160      1046.51           1036.93      0.92%   119.238
    440     166      1046.51           1036.93      0.92%   125.091
    450     174      1046.51           1036.95      0.91%   129.385
    460     180      1046.51           1036.96      0.91%   132.104
    470     182      1046.51           1036.97      0.91%   137.722
    480     188      1046.51           1036.98      0.91%   140.809
    490     198      1046.51           1036.99      0.91%   143.348
    500     208      1046.51           1037.00      0.91%   145.930
    510     216      1046.51           1037.02      0.91%   149.320
    520     220      1046.51           1037.03      0.91%   154.457
    530     228      1046.51           1037.04      0.91%   157.235
    540     236      1046.51           1037.04      0.90%   159.897
    550     244      1046.51           1037.06      0.90%   162.606
    560     248      1046.51           1037.06      0.90%   165.752
    570     256      1046.51           1037.07      0.90%   170.425
    580     262      1046.51           1037.08      0.90%   172.802
    590     268      1046.51           1037.08      0.90%   175.413
    600     278      1046.51           1037.09      0.90%   177.147
    610     282      1046.51           1037.10      0.90%   181.898
    620     286      1046.51           1037.11      0.90%   186.769
    630     296      1046.51           1037.11      0.90%   189.630
    640     300      1046.51           1037.12      0.90%   192.302
    650     308      1046.51           1037.13      0.90%   195.563
    660     312      1046.51           1037.14      0.90%   201.293
    670     320      1046.51           1037.15      0.90%   204.715
    676     322      1042.34 LEAF      1037.15      0.50%   206.681
    678     322      1041.39 LEAF      1037.15      0.41%   207.237
    680     322      1039.31 LEAF      1037.15      0.21%   208.340
    690     326      1039.31           1037.15      0.21%   212.544
    700     326      1039.31           1037.16      0.21%   215.489
    710     328      1039.31           1037.16      0.21%   217.500
    720     326      1039.31           1037.17      0.21%   222.174
    730     332      1039.31           1037.18      0.21%   225.549
    740     334      1039.31           1037.19      0.20%   228.772
    750     332      1039.31           1037.19      0.20%   233.083
    760     332      1039.31           1037.19      0.20%   235.231
    770     336      1039.31           1037.20      0.20%   237.083
    780     342      1039.31           1037.21      0.20%   239.509
    790     342      1039.31           1037.21      0.20%   241.821
    800     342      1039.31           1037.21      0.20%   245.589
    810     344      1039.31           1037.22      0.20%   248.671
    820     350      1039.31           1037.23      0.20%   252.699
    830     350      1039.31           1037.23      0.20%   256.558
    840     352      1039.31           1037.23      0.20%   259.276
    850     348      1039.31           1037.24      0.20%   263.825
    860     346      1039.31           1037.24      0.20%   267.034
    870     346      1039.31           1037.25      0.20%   268.968
    880     350      1039.31           1037.26      0.20%   270.756
    890     350      1039.31           1037.26      0.20%   273.249
    900     348      1039.31           1037.26      0.20%   277.232
    910     352      1039.31           1037.27      0.20%   279.059
    920     352      1039.31           1037.27      0.20%   281.578
    930     354      1039.31           1037.27      0.20%   285.001
    940     358      1039.31           1037.28      0.20%   287.774
    950     358      1039.31           1037.28      0.20%   290.368
    960     358      1039.31           1037.28      0.20%   292.118
    970     360      1039.31           1037.29      0.19%   293.916
    980     362      1039.31           1037.31      0.19%   296.214
    990     364      1039.31           1037.31      0.19%   299.154
   1000     364      1039.31           1037.32      0.19%   301.469
   1010     364      1039.31           1037.33      0.19%   302.944
   1020     366      1039.31           1037.34      0.19%   305.018
   1030     368      1039.31           1037.34      0.19%   308.091
   1040     372      1039.31           1037.35      0.19%   310.558
   1050     376      1039.31           1037.35      0.19%   313.872
   1060     374      1039.31           1037.37      0.19%   317.177
   1070     374      1039.31           1037.38      0.19%   319.751
   1080     376      1039.31           1037.39      0.19%   321.764
   1090     374      1039.31           1037.39      0.18%   324.800
   1100     376      1039.31           1037.39      0.18%   327.271
   1110     382      1039.31           1037.40      0.18%   330.425
   1120     382      1039.31           1037.40      0.18%   332.137
   1130     388      1039.31           1037.41      0.18%   334.541
   1140     388      1039.31           1037.41      0.18%   337.645
   1150     390      1039.31           1037.42      0.18%   339.291
   1160     388      1039.31           1037.42      0.18%   343.073
   1170     392      1039.31           1037.43      0.18%   345.912
   1180     394      1039.31           1037.44      0.18%   348.532
   1190     396      1039.31           1037.44      0.18%   352.865
   1200     396      1039.31           1037.45      0.18%   356.955
   1210     398      1039.31           1037.45      0.18%   359.508
   1220     394      1039.31           1037.46      0.18%   364.680
   1230     398      1039.31           1037.47      0.18%   368.155
   1240     402      1039.31           1037.47      0.18%   372.414
   1250     404      1039.31           1037.48      0.18%   375.253
   1260     402      1039.31           1037.49      0.18%   377.563
   1270     402      1039.31           1037.50      0.17%   379.589
   1280     404      1039.31           1037.50      0.17%   382.384
   1290     406      1039.31           1037.51      0.17%   385.701
   1300     408      1039.31           1037.52      0.17%   388.548
   1310     410      1039.31           1037.52      0.17%   391.555
   1320     416      1039.31           1037.53      0.17%   393.345
   1330     418      1039.31           1037.54      0.17%   395.706
   1340     418      1039.31           1037.54      0.17%   398.226
   1350     420      1039.31           1037.55      0.17%   401.141
   1360     426      1039.31           1037.56      0.17%   404.756
   1370     424      1039.31           1037.56      0.17%   406.925
   1380     426      1039.31           1037.57      0.17%   409.581
   1390     430      1039.31           1037.57      0.17%   412.701
   1400     432      1039.31           1037.57      0.17%   415.433
   1410     436      1039.31           1037.58      0.17%   417.791
   1420     440      1039.31           1037.58      0.17%   420.743
   1430     440      1039.31           1037.58      0.17%   423.932
   1440     442      1039.31           1037.59      0.17%   426.695
   1450     448      1039.31           1037.60      0.17%   429.994
   1460     448      1039.31           1037.60      0.16%   434.776
   1470     446      1039.31           1037.60      0.16%   439.331
   1480     450      1039.31           1037.61      0.16%   441.508
   1490     450      1039.31           1037.61      0.16%   443.577
   1500     452      1039.31           1037.62      0.16%   445.866
   1510     454      1039.31           1037.62      0.16%   448.243
   1520     456      1039.31           1037.62      0.16%   451.681
   1530     456      1039.31           1037.63      0.16%   453.863
   1540     458      1039.31           1037.63      0.16%   456.338
   1550     458      1039.31           1037.64      0.16%   462.397
   1560     458      1039.31           1037.64      0.16%   465.617
   1570     458      1039.31           1037.65      0.16%   469.188
   1580     460      1039.31           1037.65      0.16%   471.600
   1590     462      1039.31           1037.65      0.16%   474.049
   1600     464      1039.31           1037.65      0.16%   476.445
   1610     462      1039.31           1037.66      0.16%   480.719
   1620     462      1039.31           1037.66      0.16%   482.981
   1630     460      1039.31           1037.67      0.16%   486.375
   1640     458      1039.31           1037.67      0.16%   489.483
   1650     458      1039.31           1037.68      0.16%   491.062
   1660     458      1039.31           1037.68      0.16%   493.064
   1670     460      1039.31           1037.69      0.16%   496.240
   1680     460      1039.31           1037.69      0.16%   498.506
   1690     460      1039.31           1037.71      0.15%   500.617
   1700     458      1039.31           1037.71      0.15%   504.230
   1710     456      1039.31           1037.72      0.15%   506.338
   1720     454      1039.31           1037.72      0.15%   508.775
   1730     454      1039.31           1037.73      0.15%   511.295
   1740     454      1039.31           1037.74      0.15%   513.484
   1750     454      1039.31           1037.74      0.15%   516.217
   1760     454      1039.31           1037.75      0.15%   517.937
   1770     456      1039.31           1037.75      0.15%   520.390
   1780     456      1039.31           1037.75      0.15%   521.939
   1790     456      1039.31           1037.75      0.15%   523.827
   1800     456      1039.31           1037.76      0.15%   526.948
   1810     456      1039.31           1037.76      0.15%   529.789
   1820     460      1039.31           1037.77      0.15%   533.841
   1830     462      1039.31           1037.77      0.15%   539.024
   1840     462      1039.31           1037.77      0.15%   541.354
   1850     462      1039.31           1037.77      0.15%   544.048
   1860     462      1039.31           1037.78      0.15%   545.719
   1870     462      1039.31           1037.79      0.15%   548.012
   1880     462      1039.31           1037.80      0.15%   550.909
   1890     460      1039.31           1037.80      0.15%   553.890
   1900     460      1039.31           1037.80      0.15%   556.664
   1910     456      1039.31           1037.81      0.15%   562.490
   1920     456      1039.31           1037.81      0.14%   567.108
   1930     458      1039.31           1037.83      0.14%   569.656
   1940     458      1039.31           1037.83      0.14%   572.634
   1950     458      1039.31           1037.84      0.14%   575.295
   1960     458      1039.31           1037.84      0.14%   579.379
   1970     458      1039.31           1037.84      0.14%   580.908
   1980     456      1039.31           1037.84      0.14%   583.859
   1990     456      1039.31           1037.85      0.14%   586.565
   2000     456      1039.31           1037.86      0.14%   589.063
   2010     456      1039.31           1037.86      0.14%   593.327
   2020     458      1039.31           1037.87      0.14%   595.679
   2030     458      1039.31           1037.87      0.14%   598.828
   2040     456      1039.31           1037.87      0.14%   603.036
   2050     454      1039.31           1037.88      0.14%   606.429
   2060     454      1039.31           1037.89      0.14%   609.869
   2070     452      1039.31           1037.90      0.14%   612.230
   2080     454      1039.31           1037.91      0.14%   614.323
   2090     454      1039.31           1037.91      0.14%   617.030
   2100     450      1039.31           1037.91      0.13%   620.241
   2110     452      1039.31           1037.92      0.13%   623.851
   2120     452      1039.31           1037.92      0.13%   840.354
   2130     454      1039.31           1037.93      0.13%   842.511
   2140     452      1039.31           1037.94      0.13%   845.801
   2150     454      1039.31           1037.94      0.13%   847.570
   2160     454      1039.31           1037.95      0.13%   850.030
   2170     454      1039.31           1037.95      0.13%   852.171
   2180     456      1039.31           1037.96      0.13%   854.231
   2190     454      1039.31           1037.97      0.13%   859.180
   2200     456      1039.31           1037.98      0.13%   861.364
   2210     456      1039.31           1037.98      0.13%   863.599
   2220     456      1039.31           1037.99      0.13%   866.457
   2230     458      1039.31           1038.00      0.13%   869.026
   2240     462      1039.31           1038.00      0.13%   871.320
   2250     464      1039.31           1038.01      0.13%   873.739
   2260     464      1039.31           1038.01      0.13%   877.648
   2270     464      1039.31           1038.02      0.12%   879.938
   2280     464      1039.31           1038.03      0.12%   884.954
   2290     466      1039.31           1038.03      0.12%   889.145
   2300     464      1039.31           1038.04      0.12%   892.269
   2310     466      1039.31           1038.04      0.12%   894.622
   2320     470      1039.31           1038.05      0.12%   897.633
   2330     468      1039.31           1038.05      0.12%   901.754
   2340     466      1039.31           1038.06      0.12%   905.794
   2350     468      1039.31           1038.07      0.12%   909.275
   2360     468      1039.31           1038.07      0.12%   912.768
   2370     468      1039.31           1038.08      0.12%   915.425
   2380     470      1039.31           1038.10      0.12%   917.920
   2390     470      1039.31           1038.10      0.12%   920.476
   2400     466      1039.31           1038.11      0.12%   922.637
   2410     466      1039.31           1038.11      0.12%   926.453
   2420     468      1039.31           1038.12      0.11%   929.880
   2430     466      1039.31           1038.13      0.11%   932.710
   2440     468      1039.31           1038.14      0.11%   935.666
   2450     466      1039.31           1038.14      0.11%   939.727
   2460     465      1039.31           1038.15      0.11%   943.455
   2470     465      1039.31           1038.16      0.11%   945.505
   2480     463      1039.31           1038.17      0.11%   947.813
   2490     465      1039.31           1038.17      0.11%   950.390
   2500     465      1039.31           1038.18      0.11%   952.587
   2510     463      1039.31           1038.18      0.11%   957.373
   2520     463      1039.31           1038.19      0.11%   961.567
   2530     462      1039.31           1038.20      0.11%   963.836
   2540     465      1039.31           1038.20      0.11%   967.160
   2550     463      1039.31           1038.21      0.11%   969.741
   2560     463      1039.31           1038.22      0.11%   973.422
   2570     463      1039.31           1038.22      0.11%   976.050
   2580     463      1039.31           1038.22      0.10%   977.988
   2590     463      1039.31           1038.23      0.10%   982.288
   2599     462      1039.12 LEAF      1038.24      0.09%   985.314
   2600     463      1039.12           1038.24      0.09%   985.715
   2610     463      1039.12           1038.24      0.08%   989.064
   2620     463      1039.12           1038.25      0.08%   992.005
   2630     463      1039.12           1038.25      0.08%   994.055
   2640     465      1039.12           1038.26      0.08%   999.033
   2650     459      1039.12           1038.26      0.08%  1004.072
   2660     457      1039.12           1038.27      0.08%  1007.846
   2670     459      1039.12           1038.28      0.08%  1010.831
   2680     457      1039.12           1038.28      0.08%  1014.222
   2690     455      1039.12           1038.28      0.08%  1017.705
   2700     455      1039.12           1038.28      0.08%  1019.972
   2710     453      1039.12           1038.29      0.08%  1023.387
   2720     452      1039.12           1038.30      0.08%  1026.859
   2730     452      1039.12           1038.30      0.08%  1028.716
   2740     452      1039.12           1038.31      0.08%  1030.899
   2750     454      1039.12           1038.31      0.08%  1033.605
   2760     456      1039.12           1038.31      0.08%  1036.426
   2770     456      1039.12           1038.32      0.08%  1038.789
   2780     460      1039.12           1038.32      0.08%  1041.315
   2790     460      1039.12           1038.32      0.08%  1044.214
   2800     460      1039.12           1038.33      0.08%  1045.901
   2810     460      1039.12           1038.33      0.08%  1049.547
   2820     460      1039.12           1038.34      0.08%  1052.232
   2830     458      1039.12           1038.34      0.08%  1054.791
   2840     460      1039.12           1038.34      0.08%  1057.583
   2850     460      1039.12           1038.35      0.07%  1059.747
   2860     458      1039.12           1038.35      0.07%  1063.324
   2870     456      1039.12           1038.35      0.07%  1067.130
   2880     456      1039.12           1038.36      0.07%  1069.986
   2890     454      1039.12           1038.36      0.07%  1073.359
   2900     454      1039.12           1038.37      0.07%  1077.343
   2910     452      1039.12           1038.37      0.07%  1079.734
   2920     452      1039.12           1038.37      0.07%  1082.841
   2930     454      1039.12           1038.38      0.07%  1084.847
   2940     454      1039.12           1038.38      0.07%  1087.208
   2950     454      1039.12           1038.39      0.07%  1089.750
   2960     458      1039.12           1038.39      0.07%  1092.172
   2970     458      1039.12           1038.41      0.07%  1093.546
   2980     458      1039.12           1038.42      0.07%  1096.091
   2990     458      1039.12           1038.42      0.07%  1097.872
   3000     458      1039.12           1038.42      0.07%  1100.643
   3010     456      1039.12           1038.43      0.07%  1104.784
   3020     454      1039.12           1038.44      0.07%  1107.507
   3030     456      1039.12           1038.44      0.07%  1109.923
   3040     456      1039.12           1038.45      0.06%  1112.035
   3050     452      1039.12           1038.45      0.06%  1114.881
   3060     450      1039.12           1038.46      0.06%  1118.674
   3070     452      1039.12           1038.46      0.06%  1121.142
   3080     450      1039.12           1038.46      0.06%  1124.626
   3090     450      1039.12           1038.47      0.06%  1127.117
   3100     448      1039.12           1038.47      0.06%  1131.364
   3110     446      1039.12           1038.48      0.06%  1135.145
   3120     444      1039.12           1038.48      0.06%  1136.852
   3130     446      1039.12           1038.49      0.06%  1139.323
   3140     448      1039.12           1038.49      0.06%  1140.794
   3150     448      1039.12           1038.50      0.06%  1145.205
   3160     446      1039.12           1038.51      0.06%  1150.315
   3170     444      1039.12           1038.51      0.06%  1154.410
   3180     442      1039.12           1038.52      0.06%  1158.139
   3190     446      1039.12           1038.52      0.06%  1160.401
   3200     446      1039.12           1038.52      0.06%  1162.373
   3210     446      1039.12           1038.53      0.06%  1164.897
   3220     446      1039.12           1038.53      0.06%  1166.680
   3230     444      1039.12           1038.54      0.06%  1169.302
   3240     444      1039.12           1038.54      0.06%  1173.018
   3250     442      1039.12           1038.54      0.06%  1176.251
   3260     440      1039.12           1038.55      0.06%  1180.157
   3270     440      1039.12           1038.55      0.05%  1182.440
   3280     440      1039.12           1038.56      0.05%  1185.324
   3290     438      1039.12           1038.56      0.05%  1188.401
   3300     440      1039.12           1038.56      0.05%  1190.379
   3310     440      1039.12           1038.57      0.05%  1192.345
   3320     440      1039.12           1038.57      0.05%  1194.732
   3330     436      1039.12           1038.58      0.05%  1198.279
   3340     436      1039.12           1038.58      0.05%  1200.729
   3350     434      1039.12           1038.58      0.05%  1203.604
   3360     434      1039.12           1038.58      0.05%  1207.089
   3370     434      1039.12           1038.59      0.05%  1209.493
   3380     434      1039.12           1038.59      0.05%  1211.849
   3390     434      1039.12           1038.60      0.05%  1214.078
   3400     434      1039.12           1038.60      0.05%  1215.488
   3410     432      1039.12           1038.61      0.05%  1217.214
   3420     428      1039.12           1038.61      0.05%  1221.774
   3430     428      1039.12           1038.61      0.05%  1224.094
   3440     428      1039.12           1038.62      0.05%  1226.878
   3450     424      1039.12           1038.62      0.05%  1230.469
   3460     422      1039.12           1038.63      0.05%  1232.676
   3470     421      1039.12           1038.63      0.05%  1234.727
   3480     419      1039.12           1038.64      0.05%  1237.825
   3490     419      1039.12           1038.65      0.05%  1240.536
   3500     419      1039.12           1038.65      0.05%  1242.546
   3510     419      1039.12           1038.66      0.04%  1244.813
   3520     419      1039.12           1038.66      0.04%  1248.554
   3530     419      1039.12           1038.67      0.04%  1250.212
   3540     419      1039.12           1038.67      0.04%  1251.861
   3550     419      1039.12           1038.68      0.04%  1254.663
   3560     417      1039.12           1038.68      0.04%  1257.283
   3570     417      1039.12           1038.68      0.04%  1259.556
   3580     417      1039.12           1038.69      0.04%  1262.332
   3590     419      1039.12           1038.69      0.04%  1264.122
   3600     421      1039.12           1038.69      0.04%  1267.656
   3610     417      1039.12           1038.69      0.04%  1269.791
   3620     415      1039.12           1038.70      0.04%  1271.510
   3630     415      1039.12           1038.71      0.04%  1273.694
   3640     415      1039.12           1038.71      0.04%  1276.322
   3650     413      1039.12           1038.72      0.04%  1279.783
   3660     411      1039.12           1038.73      0.04%  1284.084
   3664     407      1038.75 LEAF      1038.73      0.00%  1285.238

EXIT: Optimal solution found (assuming convexity).

Final Statistics for MIP
------------------------
Final objective value               =  1.03875075281679e+03
Final bound value                   =  1.03873064916075e+03
Final optimality gap (abs / rel)    =  2.01e-02 / 1.94e-05 (0.00%)
# of root cutting plane rounds      =  2
# of restarts                       =  1
# of nodes processed                =  3664 (1188.370s)
# of strong branching evaluations   =  73 (44.349s)
# of function evaluations           =  160600 (50.203s)
# of gradient evaluations           =  101049 (32.571s)
# of hessian evaluations            =  95552 (170.475s)
# of hessian-vector evaluations     =  0
# of subproblems processed          =  3829 (1269.386s)
Total program time (secs)           =  1285.239 (1277.594 CPU time)
Time spent in evaluations (secs)    =  253.249

Cuts statistics (gen / add)
---------------------------
Knapsack cuts                       =  0 / 0
Mixed-integer rounding cuts         =  6 / 5
Flow-cover cuts                     =  0 / 0
Probing cuts                        =  0 / 0

Heuristics statistics (calls / successes / time)
------------------------------------------------
Feasibility pump                    =  4 / 1 / 8.275s
Rounding heuristic                  =  2 / 0 / 3.381s
MPEC heuristic                      =  51 / 0 / 29.042s
Local search heuristic              =  5 / 0 / 0.422s

===========================================================================


