Solver command line: ['C:\\Program Files\\Artelys\\Knitro 14.2.0\\knitroampl\\knitroampl.exe', 'C:\\Users\\HP\\AppData\\Local\\Temp\\tmpdd0ig2zp.pyomo.nl', '-AMPL', 'mip_multistart=1', 'mip_numthreads=1']

Artelys Knitro 14.2.0: mip_multistart=1
mip_numthreads=1

=======================================
          Commercial License
         Artelys Knitro 14.2.0
=======================================

WARNING: Problem appears to have nonlinear equalities and be non-convex.
         The Knitro mixed integer solver is designed for convex problems.
         For non-convex problems it is only a heuristic, and the reported
         bounds and optimality claims cannot be verified.

concurrent_evals         0
datacheck                0
findiff_numthreads       1
hessian_no_f             1
hessopt                  1
mip_multistart           1
mip_numthreads           1
Knitro changing mip_method from AUTO to 1.
Knitro changing mip_rootalg from AUTO to 1.
Knitro changing mip_lpalg from AUTO to 3.
Knitro changing mip_branchrule from AUTO to 2.
Knitro changing mip_selectrule from AUTO to 2.
Knitro changing mip_mir from AUTO to 2.
Knitro changing mip_clique from AUTO to 0.
Knitro changing mip_zerohalf from AUTO to 0.
Knitro changing mip_liftproject from AUTO to 0.
Knitro changing mip_knapsack from AUTO to 2.
Knitro changing mip_gomory from AUTO to 0.
Knitro changing mip_cut_flowcover from AUTO to 2.
Knitro changing mip_cut_probing from AUTO to 1.
Knitro changing mip_rounding from AUTO to 3.
Knitro changing mip_heuristic_strategy from AUTO to 1.
Knitro changing mip_heuristic_feaspump from AUTO to 1.
Knitro changing mip_heuristic_misqp from AUTO to 0.
Knitro changing mip_heuristic_mpec from AUTO to 1.
Knitro changing mip_heuristic_diving from AUTO to 0.
Knitro changing mip_heuristic_lns from AUTO to 0.
Knitro changing mip_heuristic_localsearch from AUTO to 1.
Knitro changing mip_pseudoinit from AUTO to 1.

Problem Characteristics                                 (   Presolved)
-----------------------
Objective goal:  Minimize
Objective type:  linear
Number of variables:                               9578 (        9578)
    bounded below only:                             792 (         792)
    bounded above only:                               0 (           0)
    bounded below and above:                         37 (          37)
    fixed:                                            0 (           0)
    free:                                          8749 (        8749)
Number of binary variables:                          37 (          37)
Number of integer variables:                          0 (           0)
Number of constraints:                            19153 (       20689)
    linear equalities:                               82 (          82)
    quadratic equalities:                             0 (           0)
    gen. nonlinear equalities:                     1584 (        1584)
    linear one-sided inequalities:                15951 (       19023)
    quadratic one-sided inequalities:                 0 (           0)
    gen. nonlinear one-sided inequalities:            0 (           0)
    linear two-sided inequalities:                 1536 (           0)
    quadratic two-sided inequalities:                 0 (           0)
    gen. nonlinear two-sided inequalities:            0 (           0)
Number of nonzeros in Jacobian:                   39464 (       41000)
Number of nonzeros in Hessian:                     9480 (        9480)

Knitro using Branch and Bound method with 1 thread.

Initial points
--------------
Read provided root node initial point:
    Objective value:    0.000000e+00
    Feasibility error:  5.000000e+00
    Feasible:           no
No primal point provided for the MIP.

Root node relaxation
--------------------

 Iter      Objective      Feasibility        Optimality       Time 
                             error              error        (secs)
 ----      ---------      -----------        ----------      ------
    1        108.229          2.85964          0.488292       0.448
    2        206.429          1.51586          0.759065       0.456
    3        311.908         0.870370          0.156247       0.479
    4        384.404         0.597142          0.254376       0.489
    5        448.750         0.359913          0.433489       0.498
    6        462.003         0.312210          0.213219       0.507
    7        521.553         0.105398          0.162986       0.516
    8        522.699         0.101479          0.146662       0.528
    9        530.233      7.65790e-02          0.226931       0.537
   10        535.287      5.98915e-02          0.227247       0.547
   11        537.764      5.19194e-02          0.286668       0.556
   12        554.111      2.04812e-03          0.101828       0.565
   13        554.022      2.17515e-03       5.78742e-02       0.574
   14        554.024      1.45590e-04       4.27541e-03       0.583
   15        554.024      2.69187e-06       5.96240e-05       0.592
   16        554.024      2.44614e-07       3.63036e-06       0.601
   17        554.024      1.38501e-09       2.39730e-07       0.614
   18        554.024      6.61554e-13       2.21349e-05       0.627

Tree search
-----------

       Nodes        Best solution   Best bound      Gap       Time 
   Expl  |  Unexpl      value         value                  (secs)
   ---------------  -------------   ----------      ---      ------
      1       2                           -inf                0.918
      1       2      556.603   FP         -inf               17.400
     10      11      556.603              -inf               20.320
     20      19      556.603              -inf               24.187
     30      28      556.603              -inf               26.706
     40      38      556.603              -inf               28.879
     50      47      556.603              -inf               31.286
     60      57      556.603              -inf               34.173
     70      67      556.603              -inf               36.515
     80      76      556.603              -inf               40.110
     90      84      556.603              -inf               42.655
    100      91      556.603              -inf               45.441
    110     101      556.603              -inf               47.397
    120      94      556.603              -inf               47.578
    130      84      556.603              -inf               47.579
    140      74      556.603              -inf               47.581
    150      64      556.603              -inf               47.581
    160      54      556.603              -inf               47.582
    170      44      556.603              -inf               47.583
    180      34      556.603              -inf               47.584
    190      24      556.603              -inf               47.585
    200      14      556.603              -inf               47.586
    210       4      556.603              -inf               47.587
    213       1      556.603           554.322      0.41%    47.587
    220       7      556.603           554.322      0.41%    51.821
    230      15      556.603           554.322      0.41%    58.597
    240      23      556.603           554.322      0.41%    62.947
    250      29      556.603           554.322      0.41%    65.252
    260      37      556.603           554.322      0.41%    68.240
    270      42      556.603           554.347      0.41%    74.297
    280      46      556.603           554.369      0.40%    78.010
    290      56      556.603           554.378      0.40%    81.788
    300      61      556.603           554.397      0.40%    84.671
    310      71      556.603           554.407      0.39%    86.938
    320      75      556.603           554.427      0.39%    90.059
    330      83      556.603           554.444      0.39%    94.169
    340      86      556.603           554.453      0.39%    99.102
    350      92      556.603           554.461      0.38%   101.542
    360      99      556.603           554.468      0.38%   107.158
    370     103      556.603           554.481      0.38%   110.126
    380     111      556.603           554.483      0.38%   112.695
    390     119      556.603           554.498      0.38%   114.802
    400     125      556.603           554.510      0.38%   116.981
    410     131      556.603           554.515      0.38%   119.883
    420     137      556.603           554.527      0.37%   123.297
    430     139      556.603           554.531      0.37%   126.389
    440     145      556.603           554.539      0.37%   129.421
    450     149      556.603           554.545      0.37%   132.186
    460     151      556.603           554.561      0.37%   135.899
    470     159      556.603           554.566      0.37%   137.938
    480     163      556.603           554.595      0.36%   140.660
    490     165      556.603           554.598      0.36%   142.916
    500     171      556.603           554.605      0.36%   145.623
    510     173      556.603           554.610      0.36%   148.932
    520     179      556.603           554.629      0.35%   151.548
    530     183      556.603           554.645      0.35%   154.197
    540     191      556.603           554.652      0.35%   156.473
    550     195      556.603           554.657      0.35%   159.270
    560     199      556.603           554.677      0.35%   161.388
    570     203      556.603           554.681      0.35%   164.386
    580     209      556.603           554.689      0.34%   166.782
    590     213      556.603           554.694      0.34%   169.781
    600     217      556.603           554.702      0.34%   172.404
    610     221      556.603           554.715      0.34%   174.841
    620     229      556.603           554.720      0.34%   176.731
    630     235      556.603           554.722      0.34%   179.121
    640     243      556.603           554.727      0.34%   181.186
    650     251      556.603           554.735      0.34%   183.219
    660     259      556.603           554.737      0.34%   185.003
    670     265      556.603           554.738      0.33%   187.617
    680     269      556.603           554.748      0.33%   189.715
    690     273      556.603           554.750      0.33%   191.972
    700     277      556.603           554.751      0.33%   194.121
    710     281      556.603           554.760      0.33%   197.061
    720     283      556.603           554.763      0.33%   200.439
    730     285      556.603           554.765      0.33%   202.760
    740     291      556.603           554.766      0.33%   204.646
    750     295      556.603           554.768      0.33%   206.521
    760     297      556.603           554.770      0.33%   209.548
    770     297      556.603           554.773      0.33%   211.618
    780     303      556.603           554.777      0.33%   214.272
    790     305      556.603           554.790      0.33%   216.867
    800     309      556.603           554.794      0.32%   219.257
    810     313      556.603           554.795      0.32%   221.577
    820     317      556.603           554.800      0.32%   224.308
    830     319      556.603           554.802      0.32%   228.068
    840     321      556.603           554.809      0.32%   230.819
    850     321      556.603           554.819      0.32%   234.092
    860     325      556.603           554.823      0.32%   236.379
    870     329      556.603           554.835      0.32%   238.608
    880     331      556.603           554.838      0.32%   240.861
    890     335      556.603           554.840      0.32%   243.167
    900     336      556.603           554.843      0.32%   245.975
    910     342      556.603           554.846      0.32%   248.178
    920     344      556.603           554.854      0.31%   250.867
    930     348      556.603           554.854      0.31%   254.504
    940     350      556.603           554.857      0.31%   257.155
    950     354      556.603           554.859      0.31%   259.882
    960     356      556.603           554.861      0.31%   262.010
    970     362      556.603           554.865      0.31%   264.180
    980     368      556.603           554.870      0.31%   266.980
    990     368      556.603           554.875      0.31%   269.141
   1000     372      556.603           554.877      0.31%   271.287
   1010     378      556.603           554.880      0.31%   273.050
   1020     382      556.603           554.882      0.31%   274.879
   1030     384      556.603           554.884      0.31%   277.546
   1040     386      556.603           554.885      0.31%   280.014
   1050     392      556.603           554.887      0.31%   282.643
   1060     394      556.603           554.891      0.31%   284.488
   1070     396      556.603           554.891      0.31%   286.374
   1080     402      556.603           554.895      0.31%   289.259
   1090     404      556.603           554.904      0.31%   291.504
   1100     408      556.603           554.909      0.30%   293.697
   1110     412      556.603           554.913      0.30%   296.062
   1120     414      556.603           554.918      0.30%   298.830
   1130     418      556.603           554.921      0.30%   300.652
   1140     420      556.603           554.923      0.30%   304.132
   1150     420      556.603           554.926      0.30%   306.543
   1160     424      556.603           554.929      0.30%   308.686
   1170     423      556.603           554.931      0.30%   311.635
   1180     427      556.603           554.936      0.30%   313.978
   1190     431      556.603           554.937      0.30%   316.887
   1200     435      556.603           554.938      0.30%   318.959
   1210     437      556.603           554.939      0.30%   321.223
   1220     437      556.603           554.942      0.30%   323.457
   1230     441      556.603           554.944      0.30%   325.237
   1240     441      556.603           554.945      0.30%   328.220
   1250     443      556.603           554.947      0.30%   330.107
   1260     451      556.603           554.947      0.30%   332.235
   1270     457      556.603           554.950      0.30%   334.990
   1280     459      556.603           554.950      0.30%   336.942
   1290     463      556.603           554.951      0.30%   339.251
   1300     469      556.603           554.953      0.30%   341.295
   1310     473      556.603           554.954      0.30%   343.476
   1320     479      556.603           554.957      0.30%   345.156
   1330     483      556.603           554.959      0.30%   347.203
   1340     485      556.603           554.966      0.29%   350.736
   1350     487      556.603           554.970      0.29%   352.473
   1360     495      556.603           554.976      0.29%   354.397
   1370     499      556.603           554.982      0.29%   356.458
   1380     503      556.603           554.985      0.29%   358.093
   1390     503      556.603           554.989      0.29%   360.531
   1400     503      556.603           554.991      0.29%   362.440
   1410     503      556.603           554.993      0.29%   364.310
   1420     505      556.603           554.996      0.29%   367.076
   1430     509      556.603           555.001      0.29%   368.848
   1440     511      556.603           555.003      0.29%   371.184
   1450     517      556.603           555.007      0.29%   372.942
   1460     516      556.603           555.010      0.29%   375.911
   1470     516      556.603           555.012      0.29%   377.782
   1480     518      556.603           555.015      0.29%   379.934
   1490     524      556.603           555.020      0.28%   382.457
   1500     524      556.603           555.023      0.28%   384.468
   1510     524      556.603           555.025      0.28%   386.624
   1520     528      556.603           555.028      0.28%   388.478
   1530     528      556.603           555.033      0.28%   390.589
   1540     530      556.603           555.034      0.28%   392.897
   1550     532      556.603           555.037      0.28%   395.091
   1560     536      556.603           555.038      0.28%   397.183
   1570     540      556.603           555.040      0.28%   398.976
   1580     542      556.603           555.043      0.28%   400.985
   1590     542      556.603           555.046      0.28%   403.490
   1600     546      556.603           555.052      0.28%   406.465
   1610     546      556.603           555.052      0.28%   408.423
   1620     550      556.603           555.053      0.28%   410.425
   1630     554      556.603           555.055      0.28%   412.319
   1640     560      556.603           555.056      0.28%   414.951
   1650     562      556.603           555.059      0.28%   417.533
   1660     564      556.603           555.060      0.28%   419.720
   1670     568      556.603           555.062      0.28%   421.525
   1680     568      556.603           555.064      0.28%   423.508
   1690     572      556.603           555.068      0.28%   425.120
   1700     578      556.603           555.072      0.27%   428.196
   1710     584      556.603           555.078      0.27%   430.567
   1720     584      556.603           555.083      0.27%   433.266
   1730     586      556.603           555.084      0.27%   435.289
   1740     586      556.603           555.090      0.27%   438.698
   1750     590      556.603           555.091      0.27%   441.752
   1760     594      556.603           555.095      0.27%   443.865
   1770     600      556.603           555.099      0.27%   445.728
   1780     602      556.603           555.105      0.27%   447.489
   1790     604      556.603           555.109      0.27%   449.554
   1800     604      556.603           555.114      0.27%   451.665
   1810     608      556.603           555.117      0.27%   454.234
   1820     612      556.603           555.126      0.27%   456.561
   1830     618      556.603           555.130      0.26%   458.639
   1840     626      556.603           555.135      0.26%   460.487
   1850     628      556.603           555.136      0.26%   463.634
   1860     632      556.603           555.140      0.26%   466.851
   1870     638      556.603           555.143      0.26%   468.788
   1880     640      556.603           555.146      0.26%   470.940
   1890     642      556.603           555.149      0.26%   472.813
   1900     644      556.603           555.151      0.26%   474.616
   1910     644      556.603           555.154      0.26%   477.831
   1920     646      556.603           555.158      0.26%   480.958
   1930     650      556.603           555.163      0.26%   483.094
   1940     652      556.603           555.164      0.26%   486.364
   1950     658      556.603           555.165      0.26%   488.445
   1960     658      556.603           555.166      0.26%   492.218
   1970     660      556.603           555.168      0.26%   495.154
   1980     664      556.603           555.172      0.26%   497.920
   1990     670      556.603           555.175      0.26%   499.710
   2000     676      556.603           555.179      0.26%   501.825
   2010     676      556.603           555.183      0.26%   504.976
   2020     676      556.603           555.184      0.25%   507.983
   2030     680      556.603           555.186      0.25%   510.242
   2040     684      556.603           555.187      0.25%   512.266
   2050     688      556.603           555.193      0.25%   515.104
   2060     694      556.603           555.195      0.25%   516.905
   2070     698      556.603           555.199      0.25%   519.953
   2080     700      556.603           555.204      0.25%   522.306
   2090     706      556.603           555.205      0.25%   524.219
   2100     708      556.603           555.209      0.25%   526.187
   2110     712      556.603           555.211      0.25%   528.181
   2120     710      556.603           555.212      0.25%   530.942
   2130     710      556.603           555.214      0.25%   532.916
   2140     712      556.603           555.217      0.25%   534.836
   2150     714      556.603           555.219      0.25%   536.905
   2160     718      556.603           555.221      0.25%   538.733
   2170     720      556.603           555.224      0.25%   541.209
   2180     720      556.603           555.226      0.25%   543.024
   2190     720      556.603           555.228      0.25%   545.533
   2200     720      556.603           555.230      0.25%   547.703
   2210     724      556.603           555.232      0.25%   549.554
   2220     726      556.603           555.233      0.25%   552.538
   2230     724      556.603           555.236      0.25%   555.577
   2240     726      556.603           555.237      0.25%   559.172
   2250     728      556.603           555.239      0.24%   561.408
   2260     730      556.603           555.242      0.24%   563.584
   2266     732      555.792 MPEC      555.243      0.10%   564.865
   2270     734      555.792           555.244      0.10%   565.686
   2280     736      555.792           555.248      0.10%   568.139
   2290     736      555.792           555.249      0.10%   570.473
   2300     736      555.792           555.250      0.10%   572.330
   2310     734      555.792           555.254      0.10%   574.635
   2320     736      555.792           555.257      0.10%   578.359
   2330     732      555.792           555.259      0.10%   581.116
   2340     732      555.792           555.262      0.10%   583.372
   2350     734      555.792           555.265      0.09%   585.349
   2360     732      555.792           555.266      0.09%   587.852
   2370     734      555.792           555.269      0.09%   590.630
   2380     734      555.792           555.271      0.09%   592.630
   2390     736      555.792           555.274      0.09%   595.765
   2400     736      555.792           555.276      0.09%   598.111
   2410     738      555.792           555.279      0.09%   600.820
   2420     736      555.792           555.280      0.09%   603.909
   2430     738      555.792           555.283      0.09%   606.011
   2440     740      555.792           555.284      0.09%   608.535
   2450     742      555.792           555.288      0.09%   610.669
   2460     742      555.792           555.288      0.09%   612.684
   2470     742      555.792           555.291      0.09%   615.243
   2480     740      555.792           555.293      0.09%   617.462
   2490     740      555.792           555.296      0.09%   620.047
   2500     738      555.792           555.297      0.09%   622.104
   2510     740      555.792           555.299      0.09%   624.483
   2520     740      555.792           555.301      0.09%   626.567
   2530     740      555.792           555.302      0.09%   629.601
   2540     740      555.792           555.303      0.09%   631.904
   2550     740      555.792           555.305      0.09%   633.810
   2560     740      555.792           555.306      0.09%   635.943
   2570     740      555.792           555.308      0.09%   637.906
   2580     738      555.792           555.310      0.09%   640.961
   2590     740      555.792           555.311      0.09%   643.101
   2600     740      555.792           555.313      0.09%   645.414
   2610     742      555.792           555.314      0.09%   647.191
   2620     744      555.792           555.317      0.09%   648.942
   2630     742      555.792           555.320      0.08%   652.624
   2640     742      555.792           555.323      0.08%   655.558
   2650     742      555.792           555.323      0.08%   657.798
   2660     744      555.792           555.326      0.08%   659.305
   2670     744      555.792           555.328      0.08%   661.393
   2680     746      555.792           555.331      0.08%   664.320
   2690     746      555.792           555.333      0.08%   666.711
   2700     746      555.792           555.337      0.08%   668.732
   2710     745      555.792           555.338      0.08%   671.274
   2720     745      555.792           555.339      0.08%   673.924
   2730     745      555.792           555.340      0.08%   676.608
   2740     745      555.792           555.341      0.08%   679.699
   2750     743      555.792           555.343      0.08%   682.604
   2760     745      555.792           555.345      0.08%   684.719
   2770     745      555.792           555.346      0.08%   687.184
   2780     745      555.792           555.346      0.08%   690.088
   2790     747      555.792           555.350      0.08%   692.074
   2800     745      555.792           555.351      0.08%   695.242
   2810     745      555.792           555.352      0.08%   697.327
   2820     747      555.792           555.353      0.08%   699.364
   2830     751      555.792           555.356      0.08%   701.860
   2840     750      555.792           555.360      0.08%   706.147
   2850     748      555.792           555.367      0.08%   708.811
   2860     748      555.792           555.369      0.08%   711.154
   2870     750      555.792           555.371      0.08%   714.060
   2880     750      555.792           555.373      0.08%   716.652
   2890     750      555.792           555.377      0.07%   718.217
   2900     750      555.792           555.379      0.07%   720.491
   2910     748      555.792           555.381      0.07%   724.159
   2920     748      555.792           555.382      0.07%   726.735
   2930     748      555.792           555.384      0.07%   728.843
   2940     748      555.792           555.385      0.07%   731.952
   2950     750      555.792           555.386      0.07%   734.436
   2960     752      555.792           555.389      0.07%   736.069
   2970     752      555.792           555.391      0.07%   739.336
   2980     754      555.792           555.394      0.07%   741.861
   2990     754      555.792           555.397      0.07%   744.792
   3000     754      555.792           555.399      0.07%   747.687
   3010     752      555.792           555.401      0.07%   750.788
   3020     754      555.792           555.402      0.07%   753.803
   3030     754      555.792           555.404      0.07%   756.287
   3040     754      555.792           555.404      0.07%   759.473
   3050     754      555.792           555.405      0.07%   762.965
   3060     756      555.792           555.407      0.07%   765.104
   3070     754      555.792           555.412      0.07%   768.232
   3080     752      555.792           555.414      0.07%   770.244
   3090     752      555.792           555.416      0.07%   772.342
   3100     750      555.792           555.418      0.07%   775.228
   3110     752      555.792           555.419      0.07%   777.614
   3120     752      555.792           555.421      0.07%   779.282
   3130     754      555.792           555.422      0.07%   781.509
   3140     754      555.792           555.424      0.07%   783.711
   3150     754      555.792           555.426      0.07%   785.515
   3160     756      555.792           555.427      0.07%   788.504
   3170     758      555.792           555.429      0.07%   791.415
   3180     756      555.792           555.431      0.06%   795.710
   3190     760      555.792           555.433      0.06%   797.609
   3200     760      555.792           555.436      0.06%   800.195
   3210     760      555.792           555.437      0.06%   803.099
   3220     758      555.792           555.439      0.06%   805.991
   3230     758      555.792           555.443      0.06%   807.910
   3240     758      555.662 LEAF      555.444      0.04%   809.876
   3250     758      555.662           555.449      0.04%   812.148
   3260     758      555.662           555.449      0.04%   813.916
   3270     760      555.662           555.450      0.04%   816.240
   3280     760      555.662           555.452      0.04%   818.874
   3290     760      555.662           555.455      0.04%   820.867
   3300     762      555.662           555.456      0.04%   822.632
   3310     760      555.662           555.456      0.04%   824.714
   3320     760      555.662           555.457      0.04%   827.021
   3330     760      555.662           555.458      0.04%   829.788
   3340     760      555.662           555.460      0.04%   831.924
   3350     760      555.662           555.460      0.04%   834.063
   3360     760      555.662           555.461      0.04%   837.557
   3370     762      555.662           555.463      0.04%   840.131
   3380     760      555.662           555.465      0.04%   842.460
   3390     760      555.662           555.467      0.04%   844.797
   3400     758      555.662           555.468      0.03%   846.923
   3410     758      555.662           555.470      0.03%   848.691
   3420     756      555.662           555.472      0.03%   851.227
   3430     758      555.662           555.473      0.03%   853.437
   3440     758      555.662           555.475      0.03%   856.418
   3450     756      555.662           555.476      0.03%   858.558
   3460     754      555.662           555.477      0.03%   860.776
   3470     754      555.662           555.477      0.03%   862.502
   3480     752      555.662           555.478      0.03%   864.277
   3490     752      555.662           555.480      0.03%   867.559
   3500     750      555.662           555.481      0.03%   869.895
   3510     750      555.662           555.483      0.03%   871.806
   3520     750      555.662           555.484      0.03%   874.099
   3530     750      555.662           555.486      0.03%   876.214
   3540     748      555.662           555.486      0.03%   878.578
   3550     748      555.662           555.487      0.03%   880.884
   3560     748      555.662           555.488      0.03%   883.169
   3570     748      555.662           555.489      0.03%   885.031
   3580     744      555.662           555.490      0.03%   888.334
   3590     744      555.662           555.491      0.03%   890.648
   3600     742      555.662           555.493      0.03%   892.891
   3610     742      555.662           555.494      0.03%   896.711
   3620     740      555.662           555.495      0.03%   898.657
   3630     736      555.662           555.497      0.03%   900.679
   3640     736      555.662           555.499      0.03%   902.465
   3650     732      555.662           555.501      0.03%   904.499
   3660     732      555.662           555.502      0.03%   907.548
   3670     730      555.662           555.503      0.03%   909.706
   3680     730      555.662           555.505      0.03%   912.288
   3690     730      555.662           555.507      0.03%   915.201
   3700     730      555.662           555.508      0.03%   917.575
   3710     728      555.662           555.510      0.03%   919.642
   3720     728      555.662           555.511      0.03%   922.055
   3730     724      555.662           555.512      0.03%   924.525
   3740     722      555.662           555.513      0.03%   926.073
   3750     720      555.662           555.514      0.03%   928.533
   3760     720      555.662           555.515      0.03%   931.299
   3770     720      555.662           555.516      0.03%   933.477
   3780     720      555.662           555.518      0.03%   935.640
   3790     720      555.662           555.520      0.03%   938.017
   3800     722      555.662           555.521      0.03%   940.274
   3810     722      555.662           555.522      0.03%   942.470
   3820     720      555.662           555.523      0.03%   945.377
   3830     720      555.662           555.524      0.02%   947.421
   3840     720      555.662           555.526      0.02%   949.761
   3850     720      555.662           555.526      0.02%   953.175
   3860     718      555.662           555.528      0.02%   955.483
   3870     718      555.662           555.529      0.02%   957.477
   3880     718      555.662           555.531      0.02%   959.736
   3890     718      555.662           555.532      0.02%   962.619
   3900     716      555.662           555.534      0.02%   964.483
   3910     716      555.662           555.534      0.02%   966.537
   3920     716      555.662           555.536      0.02%   968.639
   3930     716      555.662           555.537      0.02%   971.483
   3940     716      555.662           555.538      0.02%   973.015
   3950     716      555.662           555.540      0.02%   975.103
   3960     712      555.662           555.541      0.02%   977.218
   3970     712      555.662           555.542      0.02%   979.268
   3980     710      555.662           555.543      0.02%   981.485
   3990     710      555.662           555.544      0.02%   983.303
   4000     708      555.662           555.546      0.02%   985.629
   4010     708      555.662           555.546      0.02%   990.804
   4020     706      555.662           555.547      0.02%   992.844
   4030     706      555.662           555.548      0.02%   994.743
   4040     704      555.662           555.550      0.02%   997.118
   4050     702      555.662           555.550      0.02%   999.741
   4060     700      555.662           555.553      0.02%  1002.014
   4070     696      555.662           555.554      0.02%  1005.250
   4080     694      555.662           555.556      0.02%  1007.495
   4090     694      555.662           555.557      0.02%  1010.037
   4100     692      555.662           555.558      0.02%  1013.246
   4110     688      555.662           555.560      0.02%  1015.333
   4120     686      555.662           555.561      0.02%  1017.327
   4130     684      555.662           555.563      0.02%  1019.751
   4140     684      555.662           555.566      0.02%  1021.497
   4150     684      555.662           555.566      0.02%  1023.519
   4160     682      555.662           555.569      0.02%  1026.243
   4170     678      555.662           555.570      0.02%  1028.137
   4180     676      555.662           555.571      0.02%  1030.153
   4190     674      555.662           555.571      0.02%  1032.037
   4200     672      555.662           555.573      0.02%  1034.187
   4210     670      555.662           555.573      0.02%  1036.006
   4220     666      555.662           555.574      0.02%  1039.392
   4230     666      555.662           555.575      0.02%  1041.400
   4240     664      555.662           555.576      0.02%  1044.225
   4250     662      555.662           555.577      0.02%  1045.993
   4260     656      555.662           555.578      0.02%  1048.475
   4270     656      555.662           555.580      0.01%  1050.560
   4280     654      555.662           555.581      0.01%  1053.412
   4290     652      555.662           555.581      0.01%  1055.401
   4300     650      555.662           555.583      0.01%  1058.080
   4310     650      555.662           555.583      0.01%  1059.928
   4320     648      555.662           555.584      0.01%  1062.083
   4330     648      555.662           555.585      0.01%  1065.160
   4340     646      555.662           555.585      0.01%  1067.546
   4350     646      555.662           555.586      0.01%  1069.810
   4360     644      555.662           555.587      0.01%  1073.135
   4370     644      555.662           555.588      0.01%  1075.945
   4380     642      555.662           555.590      0.01%  1078.168
   4390     640      555.662           555.591      0.01%  1079.810
   4400     638      555.662           555.592      0.01%  1081.772
   4410     636      555.662           555.593      0.01%  1083.630
   4420     630      555.662           555.593      0.01%  1086.192
   4430     626      555.662           555.595      0.01%  1090.012
   4440     624      555.662           555.596      0.01%  1093.158
   4450     622      555.662           555.597      0.01%  1095.914
   4460     620      555.662           555.599      0.01%  1098.024
   4470     620      555.662           555.602      0.01%  1100.374
   4480     618      555.662           555.603      0.01%  1103.134
   4490     614      555.662           555.605      0.01%  1105.003
   4500     612      555.662           555.606      0.01%  1107.425
   4501     611      555.662           555.607      0.01%  1107.634

EXIT: Optimal solution found (assuming convexity).

Final Statistics for MIP
------------------------
Final objective value               =  5.55662491036649e+02
Final bound value                   =  5.55606963411402e+02
Final optimality gap (abs / rel)    =  5.55e-02 / 9.99e-05 (0.01%)
# of root cutting plane rounds      =  2
# of restarts                       =  1
# of nodes processed                =  4501 (989.257s)
# of strong branching evaluations   =  60 (38.523s)
# of function evaluations           =  143294 (43.612s)
# of gradient evaluations           =  110622 (34.716s)
# of hessian evaluations            =  102645 (178.983s)
# of hessian-vector evaluations     =  0
# of subproblems processed          =  4727 (1088.580s)
Total program time (secs)           =  1107.634 (1101.750 CPU time)
Time spent in evaluations (secs)    =  257.311

Cuts statistics (gen / add)
---------------------------
Knapsack cuts                       =  0 / 0
Mixed-integer rounding cuts         =  2 / 1
Flow-cover cuts                     =  0 / 0
Probing cuts                        =  0 / 0

Heuristics statistics (calls / successes / time)
------------------------------------------------
Feasibility pump                    =  8 / 1 / 23.062s
Rounding heuristic                  =  2 / 0 / 4.212s
MPEC heuristic                      =  64 / 1 / 38.416s
Local search heuristic              =  5 / 0 / 0.496s

===========================================================================


