Solver command line: ['C:\\Program Files\\Artelys\\Knitro 14.2.0\\knitroampl\\knitroampl.exe', 'C:\\Users\\HP\\AppData\\Local\\Temp\\tmpyhvllxh9.pyomo.nl', '-AMPL', 'mip_multistart=1', 'mip_numthreads=1']

Artelys Knitro 14.2.0: mip_multistart=1
mip_numthreads=1

=======================================
          Commercial License
         Artelys Knitro 14.2.0
=======================================

WARNING: Problem appears to have nonlinear equalities and be non-convex.
         The Knitro mixed integer solver is designed for convex problems.
         For non-convex problems it is only a heuristic, and the reported
         bounds and optimality claims cannot be verified.

concurrent_evals         0
datacheck                0
findiff_numthreads       1
hessian_no_f             1
hessopt                  1
mip_multistart           1
mip_numthreads           1
Knitro changing mip_method from AUTO to 1.
Knitro changing mip_rootalg from AUTO to 1.
Knitro changing mip_lpalg from AUTO to 3.
Knitro changing mip_branchrule from AUTO to 2.
Knitro changing mip_selectrule from AUTO to 2.
Knitro changing mip_mir from AUTO to 2.
Knitro changing mip_clique from AUTO to 0.
Knitro changing mip_zerohalf from AUTO to 0.
Knitro changing mip_liftproject from AUTO to 0.
Knitro changing mip_knapsack from AUTO to 2.
Knitro changing mip_gomory from AUTO to 0.
Knitro changing mip_cut_flowcover from AUTO to 2.
Knitro changing mip_cut_probing from AUTO to 1.
Knitro changing mip_rounding from AUTO to 3.
Knitro changing mip_heuristic_strategy from AUTO to 1.
Knitro changing mip_heuristic_feaspump from AUTO to 1.
Knitro changing mip_heuristic_misqp from AUTO to 0.
Knitro changing mip_heuristic_mpec from AUTO to 1.
Knitro changing mip_heuristic_diving from AUTO to 0.
Knitro changing mip_heuristic_lns from AUTO to 0.
Knitro changing mip_heuristic_localsearch from AUTO to 1.
Knitro changing mip_pseudoinit from AUTO to 1.

Problem Characteristics                                 (   Presolved)
-----------------------
Objective goal:  Minimize
Objective type:  linear
Number of variables:                               9578 (        9578)
    bounded below only:                             792 (         792)
    bounded above only:                               0 (           0)
    bounded below and above:                         37 (          37)
    fixed:                                            0 (           0)
    free:                                          8749 (        8749)
Number of binary variables:                          37 (          37)
Number of integer variables:                          0 (           0)
Number of constraints:                            19153 (       20689)
    linear equalities:                               82 (          82)
    quadratic equalities:                             0 (           0)
    gen. nonlinear equalities:                     1584 (        1584)
    linear one-sided inequalities:                15951 (       19023)
    quadratic one-sided inequalities:                 0 (           0)
    gen. nonlinear one-sided inequalities:            0 (           0)
    linear two-sided inequalities:                 1536 (           0)
    quadratic two-sided inequalities:                 0 (           0)
    gen. nonlinear two-sided inequalities:            0 (           0)
Number of nonzeros in Jacobian:                   39464 (       41000)
Number of nonzeros in Hessian:                     9480 (        9480)

Knitro using Branch and Bound method with 1 thread.

Initial points
--------------
Read provided root node initial point:
    Objective value:    0.000000e+00
    Feasibility error:  5.000000e+00
    Feasible:           no
No primal point provided for the MIP.

Root node relaxation
--------------------

 Iter      Objective      Feasibility        Optimality       Time 
                             error              error        (secs)
 ----      ---------      -----------        ----------      ------
    1        127.652          2.73807          0.487476       0.447
    2        231.846          1.57483          0.730439       0.456
    3        362.794          1.04340           1.33695       0.465
    4        360.285          1.04324           4.08768       0.474
    5        403.558         0.920585           2.41280       0.483
    6        639.927         0.311344           1.64715       0.492
    7        733.811      9.21506e-02          0.562743       0.501
    8        771.941      6.32098e-03          0.118892       0.510
    9        773.098      4.29701e-03          0.185924       0.518
   10        772.981      3.23994e-03          0.124899       0.528
   11        772.990      2.40057e-04       2.88678e-02       0.536
   12        772.987      3.17635e-05       1.52499e-03       0.546
   13        772.987      3.46316e-08       2.64581e-06       0.559
   14        772.987      1.15150e-13       6.26063e-12       0.569
   15        772.987      3.00723e-14       1.32664e-11       0.581

Tree search
-----------

       Nodes        Best solution   Best bound      Gap       Time 
   Expl  |  Unexpl      value         value                  (secs)
   ---------------  -------------   ----------      ---      ------
      1       2                           -inf                0.828
     10      11                           -inf               31.098
     20      20                           -inf               33.682
     30      29                           -inf               37.198
     40      37                           -inf               39.853
     50      46                           -inf               42.109
     60      55                           -inf               45.519
     70      64                           -inf               49.829
     80      72                           -inf               52.544
     90      80                           -inf               55.929
    100      90                           -inf               58.438
    110     100                           -inf               60.356
    120      96                           -inf               61.142
    130      86                           -inf               61.142
    140      76                           -inf               61.143
    150      66                           -inf               61.143
    160      56                           -inf               61.143
    170      46                           -inf               61.144
    180      36                           -inf               61.144
    190      26                           -inf               61.145
    200      16                           -inf               61.145
    210       6                           -inf               61.146
    215       1                        773.440               61.146
    220       4                        773.440               63.212
    230      13                        773.440               69.275
    240      20                        773.440               72.574
    250      29                        773.440               77.049
    260      39                        773.440               79.006
    270      45                        773.440               83.045
    280      53                        773.471               85.454
    290      63                        773.482               90.243
    300      72                        773.526               93.260
    310      80                        773.529               95.695
    320      88                        773.564               99.011
    330      96                        773.577              101.839
    340     102                        773.582              104.051
    350     112                        773.613              105.854
    360     118                        773.626              108.420
    370     124                        773.667              110.672
    380     130                        773.686              114.031
    390     140                        773.705              116.043
    400     148                        773.714              118.474
    410     156                        773.722              120.706
    420     164                        773.731              122.807
    430     169                        773.740              126.301
    440     172                        773.769              129.960
    450     180                        773.781              132.176
    460     186                        773.789              134.930
    470     192                        773.797              137.298
    480     200                        773.807              140.209
    490     208                        773.813              142.230
    500     212                        773.817              145.277
    510     218                        773.820              147.457
    520     228                        773.826              150.317
    530     236                        773.830              152.446
    540     244                        773.834              154.782
    550     252                        773.837              156.993
    560     260                        773.841              159.382
    570     270                        773.847              161.253
    580     280                        773.851              163.864
    590     289                        773.856              166.910
    600     294                        773.862              170.629
    610     302                        773.868              172.621
    620     312                        773.875              174.833
    630     320                        773.880              177.974
    640     326                        773.902              180.952
    650     328                        773.912              183.674
    660     338                        773.918              186.273
    670     346                        773.923              188.585
    680     346                        773.928              192.190
    690     354                        773.933              194.735
    700     362                        773.937              196.930
    710     372                        773.942              199.262
    720     374                        773.950              203.416
    728     380      787.853 MPEC      773.954      1.76%   205.601
    730     380      787.853           773.955      1.76%   205.941
    740     390      787.853           773.957      1.76%   207.928
    750     396      787.853           773.966      1.76%   210.588
    760     406      787.853           773.969      1.76%   212.616
    770     416      787.853           773.974      1.76%   214.798
    780     422      787.853           773.989      1.76%   218.069
    790     426      787.853           773.997      1.76%   221.015
    800     434      787.853           774.000      1.76%   223.134
    810     444      787.853           774.003      1.76%   225.047
    820     452      787.853           774.006      1.76%   227.269
    830     456      787.853           774.016      1.76%   230.011
    840     462      787.853           774.017      1.76%   233.296
    850     470      787.853           774.021      1.76%   235.499
    860     474      787.853           774.028      1.75%   239.104
    870     480      787.853           774.036      1.75%   241.385
    880     488      787.853           774.039      1.75%   243.810
    890     496      787.853           774.045      1.75%   247.141
    900     502      787.853           774.049      1.75%   249.789
    910     508      787.853           774.053      1.75%   252.648
    920     514      787.853           774.057      1.75%   255.163
    930     520      787.853           774.063      1.75%   258.120
    940     526      787.853           774.071      1.75%   261.040
    950     532      787.853           774.078      1.75%   263.355
    960     540      787.853           774.082      1.75%   265.410
    970     546      787.853           774.086      1.75%   268.197
    980     554      787.853           774.095      1.75%   270.400
    990     564      787.853           774.098      1.75%   272.889
   1000     568      787.853           774.101      1.75%   275.293
   1010     576      787.853           774.108      1.74%   277.580
   1019     583      775.727 LEAF      774.112      0.21%   279.349
   1020     584      775.727           774.112      0.21%   279.514
   1030     592      775.727           774.122      0.21%   281.489
   1040     592      775.727           774.128      0.21%   284.832
   1050     596      775.727           774.130      0.21%   287.085
   1060     598      775.727           774.133      0.21%   289.456
   1070     602      775.727           774.144      0.20%   291.823
   1080     602      775.727           774.146      0.20%   294.154
   1090     602      775.727           774.149      0.20%   298.210
   1100     602      775.727           774.151      0.20%   300.912
   1110     602      775.727           774.158      0.20%   303.814
   1120     602      775.727           774.162      0.20%   306.925
   1130     602      775.727           774.164      0.20%   309.240
   1140     612      775.727           774.169      0.20%   311.213
   1150     612      775.727           774.177      0.20%   313.333
   1160     614      775.727           774.180      0.20%   315.964
   1170     614      775.727           774.182      0.20%   318.199
   1180     616      775.727           774.185      0.20%   321.218
   1190     618      775.727           774.189      0.20%   323.395
   1200     622      775.727           774.195      0.20%   325.825
   1210     622      775.727           774.197      0.20%   328.073
   1220     622      775.727           774.201      0.20%   330.608
   1230     622      775.727           774.202      0.20%   332.223
   1240     624      775.727           774.211      0.20%   333.972
   1250     622      775.727           774.214      0.19%   337.131
   1260     620      775.727           774.227      0.19%   340.148
   1270     620      775.727           774.231      0.19%   342.601
   1280     620      775.727           774.237      0.19%   345.268
   1290     622      775.727           774.240      0.19%   347.332
   1300     622      775.727           774.248      0.19%   349.646
   1310     622      775.727           774.255      0.19%   351.944
   1320     620      775.727           774.258      0.19%   355.171
   1330     620      775.727           774.259      0.19%   357.005
   1340     622      775.727           774.261      0.19%   359.030
   1350     624      775.727           774.265      0.19%   362.201
   1360     624      775.727           774.269      0.19%   364.830
   1370     624      775.727           774.269      0.19%   367.089
   1380     624      775.727           774.270      0.19%   369.533
   1390     626      775.727           774.274      0.19%   372.166
   1400     626      775.727           774.275      0.19%   375.066
   1410     626      775.727           774.277      0.19%   377.817
   1420     626      775.727           774.278      0.19%   380.263
   1430     626      775.727           774.281      0.19%   383.006
   1440     628      775.727           774.284      0.19%   385.684
   1450     630      775.727           774.286      0.19%   387.711
   1460     630      775.727           774.288      0.19%   389.934
   1470     634      775.727           774.290      0.19%   392.360
   1480     636      775.727           774.295      0.18%   394.322
   1490     636      775.727           774.297      0.18%   396.834
   1500     636      775.727           774.303      0.18%   399.398
   1510     636      775.727           774.308      0.18%   401.215
   1520     638      775.727           774.312      0.18%   403.135
   1530     644      775.727           774.316      0.18%   405.037
   1540     646      775.727           774.320      0.18%   407.224
   1550     648      775.727           774.322      0.18%   409.278
   1560     650      775.727           774.324      0.18%   411.849
   1570     650      775.727           774.326      0.18%   413.892
   1580     650      775.727           774.328      0.18%   416.275
   1590     650      775.727           774.330      0.18%   418.768
   1600     650      775.727           774.336      0.18%   421.409
   1610     650      775.727           774.339      0.18%   423.490
   1620     650      775.727           774.342      0.18%   425.324
   1630     650      775.727           774.344      0.18%   428.306
   1640     650      775.727           774.345      0.18%   430.419
   1650     650      775.727           774.347      0.18%   432.136
   1660     650      775.727           774.348      0.18%   434.429
   1670     652      775.727           774.350      0.18%   436.791
   1680     652      775.727           774.351      0.18%   439.236
   1690     656      775.727           774.354      0.18%   441.145
   1700     656      775.727           774.356      0.18%   442.864
   1710     656      775.727           774.358      0.18%   445.435
   1720     656      775.727           774.362      0.18%   447.757
   1730     660      775.727           774.368      0.18%   449.662
   1740     664      775.727           774.375      0.17%   451.650
   1750     668      775.727           774.383      0.17%   453.800
   1760     670      775.727           774.388      0.17%   457.019
   1770     672      775.727           774.389      0.17%   458.835
   1780     678      775.727           774.396      0.17%   461.374
   1790     676      775.727           774.400      0.17%   467.077
   1800     678      775.727           774.406      0.17%   469.273
   1810     680      775.727           774.412      0.17%   471.608
   1820     680      775.727           774.413      0.17%   473.931
   1830     680      775.727           774.419      0.17%   476.222
   1840     680      775.727           774.422      0.17%   478.186
   1850     682      775.727           774.426      0.17%   480.606
   1860     686      775.727           774.430      0.17%   483.143
   1870     688      775.727           774.433      0.17%   486.831
   1880     690      775.727           774.436      0.17%   489.541
   1890     690      775.727           774.438      0.17%   492.256
   1900     694      775.727           774.440      0.17%   494.908
   1910     694      775.727           774.441      0.17%   496.489
   1920     696      775.727           774.444      0.17%   500.719
   1930     696      775.727           774.450      0.16%   502.426
   1940     700      775.727           774.452      0.16%   505.122
   1950     700      775.727           774.456      0.16%   507.216
   1960     704      775.727           774.458      0.16%   509.239
   1970     706      775.727           774.462      0.16%   511.278
   1980     706      775.727           774.463      0.16%   513.763
   1990     704      775.727           774.467      0.16%   517.403
   2000     706      775.727           774.472      0.16%   519.999
   2010     710      775.727           774.473      0.16%   521.815
   2020     714      775.727           774.477      0.16%   524.682
   2030     716      775.727           774.479      0.16%   526.880
   2040     716      775.727           774.480      0.16%   529.191
   2050     720      775.727           774.482      0.16%   530.871
   2060     722      775.727           774.486      0.16%   533.681
   2070     724      775.727           774.490      0.16%   536.466
   2080     724      775.727           774.490      0.16%   539.670
   2090     724      775.727           774.493      0.16%   543.262
   2100     726      775.727           774.495      0.16%   545.253
   2110     728      775.727           774.499      0.16%   547.443
   2120     728      775.727           774.503      0.16%   549.657
   2130     730      775.727           774.505      0.16%   551.724
   2140     734      775.727           774.506      0.16%   554.644
   2150     738      775.727           774.507      0.16%   557.293
   2160     740      775.727           774.513      0.16%   559.255
   2170     742      775.727           774.518      0.16%   561.279
   2180     742      775.727           774.521      0.16%   563.294
   2190     744      775.727           774.522      0.16%   565.351
   2200     746      775.727           774.527      0.15%   568.216
   2210     746      775.727           774.533      0.15%   571.712
   2220     746      775.727           774.540      0.15%   573.960
   2230     748      775.727           774.544      0.15%   575.876
   2240     748      775.727           774.548      0.15%   577.634
   2250     752      775.727           774.550      0.15%   579.764
   2260     750      775.727           774.552      0.15%   581.502
   2270     750      775.727           774.554      0.15%   583.749
   2280     752      775.727           774.556      0.15%   586.119
   2290     752      775.727           774.558      0.15%   588.379
   2300     752      775.727           774.559      0.15%   590.356
   2310     752      775.727           774.563      0.15%   592.993
   2320     756      775.727           774.566      0.15%   595.226
   2330     754      775.727           774.568      0.15%   598.490
   2340     754      775.727           774.569      0.15%   600.616
   2350     754      775.727           774.572      0.15%   603.120
   2360     756      775.727           774.575      0.15%   605.440
   2370     758      775.727           774.576      0.15%   607.553
   2380     760      775.727           774.579      0.15%   610.654
   2390     762      775.727           774.581      0.15%   612.834
   2400     764      775.727           774.586      0.15%   614.745
   2410     766      775.727           774.588      0.15%   617.221
   2420     766      775.727           774.590      0.15%   619.942
   2430     768      775.727           774.593      0.15%   622.924
   2440     766      775.727           774.594      0.15%   625.446
   2450     764      775.727           774.597      0.15%   628.516
   2460     764      775.727           774.600      0.15%   630.801
   2470     766      775.727           774.601      0.15%   633.467
   2480     766      775.727           774.604      0.14%   635.810
   2490     770      775.727           774.607      0.14%   638.285
   2500     770      775.727           774.608      0.14%   641.092
   2510     772      775.727           774.610      0.14%   643.403
   2520     772      775.727           774.614      0.14%   645.240
   2530     772      775.727           774.616      0.14%   647.801
   2540     774      775.727           774.618      0.14%   649.757
   2550     774      775.727           774.621      0.14%   651.729
   2560     774      775.727           774.623      0.14%   654.011
   2570     774      775.727           774.626      0.14%   656.227
   2580     774      775.727           774.627      0.14%   658.871
   2590     778      775.727           774.630      0.14%   661.055
   2600     778      775.727           774.634      0.14%   663.628
   2610     780      775.727           774.639      0.14%   665.518
   2620     780      775.727           774.642      0.14%   668.065
   2630     780      775.727           774.645      0.14%   671.706
   2640     778      775.727           774.646      0.14%   674.382
   2650     778      775.727           774.649      0.14%   676.362
   2660     784      775.727           774.654      0.14%   678.037
   2670     786      775.727           774.656      0.14%   679.878
   2680     788      775.727           774.658      0.14%   682.497
   2690     788      775.727           774.661      0.14%   684.612
   2700     790      775.727           774.664      0.14%   686.471
   2710     792      775.727           774.666      0.14%   689.025
   2720     792      775.727           774.668      0.14%   691.316
   2730     792      775.727           774.671      0.14%   694.046
   2740     794      775.727           774.674      0.14%   695.916
   2750     792      775.727           774.677      0.14%   698.023
   2760     794      775.727           774.680      0.13%   700.788
   2770     794      775.727           774.687      0.13%   703.478
   2780     792      775.727           774.689      0.13%   707.747
   2790     792      775.727           774.690      0.13%   709.325
   2800     794      775.727           774.692      0.13%   711.603
   2810     794      775.727           774.693      0.13%   714.522
   2820     794      775.727           774.694      0.13%   716.481
   2830     794      775.727           774.697      0.13%   719.082
   2840     792      775.727           774.699      0.13%   722.008
   2850     792      775.727           774.702      0.13%   724.399
   2860     794      775.727           774.707      0.13%   726.235
   2870     798      775.727           774.709      0.13%   728.412
   2880     802      775.727           774.711      0.13%   731.766
   2890     804      775.727           774.714      0.13%   734.303
   2900     806      775.727           774.717      0.13%   736.910
   2910     808      775.727           774.720      0.13%   738.794
   2920     808      775.727           774.720      0.13%   740.861
   2930     810      775.727           774.723      0.13%   743.309
   2940     810      775.727           774.725      0.13%   746.564
   2950     814      775.727           774.728      0.13%   749.017
   2960     814      775.727           774.731      0.13%   751.025
   2970     814      775.727           774.737      0.13%   754.254
   2980     814      775.727           774.741      0.13%   756.026
   2990     816      775.727           774.743      0.13%   759.631
   3000     814      775.727           774.745      0.13%   762.278
   3010     818      775.727           774.748      0.13%   763.947
   3020     818      775.727           774.752      0.13%   765.938
   3030     820      775.727           774.754      0.13%   768.596
   3040     820      775.727           774.755      0.13%   771.787
   3050     822      775.727           774.758      0.12%   773.594
   3060     824      775.727           774.760      0.12%   775.545
   3070     822      775.727           774.762      0.12%   777.420
   3080     822      775.727           774.763      0.12%   779.612
   3090     822      775.727           774.764      0.12%   782.032
   3100     824      775.727           774.766      0.12%   784.084
   3110     824      775.727           774.767      0.12%   786.593
   3120     824      775.727           774.769      0.12%   788.879
   3130     824      775.727           774.771      0.12%   790.653
   3140     824      775.727           774.772      0.12%   794.918
   3150     824      775.727           774.773      0.12%   796.782
   3160     824      775.727           774.776      0.12%   798.591
   3170     822      775.727           774.777      0.12%   800.886
   3180     822      775.727           774.778      0.12%   803.429
   3190     818      775.727           774.780      0.12%   806.666
   3200     818      775.727           774.783      0.12%   808.365
   3210     822      775.727           774.783      0.12%   810.867
   3220     824      775.727           774.788      0.12%   813.022
   3230     824      775.727           774.790      0.12%   814.981
   3240     824      775.727           774.790      0.12%   817.294
   3250     824      775.727           774.792      0.12%   819.937
   3260     826      775.727           774.793      0.12%   822.510
   3270     824      775.727           774.796      0.12%   825.632
   3280     822      775.727           774.799      0.12%   829.001
   3290     822      775.727           774.800      0.12%   832.777
   3300     818      775.727           774.803      0.12%   835.261
   3310     818      775.727           774.804      0.12%   838.487
   3320     820      775.727           774.806      0.12%   840.575
   3330     822      775.727           774.810      0.12%   843.443
   3340     822      775.727           774.810      0.12%   846.132
   3350     826      775.727           774.811      0.12%   848.247
   3360     826      775.727           774.815      0.12%   851.020
   3370     828      775.727           774.818      0.12%   853.944
   3380     828      775.727           774.821      0.12%   856.000
   3390     828      775.727           774.824      0.12%   858.600
   3400     828      775.727           774.827      0.12%   860.517
   3410     828      775.727           774.829      0.12%   863.031
   3420     828      775.727           774.831      0.12%   865.602
   3430     826      775.727           774.832      0.12%   868.075
   3440     828      775.727           774.834      0.12%   870.277
   3440     828      775.719 MPEC      774.834      0.11%   870.526
   3450     828      775.719           774.839      0.11%   872.775
   3460     828      775.719           774.841      0.11%   874.996
   3470     828      775.719           774.843      0.11%   876.768
   3480     828      775.719           774.844      0.11%   878.360
   3490     830      775.719           774.851      0.11%   880.212
   3500     830      775.719           774.852      0.11%   883.085
   3510     830      775.719           774.854      0.11%   886.518
   3520     830      775.719           774.856      0.11%   888.257
   3530     830      775.719           774.859      0.11%   890.365
   3540     830      775.719           774.860      0.11%   892.693
   3550     830      775.719           774.864      0.11%   895.969
   3560     830      775.719           774.867      0.11%   898.048
   3570     832      775.719           774.870      0.11%   899.903
   3580     828      775.719           774.875      0.11%   901.941
   3590     826      775.719           774.878      0.11%   903.480
   3600     826      775.719           774.880      0.11%   906.364
   3610     826      775.719           774.882      0.11%   908.746
   3620     828      775.719           774.887      0.11%   910.455
   3630     828      775.719           774.888      0.11%   912.841
   3640     828      775.719           774.891      0.11%   915.327
   3650     830      775.719           774.892      0.11%   917.997
   3660     828      775.719           774.895      0.11%   920.171
   3670     826      775.719           774.897      0.11%   922.276
   3680     830      775.719           774.900      0.11%   924.258
   3690     828      775.719           774.901      0.11%   926.052
   3700     832      775.719           774.903      0.11%   929.393
   3710     832      775.719           774.904      0.10%   931.259
   3720     834      775.719           774.908      0.10%   933.219
   3730     834      775.719           774.911      0.10%   935.640
   3740     836      775.719           774.914      0.10%   937.992
   3750     836      775.719           774.915      0.10%   940.503
   3760     836      775.719           774.916      0.10%   942.833
   3770     836      775.719           774.920      0.10%   944.584
   3780     836      775.719           774.923      0.10%   946.861
   3790     836      775.719           774.924      0.10%   949.408
   3800     836      775.719           774.927      0.10%   952.711
   3810     834      775.719           774.929      0.10%   956.479
   3820     834      775.719           774.934      0.10%   959.236
   3830     834      775.719           774.935      0.10%   961.059
   3840     834      775.719           774.936      0.10%   963.307
   3850     834      775.719           774.938      0.10%   966.395
   3860     832      775.719           774.942      0.10%   968.253
   3870     834      775.719           774.944      0.10%   970.232
   3880     834      775.719           774.945      0.10%   972.285
   3890     834      775.719           774.947      0.10%   974.616
   3900     836      775.719           774.949      0.10%   977.300
   3910     836      775.719           774.951      0.10%   979.398
   3920     836      775.719           774.954      0.10%   982.851
   3930     836      775.719           774.955      0.10%   984.948
   3940     836      775.719           774.958      0.10%   987.300
   3950     838      775.719           774.961      0.10%   989.852
   3960     836      775.719           774.962      0.10%   993.835
   3970     836      775.719           774.964      0.10%   995.966
   3980     838      775.719           774.966      0.10%   997.978
   3990     836      775.719           774.968      0.10%  1000.295
   4000     836      775.719           774.970      0.10%  1002.819
   4010     840      775.719           774.972      0.10%  1005.304
   4020     840      775.719           774.975      0.10%  1008.017
   4030     842      775.719           774.977      0.10%  1009.963
   4040     844      775.719           774.980      0.10%  1013.166
   4050     846      775.719           774.981      0.10%  1015.139
   4060     846      775.719           774.983      0.09%  1017.553
   4070     848      775.719           774.985      0.09%  1019.792
   4080     846      775.719           774.989      0.09%  1022.882
   4090     846      775.719           774.990      0.09%  1025.248
   4100     842      775.719           774.992      0.09%  1027.288
   4110     842      775.719           774.993      0.09%  1030.352
   4120     842      775.719           774.996      0.09%  1032.273
   4130     842      775.719           774.999      0.09%  1034.371
   4140     842      775.719           775.001      0.09%  1036.292
   4150     840      775.719           775.003      0.09%  1038.516
   4160     844      775.719           775.004      0.09%  1040.726
   4170     844      775.719           775.007      0.09%  1042.881
   4180     846      775.719           775.008      0.09%  1045.123
   4190     846      775.719           775.010      0.09%  1047.469
   4200     846      775.719           775.011      0.09%  1049.541
   4210     842      775.719           775.013      0.09%  1052.818
   4220     840      775.719           775.015      0.09%  1055.681
   4230     842      775.719           775.019      0.09%  1057.825
   4240     842      775.719           775.020      0.09%  1061.778
   4250     842      775.719           775.024      0.09%  1063.281
   4260     840      775.719           775.025      0.09%  1065.599
   4270     838      775.719           775.026      0.09%  1068.265
   4280     838      775.719           775.028      0.09%  1070.699
   4290     840      775.719           775.029      0.09%  1072.749
   4300     844      775.719           775.032      0.09%  1074.703
   4310     844      775.719           775.034      0.09%  1078.181
   4320     846      775.719           775.034      0.09%  1080.848
   4330     846      775.719           775.038      0.09%  1084.074
   4340     848      775.719           775.041      0.09%  1086.127
   4350     848      775.719           775.043      0.09%  1088.581
   4360     850      775.719           775.046      0.09%  1091.103
   4370     850      775.719           775.048      0.09%  1093.095
   4380     850      775.719           775.050      0.09%  1095.760
   4390     852      775.719           775.051      0.09%  1097.914
   4400     854      775.719           775.056      0.09%  1099.477
   4410     854      775.719           775.058      0.09%  1101.554
   4420     854      775.719           775.059      0.09%  1103.445
   4430     854      775.719           775.062      0.08%  1105.660
   4440     854      775.719           775.064      0.08%  1108.135
   4450     856      775.719           775.066      0.08%  1109.898
   4460     858      775.719           775.067      0.08%  1112.778
   4470     858      775.719           775.068      0.08%  1115.276
   4480     858      775.719           775.070      0.08%  1117.664
   4490     860      775.719           775.073      0.08%  1119.404
   4500     860      775.719           775.074      0.08%  1121.456
   4503     861      775.719   SB      775.074      0.08%  1123.313
   4510     863      775.719           775.076      0.08%  1125.105
   4520     863      775.719           775.077      0.08%  1127.671
   4530     863      775.719           775.078      0.08%  1129.856
   4540     867      775.719           775.081      0.08%  1133.390
   4550     867      775.719           775.083      0.08%  1135.909
   4560     867      775.719           775.085      0.08%  1138.551
   4570     867      775.719           775.089      0.08%  1143.000
   4580     869      775.719           775.094      0.08%  1145.632
   4590     869      775.719           775.095      0.08%  1147.862
   4600     869      775.719           775.098      0.08%  1150.232
   4610     867      775.719           775.101      0.08%  1152.646
   4620     867      775.719           775.104      0.08%  1154.768
   4630     867      775.719           775.107      0.08%  1156.436
   4640     867      775.719           775.108      0.08%  1159.190
   4650     868      775.719           775.109      0.08%  1162.379
   4660     870      775.719           775.112      0.08%  1165.218
   4670     870      775.719           775.114      0.08%  1167.124
   4680     868      775.719           775.116      0.08%  1169.112
   4690     866      775.719           775.118      0.08%  1171.703
   4700     872      775.719           775.120      0.08%  1173.428
   4710     870      775.719           775.126      0.08%  1175.756
   4720     868      775.719           775.129      0.08%  1179.381
   4730     866      775.719           775.131      0.08%  1182.165
   4740     866      775.719           775.137      0.07%  1184.900
   4750     864      775.719           775.140      0.07%  1188.411
   4760     866      775.719           775.141      0.07%  1191.147
   4770     868      775.719           775.143      0.07%  1193.363
   4780     868      775.719           775.145      0.07%  1196.045
   4790     868      775.719           775.147      0.07%  1199.077
   4800     870      775.719           775.148      0.07%  1201.030
   4810     868      775.719           775.151      0.07%  1203.115
   4820     872      775.719           775.153      0.07%  1205.270
   4830     872      775.719           775.155      0.07%  1207.975
   4840     870      775.719           775.156      0.07%  1211.783
   4850     870      775.719           775.157      0.07%  1214.027
   4860     872      775.719           775.158      0.07%  1215.911
   4870     872      775.719           775.158      0.07%  1217.784
   4880     872      775.719           775.160      0.07%  1219.607
   4890     870      775.719           775.161      0.07%  1223.315
   4900     872      775.719           775.164      0.07%  1225.581
   4910     872      775.719           775.166      0.07%  1228.003
   4920     872      775.719           775.168      0.07%  1230.302
   4930     870      775.719           775.169      0.07%  1232.555
   4938     872      775.534 LEAF      775.170      0.05%  1233.731
   4940     872      775.534           775.170      0.05%  1234.080
   4950     872      775.534           775.171      0.05%  1236.628
   4960     872      775.534           775.173      0.05%  1238.948
   4970     872      775.534           775.175      0.05%  1241.354
   4980     870      775.534           775.176      0.05%  1244.076
   4990     870      775.534           775.176      0.05%  1246.101
   5000     868      775.534           775.179      0.05%  1248.224
   5010     868      775.534           775.180      0.05%  1250.509
   5020     872      775.534           775.181      0.05%  1253.278
   5030     870      775.534           775.182      0.05%  1255.174
   5040     872      775.534           775.184      0.05%  1257.452
   5050     870      775.534           775.185      0.04%  1260.963
   5056     866      775.509 LEAF      775.186      0.04%  1262.233
   5060     866      775.509           775.187      0.04%  1263.488
   5070     866      775.509           775.188      0.04%  1266.061
   5080     866      775.509           775.189      0.04%  1268.827
   5090     866      775.509           775.191      0.04%  1270.760
   5100     866      775.509           775.193      0.04%  1273.095
   5110     862      775.509           775.195      0.04%  1275.407
   5120     860      775.509           775.196      0.04%  1278.086
   5130     858      775.509           775.199      0.04%  1281.344
   5140     858      775.509           775.200      0.04%  1283.973
   5150     858      775.509           775.202      0.04%  1286.161
   5160     856      775.509           775.203      0.04%  1288.129
   5170     856      775.509           775.205      0.04%  1291.418
   5180     856      775.509           775.207      0.04%  1293.576
   5190     856      775.509           775.208      0.04%  1295.403
   5200     856      775.509           775.208      0.04%  1297.603
   5210     856      775.509           775.209      0.04%  1299.506
   5220     854      775.509           775.210      0.04%  1302.440
   5230     852      775.509           775.210      0.04%  1305.331
   5240     850      775.509           775.213      0.04%  1308.755
   5250     850      775.509           775.214      0.04%  1310.424
   5260     852      775.509           775.215      0.04%  1312.989
   5270     852      775.509           775.216      0.04%  1315.875
   5280     852      775.509           775.217      0.04%  1318.060
   5290     852      775.509           775.217      0.04%  1321.357
   5300     850      775.509           775.220      0.04%  1323.903
   5310     850      775.509           775.222      0.04%  1326.153
   5320     848      775.509           775.224      0.04%  1329.293
   5330     850      775.509           775.225      0.04%  1331.169
   5340     850      775.509           775.227      0.04%  1333.424
   5350     850      775.509           775.230      0.04%  1336.350
   5360     852      775.509           775.230      0.04%  1338.224
   5370     852      775.509           775.231      0.04%  1340.557
   5380     850      775.509           775.232      0.04%  1342.762
   5390     848      775.509           775.236      0.04%  1345.395
   5400     846      775.509           775.237      0.03%  1348.441
   5410     846      775.509           775.239      0.03%  1350.868
   5420     846      775.509           775.241      0.03%  1353.415
   5430     846      775.509           775.242      0.03%  1356.115
   5440     844      775.509           775.244      0.03%  1357.966
   5450     842      775.509           775.246      0.03%  1361.752
   5460     842      775.509           775.247      0.03%  1363.649
   5470     840      775.509           775.248      0.03%  1366.276
   5480     840      775.509           775.249      0.03%  1369.557
   5490     840      775.509           775.250      0.03%  1371.706
   5500     838      775.509           775.251      0.03%  1374.894
   5510     838      775.509           775.252      0.03%  1377.249
   5520     834      775.509           775.252      0.03%  1379.090
   5530     830      775.509           775.254      0.03%  1381.440
   5540     830      775.509           775.255      0.03%  1385.069
   5550     826      775.509           775.257      0.03%  1387.138
   5560     826      775.509           775.258      0.03%  1389.483
   5570     824      775.509           775.259      0.03%  1391.444
   5580     824      775.509           775.261      0.03%  1393.730
   5590     824      775.509           775.263      0.03%  1396.195
   5600     824      775.509           775.264      0.03%  1399.017
   5610     824      775.509           775.266      0.03%  1400.807
   5620     824      775.509           775.267      0.03%  1403.275
   5630     820      775.509           775.268      0.03%  1405.790
   5640     818      775.509           775.272      0.03%  1407.705
   5650     818      775.509           775.273      0.03%  1410.947
   5660     816      775.509           775.274      0.03%  1413.225
   5670     814      775.509           775.274      0.03%  1415.475
   5680     812      775.509           775.275      0.03%  1419.005
   5690     812      775.509           775.276      0.03%  1421.263
   5700     810      775.509           775.278      0.03%  1424.089
   5710     810      775.509           775.280      0.03%  1426.081
   5720     810      775.509           775.281      0.03%  1429.070
   5730     810      775.509           775.281      0.03%  1431.821
   5740     810      775.509           775.283      0.03%  1434.606
   5750     808      775.509           775.284      0.03%  1437.225
   5760     806      775.509           775.286      0.03%  1439.646
   5770     802      775.509           775.287      0.03%  1442.387
   5780     802      775.509           775.289      0.03%  1445.368
   5790     800      775.509           775.290      0.03%  1447.853
   5800     796      775.509           775.291      0.03%  1450.574
   5810     796      775.509           775.293      0.03%  1452.716
   5820     793      775.509           775.293      0.03%  1455.777
   5830     791      775.509           775.296      0.03%  1457.582
   5840     789      775.509           775.297      0.03%  1460.537
   5850     787      775.509           775.297      0.03%  1463.697
   5860     785      775.509           775.299      0.03%  1465.506
   5870     785      775.509           775.299      0.03%  1467.893
   5880     785      775.509           775.301      0.03%  1469.999
   5890     783      775.509           775.303      0.03%  1472.247
   5900     781      775.509           775.305      0.03%  1474.566
   5910     779      775.509           775.306      0.03%  1476.842
   5920     779      775.509           775.307      0.03%  1478.764
   5930     777      775.509           775.308      0.03%  1482.934
   5940     773      775.509           775.310      0.03%  1485.068
   5950     771      775.509           775.312      0.03%  1487.165
   5960     767      775.509           775.315      0.02%  1490.061
   5970     763      775.509           775.317      0.02%  1492.373
   5980     763      775.509           775.320      0.02%  1494.175
   5990     761      775.509           775.320      0.02%  1497.616
   6000     759      775.509           775.322      0.02%  1499.833
   6010     759      775.509           775.325      0.02%  1501.765
   6020     755      775.509           775.327      0.02%  1504.107
   6030     755      775.509           775.329      0.02%  1506.018
   6040     755      775.509           775.330      0.02%  1509.019
   6050     753      775.509           775.335      0.02%  1511.790
   6060     751      775.509           775.336      0.02%  1514.372
   6070     751      775.509           775.338      0.02%  1517.218
   6080     751      775.509           775.340      0.02%  1520.299
   6090     751      775.509           775.343      0.02%  1521.979
   6100     751      775.509           775.345      0.02%  1524.068
   6110     749      775.509           775.346      0.02%  1526.164
   6120     749      775.509           775.348      0.02%  1528.307
   6130     745      775.509           775.349      0.02%  1530.384
   6140     745      775.509           775.350      0.02%  1532.994
   6150     743      775.509           775.352      0.02%  1535.569
   6160     739      775.509           775.355      0.02%  1538.936
   6170     737      775.509           775.357      0.02%  1541.379
   6180     737      775.509           775.359      0.02%  1543.866
   6190     737      775.509           775.361      0.02%  1546.708
   6200     735      775.509           775.363      0.02%  1549.022
   6210     733      775.509           775.364      0.02%  1550.968
   6220     731      775.509           775.366      0.02%  1553.236
   6230     729      775.509           775.368      0.02%  1555.358
   6240     723      775.509           775.368      0.02%  1557.244
   6250     723      775.509           775.369      0.02%  1559.799
   6260     721      775.509           775.370      0.02%  1562.036
   6270     719      775.509           775.372      0.02%  1564.610
   6280     717      775.509           775.373      0.02%  1566.371
   6290     713      775.509           775.375      0.02%  1567.877
   6300     713      775.509           775.376      0.02%  1569.886
   6310     711      775.509           775.377      0.02%  1572.012
   6320     707      775.509           775.378      0.02%  1574.058
   6330     705      775.509           775.378      0.02%  1575.974
   6340     699      775.509           775.379      0.02%  1578.036
   6350     699      775.509           775.381      0.02%  1580.195
   6360     697      775.509           775.382      0.02%  1582.782
   6370     695      775.509           775.383      0.02%  1585.157
   6380     695      775.509           775.383      0.02%  1587.934
   6390     693      775.509           775.384      0.02%  1590.617
   6400     689      775.509           775.385      0.02%  1594.695
   6410     687      775.509           775.385      0.02%  1596.979
   6420     685      775.509           775.387      0.02%  1599.163
   6430     683      775.509           775.389      0.02%  1601.006
   6440     683      775.509           775.391      0.02%  1603.332
   6450     681      775.509           775.392      0.02%  1605.859
   6460     681      775.509           775.393      0.01%  1609.464
   6470     677      775.509           775.393      0.01%  1611.541
   6480     675      775.509           775.395      0.01%  1613.759
   6490     669      775.509           775.396      0.01%  1615.810
   6500     667      775.509           775.398      0.01%  1617.969
   6510     665      775.509           775.399      0.01%  1620.346
   6520     663      775.509           775.400      0.01%  1622.164
   6530     663      775.509           775.401      0.01%  1624.247
   6540     663      775.509           775.402      0.01%  1626.697
   6550     661      775.509           775.403      0.01%  1628.424
   6560     659      775.509           775.404      0.01%  1631.285
   6570     659      775.509           775.405      0.01%  1633.295
   6580     657      775.509           775.407      0.01%  1635.010
   6590     657      775.509           775.408      0.01%  1637.085
   6600     655      775.509           775.409      0.01%  1638.977
   6610     655      775.509           775.410      0.01%  1640.748
   6620     655      775.509           775.410      0.01%  1642.739
   6630     653      775.509           775.411      0.01%  1644.459
   6640     651      775.509           775.413      0.01%  1647.289
   6650     649      775.509           775.415      0.01%  1649.556
   6660     643      775.509           775.416      0.01%  1651.343
   6670     641      775.509           775.418      0.01%  1654.323
   6680     641      775.509           775.419      0.01%  1655.942
   6690     635      775.509           775.420      0.01%  1658.577
   6700     633      775.509           775.422      0.01%  1662.900
   6710     631      775.509           775.426      0.01%  1664.511
   6720     627      775.509           775.427      0.01%  1667.398
   6730     625      775.509           775.427      0.01%  1669.963
   6740     623      775.509           775.428      0.01%  1672.378
   6750     619      775.509           775.429      0.01%  1674.705
   6760     617      775.509           775.431      0.01%  1677.101
   6766     617      775.509           775.431      0.01%  1679.059

EXIT: Optimal solution found (assuming convexity).

Final Statistics for MIP
------------------------
Final objective value               =  7.75508769725547e+02
Final bound value                   =  7.75431291372982e+02
Final optimality gap (abs / rel)    =  7.75e-02 / 9.99e-05 (0.01%)
# of root cutting plane rounds      =  2
# of restarts                       =  1
# of nodes processed                =  6766 (1501.305s)
# of strong branching evaluations   =  87 (58.773s)
# of function evaluations           =  224782 (68.268s)
# of gradient evaluations           =  171981 (53.863s)
# of hessian evaluations            =  159982 (277.386s)
# of hessian-vector evaluations     =  0
# of subproblems processed          =  7211 (1649.639s)
Total program time (secs)           =  1679.059 (1669.219 CPU time)
Time spent in evaluations (secs)    =  399.517

Cuts statistics (gen / add)
---------------------------
Knapsack cuts                       =  0 / 0
Mixed-integer rounding cuts         =  3 / 2
Flow-cover cuts                     =  0 / 0
Probing cuts                        =  0 / 0

Heuristics statistics (calls / successes / time)
------------------------------------------------
Feasibility pump                    =  10 / 0 / 34.203s
Rounding heuristic                  =  2 / 0 / 5.819s
MPEC heuristic                      =  107 / 2 / 56.887s
Local search heuristic              =  5 / 0 / 0.503s

===========================================================================


