Solver command line: ['C:\\Program Files\\Artelys\\Knitro 14.2.0\\knitroampl\\knitroampl.exe', 'C:\\Users\\HP\\AppData\\Local\\Temp\\tmp0uw443as.pyomo.nl', '-AMPL', 'mip_multistart=1', 'mip_numthreads=1']

Artelys Knitro 14.2.0: mip_multistart=1
mip_numthreads=1

=======================================
          Commercial License
         Artelys Knitro 14.2.0
=======================================

Knitro using up to 16 threads.
Knitro presolve eliminated 7852 variables and 18960 constraints.

concurrent_evals         0
datacheck                0
findiff_numthreads       1
hessian_no_f             1
hessopt                  1
mip_multistart           1
mip_numthreads           1
Knitro fixing 7852 variables eliminated from the presolve.

Problem Characteristics                                 (   Presolved)
-----------------------
Objective goal:  Minimize
Objective type:  linear
Number of variables:                               9504 (        1652)
    bounded below only:                             792 (           0)
    bounded above only:                               0 (           0)
    bounded below and above:                          0 (        1652)
    fixed:                                            0 (           0)
    free:                                          8712 (           0)
Number of constraints:                            19008 (        1584)
    linear equalities:                               48 (           0)
    quadratic equalities:                             0 (           0)
    gen. nonlinear equalities:                     1584 (        1584)
    linear one-sided inequalities:                15840 (           0)
    quadratic one-sided inequalities:                 0 (           0)
    gen. nonlinear one-sided inequalities:            0 (           0)
    linear two-sided inequalities:                 1536 (           0)
    quadratic two-sided inequalities:                 0 (           0)
    gen. nonlinear two-sided inequalities:            0 (           0)
Number of nonzeros in Jacobian:                   34656 (        9236)
Number of nonzeros in Hessian:                     5448 (        5280)

Knitro using the Interior-Point/Barrier Direct algorithm.

  Iter      Objective      FeasError   OptError    ||Step||    CGits 
--------  --------------  ----------  ----------  ----------  -------
       0    0.000000e+00   1.055e-01
      10    2.989318e+02   4.063e-02   7.628e-01   9.545e-03        0
      20    3.144175e+02   3.940e-02   8.847e+00   1.136e-01        0
      30    3.950263e+02   2.838e-02   5.958e-01   1.016e-01        0
      40    4.133969e+02   3.832e-02   2.256e-01   8.379e-02        4
      50    4.486906e+02   4.129e-02   4.802e+00   3.843e-02        0
      60    5.608808e+02   1.549e-02   1.001e+02   2.208e-01        0
      70    5.614533e+02   6.358e-02   1.000e+02   2.960e-02        0
      80    5.117036e+02   1.451e-02   1.000e+02   5.270e-01        0
      90    5.633020e+02   2.187e+01   9.999e+01   2.712e+00        0
     100    5.610868e+02   6.038e-02   1.000e+02   4.128e-02        0
     110    5.857650e+02   2.020e-02   1.000e+02   1.596e+00        0
     120    5.611337e+02   6.393e-02   1.000e+02   8.431e-05        0

EXIT: Convergence to an infeasible point. Problem appears to be locally
      infeasible. If problem is believed to be feasible, try multistart 
      to search for feasible points, or decrease infeastol.

Final Statistics
----------------
Final objective value               =   5.61133665602693e+02
Final feasibility error (abs / rel) =   6.39e-02 / 6.39e-02
Final optimality error  (abs / rel) =   1.00e+02 / 1.00e+00
# of iterations                     =        120 
# of CG iterations                  =         45 
# of function evaluations           =        143
# of gradient evaluations           =        133
# of Hessian evaluations            =        121
Total program time (secs)           =       0.920 (    14.469 CPU time)
Time spent in evaluations (secs)    =       0.251

===============================================================================


