Solver command line: ['C:\\Program Files\\Artelys\\Knitro 14.2.0\\knitroampl\\knitroampl.exe', 'C:\\Users\\HP\\AppData\\Local\\Temp\\tmpb7j7z1nr.pyomo.nl', '-AMPL', 'mip_multistart=1', 'mip_numthreads=1']

Artelys Knitro 14.2.0: mip_multistart=1
mip_numthreads=1

=======================================
          Commercial License
         Artelys Knitro 14.2.0
=======================================

WARNING: Problem appears to have nonlinear equalities and be non-convex.
         The Knitro mixed integer solver is designed for convex problems.
         For non-convex problems it is only a heuristic, and the reported
         bounds and optimality claims cannot be verified.

concurrent_evals         0
datacheck                0
findiff_numthreads       1
hessian_no_f             1
hessopt                  1
mip_multistart           1
mip_numthreads           1
Knitro changing mip_method from AUTO to 1.
Knitro changing mip_rootalg from AUTO to 1.
Knitro changing mip_lpalg from AUTO to 3.
Knitro changing mip_branchrule from AUTO to 2.
Knitro changing mip_selectrule from AUTO to 2.
Knitro changing mip_mir from AUTO to 2.
Knitro changing mip_clique from AUTO to 0.
Knitro changing mip_zerohalf from AUTO to 0.
Knitro changing mip_liftproject from AUTO to 0.
Knitro changing mip_knapsack from AUTO to 2.
Knitro changing mip_gomory from AUTO to 0.
Knitro changing mip_cut_flowcover from AUTO to 2.
Knitro changing mip_cut_probing from AUTO to 1.
Knitro changing mip_rounding from AUTO to 3.
Knitro changing mip_heuristic_strategy from AUTO to 1.
Knitro changing mip_heuristic_feaspump from AUTO to 1.
Knitro changing mip_heuristic_misqp from AUTO to 0.
Knitro changing mip_heuristic_mpec from AUTO to 1.
Knitro changing mip_heuristic_diving from AUTO to 0.
Knitro changing mip_heuristic_lns from AUTO to 0.
Knitro changing mip_heuristic_localsearch from AUTO to 1.
Knitro changing mip_pseudoinit from AUTO to 1.

Problem Characteristics                                 (   Presolved)
-----------------------
Objective goal:  Minimize
Objective type:  linear
Number of variables:                               9578 (        9578)
    bounded below only:                             792 (         792)
    bounded above only:                               0 (           0)
    bounded below and above:                         37 (          37)
    fixed:                                            0 (           0)
    free:                                          8749 (        8749)
Number of binary variables:                          37 (          37)
Number of integer variables:                          0 (           0)
Number of constraints:                            19153 (       20689)
    linear equalities:                               82 (          82)
    quadratic equalities:                             0 (           0)
    gen. nonlinear equalities:                     1584 (        1584)
    linear one-sided inequalities:                15951 (       19023)
    quadratic one-sided inequalities:                 0 (           0)
    gen. nonlinear one-sided inequalities:            0 (           0)
    linear two-sided inequalities:                 1536 (           0)
    quadratic two-sided inequalities:                 0 (           0)
    gen. nonlinear two-sided inequalities:            0 (           0)
Number of nonzeros in Jacobian:                   39464 (       41000)
Number of nonzeros in Hessian:                     9480 (        9480)

Knitro using Branch and Bound method with 1 thread.

Initial points
--------------
Read provided root node initial point:
    Objective value:    0.000000e+00
    Feasibility error:  5.000000e+00
    Feasible:           no
No primal point provided for the MIP.

Root node relaxation
--------------------

 Iter      Objective      Feasibility        Optimality       Time 
                             error              error        (secs)
 ----      ---------      -----------        ----------      ------
    1        151.150          2.59571          0.460331       0.464
    2        285.739          1.62464          0.929988       0.474
    3        597.507         0.934204          0.380928       0.497
    4        816.861         0.469752           1.40782       0.509
    5        996.978      8.78959e-02          0.268916       0.518
    6        1037.65      1.17473e-02          0.188559       0.527
    7        1038.80      3.46647e-03          0.167269       0.536
    8        1038.75      2.00149e-04       3.93445e-02       0.545
    9        1038.75      1.42978e-04       1.02569e-02       0.554
   10        1038.75      5.02114e-06       2.75695e-04       0.564
   11        1038.75      5.93955e-10       3.10733e-08       0.573
   12        1038.75      3.63581e-14       7.99546e-12       0.586
   13        1038.75      4.21087e-14       1.68576e-11       0.599

Tree search
-----------

       Nodes        Best solution   Best bound      Gap       Time 
   Expl  |  Unexpl      value         value                  (secs)
   ---------------  -------------   ----------      ---      ------
      1       2                           -inf                0.659
      1       2      1052.05   FP         -inf                2.443
     10      11      1052.05              -inf                5.903
     20      20      1052.05              -inf                8.316
     30      29      1052.05              -inf               11.082
     40      36      1052.05              -inf               13.666
     50      42      1052.05              -inf               16.802
     60      52      1052.05              -inf               19.733
     70      58      1052.05              -inf               22.748
     80      67      1052.05              -inf               24.980
     90      73      1052.05              -inf               27.984
    100      81      1052.05              -inf               30.992
    110      90      1052.05              -inf               33.466
    120      99      1052.05              -inf               35.923
    130      97      1052.05              -inf               36.934
    140      87      1052.05              -inf               36.935
    150      77      1052.05              -inf               36.936
    160      67      1052.05              -inf               36.937
    170      57      1052.05              -inf               36.938
    180      47      1052.05              -inf               36.939
    190      37      1052.05              -inf               36.940
    200      27      1052.05              -inf               36.941
    210      17      1052.05              -inf               36.942
    220       7      1052.05              -inf               36.943
    226       1      1052.05           1039.08      1.23%    36.943
    230       4      1052.05           1039.08      1.23%    39.131
    240      13      1052.05           1039.08      1.23%    42.471
    250      21      1052.05           1039.08      1.23%    48.610
    260      26      1052.05           1039.08      1.23%    54.388
    270      38      1052.05           1039.08      1.23%    57.230
    280      44      1052.05           1039.08      1.23%    62.168
    290      55      1052.05           1039.08      1.23%    65.595
    300      61      1052.05           1039.08      1.23%    68.457
    310      68      1052.05           1039.08      1.23%    71.024
    320      75      1052.05           1039.12      1.23%    74.791
    330      81      1052.05           1039.24      1.22%    77.060
    340      89      1052.05           1039.27      1.21%    78.848
    350      99      1052.05           1039.31      1.21%    80.873
    360     103      1052.05           1039.37      1.21%    83.961
    370     113      1052.05           1039.40      1.20%    86.955
    380     121      1052.05           1039.41      1.20%    89.598
    390     129      1052.05           1039.44      1.20%    92.284
    400     138      1052.05           1039.46      1.20%    95.210
    410     145      1052.05           1039.47      1.20%   100.037
    420     153      1052.05           1039.48      1.20%   102.710
    430     159      1052.05           1039.49      1.19%   104.841
    440     169      1052.05           1039.50      1.19%   107.485
    450     177      1052.05           1039.51      1.19%   109.547
    460     187      1052.05           1039.53      1.19%   112.717
    470     194      1052.05           1039.53      1.19%   114.904
    480     200      1052.05           1039.54      1.19%   117.315
    490     208      1052.05           1039.57      1.19%   119.206
    500     216      1052.05           1039.58      1.19%   121.364
    510     224      1052.05           1039.60      1.18%   124.064
    520     231      1052.05           1039.60      1.18%   127.143
    530     237      1052.05           1039.61      1.18%   129.840
    540     242      1052.05           1039.61      1.18%   132.456
    550     248      1052.05           1039.62      1.18%   135.004
    560     256      1052.05           1039.64      1.18%   137.951
    570     266      1052.05           1039.64      1.18%   139.962
    580     274      1052.05           1039.64      1.18%   142.152
    590     279      1052.05           1039.65      1.18%   145.557
    600     285      1052.05           1039.66      1.18%   147.878
    610     294      1052.05           1039.67      1.18%   151.649
    620     304      1052.05           1039.67      1.18%   153.627
    630     310      1052.05           1039.68      1.18%   156.119
    640     320      1052.05           1039.70      1.17%   159.240
    650     330      1052.05           1039.70      1.17%   161.150
    660     334      1052.05           1039.70      1.17%   164.577
    670     340      1052.05           1039.71      1.17%   166.806
    680     348      1052.05           1039.72      1.17%   168.871
    690     358      1052.05           1039.72      1.17%   170.810
    700     364      1052.05           1039.72      1.17%   173.470
    710     374      1052.05           1039.73      1.17%   175.791
    720     384      1052.05           1039.73      1.17%   177.608
    730     390      1052.05           1039.73      1.17%   179.728
    740     398      1052.05           1039.74      1.17%   181.907
    750     402      1052.05           1039.74      1.17%   187.051
    760     408      1052.05           1039.75      1.17%   189.205
    770     418      1052.05           1039.77      1.17%   191.256
    780     426      1052.05           1039.78      1.17%   193.834
    790     434      1052.05           1039.79      1.17%   195.863
    800     442      1052.05           1039.79      1.17%   198.218
    810     450      1052.05           1039.79      1.17%   201.567
    820     452      1052.05           1039.80      1.16%   204.305
    830     460      1052.05           1039.80      1.16%   206.585
    840     464      1052.05           1039.81      1.16%   208.982
    850     472      1052.05           1039.81      1.16%   211.227
    860     478      1052.05           1039.81      1.16%   213.728
    870     481      1052.05           1039.82      1.16%   217.207
    880     485      1052.05           1039.82      1.16%   220.159
    890     489      1052.05           1039.83      1.16%   224.256
    900     493      1052.05           1039.83      1.16%   226.734
    910     494      1052.05           1039.84      1.16%   230.803
    920     501      1052.05           1039.84      1.16%   233.616
    930     511      1052.05           1039.85      1.16%   235.637
    940     517      1052.05           1039.85      1.16%   237.822
    950     521      1052.05           1039.85      1.16%   241.237
    960     531      1052.05           1039.85      1.16%   243.087
    970     537      1052.05           1039.86      1.16%   245.912
    980     542      1052.05           1039.86      1.16%   248.453
    990     549      1052.05           1039.86      1.16%   250.941
   1000     555      1052.05           1039.87      1.16%   254.475
   1010     558      1052.05           1039.87      1.16%   257.570
   1020     560      1052.05           1039.87      1.16%   260.111
   1030     566      1052.05           1039.87      1.16%   262.231
   1040     572      1052.05           1039.88      1.16%   264.453
   1050     579      1052.05           1039.88      1.16%   267.642
   1060     587      1052.05           1039.88      1.16%   269.402
   1070     595      1052.05           1039.89      1.16%   271.816
   1080     601      1052.05           1039.89      1.16%   274.902
   1090     607      1052.05           1039.89      1.16%   277.017
   1100     614      1052.05           1039.90      1.16%   280.567
   1110     618      1052.05           1039.90      1.16%   283.435
   1120     624      1052.05           1039.90      1.15%   285.488
   1130     634      1052.05           1039.91      1.15%   287.296
   1140     636      1052.05           1039.91      1.15%   290.713
   1150     646      1052.05           1039.92      1.15%   292.938
   1160     648      1052.05           1039.92      1.15%   295.317
   1170     654      1052.05           1039.93      1.15%   297.560
   1180     662      1052.05           1039.93      1.15%   299.413
   1190     672      1052.05           1039.94      1.15%   301.264
   1200     680      1052.05           1039.94      1.15%   304.087
   1210     690      1052.05           1039.95      1.15%   305.844
   1220     696      1052.05           1039.95      1.15%   307.650
   1221     695      1045.89 LEAF      1039.95      0.57%   307.721
   1228     698      1041.76 LEAF      1039.95      0.17%   310.057
   1230     698      1041.76           1039.95      0.17%   310.371
   1240     698      1041.76           1039.95      0.17%   313.590
   1250     698      1041.76           1039.96      0.17%   316.633
   1260     698      1041.76           1039.96      0.17%   318.798
   1270     704      1041.76           1039.97      0.17%   321.025
   1280     706      1041.76           1039.97      0.17%   322.622
   1290     706      1041.76           1039.97      0.17%   324.753
   1300     711      1041.76           1039.98      0.17%   328.081
   1310     713      1041.76           1039.98      0.17%   329.898
   1320     713      1041.76           1039.98      0.17%   331.606
   1330     713      1041.76           1039.98      0.17%   335.092
   1340     715      1041.76           1039.99      0.17%   337.837
   1350     715      1041.76           1039.99      0.17%   340.347
   1360     716      1041.76           1039.99      0.17%   343.387
   1370     716      1041.76           1039.99      0.17%   347.523
   1380     716      1041.76           1039.99      0.17%   350.135
   1390     716      1041.76           1039.99      0.17%   352.454
   1400     716      1041.76           1040.00      0.17%   354.366
   1410     718      1041.76           1040.00      0.17%   356.834
   1420     718      1041.76           1040.01      0.17%   358.363
   1430     717      1041.76           1040.01      0.17%   361.417
   1440     718      1041.76           1040.01      0.17%   363.885
   1450     720      1041.76           1040.02      0.17%   366.245
   1460     724      1041.76           1040.02      0.17%   368.168
   1470     726      1041.76           1040.02      0.17%   370.435
   1480     726      1041.76           1040.02      0.17%   373.370
   1490     730      1041.76           1040.02      0.17%   375.425
   1500     729      1041.76           1040.02      0.17%   377.854
   1510     729      1041.76           1040.03      0.17%   380.528
   1520     733      1041.76           1040.03      0.17%   382.449
   1530     732      1041.76           1040.03      0.17%   384.892
   1540     732      1041.76           1040.04      0.17%   387.495
   1550     733      1041.76           1040.04      0.17%   391.464
   1560     735      1041.76           1040.04      0.17%   394.095
   1570     735      1041.76           1040.04      0.17%   396.233
   1580     742      1041.76           1040.04      0.17%   398.967
   1590     741      1041.76           1040.04      0.17%   402.540
   1600     747      1041.76           1040.05      0.16%   404.682
   1610     747      1041.76           1040.05      0.16%   406.880
   1620     749      1041.76           1040.05      0.16%   408.773
   1630     749      1041.76           1040.06      0.16%   411.404
   1640     749      1041.76           1040.07      0.16%   413.728
   1650     747      1041.76           1040.07      0.16%   417.268
   1660     747      1041.76           1040.07      0.16%   419.744
   1670     746      1041.76           1040.07      0.16%   422.254
   1680     750      1041.76           1040.08      0.16%   424.237
   1690     754      1041.76           1040.08      0.16%   426.304
   1700     756      1041.76           1040.09      0.16%   429.407
   1710     756      1041.76           1040.09      0.16%   431.277
   1720     756      1041.76           1040.09      0.16%   432.666
   1730     755      1041.76           1040.09      0.16%   435.139
   1740     755      1041.76           1040.09      0.16%   438.814
   1750     757      1041.76           1040.10      0.16%   440.741
   1760     757      1041.76           1040.10      0.16%   442.627
   1770     754      1041.76           1040.10      0.16%   445.555
   1780     756      1041.76           1040.10      0.16%   447.410
   1790     756      1041.76           1040.11      0.16%   450.258
   1800     757      1041.76           1040.11      0.16%   452.923
   1810     760      1041.76           1040.11      0.16%   455.431
   1820     762      1041.76           1040.11      0.16%   458.041
   1830     762      1041.76           1040.11      0.16%   460.293
   1840     764      1041.76           1040.11      0.16%   464.971
   1850     766      1041.76           1040.11      0.16%   467.415
   1860     765      1041.76           1040.12      0.16%   469.776
   1870     766      1041.76           1040.12      0.16%   472.971
   1880     764      1041.76           1040.13      0.16%   475.705
   1890     765      1041.76           1040.13      0.16%   478.073
   1900     765      1041.76           1040.14      0.16%   479.845
   1910     764      1041.76           1040.14      0.16%   482.444
   1920     768      1041.76           1040.14      0.16%   484.139
   1930     767      1041.76           1040.14      0.16%   486.660
   1940     766      1041.76           1040.14      0.16%   488.872
   1950     770      1041.76           1040.15      0.16%   490.894
   1960     769      1041.76           1040.15      0.15%   493.878
   1970     771      1041.76           1040.16      0.15%   496.274
   1980     771      1041.76           1040.16      0.15%   498.804
   1990     772      1041.76           1040.17      0.15%   501.481
   2000     772      1041.76           1040.17      0.15%   504.273
   2010     774      1041.76           1040.17      0.15%   506.147
   2020     773      1041.76           1040.17      0.15%   508.788
   2030     775      1041.76           1040.18      0.15%   511.101
   2040     777      1041.76           1040.18      0.15%   513.974
   2050     780      1041.76           1040.19      0.15%   516.527
   2060     780      1041.76           1040.19      0.15%   518.903
   2070     780      1041.76           1040.19      0.15%   521.239
   2080     782      1041.76           1040.19      0.15%   523.542
   2090     784      1041.76           1040.20      0.15%   525.694
   2100     784      1041.76           1040.20      0.15%   527.645
   2110     784      1041.76           1040.21      0.15%   529.493
   2120     784      1041.76           1040.21      0.15%   531.319
   2130     785      1041.76           1040.21      0.15%   534.199
   2140     785      1041.76           1040.22      0.15%   536.103
   2150     782      1041.76           1040.22      0.15%   539.382
   2160     782      1041.76           1040.22      0.15%   541.391
   2170     782      1041.76           1040.22      0.15%   543.788
   2180     783      1041.76           1040.22      0.15%   546.372
   2190     785      1041.76           1040.23      0.15%   548.245
   2200     785      1041.76           1040.23      0.15%   550.302
   2210     785      1041.76           1040.23      0.15%   553.191
   2220     785      1041.76           1040.23      0.15%   555.371
   2230     785      1041.76           1040.23      0.15%   557.291
   2240     789      1041.76           1040.24      0.15%   559.605
   2250     789      1041.76           1040.24      0.15%   561.353
   2260     789      1041.76           1040.24      0.15%   564.427
   2270     789      1041.76           1040.24      0.15%   566.157
   2280     791      1041.76           1040.24      0.15%   568.240
   2290     793      1041.76           1040.25      0.15%   569.966
   2300     794      1041.76           1040.25      0.15%   573.892
   2310     796      1041.76           1040.25      0.15%   575.861
   2320     798      1041.76           1040.25      0.15%   577.692
   2330     798      1041.76           1040.26      0.14%   580.676
   2340     799      1041.76           1040.26      0.14%   583.362
   2350     799      1041.76           1040.26      0.14%   586.134
   2360     797      1041.76           1040.27      0.14%   587.963
   2370     799      1041.76           1040.27      0.14%   589.721
   2380     799      1041.76           1040.27      0.14%   592.245
   2390     799      1041.76           1040.28      0.14%   593.920
   2400     799      1041.76           1040.28      0.14%   596.607
   2410     797      1041.76           1040.28      0.14%   598.370
   2420     797      1041.76           1040.28      0.14%   600.331
   2430     797      1041.76           1040.28      0.14%   602.127
   2440     795      1041.76           1040.29      0.14%   606.138
   2450     795      1041.76           1040.29      0.14%   607.616
   2460     797      1041.76           1040.29      0.14%   609.600
   2470     796      1041.76           1040.30      0.14%   612.583
   2480     795      1041.76           1040.30      0.14%   616.067
   2490     797      1041.76           1040.30      0.14%   617.821
   2500     797      1041.76           1040.30      0.14%   620.349
   2510     797      1041.76           1040.30      0.14%   622.636
   2520     796      1041.76           1040.31      0.14%   625.016
   2530     798      1041.76           1040.31      0.14%   627.522
   2540     804      1041.76           1040.32      0.14%   629.076
   2550     808      1041.76           1040.32      0.14%   631.853
   2560     808      1041.76           1040.33      0.14%   634.030
   2570     810      1041.76           1040.33      0.14%   636.595
   2580     811      1041.76           1040.33      0.14%   639.129
   2590     813      1041.76           1040.34      0.14%   641.133
   2600     811      1041.76           1040.34      0.14%   644.205
   2610     808      1041.76           1040.34      0.14%   647.686
   2620     810      1041.76           1040.34      0.14%   649.637
   2630     810      1041.76           1040.35      0.14%   651.534
   2640     812      1041.76           1040.35      0.14%   652.876
   2650     811      1041.76           1040.35      0.14%   655.184
   2660     811      1041.76           1040.35      0.14%   656.996
   2670     813      1041.76           1040.35      0.14%   659.065
   2680     813      1041.76           1040.35      0.14%   661.867
   2690     813      1041.76           1040.36      0.14%   664.787
   2700     815      1041.76           1040.36      0.13%   666.558
   2710     817      1041.76           1040.36      0.13%   669.549
   2720     818      1041.76           1040.36      0.13%   672.559
   2730     818      1041.76           1040.37      0.13%   675.269
   2740     818      1041.76           1040.37      0.13%   677.933
   2750     818      1041.76           1040.37      0.13%   679.785
   2760     812      1041.76           1040.38      0.13%   683.759
   2770     813      1041.76           1040.38      0.13%   687.440
   2780     813      1041.76           1040.38      0.13%   689.493
   2790     812      1041.76           1040.39      0.13%   692.613
   2800     812      1041.76           1040.39      0.13%   694.155
   2810     808      1041.76           1040.39      0.13%   698.005
   2820     808      1041.76           1040.40      0.13%   700.726
   2830     808      1041.76           1040.40      0.13%   702.790
   2840     810      1041.76           1040.40      0.13%   705.409
   2850     809      1041.76           1040.40      0.13%   707.184
   2860     809      1041.76           1040.41      0.13%   709.495
   2870     809      1041.76           1040.41      0.13%   711.762
   2880     809      1041.76           1040.41      0.13%   713.850
   2890     811      1041.76           1040.42      0.13%   715.473
   2900     810      1041.76           1040.42      0.13%   719.153
   2910     810      1041.76           1040.43      0.13%   720.984
   2920     807      1041.76           1040.43      0.13%   724.448
   2930     809      1041.76           1040.43      0.13%   726.503
   2940     811      1041.76           1040.43      0.13%   728.951
   2950     811      1041.76           1040.43      0.13%   730.986
   2960     813      1041.76           1040.44      0.13%   733.623
   2970     813      1041.76           1040.44      0.13%   735.671
   2980     813      1041.76           1040.44      0.13%   738.232
   2990     815      1041.76           1040.45      0.13%   740.498
   3000     817      1041.76           1040.45      0.13%   743.135
   3010     818      1041.76           1040.45      0.13%   745.653
   3020     818      1041.76           1040.45      0.13%   747.491
   3030     820      1041.76           1040.45      0.13%   749.514
   3040     818      1041.76           1040.45      0.13%   752.206
   3050     816      1041.76           1040.46      0.13%   756.987
   3060     816      1041.76           1040.46      0.13%   760.194
   3070     814      1041.76           1040.46      0.12%   762.828
   3080     816      1041.76           1040.46      0.12%   765.997
   3090     818      1041.76           1040.47      0.12%   767.781
   3100     817      1041.76           1040.47      0.12%   770.869
   3110     819      1041.76           1040.47      0.12%   772.932
   3120     817      1041.76           1040.47      0.12%   776.222
   3130     817      1041.76           1040.47      0.12%   778.031
   3140     817      1041.76           1040.48      0.12%   779.450
   3150     816      1041.76           1040.48      0.12%   781.577
   3160     816      1041.76           1040.49      0.12%   783.663
   3170     819      1041.76           1040.49      0.12%   785.842
   3180     817      1041.76           1040.50      0.12%   787.572
   3190     816      1041.76           1040.50      0.12%   790.722
   3200     816      1041.76           1040.51      0.12%   793.641
   3210     817      1041.76           1040.51      0.12%   797.160
   3220     815      1041.76           1040.51      0.12%   799.596
   3230     817      1041.76           1040.52      0.12%   801.911
   3240     819      1041.76           1040.52      0.12%   804.393
   3250     817      1041.76           1040.52      0.12%   807.617
   3260     819      1041.76           1040.53      0.12%   810.124
   3270     825      1041.76           1040.53      0.12%   812.676
   3280     825      1041.76           1040.53      0.12%   814.179
   3290     825      1041.76           1040.53      0.12%   817.487
   3300     829      1041.76           1040.54      0.12%   821.223
   3310     829      1041.76           1040.54      0.12%   823.942
   3320     831      1041.76           1040.55      0.12%   825.608
   3330     831      1041.76           1040.55      0.12%   828.967
   3340     835      1041.76           1040.55      0.12%   830.797
   3350     835      1041.76           1040.55      0.12%   832.490
   3360     835      1041.76           1040.56      0.12%   834.565
   3370     833      1041.76           1040.56      0.12%   836.051
   3380     833      1041.76           1040.56      0.12%   838.435
   3390     832      1041.76           1040.57      0.11%   841.599
   3400     832      1041.76           1040.57      0.11%   842.915
   3410     833      1041.76           1040.57      0.11%   845.767
   3420     833      1041.76           1040.57      0.11%   847.901
   3430     831      1041.76           1040.58      0.11%   849.253
   3440     835      1041.76           1040.58      0.11%   851.422
   3450     835      1041.76           1040.58      0.11%   853.484
   3460     835      1041.76           1040.58      0.11%   855.911
   3470     834      1041.76           1040.58      0.11%   858.870
   3480     836      1041.76           1040.59      0.11%   860.679
   3490     836      1041.76           1040.59      0.11%   863.358
   3500     838      1041.76           1040.59      0.11%   866.350
   3510     838      1041.76           1040.59      0.11%   868.408
   3520     840      1041.76           1040.59      0.11%   870.769
   3530     842      1041.76           1040.60      0.11%   873.390
   3540     841      1041.76           1040.60      0.11%   876.877
   3550     842      1041.76           1040.60      0.11%   880.287
   3560     844      1041.76           1040.60      0.11%   881.889
   3570     846      1041.76           1040.60      0.11%   884.287
   3580     850      1041.76           1040.61      0.11%   886.710
   3590     852      1041.76           1040.61      0.11%   889.399
   3600     852      1041.76           1040.61      0.11%   892.208
   3610     852      1041.76           1040.61      0.11%   894.438
   3620     852      1041.76           1040.61      0.11%   897.929
   3630     852      1041.76           1040.62      0.11%   901.149
   3640     852      1041.76           1040.62      0.11%   903.127
   3650     852      1041.76           1040.62      0.11%   905.461
   3660     852      1041.76           1040.62      0.11%   907.956
   3670     852      1041.76           1040.63      0.11%   909.595
   3680     850      1041.76           1040.63      0.11%   911.584
   3690     850      1041.76           1040.63      0.11%   913.270
   3700     847      1041.76           1040.63      0.11%   916.622
   3710     847      1041.76           1040.64      0.11%   918.707
   3720     849      1041.76           1040.64      0.11%   921.458
   3730     850      1041.76           1040.65      0.11%   924.696
   3740     850      1041.76           1040.65      0.11%   928.073
   3750     856      1041.76           1040.65      0.11%   929.910
   3760     856      1041.76           1040.65      0.11%   932.286
   3770     860      1041.76           1040.66      0.11%   934.062
   3780     862      1041.76           1040.66      0.11%   936.102
   3790     862      1041.76           1040.66      0.11%   939.615
   3800     861      1041.76           1040.66      0.11%   942.855
   3810     861      1041.76           1040.66      0.11%   945.490
   3820     860      1041.76           1040.66      0.11%   948.216
   3830     860      1041.76           1040.67      0.10%   950.408
   3840     858      1041.76           1040.67      0.10%   953.165
   3850     858      1041.76           1040.68      0.10%   955.214
   3860     858      1041.76           1040.68      0.10%   957.601
   3870     858      1041.76           1040.68      0.10%   960.053
   3880     856      1041.76           1040.68      0.10%   963.278
   3890     857      1041.76           1040.69      0.10%   965.916
   3900     856      1041.76           1040.69      0.10%   969.377
   3910     853      1041.76           1040.69      0.10%   972.164
   3920     853      1041.76           1040.69      0.10%   974.439
   3930     855      1041.76           1040.69      0.10%   977.180
   3940     857      1041.76           1040.70      0.10%   981.052
   3950     857      1041.76           1040.70      0.10%   984.966
   3960     859      1041.76           1040.70      0.10%   986.920
   3970     861      1041.76           1040.70      0.10%   988.776
   3980     863      1041.76           1040.70      0.10%   990.780
   3990     863      1041.76           1040.70      0.10%   993.348
   4000     863      1041.76           1040.70      0.10%   995.611
   4010     863      1041.76           1040.71      0.10%   998.529
   4020     862      1041.76           1040.71      0.10%  1001.476
   4030     866      1041.76           1040.71      0.10%  1003.429
   4040     865      1041.76           1040.71      0.10%  1006.727
   4050     865      1041.76           1040.71      0.10%  1008.830
   4060     863      1041.76           1040.72      0.10%  1010.963
   4070     865      1041.76           1040.72      0.10%  1014.461
   4080     863      1041.76           1040.72      0.10%  1017.240
   4090     863      1041.76           1040.72      0.10%  1018.955
   4100     862      1041.76           1040.73      0.10%  1022.263
   4110     863      1041.76           1040.73      0.10%  1025.669
   4120     864      1041.76           1040.73      0.10%  1029.034
   4130     864      1041.76           1040.73      0.10%  1031.426
   4140     866      1041.76           1040.73      0.10%  1034.202
   4150     868      1041.76           1040.73      0.10%  1037.007
   4160     865      1041.76           1040.74      0.10%  1040.517
   4170     867      1041.76           1040.74      0.10%  1043.006
   4180     869      1041.76           1040.74      0.10%  1046.100
   4190     869      1041.76           1040.74      0.10%  1048.704
   4200     869      1041.76           1040.75      0.10%  1051.214
   4210     869      1041.76           1040.75      0.10%  1053.210
   4220     868      1041.76           1040.75      0.10%  1056.243
   4230     872      1041.76           1040.75      0.10%  1059.324
   4240     876      1041.76           1040.75      0.10%  1061.901
   4250     878      1041.76           1040.75      0.10%  1064.058
   4260     880      1041.76           1040.75      0.10%  1066.314
   4270     880      1041.76           1040.76      0.10%  1068.986
   4280     878      1041.76           1040.76      0.10%  1072.891
   4290     880      1041.76           1040.76      0.10%  1075.155
   4300     879      1041.76           1040.76      0.10%  1078.446
   4310     881      1041.76           1040.76      0.10%  1081.306
   4320     881      1041.76           1040.76      0.10%  1083.401
   4328     883      1041.13 MPEC      1040.77      0.04%  1085.691
   4330     883      1041.13           1040.77      0.04%  1085.987
   4340     885      1041.13           1040.77      0.04%  1088.374
   4350     883      1041.13           1040.77      0.04%  1090.720
   4360     882      1041.13           1040.77      0.03%  1093.019
   4370     882      1041.13           1040.78      0.03%  1094.717
   4380     880      1041.13           1040.78      0.03%  1098.201
   4390     880      1041.13           1040.78      0.03%  1100.345
   4400     880      1041.13           1040.79      0.03%  1102.361
   4410     880      1041.13           1040.79      0.03%  1104.931
   4420     877      1041.13           1040.79      0.03%  1109.322
   4430     877      1041.13           1040.79      0.03%  1111.989
   4440     879      1041.13           1040.80      0.03%  1115.373
   4450     877      1041.13           1040.80      0.03%  1119.797
   4460     878      1041.13           1040.80      0.03%  1122.437
   4470     880      1041.13           1040.80      0.03%  1125.280
   4480     879      1041.13           1040.80      0.03%  1127.739
   4490     880      1041.13           1040.81      0.03%  1131.773
   4500     880      1041.13           1040.81      0.03%  1133.829
   4510     879      1041.13           1040.81      0.03%  1136.028
   4520     879      1041.13           1040.81      0.03%  1138.060
   4530     878      1041.13           1040.81      0.03%  1141.755
   4540     876      1041.13           1040.81      0.03%  1143.535
   4550     874      1041.13           1040.82      0.03%  1145.598
   4560     874      1041.13           1040.82      0.03%  1147.684
   4570     874      1041.13           1040.82      0.03%  1150.584
   4580     874      1041.13           1040.83      0.03%  1152.459
   4590     872      1041.13           1040.83      0.03%  1155.713
   4600     872      1041.13           1040.83      0.03%  1158.393
   4610     874      1041.13           1040.83      0.03%  1160.966
   4620     874      1041.13           1040.83      0.03%  1163.100
   4630     872      1041.13           1040.83      0.03%  1165.792
   4640     872      1041.13           1040.84      0.03%  1167.314
   4650     872      1041.13           1040.84      0.03%  1169.660
   4660     872      1041.13           1040.84      0.03%  1172.688
   4670     868      1041.13           1040.84      0.03%  1175.490
   4680     868      1041.13           1040.84      0.03%  1178.002
   4690     869      1041.13           1040.84      0.03%  1180.995
   4700     869      1041.13           1040.85      0.03%  1182.592
   4710     869      1041.13           1040.85      0.03%  1184.191
   4720     867      1041.13           1040.85      0.03%  1187.315
   4730     867      1041.13           1040.85      0.03%  1189.751
   4740     869      1041.13           1040.85      0.03%  1192.414
   4750     864      1041.13           1040.86      0.03%  1195.230
   4760     864      1041.13           1040.86      0.03%  1199.145
   4770     866      1041.13           1040.86      0.03%  1201.014
   4780     866      1041.13           1040.86      0.03%  1203.004
   4790     866      1041.13           1040.86      0.03%  1205.420
   4800     866      1041.13           1040.86      0.03%  1208.214
   4810     863      1041.13           1040.86      0.03%  1211.494
   4820     864      1041.13           1040.87      0.03%  1216.539
   4830     860      1041.13           1040.87      0.03%  1218.273
   4840     859      1041.13           1040.87      0.03%  1222.261
   4850     859      1041.13           1040.87      0.02%  1224.326
   4860     860      1041.13           1040.88      0.02%  1228.295
   4870     858      1041.13           1040.88      0.02%  1230.926
   4880     856      1041.13           1040.88      0.02%  1234.100
   4890     857      1041.13           1040.88      0.02%  1236.835
   4900     857      1041.13           1040.88      0.02%  1239.546
   4910     857      1041.13           1040.88      0.02%  1243.714
   4920     857      1041.13           1040.89      0.02%  1245.889
   4930     855      1041.13           1040.89      0.02%  1248.577
   4940     855      1041.13           1040.89      0.02%  1250.601
   4950     852      1041.13           1040.89      0.02%  1253.693
   4960     850      1041.13           1040.89      0.02%  1256.104
   4970     849      1041.13           1040.89      0.02%  1259.569
   4980     849      1041.13           1040.90      0.02%  1262.259
   4990     845      1041.13           1040.90      0.02%  1264.320
   5000     843      1041.13           1040.90      0.02%  1266.091
   5010     841      1041.13           1040.91      0.02%  1268.113
   5020     839      1041.13           1040.91      0.02%  1270.877
   5030     837      1041.13           1040.91      0.02%  1272.861
   5040     837      1041.13           1040.91      0.02%  1274.890
   5050     834      1041.13           1040.92      0.02%  1278.627
   5060     834      1041.13           1040.92      0.02%  1281.040
   5070     834      1041.13           1040.92      0.02%  1283.974
   5080     834      1041.13           1040.92      0.02%  1286.064
   5090     836      1041.13           1040.93      0.02%  1288.473
   5100     833      1041.13           1040.93      0.02%  1291.473
   5110     831      1041.13           1040.93      0.02%  1293.337
   5120     832      1041.13           1040.93      0.02%  1296.941
   5130     830      1041.13           1040.93      0.02%  1298.585
   5140     830      1041.13           1040.93      0.02%  1301.109
   5150     830      1041.13           1040.93      0.02%  1302.994
   5160     827      1041.13           1040.94      0.02%  1306.594
   5170     827      1041.13           1040.94      0.02%  1308.844
   5180     827      1041.13           1040.94      0.02%  1310.380
   5190     826      1041.13           1040.94      0.02%  1313.487
   5200     824      1041.13           1040.95      0.02%  1316.345
   5210     823      1041.13           1040.95      0.02%  1319.465
   5220     819      1041.13           1040.95      0.02%  1321.843
   5230     819      1041.13           1040.95      0.02%  1324.559
   5240     815      1041.13           1040.95      0.02%  1326.935
   5250     817      1041.13           1040.95      0.02%  1329.370
   5260     813      1041.13           1040.96      0.02%  1330.934
   5270     811      1041.13           1040.96      0.02%  1334.048
   5280     809      1041.13           1040.96      0.02%  1335.875
   5290     808      1041.13           1040.96      0.02%  1339.177
   5300     806      1041.13           1040.96      0.02%  1342.541
   5310     806      1041.13           1040.97      0.02%  1345.958
   5320     804      1041.13           1040.97      0.02%  1348.137
   5330     804      1041.13           1040.97      0.02%  1350.024
   5340     806      1041.13           1040.97      0.02%  1352.221
   5350     805      1041.13           1040.98      0.01%  1354.275
   5360     801      1041.13           1040.98      0.01%  1356.236
   5370     799      1041.13           1040.98      0.01%  1358.516
   5380     797      1041.13           1040.98      0.01%  1361.273
   5390     797      1041.13           1040.99      0.01%  1363.596
   5400     797      1041.13           1040.99      0.01%  1365.640
   5410     796      1041.13           1040.99      0.01%  1368.181
   5420     796      1041.13           1041.00      0.01%  1370.125
   5430     794      1041.13           1041.00      0.01%  1372.551
   5440     794      1041.13           1041.00      0.01%  1374.113
   5450     791      1041.13           1041.00      0.01%  1376.349
   5460     789      1041.13           1041.00      0.01%  1378.257
   5470     789      1041.13           1041.01      0.01%  1379.559
   5480     789      1041.13           1041.01      0.01%  1381.292
   5490     789      1041.13           1041.01      0.01%  1383.776
   5500     789      1041.13           1041.01      0.01%  1386.527
   5510     787      1041.13           1041.01      0.01%  1388.444
   5520     782      1041.13           1041.01      0.01%  1391.695
   5530     779      1041.13           1041.01      0.01%  1394.333
   5540     779      1041.13           1041.02      0.01%  1396.531
   5550     779      1041.13           1041.02      0.01%  1398.647
   5560     777      1041.13           1041.02      0.01%  1401.119
   5570     777      1041.13           1041.02      0.01%  1402.823
   5580     775      1041.13           1041.02      0.01%  1405.153
   5590     767      1041.13           1041.03      0.01%  1407.135
   5600     765      1041.13           1041.03      0.01%  1409.283

EXIT: Optimal solution found (assuming convexity).

Final Statistics for MIP
------------------------
Final objective value               =  1.04113313558016e+03
Final bound value                   =  1.04102979774728e+03
Final optimality gap (abs / rel)    =  1.03e-01 / 9.93e-05 (0.01%)
# of root cutting plane rounds      =  2
# of restarts                       =  1
# of nodes processed                =  5600 (1173.575s)
# of strong branching evaluations   =  215 (158.975s)
# of function evaluations           =  221037 (69.587s)
# of gradient evaluations           =  134149 (44.139s)
# of hessian evaluations            =  124116 (220.122s)
# of hessian-vector evaluations     =  0
# of subproblems processed          =  6068 (1385.058s)
Total program time (secs)           =  1409.283 (1399.953 CPU time)
Time spent in evaluations (secs)    =  333.848

Cuts statistics (gen / add)
---------------------------
Knapsack cuts                       =  0 / 0
Mixed-integer rounding cuts         =  7 / 4
Flow-cover cuts                     =  0 / 0
Probing cuts                        =  0 / 0

Heuristics statistics (calls / successes / time)
------------------------------------------------
Feasibility pump                    =  7 / 1 / 7.815s
Rounding heuristic                  =  2 / 0 / 4.918s
MPEC heuristic                      =  67 / 1 / 46.076s
Local search heuristic              =  5 / 0 / 0.534s

===========================================================================


