Solver command line: ['C:\\Program Files\\Artelys\\Knitro 14.2.0\\knitroampl\\knitroampl.exe', 'C:\\Users\\HP\\AppData\\Local\\Temp\\tmplcszs83z.pyomo.nl', '-AMPL', 'mip_multistart=1', 'mip_numthreads=1']

Artelys Knitro 14.2.0: mip_multistart=1
mip_numthreads=1

=======================================
          Commercial License
         Artelys Knitro 14.2.0
=======================================

WARNING: Problem appears to have nonlinear equalities and be non-convex.
         The Knitro mixed integer solver is designed for convex problems.
         For non-convex problems it is only a heuristic, and the reported
         bounds and optimality claims cannot be verified.

concurrent_evals         0
datacheck                0
findiff_numthreads       1
hessian_no_f             1
hessopt                  1
mip_multistart           1
mip_numthreads           1
Knitro changing mip_method from AUTO to 1.
Knitro changing mip_rootalg from AUTO to 1.
Knitro changing mip_lpalg from AUTO to 3.
Knitro changing mip_branchrule from AUTO to 2.
Knitro changing mip_selectrule from AUTO to 2.
Knitro changing mip_mir from AUTO to 2.
Knitro changing mip_clique from AUTO to 0.
Knitro changing mip_zerohalf from AUTO to 0.
Knitro changing mip_liftproject from AUTO to 0.
Knitro changing mip_knapsack from AUTO to 2.
Knitro changing mip_gomory from AUTO to 0.
Knitro changing mip_cut_flowcover from AUTO to 2.
Knitro changing mip_cut_probing from AUTO to 1.
Knitro changing mip_rounding from AUTO to 3.
Knitro changing mip_heuristic_strategy from AUTO to 1.
Knitro changing mip_heuristic_feaspump from AUTO to 1.
Knitro changing mip_heuristic_misqp from AUTO to 0.
Knitro changing mip_heuristic_mpec from AUTO to 1.
Knitro changing mip_heuristic_diving from AUTO to 0.
Knitro changing mip_heuristic_lns from AUTO to 0.
Knitro changing mip_heuristic_localsearch from AUTO to 1.
Knitro changing mip_pseudoinit from AUTO to 1.

Problem Characteristics                                 (   Presolved)
-----------------------
Objective goal:  Minimize
Objective type:  linear
Number of variables:                               9578 (        9578)
    bounded below only:                             792 (         792)
    bounded above only:                               0 (           0)
    bounded below and above:                         37 (          37)
    fixed:                                            0 (           0)
    free:                                          8749 (        8749)
Number of binary variables:                          37 (          37)
Number of integer variables:                          0 (           0)
Number of constraints:                            19153 (       20689)
    linear equalities:                               82 (          82)
    quadratic equalities:                             0 (           0)
    gen. nonlinear equalities:                     1584 (        1584)
    linear one-sided inequalities:                15951 (       19023)
    quadratic one-sided inequalities:                 0 (           0)
    gen. nonlinear one-sided inequalities:            0 (           0)
    linear two-sided inequalities:                 1536 (           0)
    quadratic two-sided inequalities:                 0 (           0)
    gen. nonlinear two-sided inequalities:            0 (           0)
Number of nonzeros in Jacobian:                   39464 (       41000)
Number of nonzeros in Hessian:                     9480 (        9480)

Knitro using Branch and Bound method with 1 thread.

Initial points
--------------
Read provided root node initial point:
    Objective value:    0.000000e+00
    Feasibility error:  5.000000e+00
    Feasible:           no
No primal point provided for the MIP.

Root node relaxation
--------------------

 Iter      Objective      Feasibility        Optimality       Time 
                             error              error        (secs)
 ----      ---------      -----------        ----------      ------
    1        165.084          2.51012          0.534251       0.467
    2        309.753          1.75931           1.19470       0.476
    3        666.605          1.01081          0.353752       0.499
    4        1041.21         0.261530          0.476836       0.508
    5        1168.56      1.07144e-02       6.07410e-02       0.517
    6        1172.95      3.91884e-03       7.62333e-02       0.526
    7        1172.95      2.29202e-03          0.107451       0.534
    8        1172.94      8.05244e-04       3.70176e-02       0.545
    9        1172.94      1.03432e-04       7.73386e-03       0.554
   10        1172.94      3.94465e-06       2.69540e-04       0.562
   11        1172.94      7.78010e-09       4.90190e-07       0.572
   12        1172.94      8.85610e-13       6.62685e-11       0.585
   13        1172.94      3.46303e-14       9.59943e-12       0.599

Tree search
-----------

       Nodes        Best solution   Best bound      Gap       Time 
   Expl  |  Unexpl      value         value                  (secs)
   ---------------  -------------   ----------      ---      ------
      1       2                           -inf                0.656
      1       2      1183.83   FP         -inf               27.087
     10      10      1183.83              -inf               30.775
     20      20      1183.83              -inf               32.927
     30      29      1183.83              -inf               35.461
     40      37      1183.83              -inf               38.330
     50      45      1183.83              -inf               43.301
     60      51      1183.83              -inf               46.041
     70      61      1183.83              -inf               48.645
     80      69      1183.83              -inf               51.361
     90      77      1183.83              -inf               53.543
    100      84      1183.83              -inf               56.095
    110      91      1183.83              -inf               58.765
    120      98      1183.83              -inf               61.276
    130      98      1183.83              -inf               62.243
    140      88      1183.83              -inf               62.244
    150      78      1183.83              -inf               62.246
    160      68      1183.83              -inf               62.247
    170      58      1183.83              -inf               62.247
    180      48      1183.83              -inf               62.248
    190      38      1183.83              -inf               62.249
    200      28      1183.83              -inf               62.250
    210      18      1183.83              -inf               62.251
    220       8      1183.83              -inf               62.252
    227       1      1183.83           1173.25      0.89%    62.252
    230       2      1183.83           1173.25      0.89%    64.636
    240      12      1183.83           1173.25      0.89%    69.333
    250      17      1183.83           1173.25      0.89%    74.264
    260      23      1183.83           1173.25      0.89%    81.047
    270      30      1183.83           1173.25      0.89%    87.622
    280      39      1183.83           1173.25      0.89%    91.479
    290      45      1183.83           1173.25      0.89%    97.185
    300      55      1183.83           1173.25      0.89%   100.145
    310      58      1183.83           1173.25      0.89%   106.304
    320      60      1183.83           1173.25      0.89%   113.653
    330      64      1183.83           1173.37      0.88%   118.595
    340      67      1183.83           1173.52      0.87%   123.604
    350      72      1183.83           1173.58      0.87%   128.134
    360      76      1183.83           1173.60      0.86%   131.692
    370      78      1183.83           1173.64      0.86%   137.131
    380      84      1183.83           1173.66      0.86%   139.263
    390      92      1183.83           1173.68      0.86%   142.927
    400     100      1183.83           1173.69      0.86%   145.235
    410     106      1183.83           1173.70      0.86%   149.313
    420     106      1183.83           1173.72      0.85%   152.922
    430     116      1183.83           1173.74      0.85%   154.874
    440     126      1183.83           1173.74      0.85%   158.112
    450     131      1183.83           1173.76      0.85%   162.840
    460     133      1183.83           1173.76      0.85%   168.422
    470     143      1183.83           1173.77      0.85%   170.514
    480     148      1183.83           1173.78      0.85%   174.709
    490     154      1183.83           1173.79      0.85%   177.432
    500     160      1183.83           1173.80      0.85%   180.539
    510     168      1183.83           1173.82      0.85%   184.411
    520     177      1183.83           1173.83      0.84%   187.382
    530     179      1183.83           1173.83      0.84%   190.055
    540     187      1183.83           1173.85      0.84%   192.788
    550     197      1183.83           1173.86      0.84%   195.511
    560     199      1183.83           1173.87      0.84%   200.454
    570     203      1183.83           1173.89      0.84%   202.913
    580     203      1183.83           1173.91      0.84%   208.532
    590     209      1183.83           1173.95      0.84%   210.696
    600     208      1183.83           1173.97      0.83%   216.195
    610     210      1183.83           1173.99      0.83%   221.898
    620     218      1183.83           1173.99      0.83%   224.189
    630     228      1183.83           1174.00      0.83%   226.134
    640     234      1183.83           1174.01      0.83%   230.502
    650     235      1183.83           1174.02      0.83%   236.382
    660     241      1183.83           1174.04      0.83%   239.010
    670     249      1183.83           1174.06      0.83%   241.080
    680     258      1183.83           1174.07      0.82%   244.093
    690     262      1183.83           1174.08      0.82%   247.490
    700     270      1183.83           1174.09      0.82%   249.436
    710     280      1183.83           1174.09      0.82%   252.238
    720     286      1183.83           1174.09      0.82%   256.331
    730     289      1183.83           1174.11      0.82%   260.568
    740     293      1183.83           1174.14      0.82%   262.930
    750     299      1183.83           1174.15      0.82%   266.060
    760     305      1183.83           1174.16      0.82%   268.726
    770     311      1183.83           1174.16      0.82%   270.838
    780     312      1183.83           1174.17      0.82%   275.646
    790     322      1183.83           1174.18      0.82%   277.646
    800     327      1183.83           1174.20      0.81%   281.446
    810     327      1183.83           1174.22      0.81%   283.287
    820     338      1183.83           1174.22      0.81%   285.895
    830     346      1183.83           1174.23      0.81%   288.322
    840     346      1183.83           1174.24      0.81%   291.437
    850     346      1183.83           1174.25      0.81%   295.086
    860     350      1183.83           1174.26      0.81%   298.346
    870     352      1183.83           1174.27      0.81%   301.137
    880     352      1183.83           1174.28      0.81%   305.929
    890     356      1183.83           1174.29      0.81%   307.593
    900     364      1183.83           1174.30      0.80%   312.309
    910     368      1183.83           1174.31      0.80%   314.736
    920     376      1183.83           1174.32      0.80%   317.148
    930     380      1183.83           1174.33      0.80%   320.058
    940     388      1183.83           1174.34      0.80%   321.817
    950     396      1183.83           1174.34      0.80%   324.551
    960     398      1183.83           1174.36      0.80%   326.982
    970     398      1183.83           1174.37      0.80%   331.449
    980     404      1183.83           1174.37      0.80%   334.096
    990     414      1183.83           1174.38      0.80%   336.676
   1000     420      1183.83           1174.38      0.80%   340.794
   1010     423      1183.83           1174.39      0.80%   343.959
   1020     430      1183.83           1174.40      0.80%   346.079
   1030     438      1183.83           1174.40      0.80%   347.971
   1040     444      1183.83           1174.40      0.80%   350.221
   1050     454      1183.83           1174.42      0.80%   352.200
   1060     456      1183.83           1174.43      0.79%   355.293
   1070     463      1183.83           1174.43      0.79%   358.088
   1074     463      1179.40 LEAF      1174.44      0.42%   358.499
   1080     464      1179.40           1174.44      0.42%   360.607
   1090     468      1179.40           1174.45      0.42%   362.701
   1092     468      1177.19 LEAF      1174.45      0.23%   362.971
   1100     467      1177.19           1174.46      0.23%   366.043
   1110     473      1177.19           1174.47      0.23%   368.163
   1120     473      1177.19           1174.47      0.23%   370.509
   1130     477      1177.19           1174.48      0.23%   372.183
   1140     481      1177.19           1174.49      0.23%   373.908
   1150     483      1177.19           1174.49      0.23%   375.695
   1160     484      1177.19           1174.50      0.23%   378.176
   1170     481      1177.19           1174.52      0.23%   381.607
   1180     481      1177.19           1174.53      0.23%   383.468
   1190     485      1177.19           1174.55      0.22%   386.435
   1200     489      1177.19           1174.55      0.22%   389.086
   1210     489      1177.19           1174.56      0.22%   391.166
   1220     489      1177.19           1174.56      0.22%   393.591
   1230     490      1177.19           1174.57      0.22%   396.417
   1240     491      1177.19           1174.58      0.22%   399.502
   1250     493      1177.19           1174.59      0.22%   401.549
   1260     493      1177.19           1174.59      0.22%   404.189
   1270     492      1177.19           1174.59      0.22%   406.675
   1280     492      1177.19           1174.60      0.22%   410.711
   1290     494      1177.19           1174.61      0.22%   413.404
   1300     495      1177.19           1174.62      0.22%   416.038
   1310     493      1177.19           1174.62      0.22%   420.153
   1320     494      1177.19           1174.63      0.22%   423.024
   1330     498      1177.19           1174.64      0.22%   425.229
   1340     495      1177.19           1174.64      0.22%   427.695
   1350     496      1177.19           1174.65      0.22%   430.342
   1360     496      1177.19           1174.66      0.22%   433.239
   1370     497      1177.19           1174.66      0.21%   436.009
   1380     499      1177.19           1174.67      0.21%   437.729
   1390     503      1177.19           1174.67      0.21%   439.784
   1400     507      1177.19           1174.68      0.21%   442.181
   1410     509      1177.19           1174.68      0.21%   444.440
   1420     511      1177.19           1174.69      0.21%   446.374
   1430     513      1177.19           1174.69      0.21%   448.622
   1440     513      1177.19           1174.70      0.21%   450.959
   1450     515      1177.19           1174.70      0.21%   453.848
   1460     517      1177.19           1174.71      0.21%   455.597
   1470     517      1177.19           1174.71      0.21%   457.345
   1480     519      1177.19           1174.71      0.21%   461.843
   1490     519      1177.19           1174.72      0.21%   464.480
   1500     519      1177.19           1174.72      0.21%   466.590
   1510     521      1177.19           1174.72      0.21%   468.642
   1520     523      1177.19           1174.73      0.21%   470.582
   1530     528      1177.19           1174.73      0.21%   473.789
   1540     530      1177.19           1174.74      0.21%   475.851
   1550     530      1177.19           1174.75      0.21%   478.108
   1560     530      1177.19           1174.75      0.21%   479.876
   1569     532      1176.88 LEAF      1174.75      0.18%   482.095
   1570     533      1176.88           1174.75      0.18%   482.389
   1580     533      1176.88           1174.76      0.18%   485.507
   1590     537      1176.88           1174.76      0.18%   486.959
   1600     537      1176.88           1174.77      0.18%   488.183
   1610     539      1176.88           1174.77      0.18%   490.036
   1620     538      1176.88           1174.77      0.18%   493.577
   1630     540      1176.88           1174.78      0.18%   496.334
   1636     542      1176.59 LEAF      1174.78      0.15%   497.224
   1640     542      1176.59           1174.78      0.15%   498.221
   1650     542      1176.59           1174.78      0.15%   500.128
   1660     542      1176.59           1174.79      0.15%   502.405
   1670     541      1176.59           1174.79      0.15%   505.390
   1680     543      1176.59           1174.79      0.15%   507.428
   1690     543      1176.59           1174.79      0.15%   509.460
   1700     547      1176.59           1174.79      0.15%   511.817
   1710     547      1176.59           1174.80      0.15%   515.018
   1720     547      1176.59           1174.80      0.15%   517.647
   1730     551      1176.59           1174.80      0.15%   520.500
   1740     551      1176.59           1174.81      0.15%   522.351
   1750     553      1176.59           1174.81      0.15%   525.106
   1760     553      1176.59           1174.81      0.15%   527.854
   1770     553      1176.59           1174.82      0.15%   529.520
   1780     553      1176.59           1174.83      0.15%   534.247
   1790     553      1176.59           1174.83      0.15%   535.796
   1800     554      1176.59           1174.83      0.15%   538.343
   1810     556      1176.59           1174.83      0.15%   542.824
   1820     556      1176.59           1174.83      0.15%   545.349
   1830     552      1176.59           1174.84      0.15%   551.394
   1840     551      1176.59           1174.84      0.15%   554.163
   1850     551      1176.59           1174.85      0.15%   557.064
   1860     553      1176.59           1174.85      0.15%   558.892
   1870     557      1176.59           1174.86      0.15%   560.915
   1880     556      1176.59           1174.86      0.15%   563.281
   1890     556      1176.59           1174.86      0.15%   566.047
   1900     560      1176.59           1174.87      0.15%   568.117
   1910     560      1176.59           1174.87      0.15%   570.130
   1920     562      1176.59           1174.87      0.15%   573.189
   1930     561      1176.59           1174.88      0.15%   575.323
   1940     561      1176.59           1174.88      0.15%   578.341
   1950     560      1176.59           1174.88      0.15%   580.409
   1960     560      1176.59           1174.89      0.14%   582.266
   1970     564      1176.59           1174.89      0.14%   585.130
   1980     566      1176.59           1174.89      0.14%   587.231
   1990     566      1176.59           1174.90      0.14%   590.529
   2000     566      1176.59           1174.90      0.14%   592.996
   2010     566      1176.59           1174.91      0.14%   594.596
   2020     566      1176.59           1174.91      0.14%   597.006
   2030     566      1176.59           1174.91      0.14%   600.140
   2040     569      1176.59           1174.91      0.14%   602.763
   2050     572      1176.59           1174.92      0.14%   605.304
   2060     574      1176.59           1174.93      0.14%   607.228
   2070     574      1176.59           1174.93      0.14%   609.265
   2080     577      1176.59           1174.93      0.14%   612.233
   2090     581      1176.59           1174.94      0.14%   614.057
   2100     581      1176.59           1174.94      0.14%   616.659
   2110     578      1176.59           1174.95      0.14%   621.274
   2120     578      1176.59           1174.95      0.14%   623.123
   2130     582      1176.59           1174.95      0.14%   625.240
   2140     582      1176.59           1174.96      0.14%   626.613
   2150     583      1176.59           1174.97      0.14%   628.485
   2160     582      1176.59           1174.97      0.14%   630.925
   2170     582      1176.59           1174.97      0.14%   635.574
   2180     584      1176.59           1174.97      0.14%   636.997
   2190     583      1176.59           1174.98      0.14%   639.490
   2200     583      1176.59           1174.99      0.14%   642.939
   2210     585      1176.59           1174.99      0.14%   647.630
   2220     587      1176.59           1174.99      0.14%   650.234
   2230     589      1176.59           1174.99      0.14%   652.220
   2240     590      1176.59           1175.00      0.14%   655.775
   2250     594      1176.59           1175.00      0.13%   657.745
   2260     594      1176.59           1175.01      0.13%   659.272
   2270     594      1176.59           1175.01      0.13%   661.457
   2280     596      1176.59           1175.02      0.13%   663.061
   2290     600      1176.59           1175.02      0.13%   665.287
   2300     602      1176.59           1175.03      0.13%   667.648
   2310     601      1176.59           1175.03      0.13%   669.696
   2320     600      1176.59           1175.03      0.13%   672.548
   2330     600      1176.59           1175.03      0.13%   674.378
   2340     598      1176.59           1175.04      0.13%   677.020
   2350     598      1176.59           1175.05      0.13%   679.884
   2360     595      1176.59           1175.05      0.13%   683.164
   2370     595      1176.59           1175.05      0.13%   684.434
   2380     595      1176.59           1175.06      0.13%   686.777
   2390     597      1176.59           1175.06      0.13%   689.228
   2400     599      1176.59           1175.06      0.13%   691.220
   2410     603      1176.59           1175.07      0.13%   693.053
   2420     605      1176.59           1175.07      0.13%   694.738
   2430     605      1176.59           1175.07      0.13%   696.710
   2440     607      1176.59           1175.07      0.13%   698.326
   2450     605      1176.59           1175.08      0.13%   700.125
   2460     607      1176.59           1175.08      0.13%   702.507
   2470     609      1176.59           1175.09      0.13%   704.803
   2480     609      1176.59           1175.09      0.13%   707.311
   2490     611      1176.59           1175.10      0.13%   709.428
   2500     610      1176.59           1175.10      0.13%   712.650
   2510     610      1176.59           1175.10      0.13%   716.632
   2520     610      1176.59           1175.10      0.13%   718.139
   2530     608      1176.59           1175.11      0.13%   721.112
   2540     610      1176.59           1175.11      0.13%   722.654
   2550     608      1176.59           1175.12      0.13%   725.452
   2560     606      1176.59           1175.12      0.12%   727.558
   2570     607      1176.59           1175.13      0.12%   730.311
   2580     607      1176.59           1175.13      0.12%   732.154
   2590     607      1176.59           1175.13      0.12%   733.683
   2600     607      1176.59           1175.14      0.12%   736.161
   2610     607      1176.59           1175.14      0.12%   737.743
   2620     609      1176.59           1175.15      0.12%   739.247
   2630     613      1176.59           1175.15      0.12%   741.927
   2640     611      1176.59           1175.16      0.12%   744.068
   2650     611      1176.59           1175.16      0.12%   746.838
   2660     609      1176.59           1175.16      0.12%   749.611
   2670     613      1176.59           1175.16      0.12%   751.135
   2680     613      1176.59           1175.17      0.12%   753.347
   2690     613      1176.59           1175.17      0.12%   754.801
   2700     610      1176.59           1175.17      0.12%   757.499
   2710     612      1176.59           1175.18      0.12%   759.246
   2720     612      1176.59           1175.18      0.12%   761.227
   2730     611      1176.59           1175.19      0.12%   763.303
   2740     613      1176.59           1175.20      0.12%   765.128
   2750     613      1176.59           1175.20      0.12%   766.415
   2760     613      1176.59           1175.20      0.12%   768.391
   2770     612      1176.59           1175.21      0.12%   770.502
   2780     612      1176.59           1175.21      0.12%   773.521
   2790     609      1176.59           1175.21      0.12%   776.496
   2800     611      1176.59           1175.22      0.12%   778.124
   2810     613      1176.59           1175.22      0.12%   780.039
   2820     615      1176.59           1175.23      0.12%   783.602
   2830     615      1176.59           1175.23      0.12%   785.311
   2840     615      1176.59           1175.23      0.12%   787.065
   2850     615      1176.59           1175.24      0.12%   788.466
   2860     615      1176.59           1175.24      0.11%   790.234
   2870     615      1176.59           1175.25      0.11%   791.847
   2880     615      1176.59           1175.25      0.11%   793.663
   2890     612      1176.59           1175.25      0.11%   796.990
   2900     611      1176.59           1175.25      0.11%   799.769
   2910     613      1176.59           1175.26      0.11%   801.411
   2920     613      1176.59           1175.26      0.11%   803.720
   2930     612      1176.59           1175.26      0.11%   805.989
   2940     612      1176.59           1175.27      0.11%   807.610
   2950     612      1176.59           1175.27      0.11%   809.820
   2960     614      1176.59           1175.27      0.11%   813.126
   2970     610      1176.59           1175.29      0.11%   816.590
   2980     610      1176.59           1175.29      0.11%   818.952
   2990     606      1176.59           1175.29      0.11%   823.996
   3000     607      1176.59           1175.30      0.11%   826.857
   3010     609      1176.59           1175.30      0.11%   828.876
   3020     607      1176.59           1175.31      0.11%   832.567
   3030     607      1176.59           1175.31      0.11%   835.648
   3040     606      1176.59           1175.31      0.11%   839.965
   3050     608      1176.59           1175.32      0.11%   842.058
   3060     608      1176.59           1175.32      0.11%   843.762
   3070     610      1176.59           1175.33      0.11%   846.450
   3080     614      1176.59           1175.33      0.11%   849.319
   3090     611      1176.59           1175.34      0.11%   853.352
   3100     608      1176.59           1175.34      0.11%   856.782
   3110     606      1176.59           1175.34      0.11%   858.873
   3120     606      1176.59           1175.35      0.11%   862.469
   3130     607      1176.59           1175.35      0.11%   865.900
   3140     605      1176.59           1175.36      0.10%   868.394
   3150     605      1176.59           1175.36      0.10%   871.532
   3160     609      1176.59           1175.36      0.10%   874.035
   3170     609      1176.59           1175.37      0.10%   875.631
   3180     608      1176.59           1175.37      0.10%   879.065
   3190     609      1176.59           1175.37      0.10%   882.618
   3200     608      1176.59           1175.37      0.10%   885.268
   3210     609      1176.59           1175.37      0.10%   887.256
   3220     609      1176.59           1175.38      0.10%   888.901
   3230     607      1176.59           1175.38      0.10%   892.052
   3240     608      1176.59           1175.39      0.10%   894.680
   3250     606      1176.59           1175.40      0.10%   897.907
   3260     604      1176.59           1175.40      0.10%   900.407
   3270     604      1176.59           1175.40      0.10%   902.298
   3280     606      1176.59           1175.41      0.10%   904.073
   3290     608      1176.59           1175.41      0.10%   906.186
   3300     607      1176.59           1175.41      0.10%   908.940
   3310     607      1176.59           1175.42      0.10%   910.998
   3320     609      1176.59           1175.43      0.10%   913.254
   3330     609      1176.59           1175.43      0.10%   915.234
   3340     608      1176.59           1175.44      0.10%   917.944
   3350     608      1176.59           1175.44      0.10%   919.410
   3360     607      1176.59           1175.45      0.10%   922.475
   3370     607      1176.59           1175.45      0.10%   925.649
   3380     605      1176.59           1175.45      0.10%   928.353
   3390     605      1176.59           1175.46      0.10%   929.708
   3400     604      1176.59           1175.47      0.10%   932.182
   3410     603      1176.59           1175.47      0.10%   934.225
   3420     603      1176.59           1175.47      0.09%   935.695
   3430     603      1176.59           1175.48      0.09%   937.536
   3437     604      1175.53 LEAF      1175.48      0.00%   939.004

EXIT: Optimal solution found (assuming convexity).

Final Statistics for MIP
------------------------
Final objective value               =  1.17553104119430e+03
Final bound value                   =  1.17548410742740e+03
Final optimality gap (abs / rel)    =  4.69e-02 / 3.99e-05 (0.00%)
# of root cutting plane rounds      =  2
# of restarts                       =  1
# of nodes processed                =  3437 (761.525s)
# of strong branching evaluations   =  160 (107.946s)
# of function evaluations           =  149840 (46.475s)
# of gradient evaluations           =  89357 (28.886s)
# of hessian evaluations            =  83258 (144.959s)
# of hessian-vector evaluations     =  0
# of subproblems processed          =  3921 (922.521s)
Total program time (secs)           =  939.004 (934.266 CPU time)
Time spent in evaluations (secs)    =  220.320

Cuts statistics (gen / add)
---------------------------
Knapsack cuts                       =  0 / 0
Mixed-integer rounding cuts         =  1 / 1
Flow-cover cuts                     =  0 / 0
Probing cuts                        =  0 / 0

Heuristics statistics (calls / successes / time)
------------------------------------------------
Feasibility pump                    =  6 / 1 / 31.011s
Rounding heuristic                  =  2 / 0 / 3.029s
MPEC heuristic                      =  40 / 0 / 23.995s
Local search heuristic              =  5 / 0 / 0.545s

===========================================================================


