Solver command line: ['C:\\Program Files\\Artelys\\Knitro 14.2.0\\knitroampl\\knitroampl.exe', 'C:\\Users\\HP\\AppData\\Local\\Temp\\tmp3eanqsj8.pyomo.nl', '-AMPL', 'mip_multistart=1', 'mip_numthreads=1']

Artelys Knitro 14.2.0: mip_multistart=1
mip_numthreads=1

=======================================
          Commercial License
         Artelys Knitro 14.2.0
=======================================

WARNING: Problem appears to have nonlinear equalities and be non-convex.
         The Knitro mixed integer solver is designed for convex problems.
         For non-convex problems it is only a heuristic, and the reported
         bounds and optimality claims cannot be verified.

concurrent_evals         0
datacheck                0
findiff_numthreads       1
hessian_no_f             1
hessopt                  1
mip_multistart           1
mip_numthreads           1
Knitro changing mip_method from AUTO to 1.
Knitro changing mip_rootalg from AUTO to 1.
Knitro changing mip_lpalg from AUTO to 3.
Knitro changing mip_branchrule from AUTO to 2.
Knitro changing mip_selectrule from AUTO to 2.
Knitro changing mip_mir from AUTO to 2.
Knitro changing mip_clique from AUTO to 0.
Knitro changing mip_zerohalf from AUTO to 0.
Knitro changing mip_liftproject from AUTO to 0.
Knitro changing mip_knapsack from AUTO to 2.
Knitro changing mip_gomory from AUTO to 0.
Knitro changing mip_cut_flowcover from AUTO to 2.
Knitro changing mip_cut_probing from AUTO to 1.
Knitro changing mip_rounding from AUTO to 3.
Knitro changing mip_heuristic_strategy from AUTO to 1.
Knitro changing mip_heuristic_feaspump from AUTO to 1.
Knitro changing mip_heuristic_misqp from AUTO to 0.
Knitro changing mip_heuristic_mpec from AUTO to 1.
Knitro changing mip_heuristic_diving from AUTO to 0.
Knitro changing mip_heuristic_lns from AUTO to 0.
Knitro changing mip_heuristic_localsearch from AUTO to 1.
Knitro changing mip_pseudoinit from AUTO to 1.

Problem Characteristics                                 (   Presolved)
-----------------------
Objective goal:  Minimize
Objective type:  linear
Number of variables:                               9578 (        9578)
    bounded below only:                             792 (         792)
    bounded above only:                               0 (           0)
    bounded below and above:                         37 (          37)
    fixed:                                            0 (           0)
    free:                                          8749 (        8749)
Number of binary variables:                          37 (          37)
Number of integer variables:                          0 (           0)
Number of constraints:                            19153 (       20689)
    linear equalities:                               82 (          82)
    quadratic equalities:                             0 (           0)
    gen. nonlinear equalities:                     1584 (        1584)
    linear one-sided inequalities:                15951 (       19023)
    quadratic one-sided inequalities:                 0 (           0)
    gen. nonlinear one-sided inequalities:            0 (           0)
    linear two-sided inequalities:                 1536 (           0)
    quadratic two-sided inequalities:                 0 (           0)
    gen. nonlinear two-sided inequalities:            0 (           0)
Number of nonzeros in Jacobian:                   39464 (       41000)
Number of nonzeros in Hessian:                     9480 (        9480)

Knitro using Branch and Bound method with 1 thread.

Initial points
--------------
Read provided root node initial point:
    Objective value:    0.000000e+00
    Feasibility error:  5.000000e+00
    Feasible:           no
No primal point provided for the MIP.

Root node relaxation
--------------------

 Iter      Objective      Feasibility        Optimality       Time 
                             error              error        (secs)
 ----      ---------      -----------        ----------      ------
    1        146.465          2.15477          0.401972       0.441
    2        220.725          1.46188          0.624109       0.450
    3        301.966          1.10369           1.29710       0.459
    4        428.321         0.631208          0.338054       0.481
    5        572.945         0.193531           1.72362       0.490
    6        612.104      8.20515e-02          0.314868       0.499
    7        635.179      1.79775e-02          0.438604       0.508
    8        639.215      5.59134e-03          0.332284       0.516
    9        639.975      2.79567e-03          0.193090       0.526
   10        640.326      1.41065e-03          0.119439       0.536
   11        640.671      1.25944e-03       8.04454e-02       0.545
   12        640.667      1.21880e-04       1.76706e-02       0.554
   13        640.666      9.32229e-07       1.21350e-04       0.563
   14        640.666      3.35505e-10       1.26682e-07       0.572
   15        640.666      3.35505e-10       1.26682e-07       0.580
   16        640.666      4.57325e-14       1.16493e-07       0.596

Tree search
-----------

       Nodes        Best solution   Best bound      Gap       Time 
   Expl  |  Unexpl      value         value                  (secs)
   ---------------  -------------   ----------      ---      ------
      1       2                           -inf                0.654
      1       2      660.729   FP         -inf               24.055
     10      11      660.729              -inf               27.222
     20      20      660.729              -inf               29.738
     30      29      660.729              -inf               33.088
     40      38      660.729              -inf               35.768
     50      47      660.729              -inf               38.285
     60      57      660.729              -inf               40.368
     70      66      660.729              -inf               43.184
     80      75      660.729              -inf               45.289
     90      84      660.729              -inf               47.903
    100      94      660.729              -inf               50.197
    110     102      660.729              -inf               54.835
    120      92      660.729              -inf               54.836
    130      82      660.729              -inf               54.837
    140      72      660.729              -inf               54.838
    150      62      660.729              -inf               54.839
    160      52      660.729              -inf               54.840
    170      42      660.729              -inf               54.841
    180      32      660.729              -inf               54.842
    190      22      660.729              -inf               54.843
    200      12      660.729              -inf               54.844
    210       2      660.729              -inf               54.845
    211       1      660.729           641.147      2.96%    54.846
    220       7      660.729           641.147      2.96%    58.777
    230      15      660.729           641.147      2.96%    63.468
    240      23      660.729           641.147      2.96%    70.635
    250      32      660.729           641.147      2.96%    75.913
    260      39      660.729           641.147      2.96%    79.793
    270      48      660.729           641.147      2.96%    84.097
    280      53      660.729           641.147      2.96%    88.965
    290      63      660.729           641.147      2.96%    95.014
    300      68      660.729           641.147      2.96%   100.330
    310      74      660.729           641.147      2.96%   102.957
    320      78      660.729           641.147      2.96%   106.061
    330      87      660.729           641.147      2.96%   108.972
    340      97      660.729           641.156      2.96%   111.577
    350     106      660.729           641.174      2.96%   113.874
    360     113      660.729           641.197      2.96%   118.477
    370     121      660.729           641.204      2.96%   121.017
    380     129      660.729           641.220      2.95%   125.326
    390     137      660.729           641.227      2.95%   129.973
    400     147      660.729           641.239      2.95%   132.022
    410     155      660.729           641.241      2.95%   135.549
    420     162      660.729           641.283      2.94%   139.673
    430     168      660.729           641.311      2.94%   144.784
    440     174      660.729           641.332      2.94%   147.710
    450     180      660.729           641.336      2.93%   150.504
    460     190      660.729           641.349      2.93%   153.020
    470     196      660.729           641.372      2.93%   155.609
    480     206      660.729           641.389      2.93%   157.602
    490     214      660.729           641.400      2.93%   160.187
    500     224      660.729           641.407      2.92%   161.623
    510     234      660.729           641.418      2.92%   166.576
    520     242      660.729           641.427      2.92%   169.494
    530     252      660.729           641.443      2.92%   171.806
    540     260      660.729           641.450      2.92%   174.044
    550     270      660.729           641.456      2.92%   175.897
    560     280      660.729           641.458      2.92%   178.910
    570     288      660.729           641.465      2.92%   181.100
    580     294      660.729           641.493      2.91%   184.802
    590     300      660.729           641.516      2.91%   186.934
    600     308      660.729           641.526      2.91%   189.459
    610     318      660.729           641.537      2.90%   191.754
    620     326      660.729           641.548      2.90%   193.932
    630     336      660.729           641.556      2.90%   195.693
    640     344      660.729           641.578      2.90%   198.197
    650     354      660.729           641.590      2.90%   200.093
    660     362      660.729           641.593      2.90%   202.799
    670     372      660.729           641.603      2.89%   205.859
    680     378      660.729           641.617      2.89%   209.174
    690     388      660.729           641.621      2.89%   211.129
    700     396      660.729           641.630      2.89%   214.522
    710     404      660.729           641.640      2.89%   218.123
    720     412      660.729           641.654      2.89%   220.949
    730     414      660.729           641.681      2.88%   225.205
    740     424      660.729           641.700      2.88%   227.663
    750     434      660.729           641.761      2.87%   229.839
    760     442      660.729           641.770      2.87%   232.776
    770     452      660.729           641.784      2.87%   234.903
    780     454      660.729           641.812      2.86%   238.099
    790     460      660.729           641.824      2.86%   241.156
    800     464      660.729           641.840      2.86%   246.011
    804     466      656.440 MPEC      641.846      2.22%   247.824
    810     472      656.440           641.849      2.22%   249.261
    820     482      656.440           641.860      2.22%   251.900
    830     488      656.440           641.870      2.22%   255.348
    840     494      656.440           641.884      2.22%   257.772
    850     504      656.440           641.890      2.22%   259.950
    860     510      656.440           641.901      2.21%   263.485
    870     518      656.440           641.906      2.21%   266.134
    880     520      656.440           641.909      2.21%   269.510
    890     530      656.440           641.917      2.21%   272.858
    900     538      656.440           641.922      2.21%   275.277
    910     544      656.440           641.945      2.21%   278.720
    920     554      656.440           641.953      2.21%   280.330
    930     558      656.440           641.967      2.20%   284.094
    940     566      656.440           641.999      2.20%   287.286
    942     566      644.863 LEAF      641.999      0.44%   287.517
    950     566      644.863           642.018      0.44%   289.080
    960     570      644.863           642.024      0.44%   291.959
    963     569      643.712 LEAF      642.032      0.26%   292.308
    970     568      643.712           642.048      0.26%   294.746
    980     568      643.712           642.064      0.26%   296.517
    990     568      643.712           642.070      0.26%   297.967
   1000     570      643.712           642.076      0.25%   299.865
   1010     570      643.712           642.086      0.25%   302.049
   1020     570      643.712           642.093      0.25%   303.493
   1030     570      643.712           642.106      0.25%   306.591
   1040     570      643.712           642.125      0.25%   308.930
   1050     568      643.712           642.134      0.25%   311.045
   1060     570      643.712           642.140      0.24%   314.138
   1070     570      643.712           642.151      0.24%   317.618
   1080     570      643.712           642.161      0.24%   320.116
   1090     570      643.712           642.164      0.24%   322.186
   1100     570      643.712           642.167      0.24%   324.762
   1110     574      643.712           642.178      0.24%   329.022
   1120     574      643.712           642.197      0.24%   331.893
   1130     574      643.712           642.212      0.23%   333.770
   1140     576      643.712           642.230      0.23%   335.519
   1150     576      643.712           642.238      0.23%   337.693
   1160     578      643.712           642.244      0.23%   339.980
   1170     578      643.712           642.251      0.23%   342.511
   1180     582      643.712           642.258      0.23%   345.719
   1190     584      643.712           642.263      0.23%   349.049
   1200     586      643.712           642.273      0.22%   350.811
   1210     588      643.712           642.281      0.22%   353.270
   1220     590      643.712           642.289      0.22%   356.043
   1230     590      643.712           642.299      0.22%   359.240
   1240     588      643.712           642.309      0.22%   362.878
   1250     586      643.712           642.315      0.22%   365.843
   1260     588      643.712           642.320      0.22%   367.653
   1270     588      643.712           642.326      0.22%   370.109
   1280     588      643.712           642.328      0.21%   371.662
   1290     592      643.712           642.339      0.21%   373.960
   1300     592      643.712           642.348      0.21%   375.892
   1310     594      643.712           642.354      0.21%   378.891
   1320     598      643.712           642.360      0.21%   381.466
   1330     606      643.712           642.365      0.21%   383.400
   1340     606      643.712           642.373      0.21%   385.893
   1350     606      643.712           642.378      0.21%   388.311
   1360     606      643.712           642.382      0.21%   390.568
   1370     606      643.712           642.385      0.21%   393.408
   1380     608      643.712           642.389      0.21%   396.689
   1390     610      643.712           642.405      0.20%   399.718
   1400     610      643.712           642.408      0.20%   401.718
   1410     612      643.712           642.417      0.20%   404.373
   1420     612      643.712           642.419      0.20%   406.490
   1430     612      643.712           642.423      0.20%   409.015
   1440     612      643.712           642.429      0.20%   411.892
   1450     612      643.712           642.436      0.20%   414.698
   1460     612      643.712           642.439      0.20%   416.655
   1470     614      643.712           642.441      0.20%   418.929
   1480     612      643.712           642.445      0.20%   422.761
   1490     610      643.712           642.452      0.20%   424.380
   1500     612      643.712           642.457      0.19%   427.020
   1510     612      643.712           642.464      0.19%   429.437
   1520     612      643.712           642.467      0.19%   431.692
   1530     614      643.712           642.472      0.19%   434.099
   1540     614      643.712           642.474      0.19%   435.821
   1550     614      643.712           642.476      0.19%   437.459
   1560     616      643.712           642.480      0.19%   439.429
   1570     616      643.712           642.484      0.19%   441.579
   1580     616      643.712           642.488      0.19%   445.712
   1590     614      643.712           642.492      0.19%   447.789
   1600     614      643.712           642.498      0.19%   449.472
   1610     616      643.712           642.504      0.19%   452.130
   1620     616      643.712           642.510      0.19%   454.560
   1630     616      643.712           642.515      0.19%   456.851
   1640     620      643.712           642.522      0.18%   459.818
   1650     620      643.712           642.526      0.18%   462.630
   1660     622      643.712           642.533      0.18%   465.765
   1670     624      643.712           642.541      0.18%   468.477
   1680     622      643.712           642.551      0.18%   471.059
   1690     622      643.712           642.554      0.18%   472.920
   1700     622      643.712           642.555      0.18%   475.850
   1710     621      643.712           642.568      0.18%   478.570
   1720     621      643.712           642.569      0.18%   482.513
   1730     617      643.712           642.575      0.18%   485.575
   1740     615      643.712           642.578      0.18%   488.250
   1750     617      643.712           642.580      0.18%   490.220
   1760     619      643.712           642.583      0.18%   491.910
   1770     621      643.712           642.588      0.17%   495.117
   1780     619      643.712           642.595      0.17%   498.396
   1790     619      643.712           642.598      0.17%   500.729
   1800     623      643.712           642.601      0.17%   502.726
   1810     625      643.712           642.603      0.17%   505.071
   1820     625      643.712           642.606      0.17%   507.181
   1830     625      643.712           642.608      0.17%   510.507
   1840     625      643.712           642.613      0.17%   513.283
   1850     627      643.712           642.618      0.17%   515.349
   1860     625      643.712           642.620      0.17%   517.953
   1870     627      643.712           642.623      0.17%   519.941
   1880     625      643.712           642.624      0.17%   523.451
   1890     625      643.712           642.631      0.17%   525.118
   1900     629      643.712           642.640      0.17%   526.806
   1910     629      643.712           642.655      0.16%   529.249
   1920     629      643.712           642.664      0.16%   532.265
   1930     629      643.712           642.675      0.16%   534.961
   1940     631      643.712           642.679      0.16%   536.802
   1950     633      643.712           642.680      0.16%   539.405
   1960     635      643.712           642.689      0.16%   541.550
   1970     637      643.712           642.700      0.16%   543.369
   1980     637      643.712           642.703      0.16%   546.462
   1990     639      643.712           642.711      0.16%   549.265
   2000     641      643.712           642.720      0.15%   551.014
   2010     639      643.712           642.730      0.15%   554.182
   2020     643      643.712           642.749      0.15%   556.865
   2030     643      643.712           642.753      0.15%   559.827
   2040     641      643.712           642.767      0.15%   563.183
   2050     641      643.712           642.779      0.14%   564.934
   2060     643      643.712           642.782      0.14%   568.586
   2070     645      643.712           642.790      0.14%   571.655
   2080     647      643.712           642.794      0.14%   574.150
   2090     645      643.712           642.808      0.14%   578.336
   2100     641      643.712           642.813      0.14%   581.056
   2110     641      643.712           642.822      0.14%   582.739
   2120     643      643.712           642.828      0.14%   585.337
   2130     643      643.712           642.834      0.14%   588.266
   2140     641      643.712           642.837      0.14%   591.219
   2150     641      643.712           642.841      0.14%   595.526
   2160     643      643.712           642.847      0.13%   597.565
   2170     643      643.712           642.859      0.13%   600.422
   2180     643      643.712           642.870      0.13%   605.155
   2190     643      643.712           642.873      0.13%   607.668
   2200     643      643.712           642.878      0.13%   610.723
   2210     643      643.712           642.883      0.13%   613.089
   2220     643      643.712           642.884      0.13%   615.134
   2230     645      643.712           642.889      0.13%   617.828
   2240     641      643.712           642.892      0.13%   621.201
   2250     641      643.712           642.895      0.13%   623.433
   2260     641      643.712           642.897      0.13%   627.469
   2270     645      643.712           642.900      0.13%   628.970
   2280     647      643.712           642.905      0.13%   632.099
   2290     645      643.712           642.911      0.12%   635.500
   2300     643      643.712           642.917      0.12%   639.031
   2310     645      643.712           642.925      0.12%   643.005
   2320     645      643.712           642.930      0.12%   646.115
   2330     643      643.712           642.936      0.12%   649.388
   2340     641      643.712           642.942      0.12%   652.355
   2350     641      643.712           642.945      0.12%   654.400
   2360     643      643.712           642.950      0.12%   658.576
   2370     641      643.712           642.951      0.12%   661.390
   2380     641      643.712           642.956      0.12%   664.343
   2390     641      643.712           642.960      0.12%   667.255
   2400     639      643.712           642.963      0.12%   670.219
   2410     645      643.712           642.971      0.12%   672.458
   2420     643      643.712           642.974      0.11%   675.180
   2430     643      643.712           642.980      0.11%   677.404
   2440     641      643.712           642.985      0.11%   679.713
   2450     641      643.712           642.991      0.11%   682.279
   2460     643      643.712           643.002      0.11%   684.978
   2470     643      643.712           643.004      0.11%   687.520
   2480     641      643.712           643.007      0.11%   693.042
   2490     641      643.712           643.011      0.11%   697.349
   2500     641      643.712           643.018      0.11%   700.319
   2510     641      643.712           643.024      0.11%   702.569
   2520     638      643.712           643.031      0.11%   705.921
   2530     636      643.712           643.036      0.10%   708.562
   2540     638      643.712           643.039      0.10%   711.884
   2550     636      643.712           643.042      0.10%   714.438
   2560     634      643.712           643.048      0.10%   718.390
   2570     632      643.712           643.058      0.10%   721.474
   2580     630      643.712           643.060      0.10%   725.649
   2590     630      643.712           643.067      0.10%   728.644
   2600     638      643.712           643.075      0.10%   732.855
   2610     636      643.712           643.082      0.10%   736.216
   2620     640      643.712           643.085      0.10%   739.633
   2630     640      643.712           643.089      0.10%   741.515
   2640     640      643.712           643.094      0.10%   743.688
   2650     636      643.712           643.096      0.10%   745.838
   2660     636      643.712           643.100      0.10%   748.762
   2670     638      643.712           643.104      0.09%   751.712
   2680     640      643.712           643.106      0.09%   754.968
   2690     640      643.712           643.117      0.09%   758.349
   2700     638      643.712           643.120      0.09%   764.143
   2710     638      643.712           643.127      0.09%   766.828
   2720     636      643.712           643.142      0.09%   768.639
   2730     640      643.712           643.144      0.09%   772.716
   2740     644      643.712           643.148      0.09%   775.050
   2750     644      643.712           643.154      0.09%   777.853
   2760     648      643.712           643.158      0.09%   780.469
   2770     646      643.712           643.160      0.09%   784.278
   2780     646      643.712           643.163      0.09%   787.103
   2790     642      643.712           643.164      0.09%   791.505
   2800     638      643.712           643.168      0.08%   793.569
   2810     636      643.712           643.176      0.08%   796.395
   2820     638      643.712           643.179      0.08%   798.774
   2830     638      643.712           643.184      0.08%   802.301
   2840     636      643.712           643.189      0.08%   806.164
   2850     636      643.712           643.192      0.08%   809.313
   2860     636      643.712           643.199      0.08%   811.922
   2870     636      643.712           643.201      0.08%   814.486
   2880     634      643.712           643.206      0.08%   818.629
   2890     638      643.712           643.207      0.08%   822.271
   2900     634      643.712           643.213      0.08%   826.341
   2910     632      643.712           643.234      0.07%   828.949
   2920     630      643.712           643.240      0.07%   833.365
   2930     630      643.712           643.244      0.07%   837.959
   2931     629      643.681 LEAF      643.245      0.07%   838.061
   2940     632      643.681           643.247      0.07%   839.979
   2950     630      643.681           643.251      0.07%   842.300
   2960     630      643.681           643.256      0.07%   845.295
   2970     628      643.681           643.259      0.07%   847.226
   2980     628      643.681           643.262      0.07%   849.903
   2990     624      643.681           643.268      0.06%   852.417
   3000     622      643.681           643.277      0.06%   854.435
   3010     622      643.681           643.279      0.06%   856.890
   3020     620      643.681           643.282      0.06%   860.147
   3030     620      643.681           643.286      0.06%   863.928
   3040     620      643.681           643.288      0.06%   866.050
   3050     618      643.681           643.296      0.06%   868.113
   3060     616      643.681           643.303      0.06%   870.314
   3070     616      643.681           643.305      0.06%   872.031
   3080     614      643.681           643.311      0.06%   873.828
   3090     616      643.681           643.312      0.06%   875.530
   3100     618      643.681           643.315      0.06%   878.037
   3110     618      643.681           643.320      0.06%   879.604
   3120     616      643.681           643.324      0.06%   881.682
   3130     616      643.681           643.326      0.06%   884.458
   3140     616      643.681           643.331      0.05%   886.727
   3150     616      643.681           643.335      0.05%   888.419
   3160     618      643.681           643.340      0.05%   891.101
   3170     618      643.681           643.344      0.05%   893.191
   3180     616      643.681           643.345      0.05%   895.643
   3190     616      643.681           643.350      0.05%   898.623
   3200     614      643.681           643.353      0.05%   901.489
   3210     612      643.681           643.354      0.05%   903.840
   3220     614      643.681           643.358      0.05%   907.441
   3230     610      643.681           643.369      0.05%   909.380
   3240     612      643.681           643.378      0.05%   913.325
   3250     612      643.681           643.380      0.05%   916.893
   3260     612      643.681           643.384      0.05%   918.966
   3270     612      643.681           643.386      0.05%   921.843
   3280     614      643.681           643.387      0.05%   924.857
   3290     612      643.681           643.389      0.05%   928.168
   3300     610      643.681           643.390      0.05%   931.671
   3310     610      643.681           643.396      0.04%   933.417
   3320     611      643.681           643.398      0.04%   936.795
   3330     609      643.681           643.402      0.04%   938.546
   3340     609      643.681           643.407      0.04%   940.495
   3350     607      643.681           643.415      0.04%   943.339
   3360     603      643.681           643.420      0.04%   945.329
   3370     601      643.681           643.423      0.04%   947.474
   3380     603      643.681           643.426      0.04%   949.741
   3390     601      643.681           643.428      0.04%   953.615
   3400     601      643.681           643.431      0.04%   955.691
   3410     599      643.681           643.436      0.04%   957.730
   3420     597      643.681           643.438      0.04%   959.515
   3430     597      643.681           643.441      0.04%   961.787
   3440     595      643.681           643.444      0.04%   964.151
   3450     593      643.681           643.446      0.04%   965.914
   3460     593      643.681           643.451      0.04%   967.671
   3470     593      643.681           643.456      0.04%   970.127
   3480     593      643.681           643.458      0.03%   971.789
   3490     593      643.681           643.461      0.03%   974.340
   3500     591      643.681           643.463      0.03%   975.922
   3510     587      643.681           643.465      0.03%   978.888
   3520     585      643.681           643.467      0.03%   980.900
   3530     577      643.681           643.470      0.03%   985.342
   3540     575      643.681           643.474      0.03%   987.651
   3550     575      643.681           643.477      0.03%   989.953
   3560     573      643.681           643.483      0.03%   992.345
   3570     573      643.681           643.486      0.03%   996.068
   3580     571      643.681           643.492      0.03%  1000.386
   3590     571      643.681           643.493      0.03%  1002.924
   3600     571      643.681           643.494      0.03%  1004.821
   3610     571      643.681           643.498      0.03%  1006.645
   3620     568      643.681           643.501      0.03%  1009.868
   3630     566      643.681           643.506      0.03%  1011.463
   3640     566      643.681           643.508      0.03%  1013.240
   3650     566      643.681           643.511      0.03%  1015.550
   3660     564      643.681           643.517      0.03%  1017.790
   3670     562      643.681           643.521      0.02%  1020.646
   3680     564      643.681           643.524      0.02%  1022.288
   3690     562      643.681           643.530      0.02%  1024.489
   3700     562      643.681           643.536      0.02%  1026.557
   3710     562      643.681           643.538      0.02%  1028.474
   3720     562      643.681           643.542      0.02%  1030.301
   3730     558      643.681           643.549      0.02%  1032.041
   3740     556      643.681           643.553      0.02%  1034.015
   3750     552      643.681           643.556      0.02%  1038.337
   3760     550      643.681           643.559      0.02%  1040.413
   3770     548      643.681           643.561      0.02%  1042.539
   3772     546      643.563 LEAF      643.561      0.00%  1043.006

EXIT: Optimal solution found (assuming convexity).

Final Statistics for MIP
------------------------
Final objective value               =  6.43563272808107e+02
Final bound value                   =  6.43560922447859e+02
Final optimality gap (abs / rel)    =  2.35e-03 / 3.65e-06 (0.00%)
# of root cutting plane rounds      =  2
# of restarts                       =  1
# of nodes processed                =  3772 (911.108s)
# of strong branching evaluations   =  87 (57.484s)
# of function evaluations           =  143741 (44.073s)
# of gradient evaluations           =  106514 (33.366s)
# of hessian evaluations            =  100350 (174.622s)
# of hessian-vector evaluations     =  0
# of subproblems processed          =  4098 (1026.637s)
Total program time (secs)           =  1043.006 (1036.984 CPU time)
Time spent in evaluations (secs)    =  252.061

Cuts statistics (gen / add)
---------------------------
Knapsack cuts                       =  0 / 0
Mixed-integer rounding cuts         =  12 / 10
Flow-cover cuts                     =  0 / 0
Probing cuts                        =  0 / 0

Heuristics statistics (calls / successes / time)
------------------------------------------------
Feasibility pump                    =  5 / 1 / 26.646s
Rounding heuristic                  =  2 / 0 / 3.250s
MPEC heuristic                      =  53 / 1 / 32.915s
Local search heuristic              =  5 / 0 / 0.534s

===========================================================================


