Solver command line: ['C:\\Program Files\\Artelys\\Knitro 14.2.0\\knitroampl\\knitroampl.exe', 'C:\\Users\\HP\\AppData\\Local\\Temp\\tmprs4e770a.pyomo.nl', '-AMPL', 'mip_multistart=1', 'mip_numthreads=1']

Artelys Knitro 14.2.0: mip_multistart=1
mip_numthreads=1

=======================================
          Commercial License
         Artelys Knitro 14.2.0
=======================================

Knitro presolve eliminated 1584 variables and 6288 constraints.

concurrent_evals         0
datacheck                0
findiff_numthreads       1
hessian_no_f             1
hessopt                  1
mip_multistart           1
mip_numthreads           1
Knitro fixing 1584 variables eliminated from the presolve.

Problem Characteristics                                 (   Presolved)
-----------------------
Objective goal:  Minimize
Objective type:  linear
Number of variables:                               3168 (        1584)
    bounded below only:                             792 (           0)
    bounded above only:                               0 (           0)
    bounded below and above:                          0 (        1584)
    fixed:                                            0 (           0)
    free:                                          2376 (           0)
Number of constraints:                             6336 (        1584)
    linear equalities:                               48 (           0)
    quadratic equalities:                             0 (           0)
    gen. nonlinear equalities:                     1584 (        1584)
    linear one-sided inequalities:                 3168 (           0)
    quadratic one-sided inequalities:                 0 (           0)
    gen. nonlinear one-sided inequalities:            0 (           0)
    linear two-sided inequalities:                 1536 (           0)
    quadratic two-sided inequalities:                 0 (           0)
    gen. nonlinear two-sided inequalities:            0 (           0)
Number of nonzeros in Jacobian:                   15648 (        9168)
Number of nonzeros in Hessian:                     5448 (        5280)

Knitro using the Interior-Point/Barrier Direct algorithm.

  Iter      Objective      FeasError   OptError    ||Step||    CGits 
--------  --------------  ----------  ----------  ----------  -------
       0    0.000000e+00   6.000e-02
       4    1.326097e+03   6.708e-14   1.535e-08   2.335e-08        0

EXIT: Locally optimal solution found.

Final Statistics
----------------
Final objective value               =   1.32609746255032e+03
Final feasibility error (abs / rel) =   6.71e-14 / 6.71e-14
Final optimality error  (abs / rel) =   1.53e-08 / 1.53e-10
# of iterations                     =          4 
# of CG iterations                  =          0 
# of function evaluations           =          7
# of gradient evaluations           =          6
# of Hessian evaluations            =          4
Total program time (secs)           =       0.032 (     0.031 CPU time)
Time spent in evaluations (secs)    =       0.006

===============================================================================


