Solver command line: ['C:\\Program Files\\Artelys\\Knitro 14.2.0\\knitroampl\\knitroampl.exe', 'C:\\Users\\HP\\AppData\\Local\\Temp\\tmpre6z6js8.pyomo.nl', '-AMPL', 'mip_multistart=1', 'mip_numthreads=1']

Artelys Knitro 14.2.0: mip_multistart=1
mip_numthreads=1

=======================================
          Commercial License
         Artelys Knitro 14.2.0
=======================================

WARNING: Problem appears to have nonlinear equalities and be non-convex.
         The Knitro mixed integer solver is designed for convex problems.
         For non-convex problems it is only a heuristic, and the reported
         bounds and optimality claims cannot be verified.

concurrent_evals         0
datacheck                0
findiff_numthreads       1
hessian_no_f             1
hessopt                  1
mip_multistart           1
mip_numthreads           1
Knitro changing mip_method from AUTO to 1.
Knitro changing mip_rootalg from AUTO to 1.
Knitro changing mip_lpalg from AUTO to 3.
Knitro changing mip_branchrule from AUTO to 2.
Knitro changing mip_selectrule from AUTO to 2.
Knitro changing mip_mir from AUTO to 2.
Knitro changing mip_clique from AUTO to 0.
Knitro changing mip_zerohalf from AUTO to 0.
Knitro changing mip_liftproject from AUTO to 0.
Knitro changing mip_knapsack from AUTO to 2.
Knitro changing mip_gomory from AUTO to 0.
Knitro changing mip_cut_flowcover from AUTO to 2.
Knitro changing mip_cut_probing from AUTO to 1.
Knitro changing mip_rounding from AUTO to 3.
Knitro changing mip_heuristic_strategy from AUTO to 1.
Knitro changing mip_heuristic_feaspump from AUTO to 1.
Knitro changing mip_heuristic_misqp from AUTO to 0.
Knitro changing mip_heuristic_mpec from AUTO to 1.
Knitro changing mip_heuristic_diving from AUTO to 0.
Knitro changing mip_heuristic_lns from AUTO to 0.
Knitro changing mip_heuristic_localsearch from AUTO to 1.
Knitro changing mip_pseudoinit from AUTO to 1.

Problem Characteristics                                 (   Presolved)
-----------------------
Objective goal:  Minimize
Objective type:  linear
Number of variables:                               9578 (        9578)
    bounded below only:                             792 (         792)
    bounded above only:                               0 (           0)
    bounded below and above:                         37 (          37)
    fixed:                                            0 (           0)
    free:                                          8749 (        8749)
Number of binary variables:                          37 (          37)
Number of integer variables:                          0 (           0)
Number of constraints:                            19153 (       20689)
    linear equalities:                               82 (          82)
    quadratic equalities:                             0 (           0)
    gen. nonlinear equalities:                     1584 (        1584)
    linear one-sided inequalities:                15951 (       19023)
    quadratic one-sided inequalities:                 0 (           0)
    gen. nonlinear one-sided inequalities:            0 (           0)
    linear two-sided inequalities:                 1536 (           0)
    quadratic two-sided inequalities:                 0 (           0)
    gen. nonlinear two-sided inequalities:            0 (           0)
Number of nonzeros in Jacobian:                   39464 (       41000)
Number of nonzeros in Hessian:                     9480 (        9480)

Knitro using Branch and Bound method with 1 thread.

Initial points
--------------
Read provided root node initial point:
    Objective value:    0.000000e+00
    Feasibility error:  5.000000e+00
    Feasible:           no
No primal point provided for the MIP.

Root node relaxation
--------------------

 Iter      Objective      Feasibility        Optimality       Time 
                             error              error        (secs)
 ----      ---------      -----------        ----------      ------
    1        165.414          2.13451          0.447632       0.441
    2        264.833          1.50340           1.03901       0.450
    3        320.174          1.34900           2.18625       0.458
    4        611.596         0.635647           1.53174       0.467
    5        651.642         0.550066           2.67954       0.477
    6        834.409         0.147849           1.00450       0.485
    7        883.544      4.32112e-02          0.255617       0.494
    8        903.014      3.63309e-03       6.32980e-02       0.507
    9        902.976      2.88372e-03       5.67384e-02       0.516
   10        902.955      6.68895e-04       3.48272e-02       0.525
   11        902.957      8.17059e-05       1.92134e-03       0.534
   12        902.957      2.73797e-07       7.45275e-06       0.543
   13        902.957      5.16973e-12       3.54608e-10       0.552
   14        902.957      3.34333e-14       2.37902e-11       0.567

Tree search
-----------

       Nodes        Best solution   Best bound      Gap       Time 
   Expl  |  Unexpl      value         value                  (secs)
   ---------------  -------------   ----------      ---      ------
      1       2                           -inf                0.624
      1       2      906.911   FP         -inf               21.296
     10      11      906.911              -inf               24.694
     20      20      906.911              -inf               28.281
     30      30      906.911              -inf               30.941
     40      40      906.911              -inf               32.855
     50      49      906.911              -inf               35.248
     60      58      906.911              -inf               38.681
     70      68      906.911              -inf               40.586
     80      78      906.911              -inf               42.497
     90      88      906.911              -inf               44.229
    100      98      906.911              -inf               46.031
    110      97      906.911              -inf               46.780
    120      87      906.911              -inf               46.781
    130      77      906.911              -inf               46.782
    140      67      906.911              -inf               46.783
    150      57      906.911              -inf               46.784
    160      47      906.911              -inf               46.785
    170      37      906.911              -inf               46.786
    180      27      906.911              -inf               46.787
    190      17      906.911              -inf               46.788
    200       7      906.911              -inf               46.789
    206       1      906.911           903.424      0.38%    46.789
    210       5      906.911           903.424      0.38%    49.653
    220      15      906.911           903.424      0.38%    53.045
    230      24      906.911           903.424      0.38%    56.740
    240      29      906.911           903.424      0.38%    59.916
    250      38      906.911           903.424      0.38%    64.357
    260      44      906.911           903.424      0.38%    66.189
    270      48      906.911           903.424      0.38%    70.136
    280      52      906.911           903.424      0.38%    72.930
    290      54      906.911           903.424      0.38%    76.890
    300      60      906.911           903.424      0.38%    78.801
    310      66      906.911           903.424      0.38%    81.898
    320      72      906.911           903.424      0.38%    83.747
    330      78      906.911           903.424      0.38%    85.448
    340      84      906.911           903.424      0.38%    88.713
    350      92      906.911           903.424      0.38%    91.416
    360      98      906.911           903.424      0.38%    93.273
    370     104      906.911           903.424      0.38%    95.137
    380     104      906.911           903.440      0.38%    97.285
    390     112      906.911           903.444      0.38%    99.980
    400     122      906.911           903.457      0.38%   101.840
    410     126      906.911           903.489      0.38%   103.926
    420     128      906.911           903.492      0.38%   106.049
    430     136      906.911           903.503      0.38%   107.949
    440     142      906.911           903.535      0.37%   111.090
    450     148      906.911           903.553      0.37%   112.897
    460     154      906.911           903.556      0.37%   115.511
    470     158      906.911           903.560      0.37%   118.801
    480     160      906.911           903.579      0.37%   120.662
    490     166      906.911           903.596      0.37%   123.617
    500     170      906.911           903.616      0.36%   125.871
    510     172      906.911           903.629      0.36%   128.379
    520     178      906.911           903.633      0.36%   131.164
    530     184      906.911           903.641      0.36%   134.090
    540     186      906.911           903.649      0.36%   137.680
    550     192      906.911           903.657      0.36%   139.823
    560     196      906.911           903.670      0.36%   142.288
    570     200      906.911           903.678      0.36%   145.018
    580     204      906.911           903.680      0.36%   148.072
    590     210      906.911           903.684      0.36%   150.998
    600     214      906.911           903.688      0.36%   153.315
    610     216      906.911           903.708      0.35%   155.646
    620     218      906.911           903.711      0.35%   158.219
    630     224      906.911           903.712      0.35%   160.267
    640     228      906.911           903.716      0.35%   164.594
    650     228      906.911           903.721      0.35%   166.747
    660     230      906.911           903.726      0.35%   170.037
    670     236      906.911           903.733      0.35%   173.065
    680     240      906.911           903.736      0.35%   177.816
    690     244      906.911           903.740      0.35%   180.431
    700     246      906.911           903.749      0.35%   182.320
    710     252      906.911           903.751      0.35%   184.732
    720     256      906.911           903.754      0.35%   187.257
    730     258      906.911           903.772      0.35%   189.977
    739     257      906.803 LEAF      903.775      0.33%   192.106
    740     258      906.803           903.775      0.33%   192.255
    750     262      906.803           903.779      0.33%   194.458
    759     265      906.097 LEAF      903.783      0.26%   196.270
    760     266      906.097           903.783      0.26%   196.420
    769     269      905.726 LEAF      903.788      0.21%   198.430
    770     270      905.726           903.788      0.21%   199.235
    780     270      905.726           903.792      0.21%   201.633
    790     272      905.726           903.799      0.21%   204.182
    800     274      905.726           903.801      0.21%   206.769
    810     276      905.726           903.802      0.21%   209.433
    820     280      905.726           903.806      0.21%   212.955
    830     284      905.726           903.808      0.21%   215.414
    840     288      905.726           903.810      0.21%   218.684
    850     294      905.726           903.811      0.21%   221.074
    860     294      905.726           903.820      0.21%   222.953
    870     294      905.726           903.827      0.21%   224.449
    880     302      905.726           903.835      0.21%   226.585
    890     304      905.726           903.844      0.21%   231.995
    900     306      905.726           903.849      0.21%   235.853
    910     308      905.726           903.852      0.21%   238.226
    920     308      905.726           903.867      0.21%   241.832
    930     312      905.726           903.872      0.20%   243.932
    940     314      905.726           903.877      0.20%   245.938
    950     316      905.726           903.878      0.20%   249.799
    960     316      905.726           903.880      0.20%   254.312
    970     314      905.726           903.884      0.20%   257.836
    980     314      905.726           903.885      0.20%   260.103
    990     316      905.726           903.896      0.20%   262.782
   1000     320      905.726           903.911      0.20%   265.094
   1010     320      905.726           903.914      0.20%   267.589
   1020     320      905.726           903.918      0.20%   269.724
   1030     320      905.726           903.922      0.20%   272.386
   1040     322      905.726           903.932      0.20%   276.656
   1050     321      905.726           903.937      0.20%   280.855
   1060     321      905.726           903.940      0.20%   284.235
   1070     321      905.726           903.946      0.20%   287.414
   1080     323      905.726           903.953      0.20%   290.361
   1090     325      905.726           903.955      0.20%   292.814
   1100     327      905.726           903.957      0.20%   296.481
   1110     325      905.726           903.965      0.19%   300.184
   1120     325      905.726           903.969      0.19%   301.952
   1130     331      905.726           903.974      0.19%   304.613
   1140     335      905.726           903.977      0.19%   306.618
   1150     337      905.726           903.980      0.19%   308.978
   1160     337      905.726           903.985      0.19%   311.936
   1170     339      905.726           903.988      0.19%   314.891
   1180     341      905.726           903.990      0.19%   317.398
   1190     337      905.726           903.994      0.19%   320.029
   1200     341      905.726           903.998      0.19%   323.953
   1210     341      905.726           904.001      0.19%   326.620
   1220     341      905.726           904.004      0.19%   328.704
   1230     341      905.726           904.006      0.19%   330.981
   1240     339      905.726           904.011      0.19%   332.937
   1250     339      905.726           904.021      0.19%   335.799
   1260     339      905.726           904.023      0.19%   337.749
   1270     341      905.726           904.031      0.19%   339.968
   1280     341      905.726           904.037      0.19%   342.649
   1290     343      905.726           904.041      0.19%   345.162
   1300     343      905.726           904.048      0.19%   347.884
   1310     343      905.726           904.051      0.19%   350.134
   1320     343      905.726           904.055      0.18%   352.378
   1330     343      905.726           904.057      0.18%   354.543
   1340     347      905.726           904.060      0.18%   356.382
   1350     349      905.726           904.062      0.18%   359.346
   1360     349      905.726           904.063      0.18%   361.662
   1370     353      905.726           904.066      0.18%   364.653
   1380     353      905.726           904.069      0.18%   367.468
   1390     351      905.726           904.071      0.18%   370.610
   1400     351      905.726           904.072      0.18%   372.293
   1410     353      905.726           904.074      0.18%   375.471
   1420     355      905.726           904.077      0.18%   377.470
   1430     353      905.726           904.082      0.18%   380.684
   1440     353      905.726           904.085      0.18%   382.847
   1450     357      905.726           904.093      0.18%   386.386
   1460     355      905.726           904.096      0.18%   388.904
   1470     355      905.726           904.100      0.18%   392.400
   1480     355      905.726           904.103      0.18%   395.440
   1490     357      905.726           904.112      0.18%   398.446
   1500     357      905.726           904.118      0.18%   400.142
   1510     361      905.726           904.128      0.18%   402.279
   1520     359      905.726           904.133      0.18%   406.226
   1530     357      905.726           904.140      0.18%   408.683
   1540     355      905.726           904.144      0.17%   413.074
   1550     355      905.726           904.150      0.17%   415.531
   1560     355      905.726           904.156      0.17%   417.694
   1570     357      905.726           904.158      0.17%   419.898
   1580     357      905.726           904.162      0.17%   421.654
   1590     357      905.726           904.168      0.17%   424.125
   1600     359      905.726           904.171      0.17%   426.744
   1610     361      905.726           904.173      0.17%   429.507
   1620     361      905.726           904.176      0.17%   432.020
   1630     361      905.726           904.180      0.17%   434.011
   1640     361      905.726           904.182      0.17%   435.896
   1650     363      905.726           904.187      0.17%   439.047
   1660     365      905.726           904.189      0.17%   441.978
   1670     365      905.726           904.192      0.17%   446.267
   1680     365      905.726           904.196      0.17%   448.497
   1690     363      905.726           904.200      0.17%   450.634
   1700     367      905.726           904.201      0.17%   452.771
   1710     369      905.726           904.204      0.17%   454.846
   1720     369      905.726           904.206      0.17%   456.454
   1730     373      905.726           904.210      0.17%   458.807
   1740     371      905.726           904.217      0.17%   461.592
   1750     375      905.726           904.220      0.17%   464.347
   1760     377      905.726           904.222      0.17%   466.594
   1770     375      905.726           904.224      0.17%   469.827
   1780     377      905.726           904.227      0.17%   471.483
   1790     379      905.726           904.228      0.17%   473.746
   1800     381      905.726           904.233      0.16%   477.655
   1810     381      905.726           904.238      0.16%   479.467
   1820     381      905.726           904.242      0.16%   481.607
   1830     383      905.726           904.248      0.16%   483.632
   1840     385      905.726           904.251      0.16%   485.791
   1850     385      905.726           904.257      0.16%   487.501
   1860     385      905.726           904.258      0.16%   489.925
   1870     383      905.726           904.267      0.16%   493.031
   1880     387      905.726           904.268      0.16%   496.298
   1890     387      905.726           904.272      0.16%   499.109
   1900     387      905.726           904.274      0.16%   503.124
   1910     389      905.726           904.283      0.16%   505.661
   1920     389      905.726           904.288      0.16%   507.637
   1930     389      905.726           904.293      0.16%   509.653
   1940     389      905.726           904.298      0.16%   512.009
   1950     389      905.726           904.300      0.16%   514.277
   1960     389      905.726           904.301      0.16%   518.458
   1970     387      905.726           904.304      0.16%   521.426
   1980     387      905.726           904.310      0.16%   525.322
   1990     387      905.726           904.315      0.16%   527.899
   2000     389      905.726           904.320      0.16%   530.873
   2010     389      905.726           904.321      0.16%   532.711
   2020     385      905.726           904.329      0.15%   535.195
   2030     387      905.726           904.335      0.15%   537.070
   2040     385      905.726           904.340      0.15%   539.941
   2050     387      905.726           904.341      0.15%   542.817
   2060     387      905.726           904.344      0.15%   544.291
   2070     387      905.726           904.351      0.15%   546.429
   2080     387      905.726           904.355      0.15%   549.025
   2090     389      905.726           904.364      0.15%   551.387
   2100     389      905.726           904.370      0.15%   555.445
   2110     391      905.726           904.376      0.15%   557.032
   2120     389      905.726           904.383      0.15%   560.306
   2130     393      905.726           904.385      0.15%   564.002
   2140     397      905.726           904.389      0.15%   566.617
   2150     397      905.726           904.392      0.15%   569.758
   2160     399      905.726           904.396      0.15%   572.112
   2170     401      905.726           904.404      0.15%   574.716
   2180     399      905.726           904.407      0.15%   577.690
   2190     399      905.726           904.409      0.15%   580.172
   2200     403      905.726           904.411      0.15%   583.092
   2210     405      905.726           904.417      0.14%   586.696
   2220     405      905.726           904.423      0.14%   590.512
   2230     405      905.726           904.427      0.14%   592.518
   2240     407      905.726           904.429      0.14%   595.742
   2250     405      905.726           904.436      0.14%   600.447
   2260     405      905.726           904.443      0.14%   602.358
   2270     407      905.726           904.444      0.14%   603.978
   2280     405      905.726           904.446      0.14%   606.282
   2290     401      905.726           904.449      0.14%   610.194
   2300     403      905.726           904.458      0.14%   613.658
   2310     403      905.726           904.459      0.14%   616.087
   2320     403      905.726           904.463      0.14%   619.166
   2330     407      905.726           904.471      0.14%   621.439
   2340     403      905.726           904.474      0.14%   624.965
   2350     405      905.726           904.481      0.14%   627.624
   2360     407      905.726           904.484      0.14%   629.944
   2370     407      905.726           904.489      0.14%   632.384
   2380     409      905.726           904.492      0.14%   637.303
   2390     413      905.726           904.494      0.14%   641.384
   2400     415      905.726           904.496      0.14%   644.778
   2410     417      905.726           904.499      0.14%   646.920
   2420     419      905.726           904.508      0.13%   650.613
   2430     421      905.726           904.514      0.13%   653.032
   2440     421      905.726           904.519      0.13%   654.612
   2450     419      905.726           904.521      0.13%   658.333
   2460     415      905.726           904.525      0.13%   662.554
   2470     413      905.726           904.528      0.13%   666.156
   2480     413      905.726           904.532      0.13%   667.740
   2490     413      905.726           904.534      0.13%   670.617
   2500     411      905.726           904.543      0.13%   674.713
   2510     411      905.726           904.549      0.13%   677.013
   2520     413      905.726           904.553      0.13%   679.839
   2530     413      905.726           904.556      0.13%   681.790
   2540     415      905.726           904.563      0.13%   683.456
   2550     419      905.726           904.567      0.13%   686.423
   2560     419      905.726           904.575      0.13%   688.703
   2570     417      905.726           904.583      0.13%   691.323
   2580     421      905.726           904.588      0.13%   693.388
   2590     421      905.726           904.596      0.12%   696.720
   2600     423      905.726           904.603      0.12%   699.753
   2610     425      905.726           904.606      0.12%   701.998
   2620     425      905.726           904.608      0.12%   703.698
   2630     423      905.726           904.614      0.12%   706.562
   2640     421      905.726           904.622      0.12%   709.597
   2650     425      905.726           904.627      0.12%   711.954
   2660     425      905.726           904.631      0.12%   714.259
   2670     427      905.726           904.634      0.12%   717.861
   2680     429      905.726           904.640      0.12%   720.083
   2690     427      905.726           904.647      0.12%   723.035
   2700     427      905.726           904.649      0.12%   726.723
   2710     429      905.726           904.661      0.12%   728.655
   2720     429      905.726           904.666      0.12%   730.447
   2730     429      905.726           904.669      0.12%   732.521
   2740     429      905.726           904.672      0.12%   734.959
   2750     425      905.726           904.675      0.12%   737.940
   2760     425      905.726           904.680      0.12%   740.990
   2770     425      905.726           904.682      0.12%   742.913
   2780     425      905.726           904.682      0.12%   745.978
   2790     427      905.726           904.689      0.11%   747.871
   2800     427      905.726           904.692      0.11%   750.340
   2810     425      905.726           904.696      0.11%   751.892
   2820     425      905.726           904.699      0.11%   753.873
   2830     427      905.726           904.701      0.11%   756.085
   2840     429      905.726           904.710      0.11%   758.874
   2850     431      905.726           904.714      0.11%   762.726
   2860     431      905.726           904.724      0.11%   766.172
   2870     431      905.726           904.730      0.11%   769.455
   2880     429      905.726           904.736      0.11%   771.131
   2890     429      905.726           904.740      0.11%   775.058
   2900     429      905.726           904.746      0.11%   778.805
   2910     429      905.726           904.747      0.11%   781.157
   2920     431      905.726           904.754      0.11%   783.500
   2930     433      905.726           904.760      0.11%   785.596
   2940     435      905.726           904.764      0.11%   787.603
   2950     435      905.726           904.774      0.11%   790.048
   2960     437      905.726           904.782      0.10%   792.350
   2970     435      905.726           904.785      0.10%   795.233
   2980     435      905.726           904.791      0.10%   797.444
   2990     435      905.726           904.795      0.10%   799.322
   3000     435      905.726           904.800      0.10%   803.077
   3010     437      905.726           904.805      0.10%   805.797
   3020     439      905.726           904.813      0.10%   807.857
   3030     437      905.726           904.816      0.10%   810.582
   3040     437      905.726           904.818      0.10%   813.920
   3050     437      905.726           904.824      0.10%   816.048
   3060     439      905.726           904.825      0.10%   818.245
   3070     437      905.726           904.830      0.10%   821.104
   3080     437      905.726           904.835      0.10%   825.026
   3090     441      905.726           904.840      0.10%   827.970
   3100     441      905.726           904.843      0.10%   831.595
   3110     441      905.726           904.844      0.10%   834.424
   3120     441      905.726           904.848      0.10%   837.770
   3130     441      905.726           904.852      0.10%   840.402
   3140     441      905.726           904.856      0.10%   842.748
   3150     445      905.726           904.859      0.10%   846.299
   3160     449      905.726           904.861      0.10%   851.215
   3170     455      905.726           904.867      0.09%   855.151
   3180     451      905.726           904.875      0.09%   860.261
   3190     449      905.726           904.878      0.09%   862.667
   3200     449      905.726           904.884      0.09%   866.797
   3210     447      905.726           904.888      0.09%   869.521
   3220     447      905.726           904.894      0.09%   871.504
   3230     449      905.726           904.895      0.09%   873.994
   3240     449      905.726           904.905      0.09%   876.808
   3250     451      905.726           904.911      0.09%   879.430
   3260     449      905.726           904.913      0.09%   882.423
   3270     449      905.726           904.920      0.09%   884.969
   3280     449      905.726           904.928      0.09%   889.287
   3290     447      905.726           904.932      0.09%   892.322
   3300     449      905.726           904.937      0.09%   896.128
   3310     449      905.726           904.938      0.09%   898.609
   3320     447      905.726           904.942      0.09%   901.412
   3330     447      905.726           904.945      0.09%   905.480
   3340     447      905.726           904.946      0.09%   907.231
   3350     447      905.726           904.948      0.09%   912.557
   3360     445      905.726           904.949      0.09%   914.951
   3370     443      905.726           904.954      0.09%   917.931
   3380     439      905.726           904.957      0.08%   920.691
   3390     439      905.726           904.963      0.08%   924.544
   3400     439      905.726           904.964      0.08%   927.444
   3410     439      905.726           904.967      0.08%   930.103
   3420     439      905.726           904.971      0.08%   932.659
   3430     441      905.726           904.974      0.08%   935.213
   3440     443      905.726           904.977      0.08%   937.226
   3450     443      905.726           904.981      0.08%   939.121
   3460     443      905.726           904.983      0.08%   941.506
   3470     443      905.726           904.986      0.08%   943.548
   3480     445      905.726           904.991      0.08%   946.334
   3490     445      905.726           904.996      0.08%   948.290
   3500     443      905.726           905.006      0.08%   952.141
   3510     445      905.726           905.010      0.08%   954.582
   3520     447      905.726           905.013      0.08%   957.119
   3530     447      905.726           905.020      0.08%   959.969
   3540     445      905.726           905.023      0.08%   964.964
   3550     447      905.726           905.025      0.08%   967.758
   3560     447      905.726           905.028      0.08%   970.563
   3570     451      905.726           905.034      0.08%   972.513
   3580     451      905.726           905.038      0.08%   975.239
   3590     451      905.726           905.039      0.08%   977.032
   3600     451      905.726           905.042      0.08%   979.193
   3610     451      905.726           905.045      0.08%   981.842
   3620     449      905.726           905.047      0.07%   983.912
   3630     451      905.726           905.051      0.07%   985.805
   3640     451      905.726           905.053      0.07%   988.342
   3650     449      905.726           905.055      0.07%   991.110
   3660     451      905.726           905.057      0.07%   993.628
   3670     451      905.726           905.064      0.07%   996.833
   3680     449      905.726           905.069      0.07%  1000.730
   3690     451      905.726           905.074      0.07%  1003.211
   3700     449      905.726           905.076      0.07%  1005.343
   3710     449      905.726           905.083      0.07%  1009.118
   3720     447      905.726           905.085      0.07%  1014.354
   3730     449      905.726           905.089      0.07%  1017.038
   3740     451      905.726           905.092      0.07%  1019.910
   3750     453      905.726           905.094      0.07%  1022.425
   3760     457      905.726           905.095      0.07%  1025.559
   3770     457      905.726           905.104      0.07%  1027.755
   3780     455      905.726           905.106      0.07%  1030.073
   3790     455      905.726           905.112      0.07%  1032.518
   3800     457      905.726           905.116      0.07%  1035.376
   3810     455      905.726           905.119      0.07%  1038.256
   3820     455      905.726           905.125      0.07%  1040.218
   3830     455      905.726           905.129      0.07%  1042.393
   3840     455      905.726           905.131      0.07%  1044.786
   3850     457      905.726           905.132      0.07%  1048.888
   3860     457      905.726           905.134      0.07%  1052.321
   3870     457      905.726           905.139      0.06%  1055.335
   3880     455      905.726           905.141      0.06%  1057.788
   3890     455      905.726           905.146      0.06%  1059.749
   3900     455      905.726           905.152      0.06%  1061.536
   3910     453      905.726           905.154      0.06%  1064.551
   3920     455      905.726           905.160      0.06%  1067.539
   3930     451      905.726           905.163      0.06%  1071.995
   3940     449      905.726           905.173      0.06%  1074.743
   3950     451      905.726           905.182      0.06%  1077.774
   3960     451      905.726           905.185      0.06%  1080.634
   3970     451      905.726           905.188      0.06%  1083.803
   3980     451      905.726           905.190      0.06%  1085.697
   3990     447      905.726           905.193      0.06%  1087.937
   4000     447      905.726           905.196      0.06%  1090.754
   4010     449      905.726           905.196      0.06%  1093.315
   4020     447      905.726           905.200      0.06%  1095.770
   4030     447      905.726           905.202      0.06%  1099.203
   4040     445      905.726           905.206      0.06%  1102.434
   4050     445      905.726           905.210      0.06%  1104.504
   4060     445      905.726           905.214      0.06%  1106.453
   4070     443      905.726           905.218      0.06%  1112.386
   4080     445      905.726           905.222      0.06%  1114.979
   4090     445      905.726           905.223      0.06%  1116.765
   4100     443      905.726           905.228      0.06%  1118.690
   4110     443      905.726           905.229      0.05%  1120.978
   4120     443      905.726           905.232      0.05%  1123.676
   4130     441      905.726           905.234      0.05%  1126.317
   4140     439      905.726           905.237      0.05%  1128.982
   4150     437      905.726           905.238      0.05%  1130.767
   4160     437      905.726           905.240      0.05%  1132.439
   4170     435      905.726           905.242      0.05%  1135.764
   4180     437      905.726           905.243      0.05%  1137.955
   4190     437      905.726           905.249      0.05%  1140.056
   4200     437      905.726           905.250      0.05%  1142.846
   4210     437      905.726           905.253      0.05%  1144.352
   4220     437      905.726           905.260      0.05%  1147.654
   4230     435      905.726           905.262      0.05%  1150.485
   4240     433      905.726           905.265      0.05%  1153.599
   4250     435      905.726           905.267      0.05%  1156.730
   4260     433      905.726           905.268      0.05%  1159.644
   4270     435      905.726           905.270      0.05%  1162.572
   4280     435      905.726           905.275      0.05%  1165.208
   4290     435      905.726           905.275      0.05%  1168.038
   4300     435      905.726           905.276      0.05%  1169.847
   4310     435      905.726           905.277      0.05%  1172.396
   4320     433      905.726           905.281      0.05%  1174.807
   4330     433      905.726           905.284      0.05%  1176.752
   4340     435      905.726           905.289      0.05%  1180.433
   4350     433      905.726           905.290      0.05%  1184.032
   4360     435      905.726           905.296      0.05%  1186.813
   4370     433      905.726           905.299      0.05%  1190.086
   4380     433      905.726           905.301      0.05%  1191.772
   4390     431      905.726           905.302      0.05%  1195.322
   4400     429      905.726           905.305      0.05%  1199.073
   4410     425      905.726           905.307      0.05%  1201.634
   4420     423      905.726           905.311      0.05%  1206.148
   4430     423      905.726           905.314      0.05%  1210.125
   4440     421      905.726           905.320      0.04%  1212.510
   4450     419      905.726           905.323      0.04%  1215.629
   4460     419      905.726           905.325      0.04%  1218.156
   4470     417      905.726           905.327      0.04%  1220.633
   4480     417      905.726           905.329      0.04%  1224.348
   4490     415      905.726           905.331      0.04%  1227.182
   4500     415      905.726           905.335      0.04%  1229.668
   4510     413      905.726           905.336      0.04%  1232.450
   4520     415      905.726           905.340      0.04%  1235.245
   4530     415      905.726           905.342      0.04%  1238.640
   4540     415      905.726           905.344      0.04%  1241.180
   4550     413      905.726           905.345      0.04%  1244.810
   4560     413      905.726           905.347      0.04%  1246.942
   4570     413      905.726           905.351      0.04%  1249.148
   4580     415      905.726           905.352      0.04%  1251.883
   4590     415      905.726           905.354      0.04%  1253.636
   4600     415      905.726           905.355      0.04%  1255.935
   4610     415      905.726           905.356      0.04%  1257.785
   4620     415      905.726           905.358      0.04%  1260.649
   4630     415      905.726           905.359      0.04%  1263.358
   4640     417      905.726           905.360      0.04%  1266.507
   4650     415      905.726           905.363      0.04%  1268.862
   4660     415      905.726           905.366      0.04%  1271.317
   4670     415      905.726           905.368      0.04%  1273.206
   4680     415      905.726           905.369      0.04%  1276.391
   4690     415      905.726           905.373      0.04%  1278.772
   4700     415      905.726           905.378      0.04%  1280.709
   4710     415      905.726           905.380      0.04%  1283.049
   4720     413      905.726           905.381      0.04%  1285.412
   4730     413      905.726           905.382      0.04%  1288.000
   4740     411      905.726           905.383      0.04%  1291.157
   4750     409      905.726           905.386      0.04%  1292.977
   4760     405      905.726           905.387      0.04%  1295.197
   4770     405      905.726           905.389      0.04%  1296.879
   4780     403      905.726           905.391      0.04%  1299.328
   4790     399      905.726           905.394      0.04%  1303.764
   4800     397      905.726           905.395      0.04%  1305.302
   4810     397      905.726           905.399      0.04%  1307.750
   4820     397      905.726           905.403      0.04%  1310.081
   4830     397      905.726           905.407      0.04%  1312.664
   4840     391      905.726           905.410      0.03%  1315.178
   4850     387      905.726           905.414      0.03%  1318.060
   4860     387      905.726           905.420      0.03%  1321.734
   4870     387      905.726           905.422      0.03%  1323.397
   4880     383      905.726           905.425      0.03%  1325.647
   4890     381      905.726           905.425      0.03%  1328.134
   4900     381      905.726           905.429      0.03%  1331.519
   4910     379      905.726           905.431      0.03%  1333.228
   4920     377      905.726           905.433      0.03%  1335.835
   4930     377      905.726           905.435      0.03%  1338.824
   4940     375      905.726           905.437      0.03%  1340.905
   4950     373      905.726           905.438      0.03%  1343.025
   4960     373      905.726           905.441      0.03%  1344.597
   4970     375      905.726           905.443      0.03%  1346.607
   4980     375      905.726           905.450      0.03%  1349.006
   4990     373      905.726           905.451      0.03%  1351.048
   5000     373      905.726           905.455      0.03%  1354.392
   5010     371      905.726           905.458      0.03%  1357.394
   5020     369      905.726           905.462      0.03%  1359.810
   5030     367      905.726           905.463      0.03%  1362.583
   5040     367      905.726           905.468      0.03%  1364.877
   5050     367      905.726           905.472      0.03%  1366.941
   5060     367      905.726           905.475      0.03%  1370.063
   5070     365      905.726           905.476      0.03%  1372.245
   5080     363      905.726           905.479      0.03%  1375.218
   5090     363      905.726           905.481      0.03%  1377.781
   5100     361      905.726           905.482      0.03%  1382.050
   5110     361      905.726           905.483      0.03%  1384.499
   5120     359      905.726           905.486      0.03%  1387.203
   5130     357      905.726           905.489      0.03%  1388.651
   5140     357      905.726           905.490      0.03%  1391.266
   5150     351      905.726           905.496      0.03%  1393.832
   5160     349      905.726           905.502      0.02%  1396.771
   5170     347      905.726           905.507      0.02%  1398.552
   5180     345      905.726           905.509      0.02%  1400.667
   5190     343      905.726           905.511      0.02%  1403.653
   5200     341      905.726           905.515      0.02%  1407.702
   5210     339      905.726           905.519      0.02%  1410.310
   5220     337      905.726           905.522      0.02%  1412.666
   5230     337      905.726           905.523      0.02%  1415.410
   5240     337      905.726           905.526      0.02%  1417.867
   5250     335      905.726           905.528      0.02%  1420.398
   5260     333      905.726           905.530      0.02%  1423.010
   5270     329      905.726           905.532      0.02%  1425.725
   5280     325      905.726           905.535      0.02%  1427.784
   5290     323      905.726           905.535      0.02%  1432.094
   5300     321      905.726           905.536      0.02%  1435.067
   5310     317      905.726           905.539      0.02%  1437.977
   5320     313      905.726           905.541      0.02%  1441.103
   5330     313      905.726           905.544      0.02%  1443.375
   5340     311      905.726           905.549      0.02%  1447.571
   5350     309      905.726           905.552      0.02%  1449.906
   5360     305      905.726           905.555      0.02%  1452.072
   5370     303      905.726           905.558      0.02%  1454.402
   5380     301      905.726           905.563      0.02%  1456.129
   5390     299      905.726           905.564      0.02%  1458.860
   5400     299      905.726           905.565      0.02%  1460.472
   5410     297      905.726           905.567      0.02%  1462.856
   5420     297      905.726           905.568      0.02%  1465.645
   5430     293      905.726           905.571      0.02%  1467.954
   5440     291      905.726           905.573      0.02%  1472.358
   5450     291      905.726           905.575      0.02%  1474.122
   5460     289      905.726           905.578      0.02%  1476.800
   5470     283      905.726           905.582      0.02%  1480.165
   5480     281      905.726           905.583      0.02%  1482.307
   5490     281      905.726           905.585      0.02%  1484.561
   5500     279      905.726           905.586      0.02%  1487.707
   5510     279      905.726           905.588      0.02%  1490.690
   5520     279      905.726           905.591      0.01%  1494.073
   5530     277      905.726           905.593      0.01%  1495.632
   5540     271      905.726           905.596      0.01%  1497.497
   5550     265      905.726           905.597      0.01%  1499.161
   5560     259      905.726           905.599      0.01%  1505.298
   5570     255      905.726           905.601      0.01%  1507.692
   5580     255      905.726           905.603      0.01%  1509.579
   5590     253      905.726           905.606      0.01%  1511.103
   5600     251      905.726           905.608      0.01%  1514.379
   5610     251      905.726           905.614      0.01%  1516.528
   5620     251      905.726           905.615      0.01%  1519.549
   5630     249      905.726           905.617      0.01%  1523.217
   5640     245      905.726           905.620      0.01%  1525.566
   5650     243      905.726           905.620      0.01%  1528.032
   5660     239      905.726           905.624      0.01%  1530.219
   5670     235      905.726           905.624      0.01%  1533.845
   5680     231      905.726           905.625      0.01%  1536.540
   5690     227      905.726           905.630      0.01%  1539.565
   5700     227      905.726           905.631      0.01%  1541.932
   5710     225      905.726           905.634      0.01%  1543.924
   5720     223      905.726           905.636      0.01%  1545.657
   5721     222      905.726           905.637      0.01%  1545.812

EXIT: Optimal solution found (assuming convexity).

Final Statistics for MIP
------------------------
Final objective value               =  9.05726340774192e+02
Final bound value                   =  9.05636687970024e+02
Final optimality gap (abs / rel)    =  8.97e-02 / 9.90e-05 (0.01%)
# of root cutting plane rounds      =  2
# of restarts                       =  1
# of nodes processed                =  5721 (1384.382s)
# of strong branching evaluations   =  95 (62.694s)
# of function evaluations           =  230780 (70.447s)
# of gradient evaluations           =  155097 (47.836s)
# of hessian evaluations            =  145926 (251.357s)
# of hessian-vector evaluations     =  0
# of subproblems processed          =  6064 (1520.328s)
Total program time (secs)           =  1545.812 (1537.656 CPU time)
Time spent in evaluations (secs)    =  369.640

Cuts statistics (gen / add)
---------------------------
Knapsack cuts                       =  0 / 0
Mixed-integer rounding cuts         =  5 / 4
Flow-cover cuts                     =  0 / 0
Probing cuts                        =  0 / 0

Heuristics statistics (calls / successes / time)
------------------------------------------------
Feasibility pump                    =  6 / 1 / 24.094s
Rounding heuristic                  =  2 / 0 / 4.397s
MPEC heuristic                      =  92 / 0 / 50.746s
Local search heuristic              =  5 / 0 / 0.560s

===========================================================================


