Solver command line: ['C:\\Program Files\\Artelys\\Knitro 14.2.0\\knitroampl\\knitroampl.exe', 'C:\\Users\\HP\\AppData\\Local\\Temp\\tmpvwdp0nz0.pyomo.nl', '-AMPL', 'mip_multistart=1', 'mip_numthreads=1']

Artelys Knitro 14.2.0: mip_multistart=1
mip_numthreads=1

=======================================
          Commercial License
         Artelys Knitro 14.2.0
=======================================

WARNING: Problem appears to have nonlinear equalities and be non-convex.
         The Knitro mixed integer solver is designed for convex problems.
         For non-convex problems it is only a heuristic, and the reported
         bounds and optimality claims cannot be verified.

concurrent_evals         0
datacheck                0
findiff_numthreads       1
hessian_no_f             1
hessopt                  1
mip_multistart           1
mip_numthreads           1
Knitro changing mip_method from AUTO to 1.
Knitro changing mip_rootalg from AUTO to 1.
Knitro changing mip_lpalg from AUTO to 3.
Knitro changing mip_branchrule from AUTO to 2.
Knitro changing mip_selectrule from AUTO to 2.
Knitro changing mip_mir from AUTO to 2.
Knitro changing mip_clique from AUTO to 0.
Knitro changing mip_zerohalf from AUTO to 0.
Knitro changing mip_liftproject from AUTO to 0.
Knitro changing mip_knapsack from AUTO to 2.
Knitro changing mip_gomory from AUTO to 0.
Knitro changing mip_cut_flowcover from AUTO to 2.
Knitro changing mip_cut_probing from AUTO to 1.
Knitro changing mip_rounding from AUTO to 3.
Knitro changing mip_heuristic_strategy from AUTO to 1.
Knitro changing mip_heuristic_feaspump from AUTO to 1.
Knitro changing mip_heuristic_misqp from AUTO to 0.
Knitro changing mip_heuristic_mpec from AUTO to 1.
Knitro changing mip_heuristic_diving from AUTO to 0.
Knitro changing mip_heuristic_lns from AUTO to 0.
Knitro changing mip_heuristic_localsearch from AUTO to 1.
Knitro changing mip_pseudoinit from AUTO to 1.

Problem Characteristics                                 (   Presolved)
-----------------------
Objective goal:  Minimize
Objective type:  linear
Number of variables:                               9578 (        9578)
    bounded below only:                             792 (         792)
    bounded above only:                               0 (           0)
    bounded below and above:                         37 (          37)
    fixed:                                            0 (           0)
    free:                                          8749 (        8749)
Number of binary variables:                          37 (          37)
Number of integer variables:                          0 (           0)
Number of constraints:                            19153 (       20689)
    linear equalities:                               82 (          82)
    quadratic equalities:                             0 (           0)
    gen. nonlinear equalities:                     1584 (        1584)
    linear one-sided inequalities:                15951 (       19023)
    quadratic one-sided inequalities:                 0 (           0)
    gen. nonlinear one-sided inequalities:            0 (           0)
    linear two-sided inequalities:                 1536 (           0)
    quadratic two-sided inequalities:                 0 (           0)
    gen. nonlinear two-sided inequalities:            0 (           0)
Number of nonzeros in Jacobian:                   39464 (       41000)
Number of nonzeros in Hessian:                     9480 (        9480)

Knitro using Branch and Bound method with 1 thread.

Initial points
--------------
Read provided root node initial point:
    Objective value:    0.000000e+00
    Feasibility error:  5.000000e+00
    Feasible:           no
No primal point provided for the MIP.

Root node relaxation
--------------------

 Iter      Objective      Feasibility        Optimality       Time 
                             error              error        (secs)
 ----      ---------      -----------        ----------      ------
    1        138.759          2.67112          0.483195       0.446
    2        253.591          1.60115          0.743332       0.455
    3        323.822          1.38628           1.39315       0.467
    4        329.885          1.36970           1.34277       0.490
    5        850.614         0.150789           11.3108       0.498
    6        899.415      1.31259e-02           1.79660       0.508
    7        903.203      5.83162e-03          0.261399       0.517
    8        905.532      4.12757e-03          0.137721       0.526
    9        905.510      3.43886e-03          0.121426       0.535
   10        905.440      1.16562e-03       3.61649e-02       0.544
   11        905.442      6.71650e-04       4.86180e-02       0.554
   12        905.438      2.81198e-05       1.27466e-03       0.563
   13        905.438      5.26628e-07       1.99183e-05       0.573
   14        905.438      3.62047e-11       3.03217e-09       0.581
   15        905.438      3.29736e-14       3.35423e-09       0.595

Tree search
-----------

       Nodes        Best solution   Best bound      Gap       Time 
   Expl  |  Unexpl      value         value                  (secs)
   ---------------  -------------   ----------      ---      ------
      1       2                           -inf                0.811
      1       2      911.856   FP         -inf               17.185
     10      10      911.856              -inf               20.077
     20      20      911.856              -inf               23.100
     30      29      911.856              -inf               26.089
     40      37      911.856              -inf               29.335
     50      47      911.856              -inf               32.060
     60      57      911.856              -inf               34.901
     70      66      911.856              -inf               37.196
     80      74      911.856              -inf               39.467
     90      81      911.856              -inf               43.220
    100      90      911.856              -inf               46.656
    110      98      911.856              -inf               49.203
    120      97      911.856              -inf               49.848
    130      87      911.856              -inf               49.849
    140      77      911.856              -inf               49.850
    150      67      911.856              -inf               49.851
    160      57      911.856              -inf               49.852
    170      47      911.856              -inf               49.853
    180      37      911.856              -inf               49.854
    190      27      911.856              -inf               49.855
    200      17      911.856              -inf               49.856
    210       7      911.856              -inf               49.857
    216       1      911.856           905.803      0.66%    49.861
    220       4      911.856           905.803      0.66%    51.860
    230      13      911.856           905.803      0.66%    54.607
    240      19      911.856           905.803      0.66%    59.405
    250      28      911.856           905.803      0.66%    64.040
    260      34      911.856           905.803      0.66%    67.957
    270      41      911.856           905.813      0.66%    70.584
    280      48      911.856           905.816      0.66%    74.173
    290      56      911.856           905.860      0.66%    76.518
    300      62      911.856           905.873      0.66%    78.442
    310      72      911.856           905.876      0.66%    81.140
    320      82      911.856           905.911      0.65%    82.843
    330      89      911.856           905.944      0.65%    85.785
    340      95      911.856           905.964      0.65%    87.631
    350     103      911.856           905.992      0.64%    89.418
    360     107      911.856           906.023      0.64%    90.828
    370     115      911.856           906.030      0.64%    92.279
    380     121      911.856           906.042      0.64%    94.254
    390     127      911.856           906.049      0.64%    96.301
    400     133      911.856           906.095      0.63%    97.930
    410     139      911.856           906.108      0.63%   100.020
    420     145      911.856           906.124      0.63%   102.160
    430     151      911.856           906.137      0.63%   104.609
    440     155      911.856           906.148      0.63%   106.728
    450     161      911.856           906.155      0.63%   109.680
    460     167      911.856           906.162      0.62%   112.228
    470     175      911.856           906.171      0.62%   114.349
    480     181      911.856           906.175      0.62%   116.935
    490     187      911.856           906.190      0.62%   119.506
    500     197      911.856           906.201      0.62%   121.343
    510     203      911.856           906.207      0.62%   123.445
    520     213      911.856           906.239      0.62%   125.126
    530     219      911.856           906.245      0.62%   126.874
    540     227      911.856           906.250      0.61%   128.420
    550     231      911.856           906.254      0.61%   130.474
    560     239      911.856           906.269      0.61%   132.131
    570     247      911.856           906.276      0.61%   133.907
    580     255      911.856           906.285      0.61%   136.708
    590     261      911.856           906.297      0.61%   138.994
    600     267      911.856           906.301      0.61%   140.683
    610     273      911.856           906.313      0.61%   143.125
    620     283      911.856           906.336      0.61%   144.997
    630     291      911.856           906.339      0.61%   147.706
    640     295      911.856           906.350      0.60%   149.545
    650     297      911.856           906.352      0.60%   152.145
    660     303      911.856           906.357      0.60%   154.482
    670     311      911.856           906.367      0.60%   156.159
    680     315      911.856           906.374      0.60%   158.501
    690     321      911.856           906.378      0.60%   160.920
    700     327      911.856           906.399      0.60%   163.098
    710     333      911.856           906.400      0.60%   164.861
    720     341      911.856           906.404      0.60%   166.495
    730     343      911.856           906.410      0.60%   169.988
    740     345      911.856           906.419      0.60%   172.235
    750     351      911.856           906.424      0.60%   174.019
    760     353      911.856           906.428      0.60%   176.084
    770     359      911.856           906.436      0.59%   177.599
    780     365      911.856           906.447      0.59%   179.446
    790     369      911.856           906.464      0.59%   181.796
    800     375      911.856           906.466      0.59%   183.924
    810     381      911.856           906.469      0.59%   186.132
    820     383      911.856           906.473      0.59%   188.246
    830     387      911.856           906.476      0.59%   190.921
    840     389      911.856           906.479      0.59%   195.426
    850     391      911.856           906.482      0.59%   197.270
    860     393      911.856           906.489      0.59%   198.943
    870     395      911.856           906.494      0.59%   201.525
    880     401      911.856           906.498      0.59%   204.103
    890     401      911.856           906.508      0.59%   206.901
    900     405      911.856           906.509      0.59%   208.776
    906     407      911.727 LEAF      906.510      0.57%   209.894
    910     409      911.727           906.510      0.57%   210.775
    916     411      910.770 LEAF      906.511      0.47%   211.703
    918     411      908.123 LEAF      906.511      0.18%   211.994
    920     411      908.123           906.513      0.18%   212.297
    930     413      908.123           906.516      0.18%   214.504
    940     413      908.123           906.522      0.18%   218.311
    950     415      908.123           906.525      0.18%   220.673
    960     415      908.123           906.527      0.18%   222.763
    970     417      908.123           906.534      0.18%   224.476
    980     419      908.123           906.541      0.17%   226.205
    990     421      908.123           906.544      0.17%   229.380
   1000     421      908.123           906.549      0.17%   231.312
   1010     421      908.123           906.557      0.17%   233.222
   1020     421      908.123           906.558      0.17%   235.258
   1030     421      908.123           906.558      0.17%   236.969
   1040     423      908.123           906.567      0.17%   239.762
   1050     421      908.123           906.573      0.17%   242.531
   1060     421      908.123           906.577      0.17%   244.088
   1070     421      908.123           906.583      0.17%   246.970
   1080     423      908.123           906.585      0.17%   248.470
   1090     423      908.123           906.590      0.17%   250.145
   1100     425      908.123           906.592      0.17%   251.968
   1110     427      908.123           906.596      0.17%   254.145
   1120     429      908.123           906.601      0.17%   255.888
   1130     429      908.123           906.603      0.17%   257.914
   1140     431      908.123           906.613      0.17%   259.831
   1150     431      908.123           906.616      0.17%   261.767
   1160     433      908.123           906.621      0.17%   263.901
   1170     433      908.123           906.628      0.16%   267.259
   1180     433      908.123           906.633      0.16%   269.236
   1190     433      908.123           906.638      0.16%   271.479
   1200     435      908.123           906.642      0.16%   273.281
   1210     435      908.123           906.646      0.16%   275.267
   1220     437      908.123           906.650      0.16%   277.207
   1230     443      908.123           906.652      0.16%   279.703
   1240     441      908.123           906.654      0.16%   281.976
   1250     441      908.123           906.664      0.16%   284.130
   1260     441      908.123           906.668      0.16%   286.993
   1270     443      908.123           906.668      0.16%   289.126
   1280     443      908.123           906.672      0.16%   291.562
   1290     445      908.123           906.676      0.16%   295.256
   1300     449      908.123           906.678      0.16%   297.967
   1310     453      908.123           906.682      0.16%   299.883
   1320     455      908.123           906.686      0.16%   302.497
   1330     455      908.123           906.689      0.16%   304.401
   1340     455      908.123           906.692      0.16%   305.884
   1350     457      908.123           906.695      0.16%   308.914
   1360     457      908.123           906.699      0.16%   311.149
   1370     457      908.123           906.702      0.16%   312.694
   1380     457      908.123           906.703      0.16%   314.905
   1390     457      908.123           906.704      0.16%   316.636
   1400     457      908.123           906.708      0.16%   319.002
   1410     457      908.123           906.710      0.16%   321.028
   1420     459      908.123           906.712      0.16%   322.651
   1430     459      908.123           906.714      0.16%   325.082
   1440     461      908.123           906.718      0.15%   326.618
   1450     467      908.123           906.722      0.15%   328.256
   1460     469      908.123           906.724      0.15%   330.395
   1470     469      908.123           906.728      0.15%   332.214
   1480     469      908.123           906.730      0.15%   333.866
   1490     469      908.123           906.733      0.15%   336.123
   1500     469      908.123           906.735      0.15%   337.759
   1510     471      908.123           906.737      0.15%   339.353
   1520     471      908.123           906.737      0.15%   340.866
   1530     471      908.123           906.739      0.15%   342.877
   1540     471      908.123           906.740      0.15%   345.257
   1550     473      908.123           906.742      0.15%   347.391
   1560     475      908.123           906.744      0.15%   349.072
   1570     481      908.123           906.749      0.15%   350.992
   1580     481      908.123           906.752      0.15%   352.984
   1590     481      908.123           906.752      0.15%   354.307
   1600     483      908.123           906.755      0.15%   356.217
   1610     483      908.123           906.759      0.15%   359.965
   1620     483      908.123           906.763      0.15%   361.224
   1630     481      908.123           906.767      0.15%   364.117
   1640     481      908.123           906.777      0.15%   365.953
   1650     481      908.123           906.778      0.15%   368.503
   1660     481      908.123           906.779      0.15%   371.257
   1670     481      908.123           906.782      0.15%   372.768
   1680     481      908.123           906.783      0.15%   374.747
   1690     483      908.123           906.785      0.15%   376.887
   1700     483      908.123           906.787      0.15%   379.621
   1710     485      908.123           906.789      0.15%   381.913
   1720     483      908.123           906.794      0.15%   384.524
   1730     485      908.123           906.795      0.15%   386.146
   1740     485      908.123           906.801      0.15%   388.389
   1750     489      908.123           906.806      0.14%   390.377
   1760     487      908.123           906.811      0.14%   392.946
   1770     487      908.123           906.812      0.14%   394.862
   1780     489      908.123           906.816      0.14%   397.340
   1790     489      908.123           906.818      0.14%   400.737
   1800     491      908.123           906.819      0.14%   403.075
   1810     491      908.123           906.821      0.14%   405.397
   1820     491      908.123           906.823      0.14%   407.269
   1830     491      908.123           906.824      0.14%   408.996
   1840     491      908.123           906.825      0.14%   410.440
   1850     493      908.123           906.827      0.14%   412.351
   1860     493      908.123           906.831      0.14%   414.454
   1870     493      908.123           906.833      0.14%   417.285
   1880     493      908.123           906.834      0.14%   419.022
   1890     493      908.123           906.839      0.14%   420.188
   1900     493      908.123           906.841      0.14%   422.454
   1910     493      908.123           906.849      0.14%   425.334
   1920     491      908.123           906.852      0.14%   428.431
   1930     491      908.123           906.853      0.14%   430.586
   1940     491      908.123           906.854      0.14%   432.967
   1950     493      908.123           906.860      0.14%   434.543
   1960     495      908.123           906.861      0.14%   436.164
   1970     495      908.123           906.865      0.14%   438.412
   1980     495      908.123           906.868      0.14%   440.351
   1990     493      908.123           906.872      0.14%   443.605
   2000     493      908.123           906.874      0.14%   445.773
   2010     493      908.123           906.877      0.14%   447.370
   2020     493      908.123           906.880      0.14%   450.040
   2030     493      908.123           906.881      0.14%   451.710
   2040     495      908.123           906.886      0.14%   454.016
   2050     497      908.123           906.887      0.14%   455.756
   2060     497      908.123           906.889      0.14%   457.031
   2070     497      908.123           906.893      0.14%   459.574
   2080     497      908.123           906.896      0.14%   461.014
   2090     497      908.123           906.898      0.13%   462.851
   2100     497      908.123           906.899      0.13%   465.010
   2110     497      908.123           906.900      0.13%   466.904
   2120     499      908.123           906.905      0.13%   469.055
   2130     499      908.123           906.910      0.13%   470.810
   2140     501      908.123           906.913      0.13%   472.767
   2150     501      908.123           906.916      0.13%   474.822
   2160     503      908.123           906.918      0.13%   477.094
   2170     503      908.123           906.919      0.13%   479.400
   2180     503      908.123           906.921      0.13%   480.983
   2190     503      908.123           906.925      0.13%   483.047
   2200     503      908.123           906.929      0.13%   485.440
   2210     505      908.123           906.931      0.13%   487.085
   2220     505      908.123           906.933      0.13%   489.932
   2230     511      908.123           906.938      0.13%   491.660
   2240     509      908.123           906.942      0.13%   493.669
   2250     511      908.123           906.945      0.13%   495.860
   2260     511      908.123           906.952      0.13%   497.485
   2270     513      908.123           906.955      0.13%   499.136
   2280     513      908.123           906.956      0.13%   501.269
   2290     517      908.123           906.968      0.13%   503.868
   2300     521      908.123           906.970      0.13%   505.522
   2310     519      908.123           906.974      0.13%   507.589
   2320     521      908.123           906.981      0.13%   509.691
   2330     523      908.123           906.985      0.13%   512.527
   2340     525      908.123           906.986      0.13%   514.451
   2350     527      908.123           906.993      0.12%   516.380
   2360     525      908.123           906.998      0.12%   518.706
   2370     525      908.123           907.005      0.12%   520.656
   2380     525      908.123           907.008      0.12%   523.718
   2390     527      908.123           907.011      0.12%   525.568
   2400     527      908.123           907.015      0.12%   528.669
   2410     527      908.123           907.019      0.12%   529.833
   2420     527      908.123           907.025      0.12%   531.761
   2430     527      908.123           907.034      0.12%   533.784
   2440     527      908.123           907.037      0.12%   535.341
   2450     527      908.123           907.041      0.12%   536.804
   2460     531      908.123           907.046      0.12%   538.758
   2470     531      908.123           907.047      0.12%   540.808
   2480     533      908.123           907.047      0.12%   543.464
   2490     533      908.123           907.049      0.12%   545.083
   2500     535      908.123           907.053      0.12%   546.963
   2510     535      908.123           907.056      0.12%   548.586
   2520     537      908.123           907.063      0.12%   550.496
   2530     537      908.123           907.070      0.12%   553.021
   2540     535      908.123           907.073      0.12%   555.657
   2550     535      908.123           907.074      0.12%   558.737
   2560     535      908.123           907.077      0.12%   560.548
   2570     537      908.123           907.081      0.11%   561.992
   2580     539      908.123           907.085      0.11%   564.330
   2590     539      908.123           907.087      0.11%   565.666
   2600     539      908.123           907.089      0.11%   568.146
   2610     539      908.123           907.092      0.11%   570.020
   2620     539      908.123           907.093      0.11%   572.214
   2630     537      908.123           907.094      0.11%   575.266
   2640     539      908.123           907.096      0.11%   577.727
   2650     537      908.123           907.096      0.11%   580.009
   2660     535      908.123           907.097      0.11%   582.231
   2670     541      908.123           907.099      0.11%   583.722
   2680     541      908.123           907.102      0.11%   587.041
   2690     541      908.123           907.105      0.11%   589.703
   2700     541      908.123           907.108      0.11%   591.556
   2710     541      908.123           907.115      0.11%   593.638
   2720     539      908.123           907.121      0.11%   595.355
   2730     537      908.123           907.123      0.11%   599.053
   2740     537      908.123           907.128      0.11%   601.086
   2750     537      908.123           907.129      0.11%   602.571
   2760     536      908.123           907.133      0.11%   604.730
   2770     536      908.123           907.136      0.11%   607.035
   2780     538      908.123           907.137      0.11%   609.985
   2790     538      908.123           907.139      0.11%   612.182
   2800     538      908.123           907.140      0.11%   613.567
   2810     540      908.123           907.142      0.11%   615.261
   2820     542      908.123           907.147      0.11%   616.802
   2830     542      908.123           907.151      0.11%   618.555
   2840     542      908.123           907.153      0.11%   621.244
   2850     544      908.123           907.157      0.11%   623.204
   2860     544      908.123           907.162      0.11%   624.830
   2870     540      908.123           907.166      0.11%   626.331
   2880     540      908.123           907.170      0.10%   628.687
   2890     540      908.123           907.171      0.10%   631.255
   2900     542      908.123           907.176      0.10%   632.957
   2910     544      908.123           907.180      0.10%   635.003
   2920     546      908.123           907.183      0.10%   636.739
   2930     548      908.123           907.184      0.10%   639.099
   2940     548      908.123           907.186      0.10%   640.886
   2950     550      908.123           907.188      0.10%   642.550
   2960     554      908.123           907.192      0.10%   645.053
   2970     552      908.123           907.194      0.10%   647.721
   2980     552      908.123           907.198      0.10%   650.425
   2990     552      908.123           907.200      0.10%   652.567
   3000     554      908.123           907.206      0.10%   654.621
   3010     554      908.123           907.209      0.10%   656.553
   3020     552      908.123           907.210      0.10%   658.287
   3030     554      908.123           907.212      0.10%   660.861
   3040     550      908.123           907.214      0.10%   664.095
   3050     550      908.123           907.221      0.10%   665.695
   3060     550      908.123           907.225      0.10%   667.533
   3070     550      908.123           907.229      0.10%   669.345
   3080     552      908.123           907.232      0.10%   671.196
   3090     554      908.123           907.232      0.10%   674.071
   3100     554      908.123           907.236      0.10%   676.057
   3110     554      908.123           907.236      0.10%   677.857
   3120     554      908.123           907.240      0.10%   679.959
   3130     556      908.123           907.244      0.10%   681.414
   3140     558      908.123           907.246      0.10%   683.453
   3150     558      908.123           907.250      0.10%   684.939
   3160     558      908.123           907.254      0.10%   687.436
   3170     558      908.123           907.255      0.10%   690.349
   3180     560      908.123           907.259      0.10%   692.420
   3190     562      908.123           907.261      0.09%   693.858
   3200     560      908.123           907.263      0.09%   695.575
   3210     558      908.123           907.265      0.09%   697.671
   3220     558      908.123           907.267      0.09%   699.454
   3230     558      908.123           907.272      0.09%   700.786
   3240     558      908.123           907.273      0.09%   702.627
   3250     562      908.123           907.277      0.09%   704.901
   3260     562      908.123           907.280      0.09%   707.322
   3270     564      908.123           907.280      0.09%   709.494
   3280     564      908.123           907.282      0.09%   711.462
   3290     566      908.123           907.285      0.09%   714.141
   3300     564      908.123           907.287      0.09%   716.378
   3310     562      908.123           907.290      0.09%   718.667
   3320     564      908.123           907.294      0.09%   721.206
   3330     564      908.123           907.296      0.09%   723.735
   3340     566      908.123           907.298      0.09%   726.054
   3350     566      908.123           907.300      0.09%   727.455
   3360     566      908.123           907.302      0.09%   728.937
   3370     562      908.123           907.305      0.09%   731.815
   3380     562      908.123           907.307      0.09%   734.292
   3390     562      908.123           907.311      0.09%   737.516
   3400     564      908.123           907.313      0.09%   739.234
   3410     566      908.123           907.316      0.09%   741.387
   3420     566      908.123           907.317      0.09%   743.084
   3430     566      908.123           907.318      0.09%   745.498
   3440     568      908.123           907.323      0.09%   747.394
   3450     568      908.123           907.325      0.09%   750.250
   3460     568      908.123           907.327      0.09%   751.979
   3470     564      908.123           907.334      0.09%   756.149
   3480     564      908.123           907.337      0.09%   758.461
   3490     564      908.123           907.339      0.09%   761.016
   3500     564      908.123           907.342      0.09%   763.479
   3510     562      908.123           907.343      0.09%   767.174
   3520     566      908.123           907.346      0.09%   769.392
   3530     566      908.123           907.347      0.09%   771.587
   3540     566      908.123           907.351      0.09%   773.668
   3550     566      908.123           907.355      0.08%   776.241
   3560     566      908.123           907.356      0.08%   778.080
   3570     568      908.123           907.358      0.08%   780.336
   3580     570      908.123           907.359      0.08%   782.063
   3590     572      908.123           907.363      0.08%   783.676
   3600     574      908.123           907.365      0.08%   786.224
   3610     574      908.123           907.368      0.08%   787.719
   3620     576      908.123           907.371      0.08%   789.225
   3630     576      908.123           907.374      0.08%   791.076
   3640     576      908.123           907.377      0.08%   792.871
   3650     576      908.123           907.378      0.08%   795.497
   3660     576      908.123           907.380      0.08%   797.973
   3670     578      908.123           907.382      0.08%   799.822
   3680     580      908.123           907.384      0.08%   801.385
   3690     582      908.123           907.386      0.08%   803.595
   3700     582      908.123           907.387      0.08%   806.335
   3710     580      908.123           907.390      0.08%   808.737
   3720     580      908.123           907.393      0.08%   810.318
   3730     580      908.123           907.398      0.08%   813.203
   3740     579      908.123           907.399      0.08%   815.350
   3750     579      908.123           907.403      0.08%   817.428
   3760     579      908.123           907.404      0.08%   819.202
   3770     579      908.123           907.405      0.08%   821.153
   3780     579      908.123           907.408      0.08%   823.241
   3790     579      908.123           907.409      0.08%   825.452
   3800     579      908.123           907.413      0.08%   827.560
   3810     581      908.123           907.415      0.08%   830.362
   3820     581      908.123           907.417      0.08%   832.070
   3830     581      908.123           907.418      0.08%   833.952
   3840     579      908.123           907.423      0.08%   835.638
   3850     579      908.123           907.424      0.08%   838.135
   3860     579      908.123           907.426      0.08%   840.211
   3870     579      908.123           907.429      0.08%   841.760
   3880     581      908.123           907.433      0.08%   843.589
   3890     579      908.123           907.436      0.08%   846.352
   3900     581      908.123           907.438      0.08%   848.699
   3910     581      908.123           907.439      0.08%   850.843
   3920     581      908.123           907.441      0.08%   852.821
   3930     583      908.123           907.443      0.07%   854.900
   3940     581      908.123           907.444      0.07%   857.648
   3950     581      908.123           907.446      0.07%   860.208
   3960     579      908.123           907.448      0.07%   862.004
   3970     583      908.123           907.450      0.07%   864.063
   3980     583      908.123           907.451      0.07%   865.855
   3990     583      908.123           907.454      0.07%   867.959
   4000     585      908.123           907.456      0.07%   870.442
   4010     585      908.123           907.459      0.07%   871.850
   4020     585      908.123           907.460      0.07%   873.751
   4030     583      908.123           907.464      0.07%   876.705
   4040     585      908.123           907.467      0.07%   878.642
   4050     585      908.123           907.470      0.07%   882.145
   4060     585      908.123           907.473      0.07%   884.278
   4070     583      908.123           907.476      0.07%   887.443
   4080     585      908.123           907.479      0.07%   889.324
   4090     587      908.123           907.480      0.07%   891.474
   4100     587      908.123           907.482      0.07%   894.091
   4110     585      908.123           907.484      0.07%   895.706
   4120     585      908.123           907.486      0.07%   898.269
   4130     587      908.123           907.487      0.07%   900.641
   4140     587      908.123           907.488      0.07%   902.626
   4150     585      908.123           907.489      0.07%   905.447
   4160     589      908.123           907.490      0.07%   907.523
   4170     589      908.123           907.491      0.07%   908.979
   4180     589      908.123           907.496      0.07%   910.920
   4190     589      908.123           907.499      0.07%   912.514
   4200     587      908.123           907.501      0.07%   915.397
   4210     587      908.123           907.502      0.07%   919.231
   4220     587      908.123           907.504      0.07%   921.106
   4230     587      908.123           907.505      0.07%   923.523
   4240     589      908.123           907.509      0.07%   925.400
   4250     589      908.123           907.510      0.07%   927.106
   4260     589      908.123           907.513      0.07%   928.929
   4270     591      908.123           907.513      0.07%   931.100
   4280     589      908.123           907.515      0.07%   932.772
   4290     587      908.123           907.519      0.07%   934.901
   4300     589      908.123           907.520      0.07%   936.490
   4310     591      908.123           907.522      0.07%   939.386
   4320     585      908.123           907.525      0.07%   941.175
   4330     587      908.123           907.528      0.07%   942.624
   4340     587      908.123           907.529      0.07%   944.164
   4350     589      908.123           907.531      0.07%   946.070
   4360     589      908.123           907.535      0.06%   949.297
   4370     591      908.123           907.536      0.06%   951.402
   4380     591      908.123           907.539      0.06%   954.460
   4390     589      908.123           907.539      0.06%   956.261
   4400     589      908.123           907.541      0.06%   957.827
   4410     591      908.123           907.543      0.06%   960.109
   4420     591      908.123           907.544      0.06%   962.039
   4430     591      908.123           907.546      0.06%   963.693
   4440     591      908.123           907.549      0.06%   966.126
   4450     591      908.123           907.550      0.06%   969.045
   4460     591      908.123           907.554      0.06%   971.156
   4470     589      908.123           907.556      0.06%   975.649
   4480     589      908.123           907.558      0.06%   977.727
   4490     589      908.123           907.561      0.06%   979.321
   4500     587      908.123           907.562      0.06%   981.894
   4510     587      908.123           907.564      0.06%   983.828
   4520     587      908.123           907.566      0.06%   985.841
   4530     587      908.123           907.567      0.06%   987.760
   4540     587      908.123           907.569      0.06%   989.918
   4550     589      908.123           907.571      0.06%   991.894
   4560     587      908.123           907.574      0.06%   994.653
   4570     585      908.123           907.576      0.06%   997.353
   4580     585      908.123           907.579      0.06%   999.886
   4590     587      908.123           907.582      0.06%  1001.829
   4600     587      908.123           907.583      0.06%  1005.056
   4610     587      908.123           907.586      0.06%  1007.537
   4620     587      908.123           907.587      0.06%  1009.027
   4630     589      908.123           907.589      0.06%  1010.876
   4640     589      908.123           907.591      0.06%  1012.441
   4650     589      908.123           907.594      0.06%  1014.504
   4660     589      908.123           907.598      0.06%  1016.871
   4670     587      908.123           907.600      0.06%  1018.595
   4680     587      908.123           907.603      0.06%  1020.571
   4690     587      908.123           907.606      0.06%  1023.244
   4700     587      908.123           907.609      0.06%  1025.457
   4710     587      908.123           907.612      0.06%  1027.962
   4720     585      908.123           907.615      0.06%  1030.791
   4730     585      908.123           907.616      0.06%  1032.221
   4740     585      908.123           907.620      0.06%  1034.462
   4750     585      908.123           907.620      0.06%  1036.331
   4760     589      908.123           907.622      0.06%  1037.917
   4770     585      908.123           907.625      0.05%  1041.573
   4780     585      908.123           907.627      0.05%  1043.415
   4790     587      908.123           907.629      0.05%  1045.016
   4800     587      908.123           907.630      0.05%  1047.364
   4810     587      908.123           907.631      0.05%  1049.517
   4820     589      908.123           907.634      0.05%  1052.068
   4830     587      908.123           907.637      0.05%  1055.203
   4840     587      908.123           907.641      0.05%  1057.573
   4850     589      908.123           907.643      0.05%  1059.624
   4860     589      908.123           907.644      0.05%  1061.809
   4861     588      908.088 LEAF      907.644      0.05%  1061.879
   4870     589      908.088           907.646      0.05%  1064.379
   4880     589      908.088           907.654      0.05%  1066.498
   4890     591      908.088           907.657      0.05%  1068.892
   4900     591      908.088           907.658      0.05%  1070.950
   4910     589      908.088           907.660      0.05%  1073.133
   4920     587      908.088           907.663      0.05%  1076.965
   4930     583      908.088           907.666      0.05%  1079.393
   4940     585      908.088           907.668      0.05%  1080.963
   4950     587      908.088           907.672      0.05%  1082.920
   4960     587      908.088           907.673      0.05%  1085.167
   4970     587      908.088           907.675      0.05%  1087.082
   4980     587      908.088           907.676      0.05%  1090.364
   4990     585      908.088           907.679      0.05%  1093.721
   5000     585      908.088           907.682      0.04%  1096.730
   5010     585      908.088           907.686      0.04%  1098.528
   5020     587      908.088           907.688      0.04%  1101.029
   5030     587      908.088           907.689      0.04%  1102.985
   5040     585      908.088           907.691      0.04%  1104.969
   5050     585      908.088           907.692      0.04%  1106.688
   5060     585      908.088           907.694      0.04%  1108.803
   5070     583      908.088           907.694      0.04%  1111.616
   5080     583      908.088           907.695      0.04%  1113.050
   5090     583      908.088           907.696      0.04%  1114.834
   5100     583      908.088           907.698      0.04%  1116.895
   5110     583      908.088           907.701      0.04%  1119.470
   5120     585      908.088           907.706      0.04%  1121.852
   5130     585      908.088           907.708      0.04%  1123.313
   5140     585      908.088           907.710      0.04%  1124.600
   5150     585      908.088           907.713      0.04%  1126.448
   5160     583      908.088           907.713      0.04%  1128.504
   5170     583      908.088           907.715      0.04%  1131.754
   5180     581      908.088           907.715      0.04%  1133.540
   5190     581      908.088           907.716      0.04%  1135.852
   5200     579      908.088           907.718      0.04%  1139.088
   5210     581      908.088           907.719      0.04%  1140.956
   5214     581      907.875 MPEC      907.721      0.02%  1141.722
   5220     581      907.875           907.723      0.02%  1143.057
   5230     577      907.875           907.723      0.02%  1145.259
   5240     577      907.875           907.726      0.02%  1147.648
   5250     577      907.875           907.727      0.02%  1149.683
   5260     577      907.875           907.728      0.02%  1151.854
   5270     575      907.875           907.728      0.02%  1154.399
   5280     571      907.875           907.729      0.02%  1156.773
   5290     571      907.875           907.732      0.02%  1159.098
   5300     569      907.875           907.733      0.02%  1160.603
   5310     567      907.875           907.734      0.02%  1162.630
   5320     565      907.875           907.736      0.02%  1164.506
   5330     563      907.875           907.742      0.01%  1166.423
   5340     559      907.875           907.745      0.01%  1168.970
   5350     559      907.875           907.746      0.01%  1170.871
   5360     557      907.875           907.747      0.01%  1173.427
   5370     557      907.875           907.748      0.01%  1175.268
   5380     555      907.875           907.751      0.01%  1177.633
   5390     555      907.875           907.752      0.01%  1179.988
   5400     555      907.875           907.754      0.01%  1181.475
   5410     555      907.875           907.755      0.01%  1183.556
   5420     553      907.875           907.758      0.01%  1184.995
   5430     553      907.875           907.759      0.01%  1186.898
   5440     553      907.875           907.761      0.01%  1188.826
   5450     553      907.875           907.762      0.01%  1190.745
   5460     551      907.875           907.763      0.01%  1192.930
   5470     547      907.875           907.765      0.01%  1194.796
   5480     543      907.875           907.766      0.01%  1198.224
   5490     543      907.875           907.769      0.01%  1199.966
   5500     541      907.875           907.772      0.01%  1202.271
   5510     539      907.875           907.772      0.01%  1204.579
   5520     537      907.875           907.774      0.01%  1206.576
   5530     535      907.875           907.776      0.01%  1208.282
   5540     531      907.875           907.778      0.01%  1210.037
   5550     527      907.875           907.780      0.01%  1212.221
   5560     525      907.875           907.780      0.01%  1214.284
   5570     519      907.875           907.782      0.01%  1216.598
   5580     517      907.875           907.785      0.01%  1218.412
   5581     516      907.875           907.785      0.01%  1218.693

EXIT: Optimal solution found (assuming convexity).

Final Statistics for MIP
------------------------
Final objective value               =  9.07875391351992e+02
Final bound value                   =  9.07784639776399e+02
Final optimality gap (abs / rel)    =  9.08e-02 / 1.00e-04 (0.01%)
# of root cutting plane rounds      =  2
# of restarts                       =  1
# of nodes processed                =  5581 (1069.724s)
# of strong branching evaluations   =  84 (55.881s)
# of function evaluations           =  166744 (50.644s)
# of gradient evaluations           =  119351 (37.819s)
# of hessian evaluations            =  109364 (191.125s)
# of hessian-vector evaluations     =  0
# of subproblems processed          =  5898 (1194.256s)
Total program time (secs)           =  1218.693 (1210.891 CPU time)
Time spent in evaluations (secs)    =  279.588

Cuts statistics (gen / add)
---------------------------
Knapsack cuts                       =  0 / 0
Mixed-integer rounding cuts         =  1 / 1
Flow-cover cuts                     =  0 / 0
Probing cuts                        =  0 / 0

Heuristics statistics (calls / successes / time)
------------------------------------------------
Feasibility pump                    =  7 / 1 / 20.522s
Rounding heuristic                  =  2 / 0 / 4.874s
MPEC heuristic                      =  81 / 1 / 49.217s
Local search heuristic              =  5 / 0 / 0.514s

===========================================================================


