Solver command line: ['C:\\Program Files\\Artelys\\Knitro 14.2.0\\knitroampl\\knitroampl.exe', 'C:\\Users\\HP\\AppData\\Local\\Temp\\tmp0c1wlusg.pyomo.nl', '-AMPL', 'mip_multistart=1', 'mip_numthreads=1']

Artelys Knitro 14.2.0: mip_multistart=1
mip_numthreads=1

=======================================
          Commercial License
         Artelys Knitro 14.2.0
=======================================

WARNING: Problem appears to have nonlinear equalities and be non-convex.
         The Knitro mixed integer solver is designed for convex problems.
         For non-convex problems it is only a heuristic, and the reported
         bounds and optimality claims cannot be verified.

concurrent_evals         0
datacheck                0
findiff_numthreads       1
hessian_no_f             1
hessopt                  1
mip_multistart           1
mip_numthreads           1
Knitro changing mip_method from AUTO to 1.
Knitro changing mip_rootalg from AUTO to 1.
Knitro changing mip_lpalg from AUTO to 3.
Knitro changing mip_branchrule from AUTO to 2.
Knitro changing mip_selectrule from AUTO to 2.
Knitro changing mip_mir from AUTO to 2.
Knitro changing mip_clique from AUTO to 0.
Knitro changing mip_zerohalf from AUTO to 0.
Knitro changing mip_liftproject from AUTO to 0.
Knitro changing mip_knapsack from AUTO to 2.
Knitro changing mip_gomory from AUTO to 0.
Knitro changing mip_cut_flowcover from AUTO to 2.
Knitro changing mip_cut_probing from AUTO to 1.
Knitro changing mip_rounding from AUTO to 3.
Knitro changing mip_heuristic_strategy from AUTO to 1.
Knitro changing mip_heuristic_feaspump from AUTO to 1.
Knitro changing mip_heuristic_misqp from AUTO to 0.
Knitro changing mip_heuristic_mpec from AUTO to 1.
Knitro changing mip_heuristic_diving from AUTO to 0.
Knitro changing mip_heuristic_lns from AUTO to 0.
Knitro changing mip_heuristic_localsearch from AUTO to 1.
Knitro changing mip_pseudoinit from AUTO to 1.

Problem Characteristics                                 (   Presolved)
-----------------------
Objective goal:  Minimize
Objective type:  linear
Number of variables:                               9578 (        9578)
    bounded below only:                             792 (         792)
    bounded above only:                               0 (           0)
    bounded below and above:                         37 (          37)
    fixed:                                            0 (           0)
    free:                                          8749 (        8749)
Number of binary variables:                          37 (          37)
Number of integer variables:                          0 (           0)
Number of constraints:                            19153 (       20689)
    linear equalities:                               82 (          82)
    quadratic equalities:                             0 (           0)
    gen. nonlinear equalities:                     1584 (        1584)
    linear one-sided inequalities:                15951 (       19023)
    quadratic one-sided inequalities:                 0 (           0)
    gen. nonlinear one-sided inequalities:            0 (           0)
    linear two-sided inequalities:                 1536 (           0)
    quadratic two-sided inequalities:                 0 (           0)
    gen. nonlinear two-sided inequalities:            0 (           0)
Number of nonzeros in Jacobian:                   39464 (       41000)
Number of nonzeros in Hessian:                     9480 (        9480)

Knitro using Branch and Bound method with 1 thread.

Initial points
--------------
Read provided root node initial point:
    Objective value:    0.000000e+00
    Feasibility error:  5.000000e+00
    Feasible:           no
No primal point provided for the MIP.

Root node relaxation
--------------------

 Iter      Objective      Feasibility        Optimality       Time 
                             error              error        (secs)
 ----      ---------      -----------        ----------      ------
    1        179.497          2.22730          0.544682       0.452
    2        318.838          1.71480           1.51732       0.461
    3        491.796          1.33995           3.87530       0.477
    4        681.047         0.959352           2.01601       0.486
    5        788.571         0.751860           1.96616       0.495
    6        1100.25         0.133340          0.501847       0.504
    7        1159.64      2.31375e-02       9.02409e-02       0.513
    8        1171.12      3.22555e-03       5.93441e-02       0.522
    9        1171.35      1.95864e-03       8.73969e-02       0.531
   10        1171.35      1.60011e-03       8.35870e-02       0.541
   11        1171.36      1.34599e-03       9.83432e-02       0.553
   12        1171.35      8.67111e-04          0.241615       0.576
   13        1171.35      3.21176e-04       4.48407e-02       0.585
   14        1171.35      1.41644e-05       1.77176e-03       0.598
   15        1171.35      2.35309e-08       1.67910e-06       0.607
   16        1171.35      8.79567e-12       7.47342e-10       0.616
   17        1171.35      3.67813e-14       1.35045e-11       0.630

Tree search
-----------

       Nodes        Best solution   Best bound      Gap       Time 
   Expl  |  Unexpl      value         value                  (secs)
   ---------------  -------------   ----------      ---      ------
      1       2                           -inf                0.688
      1       2      1177.82   FP         -inf                2.644
     10      11      1177.82              -inf                5.462
     20      20      1177.82              -inf                7.748
     30      28      1177.82              -inf               12.408
     40      37      1177.82              -inf               14.969
     50      46      1177.82              -inf               17.258
     60      52      1177.82              -inf               20.448
     70      60      1177.82              -inf               23.193
     80      68      1177.82              -inf               26.151
     90      73      1177.82              -inf               29.520
    100      82      1177.82              -inf               31.830
    110      92      1177.82              -inf               33.824
    120     101      1177.82              -inf               36.082
    130      93      1177.82              -inf               36.286
    140      83      1177.82              -inf               36.287
    150      73      1177.82              -inf               36.288
    160      63      1177.82              -inf               36.289
    170      53      1177.82              -inf               36.290
    180      43      1177.82              -inf               36.291
    190      33      1177.82              -inf               36.292
    200      23      1177.82              -inf               36.293
    210      13      1177.82              -inf               36.297
    220       3      1177.82              -inf               36.298
    222       1      1177.82           1171.88      0.50%    36.299
    230       5      1177.82           1171.88      0.50%    38.432
    240      13      1177.82           1171.88      0.50%    41.422
    250      19      1177.82           1171.88      0.50%    44.989
    260      26      1177.82           1171.88      0.50%    49.396
    270      30      1177.82           1171.88      0.50%    52.858
    280      36      1177.82           1171.88      0.50%    56.058
    290      42      1177.82           1171.88      0.50%    60.064
    300      48      1177.82           1171.88      0.50%    63.972
    310      56      1177.82           1171.88      0.50%    66.674
    320      60      1177.82           1171.88      0.50%    69.341
    330      66      1177.82           1171.88      0.50%    71.987
    340      72      1177.82           1171.88      0.50%    75.394
    350      72      1177.82           1171.92      0.50%    78.758
    360      80      1177.82           1171.95      0.50%    83.423
    370      82      1177.82           1171.97      0.50%    86.057
    380      90      1177.82           1171.99      0.50%    89.378
    390      94      1177.82           1172.00      0.49%    93.481
    400     100      1177.82           1172.01      0.49%    95.928
    410     104      1177.82           1172.03      0.49%    98.162
    420     106      1177.82           1172.03      0.49%   101.461
    430     106      1177.82           1172.06      0.49%   104.529
    440     110      1177.82           1172.08      0.49%   106.765
    450     116      1177.82           1172.10      0.49%   109.433
    460     124      1177.82           1172.11      0.48%   112.352
    470     130      1177.82           1172.15      0.48%   114.220
    480     136      1177.82           1172.18      0.48%   115.992
    490     138      1177.82           1172.19      0.48%   119.064
    500     140      1177.82           1172.20      0.48%   121.291
    510     142      1177.82           1172.21      0.48%   123.192
    520     144      1177.82           1172.27      0.47%   126.670
    530     144      1177.82           1172.30      0.47%   130.213
    540     148      1177.82           1172.31      0.47%   132.460
    550     156      1177.82           1172.32      0.47%   135.290
    560     164      1177.82           1172.35      0.46%   137.721
    570     172      1177.82           1172.37      0.46%   140.159
    580     180      1177.82           1172.37      0.46%   143.162
    590     186      1177.82           1172.38      0.46%   145.935
    600     192      1177.82           1172.38      0.46%   148.312
    610     200      1177.82           1172.40      0.46%   150.661
    620     206      1177.82           1172.41      0.46%   153.035
    630     212      1177.82           1172.43      0.46%   156.617
    640     216      1177.82           1172.43      0.46%   160.208
    650     220      1177.82           1172.44      0.46%   162.568
    660     228      1177.82           1172.45      0.46%   165.113
    670     234      1177.82           1172.46      0.45%   167.559
    680     240      1177.82           1172.48      0.45%   169.652
    690     246      1177.82           1172.49      0.45%   172.221
    700     252      1177.82           1172.49      0.45%   176.317
    710     258      1177.82           1172.50      0.45%   178.389
    720     264      1177.82           1172.51      0.45%   180.583
    730     268      1177.82           1172.52      0.45%   183.643
    740     272      1177.82           1172.54      0.45%   186.301
    750     274      1177.82           1172.54      0.45%   189.822
    760     274      1177.82           1172.55      0.45%   193.040
    770     280      1177.82           1172.57      0.45%   195.707
    780     278      1177.82           1172.58      0.45%   199.316
    790     280      1177.82           1172.58      0.45%   202.454
    800     284      1177.82           1172.59      0.44%   204.403
    810     288      1177.82           1172.60      0.44%   207.173
    820     294      1177.82           1172.60      0.44%   209.659
    830     298      1177.82           1172.61      0.44%   213.498
    840     300      1177.82           1172.62      0.44%   216.666
    850     300      1177.82           1172.63      0.44%   220.492
    860     300      1177.82           1172.63      0.44%   225.448
    870     302      1177.82           1172.63      0.44%   229.238
    880     308      1177.82           1172.64      0.44%   231.817
    890     308      1177.82           1172.64      0.44%   233.665
    900     318      1177.82           1172.65      0.44%   235.568
    910     324      1177.82           1172.65      0.44%   237.828
    920     328      1177.82           1172.66      0.44%   240.117
    930     332      1177.82           1172.68      0.44%   242.571
    940     334      1177.82           1172.69      0.44%   245.991
    950     332      1177.82           1172.69      0.44%   249.132
    960     338      1177.82           1172.70      0.44%   251.047
    970     342      1177.82           1172.70      0.43%   252.976
    980     346      1177.82           1172.71      0.43%   255.783
    990     348      1177.82           1172.71      0.43%   258.504
   1000     352      1177.82           1172.71      0.43%   261.501
   1003     351      1175.00 LEAF      1172.71      0.19%   262.298
   1010     354      1175.00           1172.72      0.19%   264.491
   1020     354      1175.00           1172.73      0.19%   266.698
   1030     356      1175.00           1172.74      0.19%   270.902
   1040     358      1175.00           1172.74      0.19%   274.078
   1050     360      1175.00           1172.75      0.19%   277.948
   1060     364      1175.00           1172.75      0.19%   279.971
   1070     362      1175.00           1172.75      0.19%   284.287
   1080     364      1175.00           1172.76      0.19%   286.637
   1090     360      1175.00           1172.77      0.19%   291.964
   1100     360      1175.00           1172.78      0.19%   295.433
   1110     362      1175.00           1172.79      0.19%   298.628
   1120     362      1175.00           1172.80      0.19%   301.511
   1130     364      1175.00           1172.80      0.19%   303.893
   1140     364      1175.00           1172.81      0.19%   306.102
   1150     364      1175.00           1172.81      0.19%   307.438
   1160     364      1175.00           1172.81      0.19%   309.531
   1170     364      1175.00           1172.81      0.19%   311.660
   1180     366      1175.00           1172.82      0.19%   314.431
   1190     364      1175.00           1172.82      0.18%   317.754
   1200     366      1175.00           1172.83      0.18%   320.488
   1210     364      1175.00           1172.84      0.18%   322.557
   1220     366      1175.00           1172.84      0.18%   326.380
   1230     366      1175.00           1172.85      0.18%   331.912
   1240     364      1175.00           1172.85      0.18%   334.260
   1250     364      1175.00           1172.86      0.18%   338.096
   1260     364      1175.00           1172.87      0.18%   340.984
   1270     366      1175.00           1172.88      0.18%   343.721
   1280     368      1175.00           1172.88      0.18%   345.663
   1290     366      1175.00           1172.89      0.18%   347.303
   1300     367      1175.00           1172.89      0.18%   350.206
   1310     367      1175.00           1172.90      0.18%   352.170
   1320     367      1175.00           1172.90      0.18%   353.915
   1330     367      1175.00           1172.90      0.18%   355.507
   1340     369      1175.00           1172.91      0.18%   357.519
   1350     371      1175.00           1172.91      0.18%   359.924
   1360     377      1175.00           1172.92      0.18%   362.777
   1370     377      1175.00           1172.92      0.18%   365.367
   1380     379      1175.00           1172.92      0.18%   368.092
   1390     379      1175.00           1172.93      0.18%   370.006
   1400     379      1175.00           1172.94      0.17%   372.441
   1410     379      1175.00           1172.95      0.17%   378.759
   1420     379      1175.00           1172.95      0.17%   381.855
   1430     379      1175.00           1172.96      0.17%   384.310
   1440     381      1175.00           1172.96      0.17%   387.643
   1450     383      1175.00           1172.97      0.17%   390.116
   1460     383      1175.00           1172.97      0.17%   391.749
   1470     385      1175.00           1172.97      0.17%   394.033
   1480     385      1175.00           1172.97      0.17%   397.600
   1490     385      1175.00           1172.98      0.17%   399.996
   1500     385      1175.00           1172.99      0.17%   402.949
   1510     387      1175.00           1172.99      0.17%   405.391
   1520     389      1175.00           1172.99      0.17%   407.027
   1530     389      1175.00           1173.00      0.17%   408.706
   1540     389      1175.00           1173.01      0.17%   410.694
   1550     389      1175.00           1173.01      0.17%   412.646
   1560     389      1175.00           1173.02      0.17%   415.453
   1570     389      1175.00           1173.03      0.17%   418.179
   1580     391      1175.00           1173.03      0.17%   419.601
   1590     393      1175.00           1173.04      0.17%   421.675
   1600     393      1175.00           1173.05      0.17%   424.036
   1610     395      1175.00           1173.05      0.17%   427.863
   1620     395      1175.00           1173.05      0.17%   429.959
   1630     397      1175.00           1173.06      0.16%   431.551
   1640     397      1175.00           1173.06      0.16%   434.569
   1650     397      1175.00           1173.06      0.16%   436.083
   1660     397      1175.00           1173.07      0.16%   437.956
   1670     397      1175.00           1173.07      0.16%   440.444
   1680     399      1175.00           1173.07      0.16%   441.697
   1690     401      1175.00           1173.07      0.16%   443.854
   1700     405      1175.00           1173.08      0.16%   445.686
   1710     405      1175.00           1173.08      0.16%   448.926
   1720     403      1175.00           1173.09      0.16%   451.245
   1730     404      1175.00           1173.09      0.16%   454.220
   1740     406      1175.00           1173.09      0.16%   455.969
   1750     408      1175.00           1173.09      0.16%   458.335
   1760     408      1175.00           1173.10      0.16%   460.281
   1770     410      1175.00           1173.10      0.16%   463.024
   1780     412      1175.00           1173.11      0.16%   465.124
   1790     412      1175.00           1173.12      0.16%   467.358
   1800     412      1175.00           1173.13      0.16%   469.088
   1810     412      1175.00           1173.13      0.16%   471.347
   1820     412      1175.00           1173.13      0.16%   473.919
   1830     412      1175.00           1173.14      0.16%   475.948
   1840     414      1175.00           1173.15      0.16%   478.288
   1850     414      1175.00           1173.15      0.16%   480.485
   1860     414      1175.00           1173.16      0.16%   482.670
   1870     414      1175.00           1173.16      0.16%   485.259
   1880     414      1175.00           1173.16      0.16%   487.169
   1890     414      1175.00           1173.16      0.16%   489.150
   1900     414      1175.00           1173.16      0.16%   490.929
   1910     418      1175.00           1173.17      0.16%   493.306
   1920     418      1175.00           1173.17      0.16%   495.244
   1930     417      1175.00           1173.18      0.15%   498.270
   1940     417      1175.00           1173.19      0.15%   500.131
   1950     417      1175.00           1173.19      0.15%   501.934
   1960     419      1175.00           1173.19      0.15%   504.316
   1970     419      1175.00           1173.20      0.15%   506.944
   1980     419      1175.00           1173.20      0.15%   508.698
   1990     419      1175.00           1173.20      0.15%   510.476
   2000     417      1175.00           1173.20      0.15%   513.457
   2010     417      1175.00           1173.21      0.15%   515.977
   2020     417      1175.00           1173.21      0.15%   519.342
   2030     417      1175.00           1173.22      0.15%   522.266
   2040     417      1175.00           1173.23      0.15%   524.966
   2050     417      1175.00           1173.23      0.15%   526.689
   2060     415      1175.00           1173.24      0.15%   529.354
   2070     413      1175.00           1173.25      0.15%   532.095
   2080     413      1175.00           1173.25      0.15%   534.367
   2090     411      1175.00           1173.25      0.15%   537.139
   2100     413      1175.00           1173.26      0.15%   538.825
   2110     411      1175.00           1173.26      0.15%   540.621
   2120     413      1175.00           1173.27      0.15%   544.203
   2130     417      1175.00           1173.27      0.15%   545.724
   2140     417      1175.00           1173.28      0.15%   547.885
   2150     417      1175.00           1173.28      0.15%   549.695
   2160     417      1175.00           1173.29      0.15%   552.414
   2170     417      1175.00           1173.30      0.14%   554.409
   2180     417      1175.00           1173.30      0.14%   558.136
   2190     417      1175.00           1173.30      0.14%   559.974
   2200     419      1175.00           1173.31      0.14%   562.213
   2210     415      1175.00           1173.31      0.14%   563.888
   2220     417      1175.00           1173.32      0.14%   566.354
   2230     417      1175.00           1173.32      0.14%   568.658
   2240     417      1175.00           1173.32      0.14%   570.267
   2250     417      1175.00           1173.33      0.14%   572.773
   2260     419      1175.00           1173.34      0.14%   575.915
   2270     421      1175.00           1173.34      0.14%   577.474
   2280     421      1175.00           1173.35      0.14%   579.923
   2290     421      1175.00           1173.36      0.14%   582.652
   2300     423      1175.00           1173.36      0.14%   584.390
   2310     421      1175.00           1173.38      0.14%   586.301
   2320     424      1175.00           1173.38      0.14%   589.813
   2330     426      1175.00           1173.39      0.14%   592.190
   2340     426      1175.00           1173.40      0.14%   594.180
   2350     426      1175.00           1173.40      0.14%   596.066
   2360     424      1175.00           1173.41      0.14%   597.996
   2370     422      1175.00           1173.42      0.13%   600.413
   2380     422      1175.00           1173.42      0.13%   602.564
   2390     422      1175.00           1173.43      0.13%   604.651
   2400     422      1175.00           1173.43      0.13%   606.855
   2410     420      1175.00           1173.44      0.13%   609.526
   2420     418      1175.00           1173.44      0.13%   611.854
   2430     418      1175.00           1173.45      0.13%   613.496
   2440     418      1175.00           1173.45      0.13%   616.224
   2450     416      1175.00           1173.45      0.13%   620.047
   2460     416      1175.00           1173.47      0.13%   622.617
   2470     416      1175.00           1173.47      0.13%   625.621
   2480     418      1175.00           1173.48      0.13%   627.397
   2490     420      1175.00           1173.49      0.13%   629.164
   2500     420      1175.00           1173.50      0.13%   631.929
   2510     417      1175.00           1173.51      0.13%   634.420
   2520     417      1175.00           1173.52      0.13%   636.569
   2530     415      1175.00           1173.53      0.12%   638.056
   2540     413      1175.00           1173.54      0.12%   640.475
   2550     413      1175.00           1173.54      0.12%   642.203
   2560     413      1175.00           1173.55      0.12%   643.950
   2570     411      1175.00           1173.55      0.12%   646.770
   2580     411      1175.00           1173.55      0.12%   648.874
   2590     406      1175.00           1173.56      0.12%   651.972
   2600     406      1175.00           1173.57      0.12%   654.602
   2610     410      1175.00           1173.57      0.12%   656.559
   2620     410      1175.00           1173.58      0.12%   658.430
   2630     412      1175.00           1173.58      0.12%   660.359
   2640     412      1175.00           1173.59      0.12%   662.181
   2650     412      1175.00           1173.59      0.12%   664.589
   2660     412      1175.00           1173.60      0.12%   666.489
   2670     414      1174.02 LEAF      1173.60      0.04%   669.065
   2680     412      1174.02           1173.60      0.04%   672.224
   2690     412      1174.02           1173.61      0.03%   674.868
   2700     412      1174.02           1173.62      0.03%   677.572
   2710     410      1174.02           1173.62      0.03%   679.362
   2720     408      1174.02           1173.63      0.03%   681.248
   2730     408      1174.02           1173.63      0.03%   682.914
   2740     408      1174.02           1173.64      0.03%   685.079
   2750     402      1174.02           1173.65      0.03%   687.623
   2760     398      1174.02           1173.65      0.03%   689.624
   2770     396      1174.02           1173.67      0.03%   692.164
   2780     396      1174.02           1173.67      0.03%   695.070
   2790     396      1174.02           1173.69      0.03%   696.679
   2800     396      1174.02           1173.69      0.03%   698.460
   2810     398      1174.02           1173.70      0.03%   700.638
   2820     398      1174.02           1173.70      0.03%   703.072
   2830     394      1174.02           1173.71      0.03%   705.296
   2840     388      1174.02           1173.71      0.03%   707.487
   2850     386      1174.02           1173.73      0.02%   709.712
   2860     384      1174.02           1173.73      0.02%   711.991
   2870     384      1174.02           1173.74      0.02%   714.224
   2880     384      1174.02           1173.75      0.02%   717.171
   2890     379      1174.02           1173.76      0.02%   719.991
   2900     381      1174.02           1173.77      0.02%   721.579
   2910     379      1174.02           1173.77      0.02%   722.956
   2914     381      1173.73 FCRD      1173.77     -0.00%   724.604

EXIT: Optimal solution found (assuming convexity).

Final Statistics for MIP
------------------------
Final objective value               =  1.17373054069692e+03
Final bound value                   =  1.17377070138693e+03
Final optimality gap (abs / rel)    =  -4.02e-02 / -3.42e-05 (-0.00%)
# of root cutting plane rounds      =  2
# of restarts                       =  1
# of nodes processed                =  2914 (654.483s)
# of strong branching evaluations   =  46 (28.021s)
# of function evaluations           =  111731 (34.478s)
# of gradient evaluations           =  69580 (22.681s)
# of hessian evaluations            =  64794 (114.761s)
# of hessian-vector evaluations     =  0
# of subproblems processed          =  2999 (712.362s)
Total program time (secs)           =  724.604 (720.141 CPU time)
Time spent in evaluations (secs)    =  171.920

Cuts statistics (gen / add)
---------------------------
Knapsack cuts                       =  0 / 0
Mixed-integer rounding cuts         =  7 / 6
Flow-cover cuts                     =  0 / 0
Probing cuts                        =  0 / 0

Heuristics statistics (calls / successes / time)
------------------------------------------------
Feasibility pump                    =  5 / 1 / 4.869s
Rounding heuristic                  =  3 / 1 / 2.564s
MPEC heuristic                      =  45 / 0 / 25.491s
Local search heuristic              =  5 / 0 / 0.412s

===========================================================================


