Solver command line: ['C:\\Program Files\\Artelys\\Knitro 14.2.0\\knitroampl\\knitroampl.exe', 'C:\\Users\\HP\\AppData\\Local\\Temp\\tmpcq33jzdz.pyomo.nl', '-AMPL', 'mip_multistart=1', 'mip_numthreads=1']

Artelys Knitro 14.2.0: mip_multistart=1
mip_numthreads=1

=======================================
          Commercial License
         Artelys Knitro 14.2.0
=======================================

Knitro using up to 16 threads.
Knitro presolve eliminated 7852 variables and 18960 constraints.

concurrent_evals         0
datacheck                0
findiff_numthreads       1
hessian_no_f             1
hessopt                  1
mip_multistart           1
mip_numthreads           1
Knitro fixing 7852 variables eliminated from the presolve.

Problem Characteristics                                 (   Presolved)
-----------------------
Objective goal:  Minimize
Objective type:  linear
Number of variables:                               9504 (        1652)
    bounded below only:                             792 (           0)
    bounded above only:                               0 (           0)
    bounded below and above:                          0 (        1652)
    fixed:                                            0 (           0)
    free:                                          8712 (           0)
Number of constraints:                            19008 (        1584)
    linear equalities:                               48 (           0)
    quadratic equalities:                             0 (           0)
    gen. nonlinear equalities:                     1584 (        1584)
    linear one-sided inequalities:                15840 (           0)
    quadratic one-sided inequalities:                 0 (           0)
    gen. nonlinear one-sided inequalities:            0 (           0)
    linear two-sided inequalities:                 1536 (           0)
    quadratic two-sided inequalities:                 0 (           0)
    gen. nonlinear two-sided inequalities:            0 (           0)
Number of nonzeros in Jacobian:                   34656 (        9236)
Number of nonzeros in Hessian:                     5448 (        5280)

Knitro using the Interior-Point/Barrier Direct algorithm.

  Iter      Objective      FeasError   OptError    ||Step||    CGits 
--------  --------------  ----------  ----------  ----------  -------
       0    0.000000e+00   6.000e-02
       7    1.186574e+03   4.010e-11   5.695e-06   3.049e-05        0

EXIT: Locally optimal solution found.

Final Statistics
----------------
Final objective value               =   1.18657351978783e+03
Final feasibility error (abs / rel) =   4.01e-11 / 4.01e-11
Final optimality error  (abs / rel) =   5.69e-06 / 5.69e-08
# of iterations                     =          7 
# of CG iterations                  =          0 
# of function evaluations           =         10
# of gradient evaluations           =          9
# of Hessian evaluations            =          7
Total program time (secs)           =       0.069 (     0.781 CPU time)
Time spent in evaluations (secs)    =       0.017

===============================================================================


