Solver command line: ['C:\\Program Files\\Artelys\\Knitro 14.2.0\\knitroampl\\knitroampl.exe', 'C:\\Users\\HP\\AppData\\Local\\Temp\\tmpmw6mt8bf.pyomo.nl', '-AMPL', 'mip_multistart=1', 'mip_numthreads=1']

Artelys Knitro 14.2.0: mip_multistart=1
mip_numthreads=1

=======================================
          Commercial License
         Artelys Knitro 14.2.0
=======================================

WARNING: Problem appears to have nonlinear equalities and be non-convex.
         The Knitro mixed integer solver is designed for convex problems.
         For non-convex problems it is only a heuristic, and the reported
         bounds and optimality claims cannot be verified.

concurrent_evals         0
datacheck                0
findiff_numthreads       1
hessian_no_f             1
hessopt                  1
mip_multistart           1
mip_numthreads           1
Knitro changing mip_method from AUTO to 1.
Knitro changing mip_rootalg from AUTO to 1.
Knitro changing mip_lpalg from AUTO to 3.
Knitro changing mip_branchrule from AUTO to 2.
Knitro changing mip_selectrule from AUTO to 2.
Knitro changing mip_mir from AUTO to 2.
Knitro changing mip_clique from AUTO to 0.
Knitro changing mip_zerohalf from AUTO to 0.
Knitro changing mip_liftproject from AUTO to 0.
Knitro changing mip_knapsack from AUTO to 2.
Knitro changing mip_gomory from AUTO to 0.
Knitro changing mip_cut_flowcover from AUTO to 2.
Knitro changing mip_cut_probing from AUTO to 1.
Knitro changing mip_rounding from AUTO to 3.
Knitro changing mip_heuristic_strategy from AUTO to 1.
Knitro changing mip_heuristic_feaspump from AUTO to 1.
Knitro changing mip_heuristic_misqp from AUTO to 0.
Knitro changing mip_heuristic_mpec from AUTO to 1.
Knitro changing mip_heuristic_diving from AUTO to 0.
Knitro changing mip_heuristic_lns from AUTO to 0.
Knitro changing mip_heuristic_localsearch from AUTO to 1.
Knitro changing mip_pseudoinit from AUTO to 1.

Problem Characteristics                                 (   Presolved)
-----------------------
Objective goal:  Minimize
Objective type:  linear
Number of variables:                               9578 (        9578)
    bounded below only:                             792 (         792)
    bounded above only:                               0 (           0)
    bounded below and above:                         37 (          37)
    fixed:                                            0 (           0)
    free:                                          8749 (        8749)
Number of binary variables:                          37 (          37)
Number of integer variables:                          0 (           0)
Number of constraints:                            19153 (       20689)
    linear equalities:                               82 (          82)
    quadratic equalities:                             0 (           0)
    gen. nonlinear equalities:                     1584 (        1584)
    linear one-sided inequalities:                15951 (       19023)
    quadratic one-sided inequalities:                 0 (           0)
    gen. nonlinear one-sided inequalities:            0 (           0)
    linear two-sided inequalities:                 1536 (           0)
    quadratic two-sided inequalities:                 0 (           0)
    gen. nonlinear two-sided inequalities:            0 (           0)
Number of nonzeros in Jacobian:                   39464 (       41000)
Number of nonzeros in Hessian:                     9480 (        9480)

Knitro using Branch and Bound method with 1 thread.

Initial points
--------------
Read provided root node initial point:
    Objective value:    0.000000e+00
    Feasibility error:  5.000000e+00
    Feasible:           no
No primal point provided for the MIP.

Root node relaxation
--------------------

 Iter      Objective      Feasibility        Optimality       Time 
                             error              error        (secs)
 ----      ---------      -----------        ----------      ------
    1        137.750          2.17001          0.389825       0.439
    2        209.251          1.43834          0.554748       0.448
    3        334.078         0.836726           1.39076       0.457
    4        437.967         0.420131           1.15466       0.466
    5        467.786         0.307175           2.16110       0.476
    6        522.663         0.107857           2.94866       0.485
    7        530.963      8.00973e-02          0.655216       0.494
    8        549.767      1.55734e-02           1.09893       0.503
    9        553.982      4.08846e-03       6.94167e-02       0.512
   10        553.673      3.16623e-03          0.142805       0.521
   11        553.661      5.53075e-04       4.85324e-02       0.530
   12        553.663      2.94475e-04       9.07924e-03       0.539
   13        553.664      3.77222e-06       1.96285e-04       0.548
   14        553.664      1.32874e-09       1.79824e-09       0.557
   15        553.664      1.32874e-09       1.79824e-09       0.566
   16        553.664      4.72226e-14       2.38825e-07       0.582

Tree search
-----------

       Nodes        Best solution   Best bound      Gap       Time 
   Expl  |  Unexpl      value         value                  (secs)
   ---------------  -------------   ----------      ---      ------
      1       2                           -inf                0.863
     10      11                           -inf               34.232
     20      19                           -inf               39.854
     30      27                           -inf               43.013
     40      37                           -inf               44.882
     50      46                           -inf               47.692
     60      56                           -inf               49.739
     70      66                           -inf               51.644
     80      75                           -inf               53.967
     90      85                           -inf               56.905
    100      95                           -inf               58.891
    110     101                           -inf               61.713
    120      91                           -inf               61.713
    130      81                           -inf               61.714
    140      71                           -inf               61.714
    150      61                           -inf               61.715
    160      51                           -inf               61.715
    170      41                           -inf               61.716
    180      31                           -inf               61.717
    190      21                           -inf               61.717
    200      11                           -inf               61.718
    210       1                        553.991               61.719
    220       7                        553.991               67.407
    230      14                        553.991               73.307
    240      24                        553.991               79.545
    250      28                        553.991               85.665
    260      36                        553.994               88.440
    270      42                        554.004               92.914
    280      48                        554.016               97.898
    290      55                        554.020              103.437
    300      65                        554.156              106.070
    310      74                        554.170              108.332
    320      82                        554.232              110.808
    330      89                        554.248              114.500
    340      99                        554.262              116.261
    350     107                        554.279              119.625
    358     113      559.551 MPEC      554.286      0.94%   121.788
    360     115      559.551           554.287      0.94%   122.140
    370     121      559.551           554.299      0.94%   125.520
    380     131      559.551           554.310      0.94%   127.458
    390     135      559.551           554.349      0.93%   129.970
    400     141      559.551           554.377      0.92%   132.334
    410     151      559.551           554.392      0.92%   135.100
    410     151      557.911 MPEC      554.392      0.63%   135.481
    420     155      557.911           554.397      0.63%   137.639
    430     159      557.911           554.413      0.63%   140.307
    440     159      557.911           554.436      0.62%   143.397
    450     165      557.911           554.445      0.62%   145.242
    460     169      557.911           554.451      0.62%   147.482
    470     173      557.911           554.454      0.62%   149.859
    480     181      557.911           554.460      0.62%   151.514
    490     185      557.911           554.504      0.61%   154.153
    500     189      557.911           554.515      0.61%   156.905
    510     193      557.911           554.517      0.61%   159.239
    520     199      557.911           554.520      0.61%   162.498
    530     201      557.911           554.522      0.61%   165.259
    540     207      557.911           554.537      0.60%   168.083
    550     211      557.911           554.546      0.60%   170.206
    560     217      557.911           554.551      0.60%   172.587
    570     225      557.911           554.565      0.60%   175.567
    580     227      557.911           554.579      0.60%   178.764
    590     231      557.911           554.585      0.60%   182.079
    600     235      557.911           554.591      0.60%   184.376
    610     239      557.911           554.595      0.59%   187.209
    620     245      557.911           554.599      0.59%   189.466
    630     249      557.911           554.611      0.59%   192.121
    640     253      557.911           554.616      0.59%   194.099
    650     257      557.911           554.624      0.59%   195.676
    660     261      557.911           554.629      0.59%   198.503
    670     263      557.911           554.633      0.59%   201.194
    680     266      557.911           554.638      0.59%   203.953
    690     270      557.911           554.647      0.58%   209.068
    700     276      557.911           554.663      0.58%   211.588
    710     280      557.911           554.672      0.58%   214.642
    720     282      557.911           554.683      0.58%   219.128
    730     288      557.911           554.686      0.58%   221.299
    740     294      557.911           554.696      0.58%   223.098
    750     298      557.911           554.716      0.57%   225.048
    760     300      557.911           554.723      0.57%   227.687
    770     306      557.911           554.732      0.57%   230.368
    780     308      557.911           554.736      0.57%   232.664
    786     310      557.828 LEAF      554.737      0.55%   233.763
    790     312      557.828           554.738      0.55%   234.504
    800     314      557.828           554.741      0.55%   237.039
    810     318      556.593 LEAF      554.748      0.33%   238.803
    820     318      556.593           554.754      0.33%   242.473
    830     318      556.593           554.759      0.33%   244.607
    840     320      556.593           554.763      0.33%   246.333
    850     324      556.593           554.765      0.33%   248.193
    860     324      556.593           554.767      0.33%   250.092
    870     328      556.593           554.770      0.33%   252.719
    880     334      556.593           554.773      0.33%   254.806
    890     336      556.593           554.778      0.33%   257.464
    900     342      556.593           554.781      0.33%   259.514
    910     347      556.593           554.791      0.32%   262.724
    920     349      556.593           554.801      0.32%   265.678
    930     353      556.593           554.809      0.32%   269.037
    940     353      556.593           554.820      0.32%   271.904
    950     353      556.593           554.839      0.32%   274.570
    960     355      556.593           554.848      0.31%   277.070
    970     357      556.593           554.851      0.31%   279.267
    980     359      556.593           554.853      0.31%   281.486
    990     359      556.593           554.855      0.31%   283.390
   1000     359      556.593           554.856      0.31%   286.062
   1002     359      556.310 LEAF      554.856      0.26%   286.552
   1010     361      556.310           554.858      0.26%   289.734
   1020     361      556.310           554.861      0.26%   291.821
   1030     364      556.310           554.863      0.26%   294.721
   1040     366      556.310           554.866      0.26%   297.034
   1050     368      556.310           554.868      0.26%   299.073
   1060     370      556.310           554.871      0.26%   301.342
   1070     372      556.310           554.875      0.26%   304.868
   1080     372      556.310           554.880      0.26%   307.472
   1090     374      556.310           554.891      0.26%   309.483
   1100     378      556.310           554.895      0.25%   311.119
   1110     382      556.310           554.902      0.25%   313.573
   1120     384      556.310           554.906      0.25%   316.075
   1130     386      556.310           554.907      0.25%   318.154
   1140     388      556.310           554.913      0.25%   319.860
   1150     390      556.310           554.919      0.25%   322.375
   1160     390      556.310           554.921      0.25%   325.497
   1170     396      556.310           554.928      0.25%   327.322
   1180     398      556.310           554.933      0.25%   330.970
   1190     400      556.310           554.946      0.25%   332.993
   1200     400      556.310           554.948      0.24%   334.807
   1210     404      556.310           554.965      0.24%   336.776
   1220     404      556.310           554.980      0.24%   338.771
   1230     408      556.310           554.992      0.24%   341.349
   1240     411      556.310           554.997      0.24%   344.214
   1250     411      556.310           555.008      0.23%   347.513
   1260     415      556.310           555.013      0.23%   349.278
   1270     413      556.310           555.016      0.23%   351.632
   1280     413      556.310           555.023      0.23%   355.362
   1290     415      556.310           555.028      0.23%   359.393
   1300     417      556.310           555.031      0.23%   361.400
   1310     421      556.310           555.034      0.23%   364.249
   1320     423      556.310           555.037      0.23%   366.389
   1330     425      556.310           555.048      0.23%   370.531
   1340     429      556.310           555.053      0.23%   373.700
   1350     432      556.310           555.060      0.22%   376.758
   1360     438      556.310           555.064      0.22%   378.965
   1370     438      556.310           555.066      0.22%   380.870
   1380     436      556.310           555.070      0.22%   384.187
   1390     436      556.310           555.079      0.22%   386.391
   1400     436      556.310           555.081      0.22%   388.103
   1410     436      556.310           555.085      0.22%   390.334
   1420     442      556.310           555.090      0.22%   392.347
   1430     444      556.310           555.103      0.22%   395.147
   1440     444      556.310           555.108      0.22%   397.546
   1450     446      556.310           555.109      0.22%   399.314
   1460     446      556.310           555.111      0.22%   400.826
   1470     445      556.310           555.113      0.22%   403.813
   1480     448      556.310           555.118      0.21%   407.408
   1490     448      556.310           555.122      0.21%   409.715
   1500     450      556.310           555.129      0.21%   411.241
   1510     456      556.310           555.134      0.21%   412.972
   1520     458      556.310           555.142      0.21%   415.712
   1530     458      556.310           555.144      0.21%   417.666
   1540     459      556.310           555.147      0.21%   420.536
   1550     461      556.310           555.147      0.21%   422.896
   1560     463      556.310           555.153      0.21%   425.149
   1570     461      556.310           555.159      0.21%   427.228
   1580     459      556.310           555.165      0.21%   430.197
   1590     461      556.310           555.168      0.21%   432.926
   1600     461      556.310           555.176      0.20%   436.244
   1610     459      556.310           555.185      0.20%   439.612
   1617     458      555.992 LEAF      555.188      0.14%   441.041
   1620     459      555.992           555.188      0.14%   441.854
   1630     461      555.992           555.191      0.14%   443.845
   1640     467      555.992           555.196      0.14%   445.807
   1650     471      555.992           555.204      0.14%   447.537
   1660     473      555.992           555.209      0.14%   449.774
   1670     475      555.992           555.212      0.14%   452.885
   1680     477      555.992           555.216      0.14%   455.135
   1690     477      555.992           555.220      0.14%   457.380
   1700     479      555.992           555.226      0.14%   459.161
   1710     481      555.992           555.228      0.14%   463.267
   1711     480      555.930 LEAF      555.229      0.13%   463.364
   1717     480      555.903 LEAF      555.230      0.12%   464.293
   1720     481      555.903           555.230      0.12%   464.954
   1730     483      555.903           555.232      0.12%   467.838
   1740     487      555.903           555.236      0.12%   470.717
   1750     487      555.903           555.236      0.12%   472.734
   1760     489      555.903           555.237      0.12%   474.668
   1770     489      555.903           555.239      0.12%   476.841
   1780     489      555.903           555.245      0.12%   479.327
   1790     491      555.903           555.248      0.12%   481.985
   1797     490      555.612 LEAF      555.253      0.06%   484.524
   1800     491      555.612           555.253      0.06%   486.287
   1810     491      555.612           555.254      0.06%   491.191
   1820     491      555.612           555.255      0.06%   495.497
   1830     491      555.612           555.257      0.06%   499.776
   1840     491      555.612           555.263      0.06%   504.042
   1850     489      555.612           555.264      0.06%   506.139
   1860     489      555.612           555.268      0.06%   508.922
   1870     489      555.612           555.272      0.06%   511.665
   1880     489      555.612           555.273      0.06%   515.151
   1890     487      555.612           555.277      0.06%   520.156
   1900     485      555.612           555.284      0.06%   522.742
   1910     485      555.612           555.288      0.06%   524.547
   1920     485      555.612           555.290      0.06%   527.234
   1930     485      555.612           555.291      0.06%   529.516
   1940     481      555.612           555.293      0.06%   533.933
   1950     481      555.612           555.297      0.06%   536.962
   1955     480      555.408 LEAF      555.299      0.02%   537.835
   1960     481      555.408           555.299      0.02%   538.863
   1970     479      555.408           555.301      0.02%   540.875
   1980     479      555.408           555.302      0.02%   543.017
   1990     479      555.408           555.303      0.02%   545.186
   2000     479      555.408           555.304      0.02%   547.737
   2010     477      555.408           555.307      0.02%   549.873
   2020     475      555.408           555.310      0.02%   554.222
   2030     473      555.408           555.311      0.02%   556.671
   2040     473      555.408           555.314      0.02%   560.124
   2050     471      555.408           555.316      0.02%   562.771
   2060     473      555.408           555.316      0.02%   564.432
   2070     471      555.408           555.318      0.02%   567.230
   2080     471      555.408           555.319      0.02%   570.223
   2090     465      555.408           555.323      0.02%   572.664
   2100     467      555.408           555.329      0.01%   576.197
   2110     465      555.408           555.330      0.01%   578.180
   2120     463      555.408           555.331      0.01%   581.393
   2130     461      555.408           555.332      0.01%   583.461
   2140     459      555.408           555.337      0.01%   585.520
   2150     455      555.408           555.338      0.01%   588.641
   2160     451      555.408           555.342      0.01%   592.485
   2170     447      555.408           555.344      0.01%   595.736
   2180     445      555.408           555.346      0.01%   598.381
   2190     437      555.408           555.351      0.01%   601.815
   2194     435      555.408           555.352      0.01%   602.631

EXIT: Optimal solution found (assuming convexity).

Final Statistics for MIP
------------------------
Final objective value               =  5.55407603671322e+02
Final bound value                   =  5.55352340193579e+02
Final optimality gap (abs / rel)    =  5.53e-02 / 9.95e-05 (0.01%)
# of root cutting plane rounds      =  2
# of restarts                       =  1
# of nodes processed                =  2194 (512.173s)
# of strong branching evaluations   =  51 (31.842s)
# of function evaluations           =  80182 (24.311s)
# of gradient evaluations           =  60349 (18.754s)
# of hessian evaluations            =  56733 (98.401s)
# of hessian-vector evaluations     =  0
# of subproblems processed          =  2445 (592.074s)
Total program time (secs)           =  602.632 (599.594 CPU time)
Time spent in evaluations (secs)    =  141.466

Cuts statistics (gen / add)
---------------------------
Knapsack cuts                       =  0 / 0
Mixed-integer rounding cuts         =  3 / 3
Flow-cover cuts                     =  0 / 0
Probing cuts                        =  0 / 0

Heuristics statistics (calls / successes / time)
------------------------------------------------
Feasibility pump                    =  3 / 0 / 30.779s
Rounding heuristic                  =  2 / 0 / 2.374s
MPEC heuristic                      =  32 / 2 / 18.264s
Local search heuristic              =  5 / 0 / 0.503s

===========================================================================


