Solver command line: ['C:\\Program Files\\Artelys\\Knitro 14.2.0\\knitroampl\\knitroampl.exe', 'C:\\Users\\HP\\AppData\\Local\\Temp\\tmpyk8_sq01.pyomo.nl', '-AMPL', 'mip_multistart=1', 'mip_numthreads=1']

Artelys Knitro 14.2.0: mip_multistart=1
mip_numthreads=1

=======================================
          Commercial License
         Artelys Knitro 14.2.0
=======================================

WARNING: Problem appears to have nonlinear equalities and be non-convex.
         The Knitro mixed integer solver is designed for convex problems.
         For non-convex problems it is only a heuristic, and the reported
         bounds and optimality claims cannot be verified.

concurrent_evals         0
datacheck                0
findiff_numthreads       1
hessian_no_f             1
hessopt                  1
mip_multistart           1
mip_numthreads           1
Knitro changing mip_method from AUTO to 1.
Knitro changing mip_rootalg from AUTO to 1.
Knitro changing mip_lpalg from AUTO to 3.
Knitro changing mip_branchrule from AUTO to 2.
Knitro changing mip_selectrule from AUTO to 2.
Knitro changing mip_mir from AUTO to 2.
Knitro changing mip_clique from AUTO to 0.
Knitro changing mip_zerohalf from AUTO to 0.
Knitro changing mip_liftproject from AUTO to 0.
Knitro changing mip_knapsack from AUTO to 2.
Knitro changing mip_gomory from AUTO to 0.
Knitro changing mip_cut_flowcover from AUTO to 2.
Knitro changing mip_cut_probing from AUTO to 1.
Knitro changing mip_rounding from AUTO to 3.
Knitro changing mip_heuristic_strategy from AUTO to 1.
Knitro changing mip_heuristic_feaspump from AUTO to 1.
Knitro changing mip_heuristic_misqp from AUTO to 0.
Knitro changing mip_heuristic_mpec from AUTO to 1.
Knitro changing mip_heuristic_diving from AUTO to 0.
Knitro changing mip_heuristic_lns from AUTO to 0.
Knitro changing mip_heuristic_localsearch from AUTO to 1.
Knitro changing mip_pseudoinit from AUTO to 1.

Problem Characteristics                                 (   Presolved)
-----------------------
Objective goal:  Minimize
Objective type:  linear
Number of variables:                               9578 (        9578)
    bounded below only:                             792 (         792)
    bounded above only:                               0 (           0)
    bounded below and above:                         37 (          37)
    fixed:                                            0 (           0)
    free:                                          8749 (        8749)
Number of binary variables:                          37 (          37)
Number of integer variables:                          0 (           0)
Number of constraints:                            19153 (       20689)
    linear equalities:                               82 (          82)
    quadratic equalities:                             0 (           0)
    gen. nonlinear equalities:                     1584 (        1584)
    linear one-sided inequalities:                15951 (       19023)
    quadratic one-sided inequalities:                 0 (           0)
    gen. nonlinear one-sided inequalities:            0 (           0)
    linear two-sided inequalities:                 1536 (           0)
    quadratic two-sided inequalities:                 0 (           0)
    gen. nonlinear two-sided inequalities:            0 (           0)
Number of nonzeros in Jacobian:                   39464 (       41000)
Number of nonzeros in Hessian:                     9480 (        9480)

Knitro using Branch and Bound method with 1 thread.

Initial points
--------------
Read provided root node initial point:
    Objective value:    0.000000e+00
    Feasibility error:  5.000000e+00
    Feasible:           no
No primal point provided for the MIP.

Root node relaxation
--------------------

 Iter      Objective      Feasibility        Optimality       Time 
                             error              error        (secs)
 ----      ---------      -----------        ----------      ------
    1        117.623          2.79792          0.484225       0.445
    2        216.833          1.54603          0.744779       0.454
    3        352.146         0.889276           1.13625       0.463
    4        453.323         0.516185          0.441974       0.485
    5        553.860         0.237149           4.10336       0.494
    6        597.994         0.116129          0.434597       0.503
    7        601.190         0.107758          0.405823       0.512
    8        637.674      1.42674e-02          0.226945       0.521
    9        638.525      1.12903e-02          0.190541       0.530
   10        640.129      5.64513e-03       9.38398e-02       0.540
   11        640.451      4.23385e-03       6.83212e-02       0.551
   12        640.685      3.17974e-03       5.30092e-02       0.562
   13        641.030      1.59846e-03       5.50975e-02       0.571
   14        641.200      1.13431e-03       5.07201e-02       0.581
   15        641.371      4.07863e-04       3.16494e-02       0.590
   16        641.370      1.11892e-05       1.52678e-03       0.599
   17        641.368      1.94522e-06       1.46659e-04       0.608
   18        641.368      5.68993e-08       5.04086e-07       0.618
   19        641.368      4.47143e-12       1.18561e-09       0.631
   20        641.368      2.36755e-14       5.21281e-08       0.644

Tree search
-----------

       Nodes        Best solution   Best bound      Gap       Time 
   Expl  |  Unexpl      value         value                  (secs)
   ---------------  -------------   ----------      ---      ------
      1       2                           -inf                0.703
     10      11                           -inf               32.172
     20      20                           -inf               35.173
     30      29                           -inf               37.852
     40      39                           -inf               40.409
     50      49                           -inf               42.915
     60      58                           -inf               45.466
     70      68                           -inf               48.107
     80      77                           -inf               51.722
     90      85                           -inf               55.111
    100      95                           -inf               57.618
    110     102                           -inf               62.481
    120      92                           -inf               62.481
    130      82                           -inf               62.482
    140      72                           -inf               62.482
    150      62                           -inf               62.483
    160      52                           -inf               62.483
    170      42                           -inf               62.484
    180      32                           -inf               62.484
    190      22                           -inf               62.485
    200      12                           -inf               62.485
    210       2                           -inf               62.486
    211       1                        641.882               62.486
    220       7                        641.882               67.404
    230      17                        641.882               71.677
    240      24                        641.882               76.782
    250      32                        641.882               83.092
    260      42                        641.882               85.306
    270      50                        641.882               89.142
    280      56                        641.914               92.435
    290      64                        641.930               94.488
    300      74                        641.978               96.499
    310      84                        642.064               99.684
    320      92                        642.068              102.274
    330      97                        642.086              106.742
    340      96                        642.098              110.841
    350     106                        642.118              114.427
    360     114                        642.131              118.457
    370     122                        642.137              121.350
    380     130                        642.161              124.067
    390     136                        642.187              126.852
    400     144                        642.194              129.673
    410     152                        642.202              131.795
    420     160                        642.225              135.749
    430     166                        642.235              138.467
    440     169                        642.244              142.885
    450     176                        642.250              146.336
    460     181                        642.256              149.468
    470     189                        642.261              152.474
    480     197                        642.271              155.026
    490     203                        642.296              157.511
    500     206                        642.309              163.862
    510     214                        642.317              166.390
    520     222                        642.321              168.369
    530     228                        642.333              170.774
    540     237                        642.342              173.987
    550     247                        642.348              175.985
    560     252                        642.371              179.244
    570     256                        642.387              182.202
    580     262                        642.401              184.687
    590     268                        642.406              188.173
    600     274                        642.408              190.405
    610     280                        642.418              193.231
    620     288                        642.429              195.897
    630     292                        642.435              198.710
    640     302                        642.441              201.013
    650     310                        642.451              203.312
    660     318                        642.454              205.536
    670     326                        642.473              208.453
    680     332                        642.484              210.818
    690     338                        642.488              213.438
    700     347                        642.492              216.121
    710     357                        642.499              218.215
    720     363                        642.503              221.571
    730     369                        642.504              224.379
    740     375                        642.507              226.869
    750     381                        642.511              229.991
    760     391                        642.514              232.256
    770     399                        642.517              235.871
    780     407                        642.520              237.964
    790     415                        642.525              240.165
    800     423                        642.532              242.308
    810     429                        642.535              244.923
    820     437                        642.536              247.882
    830     441                        642.543              251.916
    840     451                        642.552              253.753
    850     455                        642.557              256.407
    860     461                        642.562              259.032
    870     471                        642.570              261.928
    880     477                        642.576              264.613
    890     487                        642.586              267.227
    900     493                        642.597              269.604
    910     501                        642.602              271.759
    920     505                        642.610              275.504
    930     513                        642.614              277.762
    940     517                        642.619              280.556
    950     523                        642.623              283.269
    960     531                        642.630              285.455
    970     539                        642.634              287.469
    980     545                        642.640              290.607
    986     549      651.264 LEAF      642.648      1.32%   291.689
    988     549      648.452 LEAF      642.649      0.89%   291.918
    990     551      648.452           642.651      0.89%   292.361
   1000     555      648.452           642.655      0.89%   294.956
   1010     561      648.452           642.658      0.89%   297.798
   1020     565      648.452           642.662      0.89%   300.756
   1030     569      648.452           642.665      0.89%   303.737
   1040     571      648.452           642.667      0.89%   306.677
   1050     573      648.452           642.676      0.89%   309.025
   1060     577      648.452           642.684      0.89%   312.094
   1070     581      648.452           642.687      0.89%   314.255
   1080     587      648.452           642.690      0.89%   316.275
   1090     591      647.389 LEAF      642.694      0.73%   318.275
   1100     595      645.132 LEAF      642.698      0.38%   320.529
   1110     597      645.132           642.699      0.38%   323.418
   1120     599      645.132           642.707      0.38%   325.984
   1130     603      645.132           642.714      0.37%   328.758
   1140     607      645.132           642.715      0.37%   330.956
   1150     607      645.132           642.718      0.37%   333.083
   1160     607      645.132           642.719      0.37%   335.748
   1170     613      645.132           642.722      0.37%   337.721
   1180     615      645.132           642.723      0.37%   340.643
   1190     619      645.132           642.726      0.37%   343.329
   1200     623      645.132           642.729      0.37%   345.328
   1210     625      645.132           642.732      0.37%   347.579
   1220     631      645.132           642.738      0.37%   350.019
   1230     631      645.132           642.741      0.37%   352.857
   1240     635      645.132           642.745      0.37%   355.379
   1250     639      645.132           642.750      0.37%   357.784
   1260     643      645.132           642.753      0.37%   360.316
   1270     645      645.132           642.757      0.37%   362.352
   1280     647      645.132           642.761      0.37%   365.173
   1290     649      645.132           642.766      0.37%   368.086
   1300     653      645.132           642.768      0.37%   370.708
   1304     653      644.527 LEAF      642.769      0.27%   371.305
   1310     651      644.527           642.773      0.27%   374.120
   1320     653      644.527           642.776      0.27%   376.719
   1330     655      644.527           642.784      0.27%   378.730
   1340     655      644.527           642.786      0.27%   381.393
   1350     659      644.527           642.797      0.27%   383.749
   1360     659      644.527           642.802      0.27%   385.901
   1370     661      644.527           642.806      0.27%   388.584
   1380     663      644.527           642.814      0.27%   390.591
   1390     663      644.527           642.816      0.27%   393.374
   1400     665      644.527           642.820      0.26%   395.572
   1410     669      644.527           642.822      0.26%   398.888
   1420     669      644.527           642.827      0.26%   401.904
   1430     671      644.527           642.832      0.26%   404.114
   1440     671      644.527           642.834      0.26%   406.447
   1450     673      644.527           642.837      0.26%   409.349
   1460     673      644.527           642.839      0.26%   411.711
   1470     673      644.527           642.841      0.26%   414.099
   1480     675      644.527           642.842      0.26%   415.931
   1490     673      644.527           642.843      0.26%   419.890
   1500     677      644.527           642.845      0.26%   421.828
   1510     677      644.527           642.846      0.26%   423.679
   1520     677      644.527           642.849      0.26%   426.117
   1530     679      644.527           642.851      0.26%   428.322
   1540     683      644.527           642.852      0.26%   430.884
   1550     687      644.527           642.854      0.26%   435.155
   1560     689      644.527           642.858      0.26%   437.245
   1570     691      644.527           642.859      0.26%   439.490
   1580     697      644.527           642.864      0.26%   442.226
   1590     699      644.527           642.865      0.26%   444.381
   1600     699      644.527           642.872      0.26%   446.968
   1610     707      644.527           642.874      0.26%   449.000
   1620     711      644.527           642.884      0.25%   451.812
   1630     713      644.527           642.887      0.25%   454.115
   1640     715      644.527           642.888      0.25%   456.536
   1650     717      644.527           642.890      0.25%   459.352
   1660     719      644.527           642.895      0.25%   461.418
   1670     719      644.527           642.900      0.25%   463.988
   1680     719      644.527           642.902      0.25%   466.118
   1690     725      644.527           642.904      0.25%   468.013
   1700     729      644.527           642.906      0.25%   470.873
   1710     729      644.527           642.907      0.25%   473.134
   1720     735      644.527           642.913      0.25%   475.163
   1730     739      644.527           642.914      0.25%   477.607
   1740     745      644.527           642.917      0.25%   479.908
   1750     749      644.527           642.922      0.25%   482.606
   1760     749      644.527           642.924      0.25%   484.858
   1770     749      644.527           642.925      0.25%   487.235
   1780     751      644.527           642.932      0.25%   489.324
   1790     751      644.527           642.937      0.25%   492.126
   1800     751      644.527           642.942      0.25%   493.982
   1810     751      644.527           642.947      0.25%   496.141
   1820     752      644.527           642.950      0.24%   499.094
   1830     754      644.527           642.952      0.24%   501.556
   1840     754      644.527           642.956      0.24%   503.557
   1850     754      644.527           642.957      0.24%   505.864
   1860     754      644.527           642.960      0.24%   508.115
   1870     758      644.527           642.961      0.24%   510.604
   1880     760      644.527           642.967      0.24%   512.784
   1890     762      644.527           642.971      0.24%   515.201
   1900     762      644.527           642.974      0.24%   517.545
   1910     764      644.527           642.977      0.24%   520.821
   1920     764      644.527           642.978      0.24%   523.159
   1930     764      644.527           642.980      0.24%   525.710
   1940     768      644.527           642.983      0.24%   528.134
   1950     770      644.527           642.987      0.24%   530.513
   1960     768      644.527           642.993      0.24%   534.235
   1970     768      644.527           642.996      0.24%   536.558
   1980     772      644.527           642.997      0.24%   538.544
   1990     774      644.527           643.001      0.24%   540.504
   2000     774      644.527           643.004      0.24%   543.474
   2010     774      644.527           643.005      0.24%   546.873
   2020     776      644.527           643.006      0.24%   549.270
   2030     780      644.527           643.008      0.24%   551.377
   2040     782      644.527           643.011      0.24%   554.493
   2050     784      644.527           643.013      0.23%   556.457
   2060     786      644.527           643.014      0.23%   559.920
   2070     788      644.527           643.018      0.23%   562.296
   2080     788      644.527           643.020      0.23%   564.134
   2090     790      644.527           643.023      0.23%   566.211
   2100     792      644.527           643.028      0.23%   568.565
   2110     794      644.527           643.033      0.23%   570.964
   2120     794      644.527           643.036      0.23%   573.681
   2130     794      644.527           643.040      0.23%   576.288
   2140     798      644.527           643.041      0.23%   578.295
   2150     800      644.527           643.046      0.23%   580.296
   2160     804      644.527           643.048      0.23%   582.869
   2170     804      644.527           643.051      0.23%   585.828
   2180     806      644.527           643.053      0.23%   589.292
   2190     810      644.527           643.056      0.23%   591.605
   2200     812      644.527           643.061      0.23%   593.643
   2210     814      644.527           643.069      0.23%   595.735
   2220     820      644.527           643.074      0.23%   599.101
   2230     820      644.527           643.080      0.22%   601.241
   2240     822      644.527           643.082      0.22%   603.328
   2250     826      644.527           643.084      0.22%   605.460
   2260     828      644.527           643.092      0.22%   607.831
   2270     830      644.527           643.095      0.22%   610.522
   2280     831      644.527           643.096      0.22%   613.866
   2290     833      644.527           643.099      0.22%   616.206
   2300     839      644.527           643.104      0.22%   618.261
   2310     841      644.527           643.106      0.22%   620.615
   2320     845      644.527           643.107      0.22%   623.056
   2330     847      644.527           643.109      0.22%   625.358
   2340     847      644.527           643.111      0.22%   628.575
   2350     849      644.527           643.114      0.22%   630.327
   2360     851      644.527           643.116      0.22%   632.406
   2370     851      644.527           643.118      0.22%   634.690
   2380     851      644.527           643.121      0.22%   636.993
   2390     849      644.527           643.123      0.22%   639.348
   2400     851      644.527           643.125      0.22%   642.275
   2410     851      644.527           643.126      0.22%   644.634
   2420     851      644.527           643.128      0.22%   647.911
   2430     853      644.527           643.130      0.22%   650.585
   2440     853      644.527           643.135      0.22%   652.951
   2450     853      644.527           643.137      0.22%   655.031
   2460     855      644.527           643.141      0.21%   657.376
   2470     859      644.527           643.146      0.21%   660.254
   2480     861      644.527           643.150      0.21%   663.239
   2490     863      644.527           643.153      0.21%   665.692
   2500     863      644.527           643.161      0.21%   668.603
   2510     865      644.527           643.165      0.21%   671.009
   2520     865      644.527           643.171      0.21%   673.365
   2530     867      644.527           643.177      0.21%   676.122
   2540     867      644.527           643.180      0.21%   678.047
   2550     869      644.527           643.183      0.21%   680.795
   2560     869      644.527           643.187      0.21%   683.172
   2570     869      644.527           643.191      0.21%   686.070
   2580     869      644.527           643.194      0.21%   688.135
   2590     869      644.527           643.200      0.21%   690.308
   2600     871      644.527           643.202      0.21%   692.189
   2610     871      644.527           643.206      0.20%   694.967
   2620     873      644.527           643.209      0.20%   697.630
   2630     871      644.527           643.210      0.20%   699.455
   2640     869      644.527           643.213      0.20%   702.697
   2650     871      644.527           643.217      0.20%   705.849
   2660     869      644.527           643.219      0.20%   708.619
   2670     871      644.527           643.223      0.20%   712.371
   2680     871      644.527           643.224      0.20%   714.725
   2690     871      644.527           643.227      0.20%   717.454
   2700     871      644.527           643.227      0.20%   719.228
   2710     873      644.527           643.230      0.20%   721.517
   2720     873      644.527           643.232      0.20%   724.408
   2730     875      644.527           643.235      0.20%   726.539
   2740     873      644.527           643.237      0.20%   728.563
   2750     873      644.527           643.241      0.20%   730.599
   2760     873      644.527           643.246      0.20%   733.248
   2770     873      644.527           643.248      0.20%   736.413
   2780     875      644.527           643.250      0.20%   738.479
   2790     875      644.527           643.252      0.20%   741.051
   2800     875      644.527           643.255      0.20%   743.684
   2810     877      644.527           643.256      0.20%   745.660
   2820     877      644.527           643.259      0.20%   748.509
   2830     877      644.527           643.259      0.20%   751.106
   2840     877      644.527           643.261      0.20%   753.143
   2850     877      644.527           643.262      0.20%   755.278
   2860     877      644.527           643.265      0.20%   757.650
   2870     879      644.527           643.268      0.20%   760.894
   2880     881      644.527           643.270      0.20%   764.743
   2890     881      644.527           643.272      0.19%   766.737
   2900     883      644.527           643.275      0.19%   769.920
   2910     881      644.527           643.278      0.19%   773.278
   2920     879      644.527           643.281      0.19%   775.528
   2930     883      644.527           643.285      0.19%   778.661
   2940     883      644.527           643.287      0.19%   780.886
   2950     883      644.527           643.289      0.19%   783.264
   2960     883      644.527           643.290      0.19%   785.735
   2970     885      644.527           643.292      0.19%   788.391
   2980     885      644.527           643.293      0.19%   790.871
   2990     885      644.527           643.296      0.19%   793.214
   3000     887      644.527           643.298      0.19%   796.046
   3010     887      644.527           643.301      0.19%   798.362
   3020     889      644.527           643.302      0.19%   800.671
   3030     891      644.527           643.305      0.19%   803.332
   3040     893      644.527           643.307      0.19%   805.855
   3050     893      644.527           643.314      0.19%   808.625
   3060     895      644.527           643.315      0.19%   810.960
   3070     895      644.527           643.323      0.19%   813.409
   3080     901      644.527           643.325      0.19%   816.901
   3090     901      644.527           643.328      0.19%   819.770
   3100     903      644.527           643.328      0.19%   822.365
   3110     905      644.527           643.333      0.19%   825.106
   3120     905      644.527           643.335      0.18%   827.015
   3130     907      644.527           643.336      0.18%   829.492
   3140     909      644.527           643.339      0.18%   831.952
   3150     911      644.527           643.341      0.18%   834.248
   3160     909      644.527           643.345      0.18%   837.547
   3170     909      644.527           643.345      0.18%   840.448
   3180     913      644.527           643.347      0.18%   843.142
   3190     911      644.527           643.349      0.18%   845.198
   3200     911      644.527           643.352      0.18%   847.768
   3210     913      644.527           643.355      0.18%   850.160
   3220     913      644.527           643.358      0.18%   852.805
   3230     913      644.527           643.359      0.18%   855.473
   3240     913      644.527           643.361      0.18%   858.629
   3250     913      644.527           643.361      0.18%   860.645
   3260     915      644.527           643.364      0.18%   862.776
   3270     919      644.527           643.366      0.18%   864.728
   3280     917      644.527           643.370      0.18%   866.610
   3290     919      644.527           643.371      0.18%   869.563
   3300     923      644.527           643.373      0.18%   872.227
   3310     927      644.527           643.376      0.18%   874.654
   3320     928      644.527           643.378      0.18%   877.497
   3330     930      644.527           643.382      0.18%   880.480
   3340     934      644.527           643.383      0.18%   883.489
   3350     934      644.527           643.385      0.18%   886.176
   3360     934      644.527           643.391      0.18%   889.518
   3370     936      644.527           643.393      0.18%   892.203
   3380     936      644.527           643.396      0.18%   894.241
   3390     938      644.527           643.398      0.18%   896.923
   3400     940      644.527           643.402      0.17%   899.269
   3410     942      644.527           643.405      0.17%   902.045
   3420     942      644.527           643.407      0.17%   903.925
   3430     940      644.527           643.408      0.17%   907.688
   3440     940      644.527           643.412      0.17%   910.910
   3450     940      644.527           643.416      0.17%   913.378
   3460     942      644.527           643.417      0.17%   915.200
   3470     942      644.527           643.420      0.17%   917.885
   3480     942      644.527           643.423      0.17%   920.334
   3490     940      644.527           643.423      0.17%   923.058
   3500     940      644.527           643.426      0.17%   925.141
   3510     940      644.527           643.428      0.17%   927.545
   3520     940      644.527           643.431      0.17%   929.775
   3530     938      644.527           643.433      0.17%   932.698
   3540     938      644.527           643.435      0.17%   935.130
   3550     940      644.527           643.436      0.17%   937.726
   3560     938      644.527           643.437      0.17%   940.639
   3570     936      644.527           643.440      0.17%   944.125
   3580     936      644.527           643.444      0.17%   946.824
   3590     936      644.527           643.445      0.17%   949.578
   3600     936      644.527           643.448      0.17%   952.037
   3610     936      644.527           643.449      0.17%   954.876
   3620     938      644.527           643.449      0.17%   958.387
   3630     938      644.527           643.451      0.17%   960.376
   3640     940      644.527           643.452      0.17%   963.845
   3650     940      644.527           643.454      0.17%   965.912
   3660     940      644.527           643.456      0.17%   967.722
   3670     938      644.527           643.458      0.17%   970.578
   3680     936      644.527           643.459      0.17%   975.394
   3690     938      644.527           643.463      0.17%   977.894
   3700     942      644.527           643.466      0.16%   980.224
   3710     942      644.527           643.470      0.16%   982.605
   3720     942      644.527           643.471      0.16%   984.751
   3730     942      644.527           643.472      0.16%   987.406
   3740     946      644.527           643.477      0.16%   991.183
   3750     945      644.527           643.480      0.16%   995.036
   3760     943      644.527           643.482      0.16%   997.464
   3770     947      644.527           643.486      0.16%   999.576
   3780     947      644.527           643.487      0.16%  1001.511
   3790     947      644.527           643.487      0.16%  1003.682
   3800     947      644.527           643.490      0.16%  1006.132
   3810     947      644.527           643.492      0.16%  1008.711
   3820     949      644.527           643.494      0.16%  1011.715
   3830     951      644.527           643.496      0.16%  1014.402
   3840     951      644.527           643.499      0.16%  1017.025
   3850     949      644.527           643.501      0.16%  1019.743
   3860     947      644.527           643.503      0.16%  1022.715
   3870     947      644.527           643.504      0.16%  1025.654
   3880     947      644.527           643.506      0.16%  1027.868
   3890     949      644.527           643.508      0.16%  1029.956
   3900     951      644.527           643.512      0.16%  1032.818
   3910     951      644.527           643.513      0.16%  1035.005
   3920     951      644.527           643.514      0.16%  1037.067
   3930     953      644.527           643.515      0.16%  1038.980
   3940     951      644.527           643.518      0.16%  1042.632
   3950     951      644.527           643.521      0.16%  1045.156
   3960     951      644.527           643.523      0.16%  1047.882
   3970     953      644.527           643.524      0.16%  1050.013
   3980     953      644.527           643.525      0.16%  1052.062
   3990     951      644.527           643.526      0.16%  1054.293
   4000     951      644.527           643.528      0.15%  1057.110
   4010     951      644.527           643.529      0.15%  1059.754
   4020     953      644.527           643.529      0.15%  1061.875
   4030     959      644.527           643.531      0.15%  1064.288
   4040     961      644.527           643.533      0.15%  1066.633
   4050     963      644.527           643.534      0.15%  1069.426
   4051     962      643.967 LEAF      643.536      0.07%  1069.522
   4060     961      643.967           643.538      0.07%  1072.556
   4070     961      643.967           643.540      0.07%  1076.745
   4080     959      643.967           643.543      0.07%  1079.125
   4090     959      643.967           643.547      0.07%  1082.558
   4100     957      643.967           643.548      0.07%  1084.908
   4110     957      643.967           643.549      0.06%  1087.064
   4120     959      643.967           643.551      0.06%  1089.260
   4130     957      643.967           643.554      0.06%  1091.574
   4140     955      643.967           643.557      0.06%  1093.890
   4150     959      643.967           643.560      0.06%  1096.070
   4160     959      643.967           643.562      0.06%  1098.187
   4170     957      643.967           643.565      0.06%  1101.013
   4180     957      643.967           643.568      0.06%  1102.840
   4190     957      643.967           643.571      0.06%  1105.208
   4200     955      643.967           643.574      0.06%  1107.080
   4210     953      643.967           643.576      0.06%  1109.261
   4220     953      643.967           643.582      0.06%  1111.207
   4230     953      643.967           643.583      0.06%  1113.495
   4240     951      643.967           643.584      0.06%  1115.961
   4250     949      643.967           643.586      0.06%  1119.470
   4260     949      643.967           643.588      0.06%  1122.235
   4270     949      643.967           643.590      0.06%  1124.614
   4280     949      643.967           643.592      0.06%  1126.428
   4290     947      643.967           643.593      0.06%  1128.691
   4300     947      643.967           643.596      0.06%  1131.324
   4310     945      643.967           643.597      0.06%  1133.473
   4320     947      643.967           643.599      0.06%  1136.104
   4330     947      643.967           643.602      0.06%  1138.777
   4340     947      643.967           643.604      0.06%  1140.973
   4350     947      643.967           643.605      0.06%  1143.462
   4360     945      643.967           643.607      0.06%  1145.913
   4370     947      643.967           643.610      0.06%  1148.651
   4380     949      643.967           643.614      0.05%  1150.792
   4390     947      643.967           643.616      0.05%  1153.592
   4400     947      643.967           643.617      0.05%  1155.732
   4410     947      643.967           643.619      0.05%  1157.879
   4420     949      643.967           643.621      0.05%  1159.990
   4430     949      643.967           643.624      0.05%  1161.783
   4440     947      643.967           643.627      0.05%  1164.148
   4450     947      643.967           643.629      0.05%  1166.721
   4460     949      643.967           643.634      0.05%  1168.845
   4470     947      643.967           643.636      0.05%  1171.315
   4480     947      643.967           643.637      0.05%  1173.187
   4490     945      643.967           643.640      0.05%  1174.922
   4500     941      643.967           643.641      0.05%  1177.658
   4510     941      643.967           643.643      0.05%  1180.825
   4520     941      643.967           643.647      0.05%  1183.232
   4530     941      643.967           643.650      0.05%  1184.988
   4540     939      643.967           643.651      0.05%  1187.062
   4550     939      643.967           643.652      0.05%  1189.361
   4560     941      643.967           643.653      0.05%  1191.724
   4570     941      643.967           643.655      0.05%  1194.050
   4580     939      643.967           643.656      0.05%  1196.571
   4590     939      643.967           643.657      0.05%  1199.277
   4600     939      643.967           643.659      0.05%  1201.321
   4610     939      643.967           643.660      0.05%  1203.682
   4620     939      643.967           643.665      0.05%  1206.262
   4630     941      643.967           643.666      0.05%  1208.649
   4640     939      643.967           643.667      0.05%  1210.714
   4650     939      643.967           643.668      0.05%  1212.586
   4660     943      643.967           643.670      0.05%  1215.041
   4670     943      643.967           643.671      0.05%  1217.321
   4680     943      643.967           643.672      0.05%  1219.657
   4690     943      643.967           643.674      0.05%  1221.601
   4700     943      643.967           643.675      0.05%  1223.595
   4710     945      643.967           643.677      0.05%  1225.753
   4720     943      643.967           643.678      0.04%  1228.851
   4730     943      643.967           643.682      0.04%  1231.153
   4740     943      643.967           643.684      0.04%  1232.931
   4750     941      643.967           643.686      0.04%  1235.879
   4760     939      643.967           643.689      0.04%  1238.230
   4770     939      643.967           643.691      0.04%  1241.803
   4780     939      643.967           643.692      0.04%  1243.769
   4790     939      643.967           643.694      0.04%  1246.029
   4800     935      643.967           643.695      0.04%  1248.409
   4810     933      643.967           643.697      0.04%  1250.307
   4820     931      643.967           643.699      0.04%  1253.059
   4830     927      643.967           643.701      0.04%  1256.359
   4840     925      643.967           643.702      0.04%  1259.187
   4850     925      643.967           643.703      0.04%  1261.715
   4860     923      643.967           643.704      0.04%  1263.516
   4870     921      643.967           643.706      0.04%  1265.952
   4880     917      643.967           643.708      0.04%  1268.008
   4890     917      643.967           643.708      0.04%  1270.000
   4900     915      643.967           643.711      0.04%  1272.402
   4910     911      643.967           643.712      0.04%  1275.094
   4920     909      643.967           643.713      0.04%  1277.574
   4930     909      643.967           643.715      0.04%  1279.655
   4940     911      643.967           643.716      0.04%  1281.244
   4950     907      643.967           643.717      0.04%  1283.465
   4960     909      643.967           643.718      0.04%  1285.722
   4970     907      643.967           643.720      0.04%  1288.380
   4980     907      643.967           643.721      0.04%  1291.023
   4990     907      643.967           643.722      0.04%  1293.472
   5000     905      643.967           643.725      0.04%  1295.425
   5010     905      643.967           643.726      0.04%  1298.793
   5020     903      643.967           643.727      0.04%  1301.185
   5030     901      643.967           643.729      0.04%  1303.523
   5040     899      643.967           643.731      0.04%  1306.234
   5050     899      643.967           643.733      0.04%  1308.152
   5060     899      643.967           643.734      0.04%  1309.867
   5070     897      643.967           643.736      0.04%  1312.024
   5080     897      643.967           643.737      0.04%  1314.208
   5090     897      643.967           643.741      0.04%  1316.314
   5100     897      643.967           643.741      0.04%  1319.073
   5110     895      643.967           643.742      0.03%  1320.824
   5120     895      643.967           643.743      0.03%  1322.834
   5130     893      643.967           643.744      0.03%  1324.547
   5140     893      643.967           643.746      0.03%  1327.772
   5150     893      643.967           643.748      0.03%  1329.822
   5160     893      643.967           643.749      0.03%  1331.813
   5170     893      643.967           643.752      0.03%  1333.791
   5180     891      643.967           643.753      0.03%  1336.871
   5190     891      643.967           643.757      0.03%  1338.847
   5200     891      643.967           643.759      0.03%  1341.083
   5210     889      643.967           643.760      0.03%  1342.836
   5220     885      643.967           643.762      0.03%  1344.625
   5230     881      643.967           643.764      0.03%  1347.278
   5240     883      643.967           643.764      0.03%  1349.496
   5250     885      643.967           643.769      0.03%  1351.968
   5260     883      643.967           643.771      0.03%  1354.926
   5270     881      643.967           643.773      0.03%  1357.674
   5280     879      643.967           643.775      0.03%  1359.817
   5290     879      643.967           643.778      0.03%  1362.707
   5300     875      643.967           643.779      0.03%  1365.393
   5310     875      643.967           643.781      0.03%  1369.307
   5320     875      643.967           643.783      0.03%  1371.457
   5330     877      643.967           643.784      0.03%  1373.619
   5340     875      643.967           643.785      0.03%  1375.940
   5350     875      643.967           643.785      0.03%  1378.232
   5360     875      643.967           643.786      0.03%  1380.304
   5370     873      643.967           643.788      0.03%  1382.442
   5380     873      643.967           643.788      0.03%  1384.826
   5390     869      643.967           643.789      0.03%  1387.429
   5400     869      643.967           643.792      0.03%  1390.759
   5410     867      643.967           643.793      0.03%  1393.026
   5420     865      643.967           643.795      0.03%  1395.209
   5430     863      643.967           643.796      0.03%  1397.181
   5440     861      643.967           643.797      0.03%  1399.094
   5450     859      643.967           643.801      0.03%  1400.945
   5460     859      643.967           643.803      0.03%  1403.207
   5470     859      643.967           643.804      0.03%  1406.069
   5480     859      643.967           643.806      0.03%  1407.966
   5490     857      643.967           643.807      0.02%  1409.945
   5500     857      643.967           643.808      0.02%  1412.681
   5510     855      643.967           643.811      0.02%  1415.377
   5520     853      643.967           643.813      0.02%  1417.818
   5530     853      643.967           643.815      0.02%  1419.966
   5540     851      643.967           643.816      0.02%  1422.282
   5550     849      643.967           643.818      0.02%  1424.882
   5560     847      643.967           643.819      0.02%  1427.057
   5570     845      643.967           643.820      0.02%  1428.910
   5580     845      643.967           643.823      0.02%  1431.963
   5590     841      643.967           643.823      0.02%  1434.194
   5600     835      643.967           643.824      0.02%  1436.574
   5610     833      643.967           643.826      0.02%  1438.961
   5620     833      643.967           643.828      0.02%  1441.410
   5630     831      643.967           643.828      0.02%  1444.206
   5640     831      643.967           643.829      0.02%  1446.934
   5650     829      643.967           643.831      0.02%  1449.287
   5660     827      643.967           643.834      0.02%  1451.524
   5670     827      643.967           643.836      0.02%  1453.566
   5680     822      643.967           643.839      0.02%  1455.889
   5690     820      643.967           643.842      0.02%  1458.696
   5700     816      643.967           643.843      0.02%  1461.683
   5710     816      643.967           643.845      0.02%  1463.588
   5720     816      643.967           643.848      0.02%  1466.664
   5730     812      643.967           643.851      0.02%  1468.630
   5740     812      643.967           643.852      0.02%  1470.969
   5750     812      643.967           643.854      0.02%  1473.870
   5760     806      643.967           643.854      0.02%  1476.292
   5770     800      643.967           643.855      0.02%  1478.228
   5780     796      643.967           643.856      0.02%  1480.798
   5790     794      643.967           643.858      0.02%  1483.081
   5800     792      643.967           643.861      0.02%  1485.231
   5810     792      643.967           643.862      0.02%  1488.855
   5820     790      643.967           643.862      0.02%  1491.090
   5830     788      643.967           643.864      0.02%  1492.983
   5840     784      643.967           643.865      0.02%  1494.798
   5850     780      643.967           643.869      0.02%  1497.148
   5860     780      643.967           643.869      0.02%  1499.526
   5870     776      643.967           643.871      0.01%  1501.427
   5880     770      643.967           643.873      0.01%  1503.468
   5890     764      643.967           643.874      0.01%  1506.222
   5900     762      643.967           643.875      0.01%  1508.014
   5910     758      643.967           643.877      0.01%  1510.714
   5920     758      643.967           643.879      0.01%  1514.383
   5930     752      643.967           643.881      0.01%  1516.392
   5940     750      643.928 LEAF      643.882      0.01%  1519.089

EXIT: Optimal solution found (assuming convexity).

Final Statistics for MIP
------------------------
Final objective value               =  6.43928329750189e+02
Final bound value                   =  6.43881733939205e+02
Final optimality gap (abs / rel)    =  4.66e-02 / 7.24e-05 (0.01%)
# of root cutting plane rounds      =  2
# of restarts                       =  1
# of nodes processed                =  5940 (1362.920s)
# of strong branching evaluations   =  77 (48.058s)
# of function evaluations           =  201696 (61.982s)
# of gradient evaluations           =  155238 (48.666s)
# of hessian evaluations            =  144756 (254.134s)
# of hessian-vector evaluations     =  0
# of subproblems processed          =  6323 (1492.562s)
Total program time (secs)           =  1519.089 (1510.344 CPU time)
Time spent in evaluations (secs)    =  364.782

Cuts statistics (gen / add)
---------------------------
Knapsack cuts                       =  0 / 0
Mixed-integer rounding cuts         =  3 / 2
Flow-cover cuts                     =  0 / 0
Probing cuts                        =  0 / 0

Heuristics statistics (calls / successes / time)
------------------------------------------------
Feasibility pump                    =  8 / 0 / 35.567s
Rounding heuristic                  =  2 / 0 / 4.983s
MPEC heuristic                      =  81 / 0 / 47.710s
Local search heuristic              =  5 / 0 / 0.483s

===========================================================================


