Solver command line: ['C:\\Program Files\\Artelys\\Knitro 14.2.0\\knitroampl\\knitroampl.exe', 'C:\\Users\\HP\\AppData\\Local\\Temp\\tmp3a5q83a9.pyomo.nl', '-AMPL', 'mip_multistart=1', 'mip_numthreads=1']

Artelys Knitro 14.2.0: mip_multistart=1
mip_numthreads=1

=======================================
          Commercial License
         Artelys Knitro 14.2.0
=======================================

WARNING: Problem appears to have nonlinear equalities and be non-convex.
         The Knitro mixed integer solver is designed for convex problems.
         For non-convex problems it is only a heuristic, and the reported
         bounds and optimality claims cannot be verified.

concurrent_evals         0
datacheck                0
findiff_numthreads       1
hessian_no_f             1
hessopt                  1
mip_multistart           1
mip_numthreads           1
Knitro changing mip_method from AUTO to 1.
Knitro changing mip_rootalg from AUTO to 1.
Knitro changing mip_lpalg from AUTO to 3.
Knitro changing mip_branchrule from AUTO to 2.
Knitro changing mip_selectrule from AUTO to 2.
Knitro changing mip_mir from AUTO to 2.
Knitro changing mip_clique from AUTO to 0.
Knitro changing mip_zerohalf from AUTO to 0.
Knitro changing mip_liftproject from AUTO to 0.
Knitro changing mip_knapsack from AUTO to 2.
Knitro changing mip_gomory from AUTO to 0.
Knitro changing mip_cut_flowcover from AUTO to 2.
Knitro changing mip_cut_probing from AUTO to 1.
Knitro changing mip_rounding from AUTO to 3.
Knitro changing mip_heuristic_strategy from AUTO to 1.
Knitro changing mip_heuristic_feaspump from AUTO to 1.
Knitro changing mip_heuristic_misqp from AUTO to 0.
Knitro changing mip_heuristic_mpec from AUTO to 1.
Knitro changing mip_heuristic_diving from AUTO to 0.
Knitro changing mip_heuristic_lns from AUTO to 0.
Knitro changing mip_heuristic_localsearch from AUTO to 1.
Knitro changing mip_pseudoinit from AUTO to 1.

Problem Characteristics                                 (   Presolved)
-----------------------
Objective goal:  Minimize
Objective type:  linear
Number of variables:                               3242 (        3242)
    bounded below only:                             792 (         792)
    bounded above only:                               0 (           0)
    bounded below and above:                         37 (          37)
    fixed:                                            0 (           0)
    free:                                          2413 (        2413)
Number of binary variables:                          37 (          37)
Number of integer variables:                          0 (           0)
Number of constraints:                             6481 (        8017)
    linear equalities:                               82 (          82)
    quadratic equalities:                             0 (           0)
    gen. nonlinear equalities:                     1584 (        1584)
    linear one-sided inequalities:                 3279 (        6351)
    quadratic one-sided inequalities:                 0 (           0)
    gen. nonlinear one-sided inequalities:            0 (           0)
    linear two-sided inequalities:                 1536 (           0)
    quadratic two-sided inequalities:                 0 (           0)
    gen. nonlinear two-sided inequalities:            0 (           0)
Number of nonzeros in Jacobian:                   20382 (       21918)
Number of nonzeros in Hessian:                     9480 (        9480)

Knitro using Branch and Bound method with 1 thread.

Initial points
--------------
Read provided root node initial point:
    Objective value:    0.000000e+00
    Feasibility error:  5.000000e+00
    Feasible:           no
No primal point provided for the MIP.

Root node relaxation
--------------------

 Iter      Objective      Feasibility        Optimality       Time 
                             error              error        (secs)
 ----      ---------      -----------        ----------      ------
    1        1276.93      4.96841e-02          0.543513       0.132
    2        1289.58      2.92114e-02          0.368123       0.140
    3        1299.50      1.29607e-02          0.186932       0.148
    4        1308.09      2.44631e-03       9.41863e-02       0.156
    5        1308.03      3.86717e-03          0.146295       0.164
    6        1308.03      2.02767e-03          0.225244       0.171
    7        1308.03      9.13890e-04          0.108356       0.179
    8        1308.04      1.12977e-04       1.06027e-02       0.188
    9        1308.04      1.40972e-06       6.19221e-05       0.195
   10        1308.04      3.57717e-08       1.45711e-06       0.203
   11        1308.04      2.36387e-12       2.89591e-10       0.211
   12        1308.04      3.73382e-14       2.30095e-08       0.223

Tree search
-----------

       Nodes        Best solution   Best bound      Gap       Time 
   Expl  |  Unexpl      value         value                  (secs)
   ---------------  -------------   ----------      ---      ------
      1       2                           -inf                0.251
      1       2      1313.34   FP         -inf                1.574
     10      10      1313.34              -inf                3.984
     20      18      1313.34              -inf                6.674
     30      27      1313.34              -inf                8.181
     40      36      1313.34              -inf                9.388
     50      45      1313.34              -inf               10.424
     60      52      1313.34              -inf               12.393
     70      62      1313.34              -inf               14.132
     80      70      1313.34              -inf               16.519
     90      76      1313.34              -inf               21.432
    100      85      1313.34              -inf               22.837
    110      91      1313.34              -inf               27.243
    120      99      1313.34              -inf               28.889
    130      97      1313.34              -inf               29.735
    140      87      1313.34              -inf               29.735
    150      77      1313.34              -inf               29.736
    160      67      1313.34              -inf               29.736
    170      57      1313.34              -inf               29.736
    180      47      1313.34              -inf               29.737
    190      37      1313.34              -inf               29.737
    200      27      1313.34              -inf               29.737
    210      17      1313.34              -inf               29.738
    220       7      1313.34              -inf               29.738
    226       1      1313.34           1308.55      0.37%    29.738
    230       4      1313.34           1308.55      0.37%    31.187
    240      12      1313.34           1308.55      0.37%    32.721
    250      20      1313.34           1308.55      0.37%    34.371
    260      30      1313.34           1308.55      0.37%    36.218
    270      37      1313.34           1308.55      0.37%    37.623
    280      45      1313.34           1308.55      0.37%    38.975
    290      52      1313.34           1308.55      0.37%    41.171
    300      58      1313.34           1308.55      0.37%    42.848
    310      65      1313.34           1308.55      0.37%    47.462
    320      71      1313.34           1308.55      0.37%    51.639
    330      73      1313.34           1308.55      0.37%    55.396
    340      77      1313.34           1308.55      0.37%    58.707
    350      86      1313.34           1308.55      0.37%    62.409
    360      86      1313.34           1308.55      0.37%    64.762
    370      88      1313.34           1308.55      0.37%    67.343
    380      88      1313.34           1308.55      0.37%    68.909
    390      90      1313.34           1308.55      0.37%    72.045
    400      88      1313.34           1308.62      0.36%    77.301
    410      88      1313.34           1308.63      0.36%    80.557
    420      90      1313.34           1308.68      0.36%    83.858
    430      92      1313.34           1308.72      0.35%    85.612
    440      98      1313.34           1308.76      0.35%    87.236
    450     104      1313.34           1308.79      0.35%    89.648
    460     108      1313.34           1308.82      0.34%    92.898
    470     110      1313.34           1308.94      0.34%    97.943
    480     116      1313.34           1308.98      0.33%    99.852
    490     122      1313.34           1309.04      0.33%   102.101
    500     128      1313.34           1309.07      0.33%   103.129
    510     134      1313.34           1309.09      0.32%   104.471
    520     140      1313.34           1309.11      0.32%   107.802
    530     140      1313.34           1309.14      0.32%   110.679
    540     148      1313.34           1309.15      0.32%   113.280
    550     152      1313.34           1309.16      0.32%   116.004
    560     156      1313.34           1309.17      0.32%   119.560
    570     164      1313.34           1309.18      0.32%   120.720
    580     168      1313.34           1309.21      0.31%   122.462
    590     168      1313.34           1309.22      0.31%   125.877
    600     172      1313.34           1309.23      0.31%   130.363
    610     177      1313.34           1309.23      0.31%   133.277
    620     183      1313.34           1309.26      0.31%   134.773
    630     185      1313.34           1309.27      0.31%   137.439
    640     187      1313.34           1309.27      0.31%   139.363
    650     193      1313.34           1309.28      0.31%   140.822
    660     199      1313.34           1309.28      0.31%   141.951
    670     203      1313.34           1309.29      0.31%   143.324
    680     206      1313.34           1309.30      0.31%   146.086
    690     210      1313.34           1309.31      0.31%   147.329
    700     213      1313.34           1309.34      0.30%   153.697
    710     215      1313.34           1309.35      0.30%   156.036
    720     217      1313.34           1309.38      0.30%   158.107
    730     221      1313.34           1309.39      0.30%   161.186
    740     225      1313.34           1309.41      0.30%   162.923
    750     231      1313.34           1309.42      0.30%   164.291
    760     234      1313.34           1309.43      0.30%   168.565
    770     233      1313.34           1309.43      0.30%   171.413
    780     233      1313.34           1309.45      0.30%   173.650
    790     232      1313.34           1309.46      0.30%   176.703
    796     234      1312.78 LEAF      1309.47      0.25%   177.328
    800     233      1312.78           1309.47      0.25%   179.443
    810     235      1312.78           1309.48      0.25%   180.754
    820     237      1312.78           1309.48      0.25%   182.966
    830     235      1312.78           1309.48      0.25%   187.093
    840     237      1312.78           1309.49      0.25%   189.252
    850     238      1312.78           1309.49      0.25%   191.340
    860     241      1312.78           1309.49      0.25%   193.218
    870     241      1312.78           1309.51      0.25%   195.022
    880     242      1312.78           1309.51      0.25%   197.245
    890     244      1312.78           1309.52      0.25%   199.427
    900     248      1312.78           1309.53      0.25%   200.733
    910     250      1312.78           1309.53      0.25%   204.486
    920     252      1312.78           1309.54      0.25%   206.315
    930     253      1312.78           1309.55      0.25%   208.636
    940     257      1312.78           1309.55      0.25%   210.342
    950     261      1312.78           1309.56      0.25%   211.979
    960     263      1312.78           1309.58      0.24%   213.610
    970     265      1312.78           1309.59      0.24%   214.795
    980     263      1312.78           1309.59      0.24%   217.507
    990     264      1312.78           1309.59      0.24%   220.045
   1000     264      1312.78           1309.60      0.24%   222.413
   1010     266      1312.78           1309.61      0.24%   223.977
   1020     270      1312.78           1309.62      0.24%   226.695
   1030     273      1312.78           1309.65      0.24%   228.288
   1040     277      1312.78           1309.65      0.24%   229.750
   1050     278      1312.78           1309.65      0.24%   231.153
   1060     277      1312.78           1309.67      0.24%   232.611
   1070     279      1312.78           1309.68      0.24%   235.120
   1080     280      1312.78           1309.69      0.24%   237.603
   1090     282      1312.78           1309.69      0.23%   239.999
   1100     286      1312.78           1309.69      0.23%   241.687
   1110     290      1312.78           1309.70      0.23%   244.277
   1120     289      1312.78           1309.71      0.23%   250.021
   1130     291      1312.78           1309.72      0.23%   251.981
   1140     297      1312.78           1309.73      0.23%   253.201
   1150     299      1312.78           1309.75      0.23%   254.583
   1160     299      1312.78           1309.76      0.23%   258.950
   1170     299      1312.78           1309.77      0.23%   262.079
   1180     299      1312.78           1309.78      0.23%   265.472
   1190     301      1312.78           1309.79      0.23%   267.685
   1200     303      1312.78           1309.79      0.23%   269.457
   1210     303      1312.78           1309.80      0.23%   270.733
   1220     306      1312.78           1309.81      0.23%   273.365
   1230     308      1312.78           1309.82      0.23%   275.936
   1240     308      1312.78           1309.82      0.22%   277.404
   1250     312      1312.78           1309.84      0.22%   279.607
   1260     311      1312.78           1309.85      0.22%   283.726
   1270     313      1312.78           1309.85      0.22%   285.013
   1280     315      1312.78           1309.86      0.22%   287.915
   1290     316      1312.78           1309.87      0.22%   290.900
   1300     319      1312.78           1309.87      0.22%   293.624
   1310     321      1312.78           1309.89      0.22%   295.946
   1320     325      1312.78           1309.89      0.22%   299.577
   1330     325      1312.78           1309.90      0.22%   302.256
   1340     331      1312.78           1309.91      0.22%   303.160
   1350     337      1312.78           1309.92      0.22%   304.431
   1356     341      1312.57 LEAF      1309.92      0.20%   305.240
   1360     341      1312.57           1309.93      0.20%   306.241
   1370     343      1312.57           1309.93      0.20%   309.657
   1380     343      1312.57           1309.94      0.20%   311.543
   1390     343      1312.57           1309.94      0.20%   313.587
   1400     347      1312.57           1309.94      0.20%   314.640
   1410     349      1312.57           1309.94      0.20%   315.887
   1420     351      1312.57           1309.95      0.20%   317.016
   1430     351      1312.57           1309.95      0.20%   318.690
   1440     353      1312.57           1309.95      0.20%   320.657
   1450     351      1312.57           1309.96      0.20%   323.064
   1460     358      1312.57           1309.97      0.20%   324.912
   1470     361      1312.57           1309.97      0.20%   327.164
   1480     361      1312.57           1309.97      0.20%   330.361
   1490     362      1312.57           1309.98      0.20%   332.582
   1500     364      1312.57           1309.98      0.20%   334.058
   1510     364      1312.57           1309.98      0.20%   335.127
   1520     369      1312.57           1309.99      0.20%   337.181
   1530     367      1312.57           1309.99      0.20%   338.981
   1540     369      1312.57           1310.00      0.20%   341.549
   1550     369      1312.57           1310.00      0.20%   344.184
   1560     373      1312.57           1310.01      0.20%   345.589
   1570     377      1312.57           1310.02      0.19%   347.443
   1580     379      1312.57           1310.02      0.19%   348.931
   1590     380      1312.57           1310.04      0.19%   351.350
   1600     380      1312.57           1310.04      0.19%   352.559
   1610     383      1312.57           1310.04      0.19%   355.151
   1620     383      1312.57           1310.05      0.19%   357.789
   1630     385      1312.57           1310.05      0.19%   359.139
   1640     385      1312.57           1310.06      0.19%   362.004
   1650     384      1312.57           1310.06      0.19%   364.311
   1660     386      1312.57           1310.06      0.19%   365.850
   1670     388      1312.57           1310.07      0.19%   367.167
   1680     388      1312.57           1310.08      0.19%   368.826
   1688     388      1312.21 LEAF      1310.08      0.16%   370.581
   1690     390      1312.21           1310.08      0.16%   370.739
   1700     389      1312.21           1310.08      0.16%   373.840
   1710     388      1312.21           1310.09      0.16%   375.323
   1720     388      1312.21           1310.09      0.16%   377.502
   1730     390      1312.21           1310.09      0.16%   379.131
   1740     391      1312.21           1310.09      0.16%   381.635
   1750     391      1312.21           1310.10      0.16%   384.536
   1760     390      1312.21           1310.10      0.16%   386.921
   1770     392      1312.21           1310.11      0.16%   388.942
   1780     394      1312.21           1310.12      0.16%   391.055
   1790     397      1312.21           1310.12      0.16%   392.580
   1800     397      1312.21           1310.13      0.16%   394.238
   1810     399      1312.21           1310.13      0.16%   397.032
   1820     402      1312.21           1310.14      0.16%   400.142
   1830     405      1312.21           1310.15      0.16%   401.622
   1840     404      1312.21           1310.15      0.16%   405.223
   1850     403      1312.21           1310.15      0.16%   408.063
   1860     403      1312.21           1310.16      0.16%   410.520
   1870     403      1312.21           1310.16      0.16%   412.040
   1880     403      1312.21           1310.16      0.16%   413.979
   1890     401      1312.21           1310.17      0.16%   415.590
   1900     403      1312.21           1310.17      0.16%   417.562
   1910     403      1312.21           1310.17      0.16%   418.778
   1920     405      1312.21           1310.18      0.16%   419.805
   1930     406      1312.21           1310.18      0.15%   421.990
   1940     406      1312.21           1310.19      0.15%   423.390
   1950     406      1312.21           1310.20      0.15%   425.241
   1960     406      1312.21           1310.20      0.15%   426.817
   1970     408      1312.21           1310.20      0.15%   428.574
   1980     410      1312.21           1310.21      0.15%   429.802
   1990     410      1312.21           1310.21      0.15%   431.578
   2000     411      1312.21           1310.21      0.15%   432.805
   2010     412      1312.21           1310.22      0.15%   434.932
   2020     412      1312.21           1310.22      0.15%   436.090
   2030     412      1312.21           1310.22      0.15%   437.617
   2040     412      1312.21           1310.23      0.15%   439.653
   2050     412      1312.21           1310.23      0.15%   441.028
   2060     413      1312.21           1310.24      0.15%   443.121
   2070     412      1312.21           1310.24      0.15%   445.641
   2080     412      1312.21           1310.24      0.15%   447.201
   2090     412      1312.21           1310.24      0.15%   447.908
   2100     414      1312.21           1310.25      0.15%   449.582
   2110     416      1312.21           1310.25      0.15%   450.554
   2120     416      1312.21           1310.25      0.15%   451.562
   2130     416      1312.21           1310.26      0.15%   453.566
   2140     418      1312.21           1310.26      0.15%   455.150
   2150     419      1312.21           1310.26      0.15%   457.898
   2160     421      1312.21           1310.26      0.15%   459.454
   2170     420      1312.21           1310.27      0.15%   461.859
   2180     420      1312.21           1310.28      0.15%   464.347
   2190     420      1312.21           1310.28      0.15%   465.835
   2200     419      1312.21           1310.28      0.15%   467.824
   2210     417      1312.21           1310.29      0.15%   470.410
   2220     417      1312.21           1310.29      0.15%   472.935
   2230     413      1312.21           1310.29      0.15%   475.475
   2240     416      1312.21           1310.30      0.15%   477.643
   2250     419      1312.21           1310.30      0.15%   479.642
   2260     417      1312.21           1310.31      0.15%   481.073
   2270     419      1312.21           1310.31      0.14%   482.454
   2280     419      1312.21           1310.31      0.14%   484.416
   2290     417      1312.21           1310.32      0.14%   487.481
   2300     415      1312.21           1310.32      0.14%   488.986
   2310     416      1312.21           1310.33      0.14%   491.175
   2320     418      1312.21           1310.33      0.14%   493.473
   2330     417      1312.21           1310.33      0.14%   495.180
   2340     415      1312.21           1310.34      0.14%   497.509
   2350     416      1312.21           1310.34      0.14%   500.020
   2360     415      1312.21           1310.35      0.14%   502.329
   2370     413      1312.21           1310.35      0.14%   503.443
   2380     416      1312.21           1310.36      0.14%   504.961
   2390     418      1312.21           1310.36      0.14%   505.982
   2400     418      1312.21           1310.37      0.14%   508.169
   2410     418      1312.21           1310.38      0.14%   509.863
   2420     420      1312.21           1310.38      0.14%   510.888
   2430     420      1312.21           1310.38      0.14%   512.421
   2440     425      1312.21           1310.39      0.14%   515.703
   2450     428      1312.21           1310.40      0.14%   519.271
   2460     430      1312.21           1310.40      0.14%   521.391
   2470     432      1312.21           1310.41      0.14%   523.488
   2480     434      1312.21           1310.41      0.14%   525.472
   2490     433      1312.21           1310.41      0.14%   528.313
   2500     433      1312.21           1310.42      0.14%   529.990
   2510     433      1312.21           1310.42      0.14%   531.178
   2520     431      1312.21           1310.42      0.14%   533.162
   2530     431      1312.21           1310.43      0.14%   534.251
   2540     432      1312.21           1310.43      0.14%   536.316
   2550     432      1312.21           1310.44      0.14%   538.640
   2560     431      1312.21           1310.44      0.14%   540.693
   2570     431      1312.21           1310.45      0.13%   542.077
   2580     431      1312.21           1310.45      0.13%   543.514
   2590     431      1312.21           1310.45      0.13%   546.382
   2600     428      1312.21           1310.46      0.13%   548.293
   2610     428      1312.21           1310.47      0.13%   549.482
   2620     428      1312.21           1310.47      0.13%   550.638
   2630     428      1312.21           1310.47      0.13%   552.531
   2640     427      1312.21           1310.48      0.13%   556.583
   2650     427      1312.21           1310.48      0.13%   558.095
   2660     427      1312.21           1310.49      0.13%   560.618
   2670     427      1312.21           1310.49      0.13%   562.438
   2680     427      1312.21           1310.50      0.13%   564.665
   2690     424      1312.21           1310.51      0.13%   570.705
   2700     426      1312.21           1310.51      0.13%   572.863
   2710     425      1312.21           1310.52      0.13%   577.463
   2720     425      1312.21           1310.54      0.13%   578.513
   2730     424      1312.21           1310.54      0.13%   580.368
   2740     426      1312.21           1310.55      0.13%   582.168
   2750     426      1312.21           1310.55      0.13%   583.921
   2760     426      1312.21           1310.55      0.13%   586.507
   2770     426      1312.21           1310.57      0.13%   588.089
   2780     424      1312.21           1310.57      0.13%   591.399
   2790     423      1312.21           1310.57      0.12%   594.425
   2800     426      1312.21           1310.57      0.12%   596.325
   2810     428      1312.21           1310.58      0.12%   598.099
   2820     428      1312.21           1310.58      0.12%   601.834
   2830     428      1312.21           1310.58      0.12%   603.266
   2840     426      1312.21           1310.59      0.12%   605.397
   2850     426      1312.21           1310.59      0.12%   607.423
   2860     428      1312.21           1310.59      0.12%   608.841
   2870     427      1312.21           1310.60      0.12%   611.226
   2880     427      1312.21           1310.60      0.12%   613.112
   2890     429      1312.21           1310.61      0.12%   613.892
   2900     429      1312.21           1310.61      0.12%   616.616
   2910     431      1312.21           1310.61      0.12%   617.637
   2920     430      1312.21           1310.62      0.12%   619.751
   2930     430      1312.21           1310.62      0.12%   621.546
   2940     430      1312.21           1310.62      0.12%   623.794
   2950     429      1312.21           1310.62      0.12%   626.618
   2960     426      1312.21           1310.63      0.12%   628.945
   2970     429      1312.21           1310.64      0.12%   630.733
   2980     429      1312.21           1310.64      0.12%   631.841
   2990     428      1312.21           1310.65      0.12%   634.294
   3000     429      1312.21           1310.65      0.12%   635.773
   3010     433      1312.21           1310.65      0.12%   638.202
   3020     433      1312.21           1310.66      0.12%   640.617
   3030     431      1312.21           1310.66      0.12%   643.123
   3040     433      1312.21           1310.67      0.12%   645.413
   3050     433      1312.21           1310.67      0.12%   647.238
   3060     432      1312.21           1310.67      0.12%   649.223
   3070     432      1312.21           1310.68      0.12%   650.840
   3080     431      1312.21           1310.68      0.12%   652.956
   3090     431      1312.21           1310.68      0.12%   655.509
   3100     431      1312.21           1310.68      0.12%   657.667
   3110     431      1312.21           1310.69      0.12%   659.714
   3120     431      1312.21           1310.69      0.12%   661.557
   3130     430      1312.21           1310.69      0.12%   663.684
   3140     432      1312.21           1310.69      0.12%   664.785
   3150     430      1312.21           1310.70      0.12%   666.131
   3160     428      1312.21           1310.71      0.11%   668.088
   3170     428      1312.21           1310.71      0.11%   670.295
   3180     429      1312.21           1310.71      0.11%   672.385
   3190     429      1312.21           1310.72      0.11%   674.051
   3200     428      1312.21           1310.72      0.11%   676.213
   3210     429      1312.21           1310.72      0.11%   678.099
   3220     428      1312.21           1310.73      0.11%   679.901
   3230     427      1312.21           1310.73      0.11%   682.486
   3240     424      1312.21           1310.73      0.11%   684.825
   3250     424      1312.21           1310.74      0.11%   686.631
   3260     422      1312.21           1310.75      0.11%   687.850
   3270     423      1312.21           1310.75      0.11%   689.963
   3280     422      1312.21           1310.75      0.11%   691.419
   3290     420      1312.21           1310.75      0.11%   693.918
   3300     419      1312.21           1310.76      0.11%   696.508
   3310     419      1312.21           1310.76      0.11%   698.613
   3320     421      1312.21           1310.77      0.11%   700.020
   3330     421      1312.21           1310.77      0.11%   701.651
   3340     421      1312.21           1310.77      0.11%   702.651
   3350     421      1312.21           1310.78      0.11%   703.815
   3360     423      1312.21           1310.79      0.11%   704.905
   3370     425      1312.21           1310.79      0.11%   706.173
   3380     421      1312.21           1310.79      0.11%   707.880
   3390     422      1312.21           1310.80      0.11%   709.984
   3400     421      1312.21           1310.80      0.11%   713.215
   3410     423      1312.21           1310.81      0.11%   714.319
   3420     422      1312.21           1310.81      0.11%   716.494
   3430     424      1312.21           1310.82      0.11%   717.660
   3440     424      1312.21           1310.82      0.11%   719.310
   3450     424      1312.21           1310.82      0.11%   720.886
   3460     426      1312.21           1310.82      0.11%   722.165
   3470     428      1312.21           1310.82      0.11%   722.752
   3480     428      1312.21           1310.83      0.11%   723.573
   3490     428      1312.21           1310.83      0.11%   725.316
   3500     430      1312.21           1310.83      0.10%   728.334
   3510     428      1312.21           1310.84      0.10%   730.713
   3520     425      1312.21           1310.84      0.10%   733.378
   3530     425      1312.21           1310.85      0.10%   735.414
   3540     427      1312.21           1310.85      0.10%   736.493
   3550     427      1312.21           1310.85      0.10%   737.586
   3560     426      1312.21           1310.85      0.10%   740.745
   3570     426      1312.21           1310.86      0.10%   744.645
   3580     425      1312.21           1310.86      0.10%   747.208
   3590     422      1312.21           1310.86      0.10%   749.691
   3600     423      1312.21           1310.86      0.10%   751.513
   3610     423      1312.21           1310.87      0.10%   752.792
   3620     419      1312.21           1310.87      0.10%   755.650
   3630     418      1312.21           1310.88      0.10%   757.597
   3640     419      1312.21           1310.89      0.10%   760.158
   3650     418      1312.21           1310.89      0.10%   762.794
   3660     417      1312.21           1310.90      0.10%   764.993
   3670     421      1312.21           1310.90      0.10%   767.828
   3680     420      1312.21           1310.91      0.10%   770.536
   3690     420      1312.21           1310.91      0.10%   772.869
   3700     422      1312.21           1310.92      0.10%   774.806
   3710     422      1312.21           1310.92      0.10%   775.692
   3720     421      1312.21           1310.92      0.10%   779.729
   3730     419      1312.21           1310.93      0.10%   782.257
   3740     423      1312.21           1310.93      0.10%   784.267
   3750     421      1312.21           1310.94      0.10%   785.628
   3760     425      1312.21           1310.94      0.10%   786.443
   3770     425      1312.21           1310.95      0.10%   788.513
   3780     426      1312.21           1310.95      0.10%   790.286
   3790     426      1312.21           1310.95      0.10%   791.306
   3800     428      1312.21           1310.96      0.10%   792.530
   3810     430      1312.21           1310.96      0.10%   793.895
   3820     429      1312.21           1310.96      0.10%   795.452
   3830     431      1312.21           1310.97      0.09%   796.532
   3840     435      1312.21           1310.97      0.09%   797.916
   3850     434      1312.21           1310.97      0.09%   799.612
   3860     432      1312.21           1310.97      0.09%   800.815
   3870     433      1312.21           1310.98      0.09%   802.782
   3880     434      1312.21           1310.98      0.09%   804.425
   3890     436      1312.21           1310.99      0.09%   805.307
   3900     435      1312.21           1310.99      0.09%   806.666
   3910     435      1312.21           1310.99      0.09%   808.093
   3920     428      1312.21           1310.99      0.09%   811.193
   3930     429      1312.21           1310.99      0.09%   813.789
   3940     428      1312.21           1311.00      0.09%   817.481
   3950     427      1312.21           1311.00      0.09%   819.861
   3960     428      1312.21           1311.01      0.09%   821.324
   3970     429      1312.21           1311.02      0.09%   823.285
   3980     428      1312.21           1311.03      0.09%   825.373
   3990     430      1312.21           1311.03      0.09%   826.572
   4000     430      1312.21           1311.03      0.09%   828.142
   4009     431      1311.11 MPEC      1311.03      0.01%   830.364

EXIT: Optimal solution found (assuming convexity).

Final Statistics for MIP
------------------------
Final objective value               =  1.31111126339510e+03
Final bound value                   =  1.31103334870328e+03
Final optimality gap (abs / rel)    =  7.79e-02 / 5.94e-05 (0.01%)
# of root cutting plane rounds      =  2
# of restarts                       =  1
# of nodes processed                =  4009 (692.994s)
# of strong branching evaluations   =  171 (99.782s)
# of function evaluations           =  139091 (43.819s)
# of gradient evaluations           =  85431 (25.891s)
# of hessian evaluations            =  79396 (143.325s)
# of hessian-vector evaluations     =  0
# of subproblems processed          =  4331 (819.524s)
Total program time (secs)           =  830.364 (824.047 CPU time)
Time spent in evaluations (secs)    =  213.035

Cuts statistics (gen / add)
---------------------------
Knapsack cuts                       =  0 / 0
Mixed-integer rounding cuts         =  0 / 0
Flow-cover cuts                     =  0 / 0
Probing cuts                        =  0 / 0

Heuristics statistics (calls / successes / time)
------------------------------------------------
Feasibility pump                    =  6 / 1 / 4.720s
Rounding heuristic                  =  2 / 0 / 2.665s
MPEC heuristic                      =  39 / 1 / 22.649s
Local search heuristic              =  5 / 0 / 0.103s

===========================================================================


