Solver command line: ['C:\\Program Files\\Artelys\\Knitro 14.2.0\\knitroampl\\knitroampl.exe', 'C:\\Users\\HP\\AppData\\Local\\Temp\\tmpech757ho.pyomo.nl', '-AMPL', 'mip_multistart=1', 'mip_numthreads=1']

Artelys Knitro 14.2.0: mip_multistart=1
mip_numthreads=1

=======================================
          Commercial License
         Artelys Knitro 14.2.0
=======================================

WARNING: Problem appears to have nonlinear equalities and be non-convex.
         The Knitro mixed integer solver is designed for convex problems.
         For non-convex problems it is only a heuristic, and the reported
         bounds and optimality claims cannot be verified.

concurrent_evals         0
datacheck                0
findiff_numthreads       1
hessian_no_f             1
hessopt                  1
mip_multistart           1
mip_numthreads           1
Knitro changing mip_method from AUTO to 1.
Knitro changing mip_rootalg from AUTO to 1.
Knitro changing mip_lpalg from AUTO to 3.
Knitro changing mip_branchrule from AUTO to 2.
Knitro changing mip_selectrule from AUTO to 2.
Knitro changing mip_mir from AUTO to 2.
Knitro changing mip_clique from AUTO to 0.
Knitro changing mip_zerohalf from AUTO to 0.
Knitro changing mip_liftproject from AUTO to 0.
Knitro changing mip_knapsack from AUTO to 2.
Knitro changing mip_gomory from AUTO to 0.
Knitro changing mip_cut_flowcover from AUTO to 2.
Knitro changing mip_cut_probing from AUTO to 1.
Knitro changing mip_rounding from AUTO to 3.
Knitro changing mip_heuristic_strategy from AUTO to 1.
Knitro changing mip_heuristic_feaspump from AUTO to 1.
Knitro changing mip_heuristic_misqp from AUTO to 0.
Knitro changing mip_heuristic_mpec from AUTO to 1.
Knitro changing mip_heuristic_diving from AUTO to 0.
Knitro changing mip_heuristic_lns from AUTO to 0.
Knitro changing mip_heuristic_localsearch from AUTO to 1.
Knitro changing mip_pseudoinit from AUTO to 1.

Problem Characteristics                                 (   Presolved)
-----------------------
Objective goal:  Minimize
Objective type:  linear
Number of variables:                               9578 (        9578)
    bounded below only:                             792 (         792)
    bounded above only:                               0 (           0)
    bounded below and above:                         37 (          37)
    fixed:                                            0 (           0)
    free:                                          8749 (        8749)
Number of binary variables:                          37 (          37)
Number of integer variables:                          0 (           0)
Number of constraints:                            19153 (       20689)
    linear equalities:                               82 (          82)
    quadratic equalities:                             0 (           0)
    gen. nonlinear equalities:                     1584 (        1584)
    linear one-sided inequalities:                15951 (       19023)
    quadratic one-sided inequalities:                 0 (           0)
    gen. nonlinear one-sided inequalities:            0 (           0)
    linear two-sided inequalities:                 1536 (           0)
    quadratic two-sided inequalities:                 0 (           0)
    gen. nonlinear two-sided inequalities:            0 (           0)
Number of nonzeros in Jacobian:                   39464 (       41000)
Number of nonzeros in Hessian:                     9480 (        9480)

Knitro using Branch and Bound method with 1 thread.

Initial points
--------------
Read provided root node initial point:
    Objective value:    0.000000e+00
    Feasibility error:  5.000000e+00
    Feasible:           no
No primal point provided for the MIP.

Root node relaxation
--------------------

 Iter      Objective      Feasibility        Optimality       Time 
                             error              error        (secs)
 ----      ---------      -----------        ----------      ------
    1        155.575          2.14581          0.421602       0.442
    2        237.843          1.48406          0.779557       0.452
    3        245.686          1.45843           1.71199       0.461
    4        317.335          1.18505           7.35151       0.477
    5        317.815          1.18382           7.18822       0.486
    6        472.901         0.705405           5.10679       0.495
    7        472.904         0.704039          0.302318       0.518
    8        695.252         0.196231           2.01423       0.528
    9        771.293      2.34563e-03          0.705078       0.537
   10        771.452      1.41982e-03          0.352266       0.546
   11        771.408      1.36790e-03          0.151430       0.556
   12        771.094      2.46874e-03       7.71007e-02       0.569
   13        771.080      3.72023e-04       2.77199e-02       0.578
   14        771.080      3.74217e-05       7.50081e-04       0.587
   15        771.080      5.62480e-08       4.64772e-06       0.596
   16        771.080      9.89642e-12       9.62320e-08       0.604
   17        771.080      3.04253e-14       2.73916e-09       0.620

Tree search
-----------

       Nodes        Best solution   Best bound      Gap       Time 
   Expl  |  Unexpl      value         value                  (secs)
   ---------------  -------------   ----------      ---      ------
      1       2                           -inf                0.678
      1       2      784.464   FP         -inf               18.597
     10      10      784.464              -inf               21.866
     20      20      784.464              -inf               25.362
     30      30      784.464              -inf               27.680
     40      39      784.464              -inf               29.932
     50      47      784.464              -inf               33.345
     60      56      784.464              -inf               36.294
     70      65      784.464              -inf               38.776
     80      75      784.464              -inf               42.209
     90      84      784.464              -inf               45.230
    100      94      784.464              -inf               48.065
    110     101      784.464              -inf               50.032
    120      91      784.464              -inf               50.033
    130      81      784.464              -inf               50.034
    140      71      784.464              -inf               50.035
    150      61      784.464              -inf               50.036
    160      51      784.464              -inf               50.037
    170      41      784.464              -inf               50.038
    180      31      784.464              -inf               50.039
    190      21      784.464              -inf               50.040
    200      11      784.464              -inf               50.041
    210       1      784.464           771.477      1.66%    50.042
    220       8      784.464           771.477      1.66%    57.074
    230      17      784.464           771.477      1.66%    60.902
    240      25      784.464           771.477      1.66%    70.098
    250      34      784.464           771.477      1.66%    76.381
    260      44      784.464           771.477      1.66%    79.528
    270      54      784.464           771.477      1.66%    83.079
    280      63      784.464           771.477      1.66%    86.719
    290      69      784.464           771.531      1.65%    89.948
    300      78      784.464           771.546      1.65%    94.307
    310      88      784.464           771.554      1.65%    96.537
    320      95      784.464           771.562      1.64%   100.438
    330     105      784.464           771.619      1.64%   102.622
    340     113      784.464           771.635      1.64%   105.437
    350     120      784.464           771.661      1.63%   108.858
    360     128      784.464           771.670      1.63%   111.743
    370     138      784.464           771.686      1.63%   113.688
    380     146      784.464           771.706      1.63%   117.243
    390     154      784.464           771.715      1.63%   119.994
    400     164      784.464           771.719      1.62%   123.665
    410     174      784.464           771.736      1.62%   126.656
    420     184      784.464           771.757      1.62%   129.053
    430     190      784.464           771.761      1.62%   131.975
    440     196      784.464           771.776      1.62%   135.423
    450     204      784.464           771.794      1.62%   137.524
    460     212      784.464           771.799      1.61%   140.996
    470     220      784.464           771.805      1.61%   143.283
    480     226      784.464           771.818      1.61%   145.586
    490     236      784.464           771.830      1.61%   147.738
    500     242      784.464           771.848      1.61%   151.286
    510     250      784.464           771.850      1.61%   154.287
    520     256      784.464           771.864      1.61%   157.840
    530     264      784.464           771.867      1.61%   159.821
    540     274      784.464           771.883      1.60%   162.359
    550     278      784.464           771.892      1.60%   167.995
    560     286      784.464           771.915      1.60%   170.397
    570     294      784.464           771.922      1.60%   173.347
    580     304      784.464           771.933      1.60%   175.299
    590     314      784.464           771.937      1.60%   177.254
    600     320      784.464           771.970      1.59%   180.051
    610     328      784.464           771.983      1.59%   183.415
    620     332      784.464           771.999      1.59%   186.902
    630     338      784.464           772.003      1.59%   189.454
    640     348      784.464           772.009      1.59%   191.733
    650     354      784.464           772.016      1.59%   194.678
    660     364      784.464           772.019      1.59%   197.092
    670     372      784.464           772.023      1.59%   199.088
    680     380      784.464           772.028      1.59%   201.342
    690     388      784.464           772.042      1.58%   203.729
    700     398      784.464           772.045      1.58%   205.609
    710     406      784.464           772.052      1.58%   207.859
    720     416      784.464           772.060      1.58%   210.240
    730     424      784.464           772.068      1.58%   212.280
    740     430      784.464           772.076      1.58%   215.166
    750     440      784.464           772.087      1.58%   216.902
    760     448      784.464           772.093      1.58%   219.055
    770     458      784.464           772.099      1.58%   221.433
    780     466      784.464           772.105      1.58%   223.640
    790     476      784.464           772.107      1.58%   226.091
    800     484      784.464           772.110      1.57%   228.329
    810     494      784.464           772.113      1.57%   230.166
    820     500      784.464           772.117      1.57%   232.801
    830     508      784.464           772.118      1.57%   235.924
    840     518      784.464           772.126      1.57%   237.790
    850     526      784.464           772.132      1.57%   239.921
    856     530      775.857 LEAF      772.134      0.48%   241.480
    860     532      775.193 LEAF      772.135      0.39%   242.536
    864     532      775.145 LEAF      772.142      0.39%   243.158
    870     532      775.145           772.143      0.39%   244.431
    880     538      775.145           772.150      0.39%   247.088
    884     538      773.901 LEAF      772.152      0.23%   248.070
    890     538      773.901           772.161      0.22%   249.162
    900     538      773.901           772.164      0.22%   251.834
    910     538      773.901           772.172      0.22%   253.625
    920     536      773.901           772.178      0.22%   258.613
    930     536      773.901           772.183      0.22%   261.333
    940     538      773.901           772.188      0.22%   263.252
    950     540      773.901           772.191      0.22%   265.731
    960     542      773.901           772.193      0.22%   269.843
    970     544      773.901           772.197      0.22%   271.571
    980     542      773.901           772.201      0.22%   274.806
    990     544      773.901           772.214      0.22%   277.293
   1000     542      773.901           772.217      0.22%   284.975
   1010     542      773.901           772.227      0.22%   286.801
   1020     542      773.901           772.254      0.21%   288.815
   1030     544      773.901           772.271      0.21%   291.459
   1040     546      773.901           772.278      0.21%   293.950
   1050     546      773.901           772.283      0.21%   296.350
   1060     548      773.901           772.287      0.21%   297.963
   1070     548      773.901           772.291      0.21%   300.023
   1080     552      773.901           772.302      0.21%   302.509
   1090     554      773.901           772.307      0.21%   305.162
   1100     556      773.901           772.314      0.21%   307.741
   1110     556      773.901           772.315      0.21%   309.514
   1120     556      773.901           772.326      0.20%   311.184
   1130     556      773.901           772.333      0.20%   313.708
   1140     554      773.901           772.339      0.20%   316.261
   1150     554      773.901           772.346      0.20%   318.060
   1160     558      773.901           772.358      0.20%   320.066
   1170     560      773.901           772.361      0.20%   322.103
   1180     560      773.901           772.368      0.20%   324.750
   1190     557      773.901           772.372      0.20%   329.079
   1200     557      773.901           772.385      0.20%   331.986
   1210     559      773.901           772.393      0.19%   334.241
   1220     561      773.901           772.398      0.19%   336.380
   1230     563      773.901           772.402      0.19%   339.205
   1240     561      773.901           772.406      0.19%   341.892
   1250     559      773.901           772.409      0.19%   344.961
   1260     561      773.901           772.412      0.19%   347.239
   1270     559      773.901           772.416      0.19%   350.195
   1280     563      773.901           772.418      0.19%   353.106
   1290     567      773.901           772.421      0.19%   355.488
   1300     569      773.901           772.430      0.19%   357.606
   1310     569      773.901           772.440      0.19%   360.227
   1320     573      773.901           772.441      0.19%   362.171
   1330     575      773.901           772.444      0.19%   364.472
   1340     579      773.901           772.452      0.19%   367.056
   1350     585      773.901           772.465      0.19%   369.232
   1360     589      773.901           772.473      0.18%   371.092
   1370     587      773.901           772.477      0.18%   374.199
   1380     587      773.901           772.484      0.18%   378.032
   1390     587      773.901           772.501      0.18%   381.128
   1400     589      773.901           772.507      0.18%   383.021
   1410     593      773.901           772.512      0.18%   386.001
   1420     595      773.901           772.516      0.18%   388.533
   1430     595      773.901           772.517      0.18%   390.578
   1440     597      773.901           772.520      0.18%   392.449
   1450     599      773.901           772.523      0.18%   395.082
   1460     599      773.901           772.524      0.18%   397.094
   1470     603      773.901           772.526      0.18%   398.845
   1480     603      773.901           772.529      0.18%   400.820
   1490     605      773.901           772.532      0.18%   402.808
   1500     609      773.901           772.536      0.18%   405.370
   1510     607      773.901           772.537      0.18%   408.101
   1520     603      773.901           772.542      0.18%   411.340
   1530     601      773.901           772.545      0.18%   415.168
   1540     601      773.901           772.552      0.17%   417.730
   1550     601      773.901           772.555      0.17%   419.535
   1560     601      773.901           772.559      0.17%   421.661
   1570     601      773.901           772.561      0.17%   423.810
   1580     601      773.901           772.562      0.17%   426.735
   1590     601      773.901           772.566      0.17%   428.573
   1600     605      773.901           772.572      0.17%   430.725
   1610     603      773.901           772.578      0.17%   434.077
   1620     603      773.901           772.586      0.17%   436.758
   1630     605      773.901           772.591      0.17%   439.712
   1640     605      773.901           772.594      0.17%   442.007
   1650     607      773.901           772.598      0.17%   444.229
   1660     609      773.901           772.599      0.17%   446.706
   1670     607      773.901           772.602      0.17%   449.018
   1680     607      773.901           772.604      0.17%   452.239
   1690     607      773.901           772.608      0.17%   455.020
   1700     609      773.901           772.609      0.17%   457.317
   1710     609      773.901           772.613      0.17%   460.471
   1720     609      773.901           772.615      0.17%   463.468
   1730     609      773.901           772.617      0.17%   465.064
   1740     611      773.901           772.619      0.17%   467.016
   1750     615      773.901           772.621      0.17%   469.375
   1760     617      773.901           772.624      0.17%   471.514
   1770     619      773.901           772.628      0.16%   473.878
   1780     621      773.901           772.633      0.16%   475.720
   1790     621      773.901           772.635      0.16%   477.430
   1800     621      773.901           772.636      0.16%   479.528
   1810     621      773.901           772.639      0.16%   481.500
   1820     625      773.901           772.641      0.16%   483.441
   1830     623      773.901           772.645      0.16%   486.234
   1840     623      773.901           772.651      0.16%   489.106
   1850     623      773.901           772.657      0.16%   491.176
   1860     621      773.901           772.661      0.16%   494.050
   1870     621      773.901           772.663      0.16%   496.252
   1880     625      773.901           772.665      0.16%   500.587
   1890     625      773.901           772.667      0.16%   502.974
   1900     627      773.901           772.676      0.16%   505.203
   1910     627      773.901           772.676      0.16%   507.737
   1920     629      773.901           772.679      0.16%   510.048
   1930     629      773.901           772.680      0.16%   512.098
   1940     629      773.901           772.682      0.16%   514.651
   1950     633      773.901           772.684      0.16%   516.507
   1960     633      773.901           772.687      0.16%   518.810
   1970     635      773.901           772.688      0.16%   521.150
   1980     637      773.901           772.691      0.16%   523.556
   1990     639      773.901           772.693      0.16%   526.075
   2000     637      773.901           772.695      0.16%   529.037
   2010     635      773.901           772.697      0.16%   530.559
   2020     635      773.901           772.700      0.16%   533.177
   2030     635      773.901           772.703      0.15%   538.729
   2040     635      773.901           772.706      0.15%   540.646
   2050     635      773.901           772.708      0.15%   542.242
   2060     637      773.901           772.711      0.15%   543.945
   2070     637      773.901           772.716      0.15%   545.615
   2080     637      773.901           772.719      0.15%   548.147
   2090     633      773.901           772.723      0.15%   551.588
   2100     635      773.901           772.725      0.15%   553.051
   2110     637      773.901           772.734      0.15%   554.978
   2120     639      773.901           772.741      0.15%   557.061
   2130     637      773.901           772.744      0.15%   559.986
   2140     637      773.901           772.748      0.15%   563.696
   2150     639      773.901           772.750      0.15%   565.631
   2160     637      773.901           772.761      0.15%   568.341
   2170     635      773.901           772.763      0.15%   571.312
   2180     635      773.901           772.771      0.15%   573.863
   2190     637      773.901           772.780      0.14%   575.708
   2200     637      773.901           772.783      0.14%   577.935
   2210     639      773.901           772.792      0.14%   580.466
   2220     639      773.901           772.795      0.14%   583.167
   2230     641      773.901           772.800      0.14%   586.369
   2240     639      773.901           772.806      0.14%   588.957
   2250     639      773.901           772.811      0.14%   590.741
   2260     643      773.901           772.816      0.14%   594.063
   2270     647      773.901           772.818      0.14%   595.705
   2280     649      773.901           772.821      0.14%   597.858
   2290     649      773.901           772.825      0.14%   599.876
   2300     649      773.901           772.831      0.14%   602.036
   2310     649      773.901           772.834      0.14%   604.906
   2320     651      773.901           772.839      0.14%   606.913
   2330     653      773.901           772.841      0.14%   609.826
   2340     653      773.901           772.842      0.14%   611.944
   2350     655      773.901           772.844      0.14%   614.485
   2360     659      773.901           772.852      0.14%   617.022
   2370     659      773.901           772.856      0.14%   619.281
   2380     661      773.901           772.858      0.13%   621.383
   2390     661      773.901           772.861      0.13%   623.636
   2400     661      773.901           772.863      0.13%   625.790
   2410     663      773.901           772.864      0.13%   628.683
   2420     665      773.901           772.866      0.13%   631.805
   2430     665      773.901           772.868      0.13%   633.522
   2440     665      773.901           772.871      0.13%   636.169
   2450     667      773.901           772.875      0.13%   638.191
   2460     667      773.901           772.877      0.13%   639.969
   2470     667      773.901           772.882      0.13%   641.839
   2480     667      773.901           772.885      0.13%   643.994
   2490     667      773.901           772.886      0.13%   646.857
   2500     667      773.901           772.886      0.13%   649.929
   2510     667      773.901           772.893      0.13%   652.667
   2520     667      773.901           772.895      0.13%   655.260
   2530     669      773.901           772.896      0.13%   657.256
   2540     671      773.901           772.900      0.13%   660.524
   2550     671      773.901           772.901      0.13%   663.208
   2560     671      773.901           772.905      0.13%   665.109
   2570     671      773.901           772.906      0.13%   667.423
   2580     671      773.901           772.908      0.13%   670.300
   2590     671      773.901           772.911      0.13%   672.464
   2600     673      773.901           772.912      0.13%   674.439
   2610     673      773.901           772.914      0.13%   676.215
   2620     671      773.901           772.922      0.13%   677.959
   2630     675      773.901           772.927      0.13%   679.821
   2640     675      773.901           772.928      0.13%   682.755
   2650     673      773.901           772.930      0.13%   685.272
   2660     669      773.901           772.935      0.12%   689.133
   2670     667      773.901           772.938      0.12%   690.636
   2680     667      773.901           772.944      0.12%   692.796
   2690     665      773.901           772.948      0.12%   695.379
   2700     665      773.901           772.952      0.12%   697.566
   2710     663      773.901           772.958      0.12%   700.548
   2720     663      773.901           772.961      0.12%   703.224
   2730     663      773.901           772.965      0.12%   706.433
   2740     667      773.901           772.969      0.12%   708.591
   2750     669      773.901           772.974      0.12%   711.340
   2760     669      773.901           772.980      0.12%   713.270
   2770     667      773.901           772.989      0.12%   717.516
   2780     667      773.901           772.991      0.12%   720.328
   2790     667      773.901           772.993      0.12%   722.269
   2800     669      773.901           772.996      0.12%   725.137
   2810     673      773.901           773.000      0.12%   727.706
   2820     671      773.901           773.001      0.12%   730.682
   2830     673      773.901           773.002      0.12%   733.975
   2840     673      773.901           773.004      0.12%   736.278
   2850     673      773.901           773.004      0.12%   738.057
   2860     673      773.901           773.008      0.12%   740.551
   2870     673      773.901           773.009      0.12%   742.313
   2880     675      773.901           773.012      0.11%   744.911
   2890     675      773.901           773.014      0.11%   747.246
   2900     675      773.901           773.017      0.11%   749.850
   2910     675      773.901           773.019      0.11%   751.390
   2920     677      773.901           773.022      0.11%   753.288
   2930     677      773.901           773.022      0.11%   755.565
   2940     675      773.901           773.026      0.11%   759.762
   2950     675      773.901           773.029      0.11%   762.101
   2960     677      773.901           773.030      0.11%   764.195
   2970     677      773.901           773.031      0.11%   766.415
   2980     679      773.901           773.033      0.11%   769.095
   2990     679      773.901           773.035      0.11%   772.223
   3000     678      773.901           773.040      0.11%   775.357
   3010     678      773.901           773.042      0.11%   777.734
   3020     680      773.901           773.046      0.11%   780.977
   3030     682      773.901           773.051      0.11%   784.054
   3040     684      773.901           773.054      0.11%   786.022
   3050     684      773.901           773.061      0.11%   788.204
   3060     684      773.901           773.063      0.11%   790.041
   3070     684      773.901           773.064      0.11%   791.966
   3080     684      773.901           773.068      0.11%   794.241
   3090     682      773.901           773.070      0.11%   798.226
   3100     678      773.901           773.074      0.11%   802.673
   3110     682      773.901           773.075      0.11%   804.769
   3120     682      773.901           773.076      0.11%   807.058
   3130     682      773.901           773.078      0.11%   810.391
   3140     684      773.901           773.081      0.11%   812.437
   3150     686      773.901           773.084      0.11%   814.343
   3160     686      773.901           773.085      0.11%   816.466
   3170     688      773.901           773.088      0.11%   818.293
   3180     688      773.901           773.090      0.10%   820.684
   3190     688      773.901           773.093      0.10%   822.424
   3200     688      773.901           773.095      0.10%   824.340
   3210     686      773.901           773.098      0.10%   827.177
   3220     686      773.901           773.100      0.10%   830.061
   3230     686      773.901           773.105      0.10%   832.117
   3240     686      773.901           773.107      0.10%   834.451
   3250     688      773.901           773.109      0.10%   836.814
   3260     690      773.901           773.109      0.10%   839.418
   3270     690      773.901           773.111      0.10%   841.065
   3280     688      773.901           773.114      0.10%   842.919
   3290     688      773.901           773.116      0.10%   845.434
   3300     688      773.901           773.119      0.10%   847.220
   3310     688      773.901           773.123      0.10%   851.472
   3320     686      773.901           773.125      0.10%   853.862
   3330     684      773.901           773.130      0.10%   858.041
   3340     684      773.901           773.132      0.10%   860.496
   3350     684      773.901           773.135      0.10%   864.140
   3360     684      773.901           773.141      0.10%   867.934
   3370     680      773.901           773.144      0.10%   871.149
   3380     680      773.901           773.147      0.10%   874.429
   3390     682      773.901           773.150      0.10%   878.246
   3400     682      773.901           773.154      0.10%   879.901
   3410     681      773.901           773.156      0.10%   882.660
   3420     681      773.901           773.159      0.10%   885.226
   3430     679      773.901           773.162      0.10%   888.102
   3440     679      773.901           773.164      0.10%   890.286
   3450     679      773.901           773.166      0.10%   892.524
   3460     677      773.901           773.171      0.09%   895.481
   3470     679      773.901           773.172      0.09%   897.560
   3480     679      773.901           773.173      0.09%   900.321
   3490     681      773.901           773.175      0.09%   902.026
   3500     685      773.901           773.177      0.09%   904.399
   3510     685      773.901           773.178      0.09%   906.199
   3520     685      773.901           773.180      0.09%   908.671
   3530     685      773.901           773.182      0.09%   910.986
   3540     685      773.901           773.183      0.09%   913.422
   3550     685      773.901           773.186      0.09%   915.774
   3560     685      773.901           773.188      0.09%   917.777
   3570     685      773.901           773.190      0.09%   919.737
   3580     687      773.901           773.191      0.09%   921.937
   3590     689      773.901           773.192      0.09%   924.774
   3600     688      773.901           773.195      0.09%   928.231
   3610     690      773.901           773.197      0.09%   931.240
   3620     690      773.901           773.199      0.09%   933.795
   3630     690      773.901           773.201      0.09%   935.777
   3640     690      773.901           773.204      0.09%   938.782
   3650     688      773.901           773.206      0.09%   941.493
   3660     686      773.901           773.207      0.09%   944.144
   3670     690      773.901           773.209      0.09%   946.124
   3680     686      773.901           773.212      0.09%   949.989
   3690     688      773.901           773.217      0.09%   951.780
   3700     688      773.901           773.220      0.09%   954.364
   3710     688      773.901           773.222      0.09%   956.889
   3720     688      773.901           773.223      0.09%   959.546
   3730     688      773.901           773.226      0.09%   961.722
   3740     688      773.901           773.227      0.09%   965.040
   3750     684      773.901           773.232      0.09%   968.276
   3760     682      773.901           773.238      0.09%   970.277
   3770     682      773.901           773.245      0.08%   972.208
   3780     682      773.901           773.248      0.08%   976.468
   3790     682      773.901           773.251      0.08%   978.227
   3800     682      773.901           773.256      0.08%   981.000
   3810     682      773.901           773.259      0.08%   982.858
   3820     682      773.901           773.263      0.08%   985.742
   3830     680      773.901           773.264      0.08%   989.022
   3840     680      773.901           773.267      0.08%   990.570
   3850     678      773.901           773.270      0.08%   993.410
   3860     676      773.901           773.273      0.08%   996.867
   3870     674      773.901           773.274      0.08%   998.672
   3880     674      773.901           773.276      0.08%  1001.449
   3890     674      773.901           773.279      0.08%  1003.010
   3900     674      773.901           773.280      0.08%  1004.960
   3910     672      773.901           773.285      0.08%  1007.732
   3920     672      773.901           773.288      0.08%  1009.668
   3930     672      773.901           773.289      0.08%  1012.744
   3940     672      773.901           773.295      0.08%  1018.189
   3950     672      773.901           773.300      0.08%  1020.170
   3960     672      773.901           773.303      0.08%  1022.101
   3970     674      773.901           773.310      0.08%  1024.211
   3980     676      773.901           773.316      0.08%  1027.720
   3990     676      773.901           773.318      0.08%  1030.644
   4000     674      773.901           773.322      0.07%  1033.755
   4010     676      773.901           773.327      0.07%  1035.607
   4020     674      773.901           773.334      0.07%  1039.646
   4030     674      773.901           773.337      0.07%  1042.536
   4040     674      773.901           773.339      0.07%  1044.643
   4050     674      773.901           773.341      0.07%  1046.773
   4060     674      773.901           773.344      0.07%  1048.717
   4070     672      773.901           773.347      0.07%  1051.859
   4080     670      773.901           773.349      0.07%  1053.828
   4090     670      773.901           773.351      0.07%  1055.821
   4100     670      773.901           773.353      0.07%  1057.799
   4110     670      773.901           773.354      0.07%  1059.764
   4120     670      773.901           773.356      0.07%  1061.277
   4130     672      773.901           773.358      0.07%  1063.408
   4140     672      773.901           773.359      0.07%  1064.982
   4150     674      773.901           773.360      0.07%  1066.735
   4160     676      773.901           773.362      0.07%  1068.711
   4170     676      773.901           773.363      0.07%  1070.684
   4180     676      773.901           773.365      0.07%  1072.532
   4190     676      773.901           773.366      0.07%  1074.739
   4200     674      773.901           773.371      0.07%  1077.475
   4210     672      773.901           773.374      0.07%  1080.397
   4220     672      773.901           773.376      0.07%  1082.608
   4230     674      773.901           773.379      0.07%  1085.539
   4240     674      773.901           773.382      0.07%  1088.259
   4250     674      773.901           773.383      0.07%  1090.309
   4260     674      773.901           773.384      0.07%  1092.506
   4270     672      773.901           773.385      0.07%  1095.059
   4280     672      773.901           773.386      0.07%  1098.629
   4290     676      773.901           773.391      0.07%  1101.435
   4300     676      773.901           773.393      0.07%  1103.239
   4310     674      773.901           773.394      0.07%  1105.433
   4320     676      773.901           773.397      0.07%  1107.628
   4330     676      773.901           773.400      0.06%  1111.314
   4340     676      773.901           773.402      0.06%  1113.489
   4350     668      773.901           773.405      0.06%  1117.469
   4360     666      773.901           773.407      0.06%  1120.656
   4370     666      773.901           773.409      0.06%  1122.448
   4380     666      773.901           773.412      0.06%  1124.682
   4390     668      773.901           773.415      0.06%  1127.124
   4400     668      773.901           773.418      0.06%  1129.085
   4410     668      773.901           773.420      0.06%  1131.239
   4420     668      773.901           773.422      0.06%  1132.981
   4430     668      773.901           773.422      0.06%  1134.733
   4440     668      773.901           773.423      0.06%  1137.613
   4450     668      773.901           773.427      0.06%  1139.696
   4460     668      773.901           773.429      0.06%  1141.927
   4470     668      773.901           773.432      0.06%  1143.717
   4480     668      773.901           773.434      0.06%  1146.360
   4490     667      773.901           773.438      0.06%  1148.721
   4500     667      773.901           773.440      0.06%  1150.285
   4510     667      773.901           773.442      0.06%  1152.285
   4520     667      773.901           773.444      0.06%  1154.689
   4530     665      773.901           773.446      0.06%  1157.831
   4540     665      773.901           773.447      0.06%  1160.961
   4550     665      773.901           773.449      0.06%  1163.534
   4560     663      773.901           773.450      0.06%  1165.943
   4570     667      773.901           773.454      0.06%  1168.203
   4580     669      773.901           773.456      0.06%  1171.004
   4590     667      773.901           773.457      0.06%  1173.560
   4600     667      773.901           773.459      0.06%  1175.602
   4610     667      773.901           773.460      0.06%  1179.415
   4620     667      773.901           773.463      0.06%  1182.233
   4630     665      773.901           773.465      0.06%  1185.715
   4640     665      773.901           773.467      0.06%  1188.734
   4650     665      773.901           773.468      0.06%  1190.495
   4660     663      773.901           773.470      0.06%  1193.245
   4670     662      773.901           773.473      0.06%  1195.927
   4680     662      773.901           773.475      0.06%  1198.130
   4690     662      773.901           773.479      0.05%  1201.268
   4700     662      773.901           773.482      0.05%  1203.489
   4710     660      773.901           773.484      0.05%  1206.619
   4720     658      773.901           773.487      0.05%  1208.581
   4730     658      773.901           773.489      0.05%  1210.372
   4740     658      773.901           773.490      0.05%  1212.455
   4750     656      773.901           773.491      0.05%  1214.463
   4760     653      773.901           773.492      0.05%  1218.240
   4770     651      773.901           773.494      0.05%  1220.968
   4780     649      773.901           773.496      0.05%  1223.456
   4790     651      773.901           773.499      0.05%  1226.370
   4800     651      773.901           773.501      0.05%  1228.683
   4810     651      773.901           773.503      0.05%  1231.465
   4820     651      773.901           773.506      0.05%  1233.818
   4830     651      773.901           773.508      0.05%  1237.648
   4840     649      773.901           773.510      0.05%  1241.144
   4850     651      773.901           773.511      0.05%  1244.849
   4860     651      773.901           773.515      0.05%  1246.834
   4870     647      773.901           773.516      0.05%  1250.307
   4880     647      773.901           773.518      0.05%  1254.122
   4890     647      773.901           773.521      0.05%  1258.498
   4900     645      773.901           773.524      0.05%  1264.054
   4910     645      773.901           773.527      0.05%  1267.441
   4920     643      773.901           773.529      0.05%  1269.311
   4930     641      773.901           773.530      0.05%  1273.752
   4940     641      773.901           773.533      0.05%  1275.502
   4950     641      773.901           773.536      0.05%  1277.878
   4960     643      773.901           773.537      0.05%  1280.145
   4970     641      773.901           773.539      0.05%  1283.496
   4980     641      773.901           773.542      0.05%  1285.809
   4990     637      773.901           773.543      0.05%  1287.666
   5000     639      773.901           773.544      0.05%  1289.914
   5010     639      773.901           773.545      0.05%  1292.185
   5020     639      773.901           773.546      0.05%  1294.015
   5030     637      773.901           773.547      0.05%  1296.369
   5040     635      773.901           773.547      0.05%  1298.742
   5050     633      773.901           773.550      0.05%  1300.390
   5060     633      773.901           773.552      0.05%  1302.305
   5070     633      773.901           773.554      0.04%  1304.846
   5080     633      773.901           773.557      0.04%  1307.354
   5090     635      773.901           773.559      0.04%  1309.306
   5100     635      773.901           773.560      0.04%  1312.183
   5110     633      773.901           773.563      0.04%  1314.792
   5120     633      773.901           773.565      0.04%  1317.865
   5130     633      773.901           773.566      0.04%  1320.409
   5140     633      773.901           773.570      0.04%  1323.532
   5150     631      773.901           773.571      0.04%  1327.665
   5160     631      773.901           773.577      0.04%  1329.624
   5170     631      773.901           773.579      0.04%  1332.172
   5180     631      773.901           773.581      0.04%  1334.404
   5190     631      773.901           773.581      0.04%  1336.244
   5200     629      773.901           773.586      0.04%  1339.156
   5210     629      773.901           773.587      0.04%  1341.402
   5220     627      773.901           773.588      0.04%  1344.579
   5230     627      773.901           773.589      0.04%  1346.186
   5240     627      773.901           773.590      0.04%  1348.334
   5250     627      773.901           773.596      0.04%  1350.751
   5260     625      773.901           773.599      0.04%  1354.897
   5270     625      773.901           773.603      0.04%  1357.292
   5280     623      773.901           773.609      0.04%  1359.879
   5290     621      773.901           773.614      0.04%  1361.942
   5300     621      773.901           773.617      0.04%  1364.048
   5310     619      773.901           773.624      0.04%  1366.502
   5320     615      773.901           773.625      0.04%  1369.231
   5330     615      773.901           773.629      0.04%  1372.244
   5340     615      773.901           773.632      0.03%  1375.615
   5350     613      773.901           773.634      0.03%  1378.696
   5360     609      773.901           773.639      0.03%  1380.978
   5370     607      773.901           773.642      0.03%  1383.424
   5380     607      773.901           773.647      0.03%  1384.809
   5390     603      773.901           773.651      0.03%  1387.903
   5400     603      773.901           773.652      0.03%  1390.292
   5410     603      773.901           773.658      0.03%  1393.118
   5420     601      773.901           773.662      0.03%  1394.876
   5430     601      773.901           773.663      0.03%  1396.949
   5440     599      773.901           773.668      0.03%  1399.548
   5450     599      773.901           773.671      0.03%  1401.415
   5460     597      773.901           773.674      0.03%  1404.506
   5470     597      773.901           773.676      0.03%  1406.568
   5480     597      773.901           773.680      0.03%  1408.791
   5490     595      773.901           773.681      0.03%  1411.518
   5500     593      773.901           773.685      0.03%  1413.535
   5510     593      773.901           773.686      0.03%  1415.712
   5520     589      773.901           773.689      0.03%  1419.302
   5530     585      773.901           773.692      0.03%  1422.952
   5540     583      773.901           773.696      0.03%  1426.938
   5550     587      773.901           773.698      0.03%  1429.213
   5560     583      773.901           773.700      0.03%  1431.778
   5570     583      773.901           773.701      0.03%  1433.682
   5580     579      773.901           773.703      0.03%  1435.426
   5590     577      773.901           773.709      0.02%  1438.366
   5600     577      773.901           773.711      0.02%  1441.061
   5610     575      773.901           773.713      0.02%  1442.651
   5620     575      773.901           773.715      0.02%  1444.840
   5630     573      773.901           773.716      0.02%  1446.961
   5640     575      773.901           773.718      0.02%  1449.892
   5650     573      773.901           773.721      0.02%  1452.739
   5660     571      773.901           773.724      0.02%  1455.335
   5670     569      773.901           773.725      0.02%  1457.257
   5680     565      773.901           773.727      0.02%  1460.186
   5690     561      773.901           773.731      0.02%  1462.590
   5700     559      773.901           773.732      0.02%  1464.392
   5710     557      773.901           773.735      0.02%  1466.437
   5720     555      773.901           773.737      0.02%  1468.549
   5730     555      773.901           773.741      0.02%  1470.115
   5740     553      773.901           773.743      0.02%  1471.651
   5750     551      773.901           773.746      0.02%  1473.544
   5760     551      773.901           773.748      0.02%  1475.594
   5770     547      773.901           773.750      0.02%  1477.342
   5780     547      773.901           773.751      0.02%  1479.330
   5790     547      773.901           773.754      0.02%  1481.270
   5800     545      773.901           773.756      0.02%  1485.195
   5810     545      773.901           773.757      0.02%  1487.003
   5820     543      773.901           773.760      0.02%  1489.800
   5830     543      773.901           773.762      0.02%  1492.128
   5840     541      773.901           773.765      0.02%  1494.185
   5850     537      773.901           773.766      0.02%  1496.512
   5860     537      773.901           773.768      0.02%  1499.278
   5870     537      773.901           773.769      0.02%  1501.613
   5880     537      773.901           773.771      0.02%  1503.849
   5890     537      773.901           773.772      0.02%  1505.892
   5900     533      773.901           773.773      0.02%  1508.268
   5910     531      773.901           773.774      0.02%  1510.111
   5920     529      773.901           773.775      0.02%  1512.377
   5925     524      773.869 LEAF      773.776      0.01%  1513.740
   5930     523      773.869           773.777      0.01%  1514.980
   5940     521      773.869           773.778      0.01%  1518.373
   5950     519      773.869           773.780      0.01%  1521.149
   5960     515      773.869           773.782      0.01%  1523.119
   5970     513      773.869           773.783      0.01%  1524.819
   5980     513      773.869           773.789      0.01%  1526.805
   5990     511      773.869           773.790      0.01%  1528.708
   6000     509      773.869           773.791      0.01%  1531.587
   6004     509      773.869           773.792      0.01%  1532.467

EXIT: Optimal solution found (assuming convexity).

Final Statistics for MIP
------------------------
Final objective value               =  7.73869157441926e+02
Final bound value                   =  7.73791831852017e+02
Final optimality gap (abs / rel)    =  7.73e-02 / 9.99e-05 (0.01%)
# of root cutting plane rounds      =  2
# of restarts                       =  1
# of nodes processed                =  6004 (1340.335s)
# of strong branching evaluations   =  135 (95.003s)
# of function evaluations           =  208775 (64.512s)
# of gradient evaluations           =  157312 (49.353s)
# of hessian evaluations            =  146681 (259.237s)
# of hessian-vector evaluations     =  0
# of subproblems processed          =  6443 (1506.566s)
Total program time (secs)           =  1532.468 (1523.156 CPU time)
Time spent in evaluations (secs)    =  373.102

Cuts statistics (gen / add)
---------------------------
Knapsack cuts                       =  0 / 0
Mixed-integer rounding cuts         =  8 / 7
Flow-cover cuts                     =  0 / 0
Probing cuts                        =  0 / 0

Heuristics statistics (calls / successes / time)
------------------------------------------------
Feasibility pump                    =  9 / 1 / 25.857s
Rounding heuristic                  =  2 / 0 / 4.952s
MPEC heuristic                      =  83 / 0 / 47.019s
Local search heuristic              =  5 / 0 / 0.540s

===========================================================================


